7405011642 如何评价这三个FW【抗压背锅吧】_百度贴吧
来自Android客户端 1楼 2021-06-15 13:19 煎蛋pupupu  http://tiebapic.baidu.com/forum/w%3D580/sign=e342dd53e003918fd7d13dc2613c264b/38be48fafbedab64832ac773e036afc378311e5f.jpg
来自iPhone客户端 2楼 2021-06-15 13:20 endiss 就一个fw吧 
来自iPhone客户端 4楼 2021-06-15 14:27 wo莫得感情 聚是满天星，散是顶级战犯 
5楼 2021-06-15 14:27 轻与慕宅丶 确实FW，居然给LPL赢了首冠 
来自iPhone客户端 8楼 2021-06-15 14:42 万仞艾露莎 如何评价fw都有世界冠军 
9楼 2021-06-15 14:56 Ariana 被困在仁川出不来了 https://tb2.bdstatic.com/tb/editor/images/face/i_f03.png?t=20140803
来自Android客户端 10楼 2021-06-15 15:14 最后的晚餐19 jkl你快回来吧，ig原谅你了 https://gsp0.baidu.com/5aAHeD3nKhI2p27j8IqW0jdnxx1xbK/tb/editor/images/client/image_emoticon9.png https://gsp0.baidu.com/5aAHeD3nKhI2p27j8IqW0jdnxx1xbK/tb/editor/images/client/image_emoticon67.png
来自Android客户端 11楼 2021-06-15 15:54 大筒木浦式 很难形容的一种状态，大致就是烦躁、自闭、恐惧交流，精神无法集中，难以入眠。类似状态在前几年多次出现过，但持续的时间都不太长，而这次的时间却长的吓人，每次我以为差不多可以了，便马上又会被打懵 
来自iPhone客户端 12楼 2021-06-15 15:59 灼心海雾- 顶级➗牲亦有差距 
来自Android客户端 13楼 2021-06-15 16:34 贴吧用户_5N17EUS  http://tiebapic.baidu.com/forum/w%3D580/sign=f2f5f9b7800a304e5222a0f2e1c9a7c3/e0688e1101e939012ed5008d6cec54e734d196e4.jpg http://tiebapic.baidu.com/forum/w%3D580/sign=80ccc2d8f251f3dec3b2b96ca4eff0ec/a82a003a5bb5c9ea081409f18839b6003bf3b36b.jpg http://tiebapic.baidu.com/forum/w%3D580/sign=791615a97759252da3171d0c049a032c/3d3a84d7277f9e2fa7e7eabb0830e924ba99f3e2.jpg
来自Android客户端 14楼 2021-06-15 17:09 马脸没没脸 摸精孝位合则生，分则死 
来自Android客户端 15楼 2021-06-15 17:20 贴吧用户_Q65SVR8 散是满天稀 
16楼 2021-06-15 17:20 紫菜燕麦粥 三叉戟我滴三叉戟 
17楼 2021-06-15 17:25 美味妇炎洁 恶心倒也不恶心他们就是恶心他们带的饭圈 
18楼 2021-06-15 17:26 菜鸟求虐杀 仁川人，仁川魂! 
来自iPhone客户端 19楼 2021-06-15 17:53 呕吼湖- 仁川原来是五指山金挠人种袋紫金红葫芦袖里乾坤 https://gsp0.baidu.com/5aAHeD3nKhI2p27j8IqW0jdnxx1xbK/tb/editor/images/client/image_emoticon8.png
20楼 2021-06-15 17:59 杨杨杨杨杨 你不能拿着现在喷吧，版本一直在变，再强的人不可能一直强吧，总要等着他们调整的啊，没人能一直弱的，我相信他们，特别是冰冰，出道即巅峰，出道即冠军，少年英雄，鲜衣怒马我反正看好冰冰，没人能一直弱下去，除了冰冰，线上被单杀，每把劣势，团战拉胯，可以看得出没有大爹保他还不如LDL的菠菜选手，过去在大爹光环下，所谓的敢开团就是因为大爹存在，给他擦菊花，不管开得好不好，总有大爹兜底，现在没大爹了，开始裸泳了冰冰，加油 
来自Android客户端 21楼 2021-06-15 18:09 Manis 曾经的冠军3C,如今的队伍三废 https://gsp0.baidu.com/5aAHeD3nKhI2p27j8IqW0jdnxx1xbK/tb/editor/images/client/image_emoticon9.png
来自iPhone客户端 22楼 2021-06-15 18:13 难遇海 渣渣，赫男太多了 
来自Android客户端 23楼 2021-06-15 18:14 我红本来就是画 回来吧杰克，跟小甜姜一起送吧，分开送真没意思 
来自Android客户端 24楼 2021-06-15 19:26 战队粉没有 他们一起送的时候还是尽兴的 
25楼 2021-06-15 19:56 云雨晴天 JKL快回IG一起送吧最好鞋麻子跟蓝公主也一起上，我想看看这五个人现在一起上场会是个什么样子 https://tb2.bdstatic.com/tb/editor/images/face/i_f03.png?t=20140803
来自Android客户端 26楼 2021-06-15 20:46 撞不到我 三叉戟😭我的三叉戟😭 
来自Android客户端 27楼 2021-06-15 20:54 是但求其爱 聚是三叉戟散是满天稀 
来自Android客户端 28楼 2021-06-15 20:54 墨来与如白 曾经的三叉戟 
来自Android客户端 29楼 2021-06-15 22:14 一丘love 三叉戟 https://gsp0.baidu.com/5aAHeD3nKhI2p27j8IqW0jdnxx1xbK/tb/editor/images/client/image_emoticon16.png
来自Android客户端 30楼 2021-06-15 22:30 Grapvine 🔱！ 
来自Android客户端 31楼 2021-06-15 22:33 无忧JUN 唉 
来自Android客户端 32楼 2021-06-15 22:35 风海流源 缺个握🔱的人 
来自Android客户端 34楼 2021-06-15 22:48 水无家人 水野种是÷中÷ 
来自Android客户端 35楼 2021-06-15 22:54 太马哈鱼小童鞋 曾经关系好的不行的3c粉，现在这三家粉丝现在都彻底决裂了 
来自iPhone客户端 36楼 2021-06-15 23:14 鲸落 确实fw，只会偷冠军 
来自Android客户端 40楼 2021-06-15 23:22 水鬼水经验 这三人不懂事，皮肤名字改成某队的，就原谅他们 
41楼 2021-06-15 23:29 mopping6 MSN是吧？ 
来自Android客户端 42楼 2021-06-15 23:30 阿夸是天使 三个4000+的玩意 
来自Android客户端 44楼 2021-06-16 00:55 凯明ovo 目前来看，右边的只能虐菜，中间的能跟着虐菜，左边的就是个菜 
来自手机贴吧 45楼 2021-06-16 01:55 Theshy 批用没有 
来自Android客户端 46楼 2021-06-16 02:36 Ming s8确实🐮，现在三废 
来自Android客户端 47楼 2021-06-16 02:37 225ZZY 退役前3c再一起打打比赛犯犯病吧😭 
来自Android客户端 48楼 2021-06-16 02:51 连南带北 好歹也有冠军能吹不然都没人关注 
来自iPhone客户端 50楼 2021-06-16 03:05 脖子右拧 确实 
来自手机贴吧 51楼 2021-06-16 03:37 散尽 抗蛆永不逆风 
来自iPhone客户端 52楼 2021-06-16 06:30 Giveup 如何评价楼主 https://gsp0.baidu.com/5aAHeD3nKhI2p27j8IqW0jdnxx1xbK/tb/editor/images/client/image_emoticon3.png
来自Android客户端 53楼 2021-06-16 06:41 四月离别 聚是满天星，散是一坨屎 
来自Android客户端 54楼 2021-06-16 07:08 未来你好 你懂不懂电竞元年的含金量啊 
来自iPhone客户端 55楼 2021-06-16 07:59 童谣 除了这仨人谁带s9的宝蓝也打不到四强，那就真是一个凑人数开游戏的鞋皇顶多是打不过天，宝蓝s9全是负作用，马脸最后一个天使失误替他背了全锅 
来自iPhone客户端 56楼 2021-06-16 08:08 达克莱伊 三个福娃 
来自Android客户端 57楼 2021-06-16 08:26 小领带丶 聚是3c，散是cs https://gsp0.baidu.com/5aAHeD3nKhI2p27j8IqW0jdnxx1xbK/tb/editor/images/client/image_emoticon3.png
来自Android客户端 58楼 2021-06-16 08:36 贴吧用户_5E9V9S4  https://gsp0.baidu.com/5aAHeD3nKhI2p27j8IqW0jdnxx1xbK/tb/editor/images/client/image_emoticon24.png https://gsp0.baidu.com/5aAHeD3nKhI2p27j8IqW0jdnxx1xbK/tb/editor/images/client/image_emoticon24.png https://gsp0.baidu.com/5aAHeD3nKhI2p27j8IqW0jdnxx1xbK/tb/editor/images/client/image_emoticon24.png
来自Android客户端 59楼 2021-06-16 08:49 四强就算成功 快进到剥夺冠军 
来自Android客户端 60楼 2021-06-16 09:02 你别动我买桔 聚是全明星，散是仨战犯 https://gsp0.baidu.com/5aAHeD3nKhI2p27j8IqW0jdnxx1xbK/tb/editor/images/client/image_emoticon6.png https://gsp0.baidu.com/5aAHeD3nKhI2p27j8IqW0jdnxx1xbK/tb/editor/images/client/image_emoticon6.png
来自Android客户端 61楼 2021-06-16 09:11 Doby 哎，那年再也回不来了 
来自Android客户端 62楼 2021-06-16 09:13 Samktn 加起来也比不上神 https://gsp0.baidu.com/5aAHeD3nKhI2p27j8IqW0jdnxx1xbK/tb/editor/images/client/image_emoticon8.png
来自iPhone客户端 63楼 2021-06-16 09:28 樱井夢美 那些说时间证明一切的，是不是博尔特八十岁的时候100m跑50秒你也要喷啊，世界冠军就这？ 
来自iPhone客户端 64楼 2021-06-16 09:30 精分患者00001 之前是鞋王虎比一顿猛开，他仨无脑冲，现在的ig打的跟之前的edg一样 https://gsp0.baidu.com/5aAHeD3nKhI2p27j8IqW0jdnxx1xbK/tb/editor/images/client/image_emoticon16.png
来自iPhone客户端 65楼 2021-06-16 09:32 decade 3c？3p！ 
来自Android客户端 66楼 2021-06-16 09:33 我就是看看day 拿了冠军就是什么2200，2800，4396一辈子企及不到的，gala吹上天还不是就一个msi冠军➕MVP，🚿🐶没有吗？还不是个cjb https://gsp0.baidu.com/5aAHeD3nKhI2p27j8IqW0jdnxx1xbK/tb/editor/images/client/image_emoticon25.png
来自Android客户端 67楼 2021-06-16 09:42 像个沙口 现在来看确实三个fw，当初拿首冠不废 
来自Android客户端 68楼 2021-06-16 09:42 S1mple 冰皇回iG，宋江快点回伤害，我倒真觉得iG能够争一下四号种子 
来自手机贴吧 69楼 2021-06-16 09:57 杰克爱zz 3c,我的3c https://tb2.bdstatic.com/tb/editor/images/client/image_emoticon9.png https://tb2.bdstatic.com/tb/editor/images/client/image_emoticon9.png
来自Android客户端 70楼 2021-06-16 09:58 月醉生 s8冠军阵容之一半都在这儿，能说这话你也是个nt https://gsp0.baidu.com/5aAHeD3nKhI2p27j8IqW0jdnxx1xbK/tb/editor/images/client/image_emoticon17.png
71楼 2021-06-16 10:02 creamwl 有没有觉得，这3个还在的时候，关键还是得看野区牵的狗的品种，才是赢得关键 
来自Android客户端 72楼 2021-06-16 10:09 可爱的瑞萌萌啊 聚是一团火，散是满天屎。有一说一，jkl在队里的时候确实有点激活马脸的意思，就算不认同激活论，就当他往前跳脸的时候马脸敢跟，冲起来把对面冲烂。没了尿皇以后就变成了，姜哥，这也敢E啊？ 
来自Android客户端 74楼 2021-06-16 10:12 txkhd @撕破伤口丶进来评价一下 https://gsp0.baidu.com/5aAHeD3nKhI2p27j8IqW0jdnxx1xbK/tb/editor/images/client/image_emoticon3.png
来自Android客户端 75楼 2021-06-16 10:26 水煮鱼干 三叉戟没了几把 
来自Android客户端 76楼 2021-06-16 10:26 鱼七七不吃苦 确实fw 
来自Android客户端 77楼 2021-06-16 10:44 成长 3C还在，IG能战！ https://gsp0.baidu.com/5aAHeD3nKhI2p27j8IqW0jdnxx1xbK/tb/editor/images/client/image_emoticon95.png https://gsp0.baidu.com/5aAHeD3nKhI2p27j8IqW0jdnxx1xbK/tb/editor/images/client/image_emoticon95.png
来自iPhone客户端 78楼 2021-06-16 10:48 保AD谢谢- 你🐔8谁啊？就在这评论？ https://gsp0.baidu.com/5aAHeD3nKhI2p27j8IqW0jdnxx1xbK/tb/editor/images/client/image_emoticon22.png
来自Android客户端 79楼 2021-06-16 11:20 冰利普贝当 今天说说其他ad相较于冰神究竟差在了哪里首先是犯下傲慢之罪的uzi只是17岁进入全球总决赛就非常骄傲自大，甚至说出皇族都是我c这种话，这种傲慢的ad注定走不长远。事实也是如此，靠着阴险的摇人赢了冰神之后一直在走下坡路，最终泯然众人。与之相比冰神就很谦卑，s8的ez，s10的寒冰都是冰神留给凡人的慈悲，冰神不是不会，只是不想通过太完美的表现让对手绝望所以故意不用，可笑有些人不理解神的良苦用心，竟然还用这些事来讥讽冰神，我劝你们好自为之。然后是犯下愤怒之罪的Imp因为隔壁桌韩国人说中国的不好就跟人家打架，排位看到uzi的名字就怒气冲冲的打出自己的名字，这无疑违背了冰神指导uzi在《新约》中的一句话：“我觉得选手就是要能很好的控制自己的情绪吧。”于是冰神降下了他的惩罚，Imp后宫起火，老婆抢走银行卡扣押护照不说，imp本人更染上烟瘾一蹶不振。接着是犯下懒惰之罪的Bang自以为拿下两个S赛冠军就了不起了，自创冥想训练法，极为可笑。另外大家有所不知，其实早在s7半决赛前，Bang闭上眼睛做冥想的时候，其脑海中看见的画面，正是站在光芒之中的冰皇，那时冰神告诉他：“你只可到这里，不可越过。”然而，神的劝说不但没有让Bang迷途知返，竟然还敢在半决赛伙同LCK头号魔头正面挑战冰神的威严，于是神降下了他的惩罚，Bang在决赛身败名裂，从此成为了众人口中的推推棒。再然后是犯下了嫉妒之罪deft屡次被冰神击败，但口不服心不服的deft，暗中嫉妒着冰神，甚至胆敢当众说出不用冰神皮肤这种话。于是，在含金量最高的LOL比赛上，deft被冰神正面击溃。不过，念在deft以前皈依了冰神的教，并且践行冰神的意志讨伐了想代替冰神的uzi后，冰神应许了他以前在lpl的一切。犯下贪婪之罪的lwx　　只是初出茅庐，lwx就夺得了s赛冠军，而这，自然是因为冰神的应允。冰神本来钦定他为自己在人间的代言人，在自己暴毙之后替自己继续讨伐LCK的魔头，为此甚至不惜亲自为lwx铺路，在4强赛主动输掉比赛，将一切荣耀都归给他，甚至应允他可以使用自己最爱的卡莎。但最后lwx却被利益蒙蔽了双眼，不再以践行冰神的理想为自己的理想，也不再聆听冰神的教诲，甚至自以荣光已经超过了冰神，竟允许粉丝P出“冠军AD也有差距”这种亵渎冰神尊严的图片，于是神降下了惩罚，lwx从此变得更“聪明”并且拥有醒目的站姿，而他的上单将再也不能carry，他的中单再也不能游烂对手，他的辅助将再也不能一直很猛，他的打野也再不能替他揽下大锅，吸收火力。　　犯下暴食之罪的ghost　　在神子lwx、huanfeng堕落之后，神开始寻找下一个代言人，这一次，他选中了ghost。相较于冰神，ghost无疑是不完美的，他没有神足以让对手窒息的对线压制力，也没有神深不见底的英雄池，舍我其谁的胆气。但神将自己最虔诚，同时也是当时实力最强大的两位仆人（寒冰，烬）暂时交给了他，并复刻了s8的铺路操作，但由于s8的事，神认为或许是自己给的压力过大才导致了神子的堕落，于是这一次神选择了不跟ghost正面对决，减少ghost的心理负担，在四强让huanfeng击败。最终，ghost成功了。然而，夺冠后的ghost不但冒大不韪在烬的身上刻下了自己的名字，更妄图染指神力，只是他错误地认为冰神的力量来源于队友猛，最终他也因此犯下了暴食之罪，并在msi被冰神的新代言人gala击杀。　　最后，犯下淫欲之罪的Huanfeng　　s9之后，冰神已经非常虚弱了，邪神很馋喻文波用黑洞吸走了冰神的精气，冰神已经无力再惩罚Lwx，只有信徒依旧在维护神的威严而已。此刻已经决心让后辈发挥的冰神在最后依然心系LPL，于是他选中了第三位神子——huanfeng。作为第三任神子，Huanfeng很好地维护了神的威严，但在国内大杀四方后，Huangfeng遇到了淫魔荔枝姐，被吸走了神赋予自己的力量，于是在决赛中连连失误，最终葬送比赛，彻底身败名裂。 
来自Android客户端 80楼 2021-06-16 11:25 恩谁是 宋江是最司马的。自己玩自己 
来自Android客户端 81楼 2021-06-16 11:26 半灵的庭师 这就是现在的厕所，无语 
来自Android客户端 82楼 2021-06-16 11:27 残墟life 3fw？3C！3C我的3C3C我的3C3C我的3C3C我的3C3C我的3C3C我的3C3C我的3C https://gsp0.baidu.com/5aAHeD3nKhI2p27j8IqW0jdnxx1xbK/tb/editor/images/client/image_emoticon9.png https://gsp0.baidu.com/5aAHeD3nKhI2p27j8IqW0jdnxx1xbK/tb/editor/images/client/image_emoticon9.png https://gsp0.baidu.com/5aAHeD3nKhI2p27j8IqW0jdnxx1xbK/tb/editor/images/client/image_emoticon9.png https://gsp0.baidu.com/5aAHeD3nKhI2p27j8IqW0jdnxx1xbK/tb/editor/images/client/image_emoticon9.png https://gsp0.baidu.com/5aAHeD3nKhI2p27j8IqW0jdnxx1xbK/tb/editor/images/client/image_emoticon9.png https://gsp0.baidu.com/5aAHeD3nKhI2p27j8IqW0jdnxx1xbK/tb/editor/images/client/image_emoticon9.png https://gsp0.baidu.com/5aAHeD3nKhI2p27j8IqW0jdnxx1xbK/tb/editor/images/client/image_emoticon9.png https://gsp0.baidu.com/5aAHeD3nKhI2p27j8IqW0jdnxx1xbK/tb/editor/images/client/image_emoticon9.png https://gsp0.baidu.com/5aAHeD3nKhI2p27j8IqW0jdnxx1xbK/tb/editor/images/client/image_emoticon9.png https://gsp0.baidu.com/5aAHeD3nKhI2p27j8IqW0jdnxx1xbK/tb/editor/images/client/image_emoticon9.png
83楼 2021-06-16 11:31 fi lpl千古罪人 
来自iPhone客户端 84楼 2021-06-16 11:33 decade 散是三坨屎 
来自Android客户端 85楼 2021-06-16 11:37 鸦魂坊屋春道 舔狗老板，脑瘫经理，犯病队员！绝配！ 
来自Android客户端 86楼 2021-06-16 11:37 雪狐xxl 全明星再聚一场吧 https://gsp0.baidu.com/5aAHeD3nKhI2p27j8IqW0jdnxx1xbK/tb/editor/images/client/image_emoticon9.png
来自iPhone客户端 87楼 2021-06-16 11:38 圣人何何 ➗生归➗生，我就喜欢看ig原版➗生在一起打 
88楼 2021-06-16 11:38 xiaoluo8171 建议回IG，组成粪叉3C。 
来自Android客户端 89楼 2021-06-16 11:40 轨迹 三叉戟，我的三叉戟 https://gsp0.baidu.com/5aAHeD3nKhI2p27j8IqW0jdnxx1xbK/tb/editor/images/client/image_emoticon9.png
来自iPhone客户端 91楼 2021-06-16 12:15 我在云边 瑞兹：没有人能长久把持这份力量 
来自Android客户端 93楼 2021-06-16 12:30 空门苍 如何评价楼主 
来自Android客户端 94楼 2021-06-16 12:35 q759284910 这都是**了，全联盟8成都** 
来自Android客户端 96楼 2021-06-16 12:57 陈惯曦 阿冰在的时候阿冰背锅，阿冰走了阿晒背锅，阿晒不在阿鸡背锅 https://gsp0.baidu.com/5aAHeD3nKhI2p27j8IqW0jdnxx1xbK/tb/editor/images/client/image_emoticon68.png
来自Android客户端 97楼 2021-06-16 13:23 OMGchs 苏小落死嗎东西好好的王炸牌硬给玩没了 https://gsp0.baidu.com/5aAHeD3nKhI2p27j8IqW0jdnxx1xbK/tb/editor/images/client/image_emoticon8.png
来自Android客户端 98楼 2021-06-16 13:26 cccc590 时代的眼泪了，挺唏嘘的。 
来自Android客户端 99楼 2021-06-16 13:28 浅若绕心弦 水鬼二吧石锤了，一堆水鬼在这给尿÷开洗了是吧😅 
来自iPhone客户端 100楼 2021-06-16 13:47 望不尽天涯路路 s8那五个人，再来打一个赛季输了我们也认了 
来自iPhone客户端 101楼 2021-06-16 13:59 火钳van啊 就夏季赛表现看，ts是最强的，别问为啥，没上场的都是最强的😅 
来自Android客户端 102楼 2021-06-16 14:00 shineMax倾心 三C我的三C，全世界最好的三C 
来自Android客户端 103楼 2021-06-16 14:02 拱坝小鬼爬 如何评价fw们有s赛冠军 
来自Android客户端 104楼 2021-06-16 14:05 琪露诺9 三叉戟😭😭，我的三叉戟😭😭😭 
来自Android客户端 105楼 2021-06-16 14:11 命数如织 给LPL拿来第一个冠军的人现在成你经验密码了是吧 
来自iPhone客户端 106楼 2021-06-16 14:17 klento 把宝蓝和鞋子叫上，再一起整个活 https://gsp0.baidu.com/5aAHeD3nKhI2p27j8IqW0jdnxx1xbK/tb/editor/images/client/image_emoticon3.png
107楼 2021-06-16 14:19 菜鸟求虐杀 三叉戟吧哎 
来自iPhone客户端 108楼 2021-06-16 14:25 半生客梦 我的3c 
来自iPhone客户端 109楼 2021-06-16 14:28 温柔日渐式微 标题笑麻了 https://gsp0.baidu.com/5aAHeD3nKhI2p27j8IqW0jdnxx1xbK/tb/editor/images/client/image_emoticon67.png
来自Android客户端 110楼 2021-06-16 14:33 划过你的头顶 我曾经最喜欢的组合😭 
来自Android客户端 111楼 2021-06-16 14:40 烟花易冷时灬 五个人都已经入土了点击展开，查看完整图片 http://tiebapic.baidu.com/forum/w%3D580/sign=9b6a6f8d6cec54e741ec1a1689399bfd/96f7f11ebe096b634c71bce31b338744eaf8ac48.jpg
来自iPhone客户端 112楼 2021-06-16 14:43 咕咕松 有冠军的是fw，没有的不是连fw都不如？ 
来自Android客户端 113楼 2021-06-16 14:57 赤瞳 三个垃圾😅还不是抱ning大腿 
来自Android客户端 114楼 2021-06-16 14:57 蚌埠多得了 他们三个给我一种什么感受呢？天使套卡莎r义无反顾飞人群打出爆炸团灭aoe，米勒激动大喊“doublekilltriplekilltheshy还在追ig把他们的阵容执行到了极致”这便是ig的绝唱了吧。随后的四强里是theshy失误被秒后颤抖的语音：“对不起”宁王回了这一句：“没事没事，杰克能走吗？……那，没了”那一刻真正的狗儿子都明白最好的ig已经结束了 
来自iPhone客户端 116楼 2021-06-16 15:01 贵物 都是贵物 
来自Android客户端 117楼 2021-06-16 15:02 晓鹰晓鹰 老二冠军，老五冠军，老大冠军 
来自Android客户端 118楼 2021-06-16 15:04 我起飞了你呢 当年的三叉戟，现在的三逆天 
来自Android客户端 119楼 2021-06-16 15:16 _星夜月_ 没有我戟把是吧 https://gsp0.baidu.com/5aAHeD3nKhI2p27j8IqW0jdnxx1xbK/tb/editor/images/client/image_emoticon8.png
来自Android客户端 120楼 2021-06-16 15:20 zZ ┏━┯━┯━┯━┯━┯━┯━┯━┯━┃也│为│威│困│然│之│囿│闭│此┃┃辛│而│之│顿│积│事│于│于│难┃┃丑│试│盛│其│时│前│恍│一│言┃┃年│之│以│时│之│岁│惚│身│之┃┃五│却│惊│之│所│数│而│以│状┃┃月│如│魂│久│不│年│难│致│盖┃┃初│木│余│以│长│亦│眠│心│聚┃┃壹│鸡│尝│骇│而│屡│也│神│烦┃┃语│而│以│人│今│遇│此│不│闷┃┃云│懵│可│其│之│之│类│定│恐┃┗━┷━┷━┷━┷━┷━┷━┷━┷━ 
来自Android客户端 121楼 2021-06-16 15:21 慌张的企鹅灬 典型世界冠军**论 
来自Android客户端 122楼 2021-06-16 15:22 洞拐老韭菜 天使卡莎妖姬😭好经典 
来自Android客户端 123楼 2021-06-16 15:23 一念别离 尿÷是真**，3c竟然是上中野没AD啥事，就拜这fw所赐 
来自iPhone客户端 124楼 2021-06-16 15:25 褪色者 聚是（），散是（） 
来自Android客户端 125楼 2021-06-16 15:26 抄闲饭 扰乱绿，扰乱黄，扰乱黑 
来自Android客户端 126楼 2021-06-16 15:37 Wantzz 经验和你🐴真就二选一啊 https://gsp0.baidu.com/5aAHeD3nKhI2p27j8IqW0jdnxx1xbK/tb/editor/images/client/image_emoticon24.png
来自iPhone客户端 127楼 2021-06-16 15:44 LABC1234567 旁边两个还当了一年的爹，就中间这fw到处认爹躺赢 
来自Android客户端 128楼 2021-06-16 15:46 欧若兰雅 世界冠军在你这里是Fw🐴？ 
来自Android客户端 129楼 2021-06-16 15:58 Zz--- 你怎么不改个标题【能让这仨fw拿首冠，全LPL都有责任】 https://gsp0.baidu.com/5aAHeD3nKhI2p27j8IqW0jdnxx1xbK/tb/editor/images/client/image_emoticon2.png
来自Android客户端 130楼 2021-06-16 15:59 有名h卒 差不多得了 https://gsp0.baidu.com/5aAHeD3nKhI2p27j8IqW0jdnxx1xbK/tb/editor/images/client/image_emoticon10.png
来自Android客户端 131楼 2021-06-16 16:01 李哎哟 3c，我的3c😭😭 
来自Android客户端 132楼 2021-06-16 16:08 都是锅吧干的 聚是三叉戟，散是顶级战犯我的3C https://gsp0.baidu.com/5aAHeD3nKhI2p27j8IqW0jdnxx1xbK/tb/editor/images/client/image_emoticon9.png https://gsp0.baidu.com/5aAHeD3nKhI2p27j8IqW0jdnxx1xbK/tb/editor/images/client/image_emoticon9.png
来自Android客户端 133楼 2021-06-16 16:12 阿苏勒  https://gsp0.baidu.com/5aAHeD3nKhI2p27j8IqW0jdnxx1xbK/tb/editor/images/client/image_emoticon8.png https://gsp0.baidu.com/5aAHeD3nKhI2p27j8IqW0jdnxx1xbK/tb/editor/images/client/image_emoticon8.png https://gsp0.baidu.com/5aAHeD3nKhI2p27j8IqW0jdnxx1xbK/tb/editor/images/client/image_emoticon8.png
来自Android客户端 134楼 2021-06-16 16:18 可惜没如果- 爱过 https://gsp0.baidu.com/5aAHeD3nKhI2p27j8IqW0jdnxx1xbK/tb/editor/images/client/image_emoticon9.png
来自Android客户端 136楼 2021-06-16 16:21 3dm好顶赞 无敌 
来自Android客户端 137楼 2021-06-16 16:25 吃鱼不吐刺 王炸分开就是俩小丑 
来自iPhone客户端 138楼 2021-06-16 16:25 如歸 如果评价大部分S冠都没有的LPL贵物？？ 
来自Android客户端 139楼 2021-06-16 16:29 Siames 三废里面马脸是最先入土的,s9感染病毒冒泡赛治好s10大病复发一病不起。宋圣属于没有大病，只是机能衰退了风烛残年。尿皇属于突然被车创暴bi了 https://gsp0.baidu.com/5aAHeD3nKhI2p27j8IqW0jdnxx1xbK/tb/editor/images/client/image_emoticon3.png
来自Android客户端 140楼 2021-06-16 16:35 许一xuyi 呵，渣男太多了 
来自Android客户端 141楼 2021-06-16 16:40 我不能相信我 一个去送，就是暴毙两个去送，就是想操作但是不够三个去送，就是奇迹团。史上最猛的上中下，能带着宝宝夺冠 https://gsp0.baidu.com/5aAHeD3nKhI2p27j8IqW0jdnxx1xbK/tb/editor/images/client/image_emoticon24.png
来自Android客户端 142楼 2021-06-16 16:42 懒洋洋 真应了贴吧老哥那句话合则生分则没 
来自Android客户端 143楼 2021-06-16 16:46 我不知道诶 3c我的3c https://gsp0.baidu.com/5aAHeD3nKhI2p27j8IqW0jdnxx1xbK/tb/editor/images/client/image_emoticon9.png
来自iPhone客户端 144楼 2021-06-16 16:48 烟烟烟 s8的ig才是冠军队伍，现在就剩一个rk了，我看着真是挺感慨的，现在的ig真没那种感觉了，输了没感觉，赢了也就那么回事，我还是想看ts的长手，反正都这样了，起码让观众尽个兴吧 https://gsp0.baidu.com/5aAHeD3nKhI2p27j8IqW0jdnxx1xbK/tb/editor/images/client/image_emoticon9.png
来自Android客户端 145楼 2021-06-16 16:50 mmp的葫芦娃 如何评价楼主和大部分的职业选手连five都不如？ 
来自Android客户端 146楼 2021-06-16 16:54 焚琴泣鸦 如何评价楼主这个皇杂 
来自Android客户端 147楼 2021-06-16 16:54 神乐七奈 呦呦呦这不是s8的世界冠军吗，几天不见这么拉了 https://gsp0.baidu.com/5aAHeD3nKhI2p27j8IqW0jdnxx1xbK/tb/editor/images/client/image_emoticon22.png
来自Android客户端 148楼 2021-06-16 16:57 色魔 尽力，暴毙，断手 
来自Android客户端 149楼 2021-06-16 16:58 爱萝莉的萝莉66 如何评价煎蛋pupupu😅 
来自Android客户端 150楼 2021-06-16 17:12 双生毒牙- 打入仁川地狱，难以翻身 https://gsp0.baidu.com/5aAHeD3nKhI2p27j8IqW0jdnxx1xbK/tb/editor/images/client/image_emoticon3.png
来自Android客户端 151楼 2021-06-16 17:16 拳师 世界冠军水平吧 
来自Android客户端 152楼 2021-06-16 17:17 求求你别坐辣 没有人能永远保持巅峰，S8的时候确实猛，到现在都三年了，拉了也正常吧，fakerS5只输一小场夺冠，到S8S9该拉还得拉 
153楼 2021-06-16 17:17 喂你吃应龙 把啊冰送回IG，再宁王回归放走xun，这样也算对lpl做了件好事 https://tb2.bdstatic.com/tb/editor/images/face/i_f22.png?t=20140803
154楼 2021-06-16 17:21 微夜13 3c，我的3c https://tb2.bdstatic.com/tb/editor/images/face/i_f09.png?t=20140803 https://tb2.bdstatic.com/tb/editor/images/face/i_f09.png?t=20140803 https://tb2.bdstatic.com/tb/editor/images/face/i_f09.png?t=20140803
来自iPhone客户端 155楼 2021-06-16 17:26 FIESTA 永远的活在了仁川 
来自Android客户端 156楼 2021-06-16 17:44 ok丶小麦 s8看的爽啊在韩国人老家拿过他们的冠军 https://gsp0.baidu.com/5aAHeD3nKhI2p27j8IqW0jdnxx1xbK/tb/editor/images/client/image_emoticon25.png
来自iPhone客户端 157楼 2021-06-16 17:48 纯白巧克力 fw都能拿首冠，之前8年又奋斗又是炒作那些厉害的人都在等啥呢？ 
来自Android客户端 158楼 2021-06-16 17:49 博丽朵露_ 三叉戟，我的三叉戟😭😭😭 
来自iPhone客户端 159楼 2021-06-16 17:52 高手 现在在FW，也是给LPL带来了首冠，功绩不可磨灭 
来自Android客户端 160楼 2021-06-16 17:53 撒旦zxcv 首冠的福利能吃到lol倒闭，真想大于他要看rng今年能不能大满贯 
来自Android客户端 161楼 2021-06-16 17:58 零点突破 只能说散的好，s9全明星可被3c粉恶心坏了 
来自Android客户端 162楼 2021-06-16 18:00 404坷垃 **罢了，建议冠军让给某三个人，再换个色 https://gsp0.baidu.com/5aAHeD3nKhI2p27j8IqW0jdnxx1xbK/tb/editor/images/client/image_emoticon67.png
来自iPhone客户端 163楼 2021-06-16 18:09 御坂美琴 宁王当年还是猛的 
来自Android客户端 164楼 2021-06-16 18:11 喻公子 😅😅😅😅 
来自iPhone客户端 165楼 2021-06-16 18:12 吾再一次降临 至少他们仨到达过大多数职业选手都无法企及的高度，虽然现在不行了。而且LPL有几个人是S冠军一只手都能数过来吧，那剩余的是什么 https://gsp0.baidu.com/5aAHeD3nKhI2p27j8IqW0jdnxx1xbK/tb/editor/images/client/image_emoticon8.png
来自iPhone客户端 166楼 2021-06-16 18:18 小小皇子兄 lpl最血腥的队伍，优势劣势都是带乱斗，赢得快输得也快，但是👴就是爱看以前这只ig打架，👴的3c https://gsp0.baidu.com/5aAHeD3nKhI2p27j8IqW0jdnxx1xbK/tb/editor/images/client/image_emoticon9.png
来自iPhone客户端 167楼 2021-06-16 18:30 西山公园 IG冠军组都烂了 
来自iPhone客户端 168楼 2021-06-16 18:41 寂雨听枫 现在是三个暴毙fw，不过也拿了皇杂猪杂亲爹一辈子都拿不到的冠军 https://gsp0.baidu.com/5aAHeD3nKhI2p27j8IqW0jdnxx1xbK/tb/editor/images/client/image_emoticon3.png
来自Android客户端 169楼 2021-06-16 18:54 zesira- 前两个是变废了马脸是把自己玩废了 
来自Android客户端 170楼 2021-06-16 18:54 记得加表情 聚是一坨星，散是满天屎。 
171楼 2021-06-16 18:58 葳蕤 RNG有S冠军？skt的亲儿子队也配说s8ig是**？ 
来自Android客户端 172楼 2021-06-16 19:05 中二少女雪橙 快退役吧，晚节不保 
来自Android客户端 173楼 2021-06-16 19:21 奴良陆生 希望，绝望，入土 https://gsp0.baidu.com/5aAHeD3nKhI2p27j8IqW0jdnxx1xbK/tb/editor/images/client/image_emoticon3.png
来自Android客户端 174楼 2021-06-16 19:22 羅成-士信 福满多不更肉眼可见吗。13年婕拉下路一打二把🐶跟tabe全打成残血，然后一群狗黑指记得猪让蒙了个q。14年受伤之后肉眼可见的变捞，夏季赛打三星白甚至有一波原本下路4打3（大木后来取消了TP）愣是瞎开送了IMP三个头。 
来自iPhone客户端 175楼 2021-06-16 19:23 ToCoveron 挺离谱的这几个逼凑在一起就有内个味少了一个余下2也变成屎了 
来自iPhone客户端 176楼 2021-06-16 19:32 加藤惠 现在三个都拉了哎 
来自Android客户端 177楼 2021-06-16 19:36 Aug  https://gsp0.baidu.com/5aAHeD3nKhI2p27j8IqW0jdnxx1xbK/tb/editor/images/client/image_emoticon9.png
来自iPhone客户端 178楼 2021-06-16 19:49 小妮蔻 LPL话事人 https://gsp0.baidu.com/5aAHeD3nKhI2p27j8IqW0jdnxx1xbK/tb/editor/images/client/image_emoticon13.png
来自iPhone客户端 179楼 2021-06-16 19:57 宇智波灬小炽 吓得我赶紧去回顾了一下s8 
来自iPhone客户端 180楼 2021-06-16 20:04 vyvyan s8有多感动现在就有多难受。马脸入魔，宋圣年迈，冰皇犯病 
来自Android客户端 181楼 2021-06-16 20:05 好笑Trace 死了吗的 
来自iPhone客户端 182楼 2021-06-16 20:07 万家鸣 你发个现在的我还能理解，这三个要是**哪其他人又是什么贵物啊 https://gsp0.baidu.com/5aAHeD3nKhI2p27j8IqW0jdnxx1xbK/tb/editor/images/client/image_emoticon24.png
来自iPhone客户端 183楼 2021-06-16 20:15 水太蓝 呜呜三叉戟🔱 
来自Android客户端 185楼 2021-06-16 20:18 叫我崔敢当 确实建议把冠军赶紧还给RNG点击展开，查看完整图片 https://gsp0.baidu.com/5aAHeD3nKhI2p27j8IqW0jdnxx1xbK/tb/editor/images/client/image_emoticon3.png http://tiebapic.baidu.com/forum/w%3D580/sign=6df143018054564ee565e43183df9cde/2ccfc98165380cd7b586ddfffc44ad34588281be.jpg
来自Android客户端 186楼 2021-06-16 20:18 记得要笑 曾经的神 
来自Android客户端 187楼 2021-06-16 20:34 看见女人就烦 你的意思是S8冠军是靠宝蓝和宁王C来的咯。 
来自Android客户端 188楼 2021-06-16 20:43 佛说放下执着 合则生分则送 
来自iPhone客户端 189楼 2021-06-16 20:49 果粒小丶橙 杰克回来吧ig没有你不行 https://gsp0.baidu.com/5aAHeD3nKhI2p27j8IqW0jdnxx1xbK/tb/editor/images/client/image_emoticon9.png https://gsp0.baidu.com/5aAHeD3nKhI2p27j8IqW0jdnxx1xbK/tb/editor/images/client/image_emoticon9.png
来自Android客户端 190楼 2021-06-16 21:24 SJH cy 
来自iPhone客户端 191楼 2021-06-16 21:44 别给整尬的 说句实话，曾经的ig3c不会有人不羡慕的吧 
来自iPhone客户端 192楼 2021-06-16 21:44 塞尔吉奥 厕所永远都是厕所，帮lpl拿了第一个s赛冠军，就算是现在拉垮了也没必要喷他们吧，他们都是fw，除了fpx，lpl其他选手就是**都不如了 
来自Android客户端 193楼 2021-06-16 21:46 扎不多德叻 聚是三叉戟🔱分开了一个就变成了分叉了，S8S9看IG比赛真是在看艺术一样，名场面太多了，奇迹团，暴力到极致的对线，现在都变成了➗笙 
来自Android客户端 194楼 2021-06-16 21:48 鳝饿有报 sxl应该早点把这三个给踹了围绕高振宁和王柳羿来建队三冠早就有了 
来自Android客户端 195楼 2021-06-16 21:54 tongnanzi 电竞没有过去 
来自iPhone客户端 196楼 2021-06-16 21:59 日后再说yyy 版本选手罢了 
来自Android客户端 197楼 2021-06-16 22:02 狂风之力- 有啥评价的，三个世界冠军 
来自iPhone客户端 198楼 2021-06-16 22:05 兆蚌山 马脸msc全球首病宋圣和尿皇潜伏期也到了开始病发了一脉相承的一抓就死一死就开始无限死基本是按照上中下线性发病宋圣春季赛两盘沙皇就已经有综合症的表现了床位都准备好了被纳尔奎因强行抢了icu病房 
来自Android客户端 199楼 2021-06-16 22:06 猪樱帝 第一个LPL的冠军说什么也不会黑 
来自Android客户端 200楼 2021-06-16 22:07 不要放弃梦想 是是是，ig全靠我宝蓝c。 https://gsp0.baidu.com/5aAHeD3nKhI2p27j8IqW0jdnxx1xbK/tb/editor/images/client/image_emoticon2.png
来自Android客户端 201楼 2021-06-16 22:12 头颅V 世界冠军罢了 
来自Android客户端 202楼 2021-06-16 22:14 -苦酒 痴呆傻 
来自iPhone客户端 203楼 2021-06-16 22:15 流汗的 😅 
来自Android客户端 204楼 2021-06-16 22:19 riomu 这三个人s8冠军s9四强，jkls10四强，如果他们都是**的话，那其他大部分选手是不是连**都不如 
来自Android客户端 205楼 2021-06-16 22:31 HFXDL 都有光明的未来 
来自Android客户端 206楼 2021-06-16 22:55 哇里套鲁迈卡圣 😭😭😭😭😭😭😭😭😭 
来自Android客户端 207楼 2021-06-16 23:00 幼稚园灬世道 4000+ 
来自iPhone客户端 209楼 2021-06-16 23:12 六月的影子 fw是斐武的意思吗？ 
来自Android客户端 210楼 2021-06-16 23:18 程序员的痛 😅在这骂你是希望他们拿第二个冠军是吧？为什么不骂一下你喜欢的战队里面没出息的🐶呢 
来自Android客户端 211楼 2021-06-16 23:18 sho2010 看脑瘫说话还挺有意思的 
来自iPhone客户端 212楼 2021-06-16 23:20 井盖底下的你 皇杂滚 
来自iPhone客户端 214楼 2021-06-16 23:28 丧松唔够丧 如何评价这三个fw拿了lpl首个s冠 https://gsp0.baidu.com/5aAHeD3nKhI2p27j8IqW0jdnxx1xbK/tb/editor/images/client/image_emoticon22.png https://gsp0.baidu.com/5aAHeD3nKhI2p27j8IqW0jdnxx1xbK/tb/editor/images/client/image_emoticon22.png https://gsp0.baidu.com/5aAHeD3nKhI2p27j8IqW0jdnxx1xbK/tb/editor/images/client/image_emoticon22.png
来自Android客户端 215楼 2021-06-16 23:28 来自野区的痴汉 kta双子星辉煌过老将了不黑阿水确实拉跨断手一把鳄鱼露出原形把身价打没本来不首发去转会至少千万级原来身为上单不会鳄鱼并不是理解太强不屑用鳄鱼 
来自Android客户端 216楼 2021-06-16 23:35 KKif2r S8冠军 
来自Android客户端 217楼 2021-06-16 23:50 永远喜欢式姐- 赛罗的手势，出道即巅峰，后来越来越拉胯 https://gsp0.baidu.com/5aAHeD3nKhI2p27j8IqW0jdnxx1xbK/tb/editor/images/client/image_emoticon25.png
来自iPhone客户端 218楼 2021-06-17 00:08 风停不在 求求jk回ig吧，算我求他了，ig我的ig https://gsp0.baidu.com/5aAHeD3nKhI2p27j8IqW0jdnxx1xbK/tb/editor/images/client/image_emoticon9.png
来自iPhone客户端 219楼 2021-06-17 00:19 合虚山大王  https://gsp0.baidu.com/5aAHeD3nKhI2p27j8IqW0jdnxx1xbK/tb/editor/images/client/image_emoticon20.png https://gsp0.baidu.com/5aAHeD3nKhI2p27j8IqW0jdnxx1xbK/tb/editor/images/client/image_emoticon20.png https://gsp0.baidu.com/5aAHeD3nKhI2p27j8IqW0jdnxx1xbK/tb/editor/images/client/image_emoticon20.png
来自Android客户端 220楼 2021-06-17 00:22 路过的达瑞斯 ig是唯一一個打法可以說是沒有戰術的冠軍了正常冠軍隊伍輔助都是充當大腦但是ig當年沒有 https://gsp0.baidu.com/5aAHeD3nKhI2p27j8IqW0jdnxx1xbK/tb/editor/images/client/image_emoticon25.png
来自Android客户端 221楼 2021-06-17 00:29 Mu羽瞳迹 fw都能拿首冠，lpl没救了 https://gsp0.baidu.com/5aAHeD3nKhI2p27j8IqW0jdnxx1xbK/tb/editor/images/client/image_emoticon25.png
来自Android客户端 222楼 2021-06-17 00:52 nljtsd 青钢影洛加里奥卡莎一万米直接骑人脸上打，史上打法最具观赏性的冠军队，我被困在18年的仁川IG，我的IG，苏小洛死一车🐴 https://gsp0.baidu.com/5aAHeD3nKhI2p27j8IqW0jdnxx1xbK/tb/editor/images/client/image_emoticon9.png https://gsp0.baidu.com/5aAHeD3nKhI2p27j8IqW0jdnxx1xbK/tb/editor/images/client/image_emoticon9.png https://gsp0.baidu.com/5aAHeD3nKhI2p27j8IqW0jdnxx1xbK/tb/editor/images/client/image_emoticon9.png https://gsp0.baidu.com/5aAHeD3nKhI2p27j8IqW0jdnxx1xbK/tb/editor/images/client/image_emoticon9.png
来自Android客户端 223楼 2021-06-17 00:57 地狱批栈 我爹 
来自Android客户端 224楼 2021-06-17 00:58 王尔德发- 拿过冠军还是代表lpl，不好评价 
来自Android客户端 225楼 2021-06-17 01:07 溫柔藏心底  http://tiebapic.baidu.com/forum/w%3D580/sign=d36586a475d0f703e6b295d438fb5148/c61ea70e4bfbfbedf212e6cc6ff0f736aec31f68.jpg
来自Android客户端 226楼 2021-06-17 01:30 身前无人 这是三个fw，那除了fpx五个，其他也全是fw是吧 https://gsp0.baidu.com/5aAHeD3nKhI2p27j8IqW0jdnxx1xbK/tb/editor/images/client/image_emoticon22.png https://gsp0.baidu.com/5aAHeD3nKhI2p27j8IqW0jdnxx1xbK/tb/editor/images/client/image_emoticon22.png
来自Android客户端 227楼 2021-06-17 02:08 hldljdl 除了fpx，任何人都没资格说他三fw 
来自Android客户端 228楼 2021-06-17 02:09 Free 现在拉了 
来自iPhone客户端 229楼 2021-06-17 02:13 可惜君已逝 都知道最早捞的肯定是年纪最大，打法也相对极端的rk，可没想到暮年的rk在厕所收获了➗的称号，根本没几个老狗儿子，元年粉罢了 
来自Android客户端 230楼 2021-06-17 02:18 楼某不咕咕- 如何评价其他十几只队伍的上百号连fw都不如的？ 
来自Android客户端 231楼 2021-06-17 02:20 天堂陨落之刃X 这几位，那是真的重量级 https://gsp0.baidu.com/5aAHeD3nKhI2p27j8IqW0jdnxx1xbK/tb/editor/images/client/image_emoticon24.png
来自Android客户端 232楼 2021-06-17 02:45 小甜甜布兰妮 你懂不懂什么叫3C守恒定律啊 https://gsp0.baidu.com/5aAHeD3nKhI2p27j8IqW0jdnxx1xbK/tb/editor/images/client/image_emoticon95.png
来自iPhone客户端 233楼 2021-06-17 03:06 6324洗澡 这么fw拿了lpl首冠，暗示lpl其他人连fw都不如？ 
来自iPhone客户端 234楼 2021-06-17 03:23 迷之樱树湖- 程璐是怎么来的？ https://gsp0.baidu.com/5aAHeD3nKhI2p27j8IqW0jdnxx1xbK/tb/editor/images/client/image_emoticon15.png
来自iPhone客户端 235楼 2021-06-17 05:01 苍天已死 天生很重要天赋很重要命运很重要别的都是扯淡次要的⏩到一起完犊子重开 
来自iPhone客户端 236楼 2021-06-17 05:55 奉仙仙仙丶 中间真的** 
来自Android客户端 237楼 2021-06-17 06:40 佐藤康一 如何评价fw中的fw评价fw😅 
来自iPhone客户端 238楼 2021-06-17 06:50 Primecorps 强过糖狗 
来自Android客户端 239楼 2021-06-17 06:58 整包设计 三个人打法真的互补。上下超级敢输出献祭一个剩下一个也能解决团战中单英雄池深能卖能偷人而且最关键的这三个单对线都是顶级。不过散开就难了 
来自Android客户端 240楼 2021-06-17 07:04 狗利国家生死乙 比日本队，比减除强就行啦 https://gsp0.baidu.com/5aAHeD3nKhI2p27j8IqW0jdnxx1xbK/tb/editor/images/client/image_emoticon2.png
来自iPhone客户端 241楼 2021-06-17 08:00 腿毛先生 ig这五个b已经没救了全是病友 
来自Android客户端 242楼 2021-06-17 08:04 第七页序 他们三个人就好像重骑兵羁绊，一个人上去是送。两个人能操作下。三个人就是奇迹。 
来自iPhone客户端 243楼 2021-06-17 08:08 梦转千秋丶 首冠都是Fw了？属实让人看见一部分网友司马的样子了。 
来自iPhone客户端 244楼 2021-06-17 08:10 别说了我爱你 除非自己比他们3个强 
来自iPhone客户端 245楼 2021-06-17 08:15 败者留下内裤 ？ 
来自Android客户端 246楼 2021-06-17 08:21 秦始皇小虎 4000+ 
来自iPhone客户端 247楼 2021-06-17 08:37 aichibaicaoji 真希望ig更换管理层，重聚ig完全体。我相信jkl肯定也是乐意的。 
来自Android客户端 248楼 2021-06-17 08:58 妙蛙崽种- 帅 
来自Android客户端 250楼 2021-06-17 09:34 后面的卡牌  http://tiebapic.baidu.com/forum/w%3D580/sign=5e7d02e0f3003af34dbadc68052bc619/f2b71e940a7b0208135add0827d9f2d3552cc8ff.jpg
来自iPhone客户端 251楼 2021-06-17 09:46 还不是没努力 点击展开，查看完整图片 http://tiebapic.baidu.com/forum/w%3D580/sign=be70ec1eda3df8dca63d8f99fd1372bf/d373d6638535e5dd29ae473633c6a7efcc1b6288.jpg
来自iPhone客户端 252楼 2021-06-17 09:46 重庆lwx 蚌埠住了 
来自Android客户端 253楼 2021-06-17 09:49 炫风车易拉罐 我的3c https://gsp0.baidu.com/5aAHeD3nKhI2p27j8IqW0jdnxx1xbK/tb/editor/images/client/image_emoticon9.png https://gsp0.baidu.com/5aAHeD3nKhI2p27j8IqW0jdnxx1xbK/tb/editor/images/client/image_emoticon9.png https://gsp0.baidu.com/5aAHeD3nKhI2p27j8IqW0jdnxx1xbK/tb/editor/images/client/image_emoticon9.png https://gsp0.baidu.com/5aAHeD3nKhI2p27j8IqW0jdnxx1xbK/tb/editor/images/client/image_emoticon9.png https://gsp0.baidu.com/5aAHeD3nKhI2p27j8IqW0jdnxx1xbK/tb/editor/images/client/image_emoticon9.png
来自iPhone客户端 254楼 2021-06-17 09:58 塞翁一司 中间的最大five https://gsp0.baidu.com/5aAHeD3nKhI2p27j8IqW0jdnxx1xbK/tb/editor/images/client/image_emoticon24.png
255楼 2021-06-17 10:01 丶千石抚子 他们就是再fw也帮lpl拿了第一个s赛天天jb黑黑魔怔了吗 
256楼 2021-06-17 10:11 贴吧用户_5K4Z5GC lz很难不4000+ https://tb2.bdstatic.com/tb/editor/images/face/i_f24.png?t=20140803 https://tb2.bdstatic.com/tb/editor/images/face/i_f24.png?t=20140803 https://tb2.bdstatic.com/tb/editor/images/face/i_f24.png?t=20140803
来自Android客户端 257楼 2021-06-17 10:16 你吊潮啊 羞男也five? https://gsp0.baidu.com/5aAHeD3nKhI2p27j8IqW0jdnxx1xbK/tb/editor/images/client/image_emoticon15.png
来自Android客户端 258楼 2021-06-17 10:40 就当我没来过 这三个**让你三年前激动了几天大喊亲爹 https://gsp0.baidu.com/5aAHeD3nKhI2p27j8IqW0jdnxx1xbK/tb/editor/images/client/image_emoticon3.png
来自Android客户端 259楼 2021-06-17 10:41 黄昏好风景 文员幼师行政点击展开，查看完整图片 https://gsp0.baidu.com/5aAHeD3nKhI2p27j8IqW0jdnxx1xbK/tb/editor/images/client/image_emoticon22.png https://gsp0.baidu.com/5aAHeD3nKhI2p27j8IqW0jdnxx1xbK/tb/editor/images/client/image_emoticon22.png https://gsp0.baidu.com/5aAHeD3nKhI2p27j8IqW0jdnxx1xbK/tb/editor/images/client/image_emoticon22.png https://gsp0.baidu.com/5aAHeD3nKhI2p27j8IqW0jdnxx1xbK/tb/editor/images/client/image_emoticon22.png https://gsp0.baidu.com/5aAHeD3nKhI2p27j8IqW0jdnxx1xbK/tb/editor/images/client/image_emoticon22.png http://tiebapic.baidu.com/forum/w%3D580/sign=fa049a7e9c33c895a67e9873e1127397/208fb23433fa828b533e700ab81f4134960a5a69.jpg
来自iPhone客户端 260楼 2021-06-17 10:49 这场叫做遗憾 我印象最深刻的是tes的冰从大龙坑直接闪现下去莽对面的时候，队友手里有闪没一个闪下去，留着我的冰冰自己去送了，要是在ig，我冰就不是一个人下去了 https://gsp0.baidu.com/5aAHeD3nKhI2p27j8IqW0jdnxx1xbK/tb/editor/images/client/image_emoticon9.png https://gsp0.baidu.com/5aAHeD3nKhI2p27j8IqW0jdnxx1xbK/tb/editor/images/client/image_emoticon9.png https://gsp0.baidu.com/5aAHeD3nKhI2p27j8IqW0jdnxx1xbK/tb/editor/images/client/image_emoticon9.png https://gsp0.baidu.com/5aAHeD3nKhI2p27j8IqW0jdnxx1xbK/tb/editor/images/client/image_emoticon9.png https://gsp0.baidu.com/5aAHeD3nKhI2p27j8IqW0jdnxx1xbK/tb/editor/images/client/image_emoticon9.png https://gsp0.baidu.com/5aAHeD3nKhI2p27j8IqW0jdnxx1xbK/tb/editor/images/client/image_emoticon9.png
来自Android客户端 261楼 2021-06-17 10:53 亦调贤愚 好久没逛厕所了现在的抗吧真有意思，断手断手不行一抓就死指定背锅位。肉鸡肉鸡不行拖家带口三个赛季拉胯一个赛季直接耻辱柱。冰皇也不行下路死混没操作躺上冠军。宁铁fw不说了宝蓝战犯那么问题来了，s8靠谁拿的冠？买来的是吧，不然应该是小乐言帮忙上的冠军吧 
来自Android客户端 262楼 2021-06-17 11:06 海味好丽友 不是我说 
来自Android客户端 263楼 2021-06-17 11:32 壮哉我连青人 LPL第一个S冠 
264楼 2021-06-17 11:37 幻夜小博 他们是FW，那绝大多数选手连FW都不如 
来自Android客户端 265楼 2021-06-17 11:39 坏孩子不会嘤  http://tiebapic.baidu.com/forum/w%3D580/sign=41cffdbb4443fbf2c52ca62b807fca1e/6e62542d11dfa9ec0d808ea475d0f703908fc10e.jpg
来自iPhone客户端 266楼 2021-06-17 12:38 我不好说我擦 别给你尿➗蹭牌面了，ig牵条狗玩ad都能夺冠 
来自Android客户端 267楼 2021-06-17 12:39 夙翚简易 唉，不说别的，只想再看他们一起打比赛 
来自Android客户端 268楼 2021-06-17 14:11 通天河魚怪 聚是满天星，散是一地s 
来自Android客户端 269楼 2021-06-18 11:14 GUE88  https://gsp0.baidu.com/5aAHeD3nKhI2p27j8IqW0jdnxx1xbK/tb/editor/images/client/image_emoticon22.png
来自Android客户端 270楼 2021-06-18 12:29 zhhvfth 聚是满天星，散是一坨屎 
来自Android客户端 271楼 2021-06-18 13:28 小黑熊小同鞋  https://gsp0.baidu.com/5aAHeD3nKhI2p27j8IqW0jdnxx1xbK/tb/editor/images/client/image_emoticon8.png
来自Android客户端 272楼 2021-06-18 13:57 B度没 我曾经一度以为ig能连冠，期待野辅世界赛回光返照，结果还是g了。lpl两大暴毙王，🐔眼看也要晚节不保了 
来自iPhone客户端 273楼 2021-06-18 14:34 一起苏 散是一滩尿，聚是一坨屎😅 
来自Android客户端 274楼 2021-06-18 14:55 不是真的  https://gsp0.baidu.com/5aAHeD3nKhI2p27j8IqW0jdnxx1xbK/tb/editor/images/client/image_emoticon25.png https://gsp0.baidu.com/5aAHeD3nKhI2p27j8IqW0jdnxx1xbK/tb/editor/images/client/image_emoticon25.png
来自Android客户端 275楼 2021-06-18 15:04 划水超时空 现在谁是三叉戟的几把 
来自Android客户端 276楼 2021-06-18 19:17 第二梦 。 
来自Android客户端 277楼 2021-06-18 20:29 风之铭痕 3个混子罢了 https://gsp0.baidu.com/5aAHeD3nKhI2p27j8IqW0jdnxx1xbK/tb/editor/images/client/image_emoticon3.png
来自Android客户端 278楼 2021-06-18 20:47 天色 都是你亲人行了吧你满意了没 
来自iPhone客户端 279楼 2021-06-19 00:21 森林麋鹿 三叉戟 https://gsp0.baidu.com/5aAHeD3nKhI2p27j8IqW0jdnxx1xbK/tb/editor/images/client/image_emoticon95.png https://gsp0.baidu.com/5aAHeD3nKhI2p27j8IqW0jdnxx1xbK/tb/editor/images/client/image_emoticon95.png
来自iPhone客户端 280楼 2021-06-19 01:43 一语成谶批 yysy这三如果是five那lpl基本就都是five了 
来自Android客户端 281楼 2021-06-19 01:50 贴吧用户_aK5N5VG 三巨头，三头六臂 
来自Android客户端 282楼 2021-06-19 11:28 猫指导 溜一只话都说不明白🐴挂树上风干十年出来送的中专圣母司马低能臭🐶@明晚打老 https://gsp0.baidu.com/5aAHeD3nKhI2p27j8IqW0jdnxx1xbK/tb/editor/images/client/image_emoticon67.png
来自Android客户端 283楼 2021-06-19 14:17 L9ucKy 1 
来自Android客户端 284楼 2021-06-19 15:09 黑黑的白酱 回不去的3c，以前ig的比赛还是挺有观赏性的 
来自iPhone客户端 285楼 2021-06-19 18:49 本尼车坊 3c😭😭😭我的3c😭😭😭 
来自Android客户端 286楼 2021-06-20 00:26 凯申物流经理 都拉胯了 
来自Android客户端 287楼 2021-06-20 15:14 阳光boy 投毒队3➗ 
来自Android客户端 288楼 2021-06-20 15:47 天依--  https://gsp0.baidu.com/5aAHeD3nKhI2p27j8IqW0jdnxx1xbK/tb/editor/images/client/image_emoticon1.png
