7407274570 爆笑【抗压背锅吧】_百度贴吧
来自Android客户端 1楼 2021-06-16 19:37 zesira- 鞋皇都比宋圣分高了 https://gsp0.baidu.com/5aAHeD3nKhI2p27j8IqW0jdnxx1xbK/tb/editor/images/client/image_emoticon22.png http://tiebapic.baidu.com/forum/w%3D580/sign=7be84ed18f22720e7bcee2f24bca0a3a/1633ba004a90f603019277f42e12b31bb151ed92.jpg
来自iPhone客户端 2楼 2021-06-16 19:43 吴石九 我这看麻子怎么最后一次rank是5.24 
4楼 2021-06-16 19:52 蛋疼先生わ 有一说一，宋圣好像有阵子没打rank了，鞋子是一直在打吧，不过宋圣就他现在的水平顶多也就王者700-800分，和现在的宝蓝差不多，全是犯罪 
来自iPhone客户端 5楼 2021-06-16 20:06 女校狗狗狗 宋÷怎么还不滚啊 
来自Android客户端 6楼 2021-06-16 20:38 情深似海彼岸 又矮又挫又胖铁侏儒一个孝子还一堆 
来自Android客户端 7楼 2021-06-16 20:49 梦琪啊梦琪 梦琪啊梦琪，啦啦啦啦啦啦啦啦💃💃💃梦琪啊梦琪，嘟嘟嘟嘟嘟嘟噜噜😽😽😽😽梦琪啊梦琪，啦啦啦啦啦啦啦啦💃💃💃梦琪啊梦琪，嘟嘟嘟嘟嘟嘟噜噜😽😽😽😽抱！～😆 
来自Android客户端 8楼 2021-06-16 20:53 太马哈鱼小童鞋 我这边怎么没更新点击展开，查看完整图片 http://tiebapic.baidu.com/forum/w%3D580/sign=39e13a5ef01190ef01fb92d7fe1a9df7/cdbedaf8d72a605999f90ba93f34349b013bbacf.jpg
来自Android客户端 9楼 2021-06-16 22:01 杰洛- 你怎么知道他是蟹黄？ 
来自Android客户端 10楼 2021-06-16 22:41 千殊魅影 不是宝宝代打？ 
来自Android客户端 11楼 2021-06-16 23:50 千叶长生- 饱饱代打 
来自Android客户端 12楼 2021-06-17 11:55 玖陆柒 太寄吧菜了 
来自iPhone客户端 13楼 2021-06-17 12:51 一碌葛 鞋子rank不能看他的分，要看他玩的什么位置 
来自iPhone客户端 14楼 2021-06-17 16:50 别人笑你也笑 今年臭鞋很难上场了，IG合同就年底到期，别的俱乐部不可能多花一笔转会费买他 
来自Android客户端 15楼 2021-06-17 16:56 我想干大事 😂 
来自iPhone客户端 16楼 2021-06-18 11:11 败者留下内裤 宝蓝打得 
来自Android客户端 17楼 2021-06-18 11:24 麻麻说我很乖丶 那个好像是饱蓝 
来自Android客户端 18楼 2021-06-18 12:37 zesira- 这能是小饱？点击展开，查看完整图片 http://tiebapic.baidu.com/forum/w%3D580/sign=1d2a7f16699b033b2c88fcd225ce3620/9bb92b391f30e9247199fe2311086e061d95f712.jpg
来自Android客户端 19楼 2021-06-18 12:55 甘尼克斯 给不懂的说一下找igy辅助的韩服号就是臭鞋现在的号时玩上单时玩ad时玩打野 
来自Android客户端 20楼 2021-06-18 19:55 永喜宝多六花 快进到鞋子转上ts转中 https://gsp0.baidu.com/5aAHeD3nKhI2p27j8IqW0jdnxx1xbK/tb/editor/images/client/image_emoticon3.png
来自iPhone客户端 21楼 2021-06-18 20:49 RbWhisper 野核一取消他就应该出来了反正脸皮厚换个队还真有可能carry 
来自iPhone客户端 22楼 2021-06-19 03:24 太顶了 臭👟还有机会打比赛吗？有无懂哥 
来自Android客户端 23楼 2021-06-19 13:12 Aug  https://gsp0.baidu.com/5aAHeD3nKhI2p27j8IqW0jdnxx1xbK/tb/editor/images/client/image_emoticon24.png
来自iPhone客户端 24楼 2021-06-20 03:08 bambo 你咋知道是他的？ 
来自iPhone客户端 25楼 2021-06-20 15:52 火钳van啊 比烂是吧，俩分 
