7404096457 【赛事预告】6月15-20日：四大赛区夏季赛继续进行【抗压背锅吧】_百度贴吧
1楼 2021-06-14 20:56 落樱幻琰 镇楼 http://tiebapic.baidu.com/forum/w%3D580/sign=43a5d1e11643fbf2c52ca62b807cca1e/6e62542d11dfa9ec0feaa2fe27d0f703938fc142.jpg
来自Android客户端 2楼 2021-06-14 20:58 逆转结局 沙发 
来自Android客户端 3楼 2021-06-14 21:01 Le1LL 🥰🥰🥰 
来自iPhone客户端 4楼 2021-06-14 21:01 一个临时演员丶 冲 
来自Android客户端 5楼 2021-06-14 21:02 一只伊蕾娜 呵呵，渣男太多了 
6楼 2021-06-14 21:04 落樱幻琰 6月15日周二17:00UPVSRWBO32021LPL夏季赛-常规赛19:00JDGVSLNGBO32021LPL夏季赛-常规赛6月16日周三16:00NSVSDRXBO32021LCK夏季赛-常规赛17:00V5VSWEBO32021LPL夏季赛-常规赛19:00GENVSKTBO32021LCK夏季赛-常规赛19:00BLGVSLGDBO32021LPL夏季赛-常规赛6月17日周四16:00T1VSBROBO32021LCK夏季赛-常规赛17:00TTVSTESBO32021LPL夏季赛-常规赛19:00LNGVSFPXBO32021LPL夏季赛-常规赛19:00DKVSAFBO32021LCK夏季赛-常规赛6月18日周五16:00LSBVSHLEBO32021LCK夏季赛-常规赛17:00RNGVSOMGBO32021LPL夏季赛-常规赛19:00GENVSNSBO32021LCK夏季赛-常规赛19:00SNVSUPBO32021LPL夏季赛-常规赛6月19日周六00:00SKVSS04BO12021LEC夏季赛-常规赛01:00MADVSXLBO12021LEC夏季赛-常规赛02:00RGEVSMSFBO12021LEC夏季赛-常规赛03:00VITVSFNCBO12021LEC夏季赛-常规赛04:00G2VSASTBO12021LEC夏季赛-常规赛06:00C9VSEGBO12021LCS夏季赛-常规赛07:00FLYVSTLBO12021LCS夏季赛-常规赛08:00IMTVSTSMBO12021LCS夏季赛-常规赛09:00DIGVSGGBO12021LCS夏季赛-常规赛10:00100VSCLGBO12021LCS夏季赛-常规赛15:00V5VSRABO32021LPL夏季赛-常规赛16:00DRXVSDKBO32021LCK夏季赛-常规赛17:00EDGVSRWBO32021LPL夏季赛-常规赛19:00TTVSFPXBO32021LPL夏季赛-常规赛19:00AFVSKTBO32021LCK夏季赛-常规赛23:00VITVSSKBO12021LEC夏季赛-常规赛6月20日周日00:00MSFVSASTBO12021LEC夏季赛-常规赛01:00S04VSMADBO12021LEC夏季赛-常规赛02:00FNCVSXLBO12021LEC夏季赛-常规赛03:00RGEVSG2BO12021LEC夏季赛-常规赛05:00C9VSIMTBO12021LCS夏季赛-常规赛06:00CLGVSEGBO12021LCS夏季赛-常规赛07:00TSMVSDIGBO12021LCS夏季赛-常规赛08:00100VSFLYBO12021LCS夏季赛-常规赛09:00GGVSTLBO12021LCS夏季赛-常规赛15:00LGDVSJDGBO32021LPL夏季赛-常规赛16:00LSBVST1BO32021LCK夏季赛-常规赛17:00BLGVSSNBO32021LPL夏季赛-常规赛19:00LNGVSRNGBO32021LPL夏季赛-常规赛19:00BROVSHLEBO32021LCK夏季赛-常规赛 
7楼 2021-06-14 21:05 落樱幻琰  https://tb2.bdstatic.com/tb/editor/images/face/i_f24.png?t=20140803
来自Android客户端 8楼 2021-06-14 21:10 奇妖- 不是碍于我不看 https://gsp0.baidu.com/5aAHeD3nKhI2p27j8IqW0jdnxx1xbK/tb/editor/images/client/image_emoticon3.png
来自Android客户端 9楼 2021-06-14 21:45 可爱鱼  https://gsp0.baidu.com/5aAHeD3nKhI2p27j8IqW0jdnxx1xbK/tb/editor/images/client/image_emoticon24.png
来自Android客户端 10楼 2021-06-15 00:47 h9946 3 
来自Android客户端 11楼 2021-06-15 21:04 jisoo 呵呵，渣男太多了 
12楼 2021-06-15 21:17 御坂妹桃莉 lng教练怎么敢选红色方还把卡尔玛放出来的 
13楼 2021-06-15 21:21 jisoo 10ban上单 
14楼 2021-06-15 21:22 jisoo 还空ban 
来自Android客户端 15楼 2021-06-15 21:36 jisoo 50块上单 https://gsp0.baidu.com/5aAHeD3nKhI2p27j8IqW0jdnxx1xbK/tb/editor/images/client/image_emoticon17.png
16楼 2021-06-15 21:41 御坂妹桃莉 50块上单太烂了 
17楼 2021-06-15 21:45 御坂妹桃莉 草，把Jdg溜晕了 
来自Android客户端 18楼 2021-06-15 21:46 jisoo 母爵这 
来自Android客户端 19楼 2021-06-15 21:48 jisoo 下等马这破烂阵容 
20楼 2021-06-15 21:51 御坂妹桃莉 看唉v破败没打出效果 
来自Android客户端 21楼 2021-06-15 21:52 jisoo 有布隆太难了 
来自Android客户端 22楼 2021-06-15 21:54 jisoo 这才叫开车 
23楼 2021-06-15 21:56 御坂妹桃莉 这把bo3挺精彩的 
来自Android客户端 24楼 2021-06-15 21:58 jisoo 赛季初lng厉害 
25楼 2021-06-16 14:32 郑州热心网民-  https://tb2.bdstatic.com/tb/editor/images/face/i_f13.png?t=20140803
来自Android客户端 26楼 2021-06-16 21:22 jisoo 叔叔的队终于首胜了！ 
来自Android客户端 27楼 2021-06-16 21:22 jisoo 让一追二 
28楼 2021-06-17 21:01 御坂妹桃莉 今天比赛fpxlng拉满，真好看 https://tb2.bdstatic.com/tb/editor/images/face/i_f03.png?t=20140803
来自Android客户端 29楼 2021-06-17 21:03 jisoo 好看！ 
来自Android客户端 30楼 2021-06-17 21:34 jisoo 明灯！ 
31楼 2021-06-17 21:39 御坂妹桃莉 lng这夏天有点东西，不会进世界赛吧 
来自Android客户端 32楼 2021-06-17 21:40 jisoo lng这要做黑马了 
来自Android客户端 33楼 2021-06-17 21:41 jisoo lng这秀疯了！ 
34楼 2021-06-17 21:42 御坂妹桃莉 灯灯灯！露露赵信和ez洛都太猛了 
来自Android客户端 35楼 2021-06-17 21:42 jisoo 洛每次团抬几个，都操作起来了 
来自Android客户端 36楼 2021-06-17 21:45 jisoo 恭喜LNG！ 
37楼 2021-06-17 21:45 御坂妹桃莉 lng人机局fpx，太猛了 
来自Android客户端 38楼 2021-06-17 21:46 jisoo 杀猪局 
来自Android客户端 39楼 2021-06-17 21:46 jisoo 4连胜！jd输得不冤阿 
