7073584426 【图片】包我网费帮你打号，有没有hxd需要打的【抗压背锅吧】_百度贴吧
来自Android客户端 1楼 2020-11-07 19:17 放弃我的人生  http://tiebapic.baidu.com/forum/w%3D580/sign=2b0f9c15144f78f0800b9afb49300a83/4d79a487c9177f3eb7ebfe4c67cf3bc79d3d56c2.jpg http://tiebapic.baidu.com/forum/w%3D580/sign=df3e9635ba345982c58ae59a3cf5310b/cd8c259659ee3d6d1d18858a54166d224d4adec3.jpg
来自Android客户端 2楼 2020-11-07 19:18 放弃我的人生 什么都打，帮打一切，帮几百个吧友打过，请放心。爱🐟哥给个机会别删，找到了我自己删。 http://tiebapic.baidu.com/forum/w%3D580/sign=e8a89a454e82b2b7a79f39cc01accb0a/ba265aef3d6d55fbfb1774677a224f4a22a4ddd4.jpg http://tiebapic.baidu.com/forum/w%3D580/sign=fde5fe4c67cf3bc7e800cde4e101babd/258998514fc2d5621fd9d2acf01190ef74c66cd4.jpg http://tiebapic.baidu.com/forum/w%3D580/sign=a60119029cd4b31cf03c94b3b7d7276f/8764ae6fddc451da6d270eaaa1fd5266d21632d4.jpg
来自Android客户端 3楼 2020-11-07 19:19 放弃我的人生 打通宵，打二十几个小时都可以，要打的速度Q我，806938453 http://tiebapic.baidu.com/forum/w%3D580/sign=091601a0382eb938ec6d7afae56385fe/f7d2f5256b600c33dab5dc890d4c510fdbf9a1d1.jpg http://tiebapic.baidu.com/forum/w%3D580/sign=0f64e632ba4bd11304cdb73a6aaea488/1e3aa51fa8d3fd1f86c5a07b274e251f97ca5fd1.jpg http://tiebapic.baidu.com/forum/w%3D580/sign=83d0457f1bf3d7ca0cf63f7ec21ebe3c/d621f502738da97722e0846aa751f8198418e3d2.jpg http://tiebapic.baidu.com/forum/w%3D580/sign=242dbac0dc1349547e1ee86c664f92dd/6743b1109313b07eb07252491bd7912395dd8cd2.jpg http://tiebapic.baidu.com/forum/w%3D580/sign=8755ee42df95d143da76e42b43f18296/2d8430fb828ba61e6d21ca6e5634970a324e59d2.jpg
来自Android客户端 4楼 2020-11-07 19:20 放弃我的人生 有没有。。 http://tiebapic.baidu.com/forum/w%3D580/sign=51e1484f7009c93d07f20effaf3cf8bb/aa602c2fb9389b50d734e2139235e5dde5116ede.jpg http://tiebapic.baidu.com/forum/w%3D580/sign=55748e705d90f60304b09c4f0913b370/25a3cbfdc3cec3fd23f5a534c188d43f859427de.jpg
来自Android客户端 5楼 2020-11-07 19:24 放弃我的人生 有没有 http://tiebapic.baidu.com/forum/w%3D580/sign=091601a0382eb938ec6d7afae56385fe/f7d2f5256b600c33dab5dc890d4c510fdbf9a1d1.jpg http://tiebapic.baidu.com/forum/w%3D580/sign=0f64e632ba4bd11304cdb73a6aaea488/1e3aa51fa8d3fd1f86c5a07b274e251f97ca5fd1.jpg http://tiebapic.baidu.com/forum/w%3D580/sign=83d0457f1bf3d7ca0cf63f7ec21ebe3c/d621f502738da97722e0846aa751f8198418e3d2.jpg http://tiebapic.baidu.com/forum/w%3D580/sign=242dbac0dc1349547e1ee86c664f92dd/6743b1109313b07eb07252491bd7912395dd8cd2.jpg
来自Android客户端 6楼 2020-11-07 19:25 放弃我的人生 风里雨里网吧等你，需要打的hxd！ http://tiebapic.baidu.com/forum/w%3D580/sign=6110194eaf0e7bec23da03e91f2eb9fa/e77a0947f21fbe093372ce557c600c338644adf1.jpg http://tiebapic.baidu.com/forum/w%3D580/sign=dc448b68fcc4b7453494b71efffc1e78/a7769c3cf8dcd1006cb0f560658b4710b8122ff1.jpg http://tiebapic.baidu.com/forum/w%3D580/sign=781de188c02a60595210e1121834342d/1bb0a28a87d6277fb73d3f793f381f30e824fcf2.jpg http://tiebapic.baidu.com/forum/w%3D580/sign=1ab3f560658b4710ce2ffdc4f3cec3b2/0c5e75c7a7efce1b3d04c58bb851f3deb58f65f2.jpg
来自Android客户端 7楼 2020-11-07 19:28 放弃我的人生 需要打的hxd，M我点击展开，查看完整图片 http://tiebapic.baidu.com/forum/w%3D580/sign=812502822d87e9504217f3642039531b/96ca01097bf40ad155fccaa2402c11dfa8ecce8d.jpg
来自Android客户端 8楼 2020-11-07 20:06 放弃我的人生 今晚有需要打的hxd没，来了就去打。 
来自Android客户端 9楼 2020-11-07 20:06 放弃我的人生 滴滴 
来自Android客户端 10楼 2020-11-07 20:06 放弃我的人生 开车咯 
来自Android客户端 11楼 2020-11-08 15:05 放弃我的人生 滴滴 
来自Android客户端 12楼 2020-11-08 15:05 放弃我的人生 在线等，开冲 
来自Android客户端 13楼 2020-11-08 17:00 放弃我的人生 需要打的hxd，Q我，别加了不说话。。 
来自Android客户端 14楼 2020-11-08 17:53 石板路微雾 人均王者1000点需要你打？ 
来自Android客户端 15楼 2020-11-09 18:20 放弃我的人生 需要打的hxd，Q我，别加了不说话。。 
来自Android客户端 16楼 2020-11-09 18:44 放弃我的人生 有没有。。 
来自Android客户端 17楼 2020-11-09 23:17 放弃我的人生 现在有嘛？在线等。 
来自Android客户端 18楼 2020-11-09 23:17 放弃我的人生 现在有嘛？在线等。 
来自Android客户端 19楼 2020-11-10 09:40 飞行员夹克 网费多少💰 
来自Android客户端 20楼 2020-11-11 17:11 放弃我的人生 欧 
来自Android客户端 21楼 2020-11-11 17:50 放弃我的人生 滴滴 
来自Android客户端 22楼 2020-11-11 21:05 放弃我的人生 刚帮吧友打完三把生死局晋级赛，还有没有要打的hxd http://tiebapic.baidu.com/forum/w%3D580/sign=06793dbbc6c8a786be2a4a065708c9c7/bd8ebb0f7bec54e715b7875fae389b504ec26a4e.jpg
来自Android客户端 24楼 2020-11-11 21:25 放弃我的人生 需要打的hxd，M一下我，来了马上去打。 
来自Android客户端 25楼 2020-11-12 11:10 放弃我的人生 现在有没 
来自Android客户端 26楼 2020-11-13 23:51 放弃我的人生 来个需要打号的，有没。 
来自Android客户端 27楼 2020-11-14 02:44 放弃我的人生 1 
来自Android客户端 28楼 2020-11-14 07:02 放弃我的人生 滴滴 
来自Android客户端 29楼 2020-11-14 07:04 米裕 呵呵 
来自Android客户端 30楼 2020-11-14 16:44 放弃我的人生 1 
来自Android客户端 31楼 2020-11-14 16:51 放弃我的人生 有需要打的嘛 
来自Android客户端 32楼 2020-11-14 16:58 放弃我的人生 有没有。。 
来自Android客户端 33楼 2020-11-14 16:59 放弃我的人生 你知道我在等你吗？需要打的hxd，来了立刻马上去打！ 
来自Android客户端 34楼 2020-11-14 17:28 放弃我的人生 滴滴 
来自Android客户端 35楼 2020-11-14 17:36 放弃我的人生 现在有需要打的没。。 
来自Android客户端 36楼 2020-11-14 17:44 放弃我的人生 有嘛？ 
来自Android客户端 37楼 2020-11-14 22:32 放弃我的人生 滴滴 
来自Android客户端 38楼 2020-11-14 23:32 放弃我的人生 有没有打通宵的，一起也可以。帮打一切，什么都打。 
来自Android客户端 39楼 2020-11-14 23:46 放弃我的人生 你知道我在等你吗？需要打通宵的hxd。 
来自Android客户端 40楼 2020-11-14 23:59 放弃我的人生 麻了 
来自Android客户端 41楼 2020-11-15 07:35 放弃我的人生 来一个啥 http://tiebapic.baidu.com/forum/w%3D580/sign=bd11295b7759252da3171d0c049a032c/3d3a84d7277f9e2f63e0d6490830e924ba99f3c9.jpg
来自Android客户端 42楼 2020-11-15 20:07 放弃我的人生 你知道我在等你吗 
来自Android客户端 43楼 2020-11-15 21:00 放弃我的人生 哈利路亚 
来自Android客户端 44楼 2020-11-15 21:00 放弃我的人生 哈利路亚 
来自Android客户端 45楼 2020-11-15 22:39 放弃我的人生 打通宵打24小时，需要打的hxd，Q我。 
来自Android客户端 46楼 2020-11-15 22:49 放弃我的人生 打通宵打24小时，需要打的hxd，Q我，来一个啊。。 
来自Android客户端 48楼 2020-11-15 23:53 放弃我的人生 现在有没有。 
来自Android客户端 49楼 2020-11-16 00:05 放弃我的人生 滴滴 
来自Android客户端 50楼 2020-11-16 00:10 放弃我的人生 有没有打通宵。 
来自Android客户端 51楼 2020-11-16 00:17 放弃我的人生 速度来一个啊！淦。 
来自Android客户端 52楼 2020-11-16 19:07 放弃我的人生 冲 
来自Android客户端 53楼 2020-11-16 19:24 放弃我的人生 今晚有没有需要打的hxd？来了就打 
来自Android客户端 54楼 2020-11-16 19:51 放弃我的人生 😲 
55楼 2020-11-16 19:58 重案组之虎 你进厂吧 
来自Android客户端 56楼 2020-11-16 21:57 放弃我的人生 有没有需要打24小时的？ 
来自Android客户端 57楼 2020-11-17 00:04 放弃我的人生 来一个吧！ 
来自Android客户端 58楼 2020-11-17 00:11 放弃我的人生 你知道我在等你吗？需要打的hxd，来了立刻马上去打啊！ 
来自Android客户端 59楼 2020-11-17 21:08 放弃我的人生 昨晚帮吧友打的，今晚需要打的hxd，M我。 http://tiebapic.baidu.com/forum/w%3D580/sign=4d8b9c8bc02a60595210e1121835342d/1bb0a28a87d6277f82ab427a3f381f30e824fc6d.jpg
来自Android客户端 60楼 2020-11-17 22:11 放弃我的人生 😓 
来自Android客户端 62楼 2020-11-17 23:01 放弃我的人生 有木有，来了就去打。 
来自Android客户端 63楼 2020-11-17 23:28 放弃我的人生 1 
来自Android客户端 64楼 2020-11-25 09:39 放弃我的人生 今天有需要打的hxd嘛？最后打几天了。 
来自Android客户端 65楼 2020-11-25 11:41 放弃我的人生 ⊙∀⊙！ 
来自Android客户端 66楼 2020-11-25 12:33 放弃我的人生 有嘛？ 
来自Android客户端 67楼 2020-11-25 13:54 放弃我的人生 什么都打，帮打一切，帮几百个吧友打过，请放心。。 
来自Android客户端 68楼 2020-11-25 14:27 放弃我的人生 来一个 
来自Android客户端 70楼 2020-11-25 14:54 放弃我的人生 有没有啊！帮几百个吧友打过，请放心啊！ 
来自Android客户端 71楼 2020-11-25 15:59 放弃我的人生 🈶 
来自Android客户端 72楼 2020-11-25 15:59 放弃我的人生 🐴 
来自Android客户端 73楼 2020-11-25 16:05 放弃我的人生 打通宵，打三十几个小时都可以，要打的可以Q我啊，806938453 
来自Android客户端 74楼 2020-11-25 16:47 放弃我的人生 哦哇里大！ 
来自Android客户端 75楼 2020-11-25 17:11 放弃我的人生 冲 
来自Android客户端 76楼 2020-11-25 17:43 放弃我的人生 能来一个嘛😓 
来自Android客户端 78楼 2020-11-25 18:46 放弃我的人生 有木有需要今晚打十几个小时的 
来自Android客户端 79楼 2020-11-25 19:08 放弃我的人生 你知道我在等你吗？需要打的hxd，来了立刻马上去打，等一个需要打三天三夜的hxd。 
来自Android客户端 80楼 2020-11-25 19:50 放弃我的人生 帮打一切，什么都打，来了就去打，来一个啊。 
来自Android客户端 81楼 2020-12-08 06:53 放弃我的人生 来个 
来自Android客户端 82楼 2020-12-08 06:53 放弃我的人生 冲 
83楼 2020-12-08 06:59 王牌野狗 会玩船长嘛 
来自Android客户端 84楼 2020-12-08 07:11 放弃我的人生 你知道我在等你吗？需要打的hxd。 
来自Android客户端 85楼 2020-12-08 08:28 放弃我的人生 来个需要打十几个小时的，来了立刻马上去打！最后帮打一天！有没有来个。 
来自Android客户端 86楼 2020-12-08 08:44 放弃我的人生 3 
来自Android客户端 87楼 2020-12-08 08:56 放弃我的人生 有没有，速度来个啊！你知道我在等你吗？需要打的hxd，急急急！ 
来自Android客户端 88楼 2020-12-08 09:07 放弃我的人生 1 
来自Android客户端 89楼 2020-12-08 09:20 放弃我的人生 来了就去打 
来自Android客户端 90楼 2020-12-08 09:47 放弃我的人生 有没有啊！赶紧的呀 
来自Android客户端 91楼 2020-12-08 10:03 放弃我的人生 dd 
来自Android客户端 92楼 2020-12-08 10:17 放弃我的人生 什么都打，帮打一切，帮几百个吧友打过，请放心。 
来自Android客户端 93楼 2020-12-08 10:25 放弃我的人生 有没有啊！ 
来自Android客户端 94楼 2020-12-08 10:58 放弃我的人生 dd 
来自Android客户端 95楼 2020-12-08 12:14 放弃我的人生 dd 
来自Android客户端 96楼 2020-12-10 08:36 放弃我的人生 dd 
来自Android客户端 97楼 2020-12-10 08:49 放弃我的人生 有吗 
来自Android客户端 98楼 2020-12-10 09:12 放弃我的人生 维护好了！速度来个需要打号的hxd！ 
来自Android客户端 99楼 2020-12-10 10:33 放弃我的人生 等一个需要打的hxd！ 
来自Android客户端 101楼 2020-12-11 09:06 放弃我的人生 能来个嘛，真的打完今天，就不打了，就打这一天了。 
来自Android客户端 102楼 2020-12-11 09:22 放弃我的人生 有没有啊！能来个打一天的嘛 
来自Android客户端 103楼 2020-12-11 09:30 放弃我的人生 有吗？帮打一切，什么都可以打啊！速度来个要打的啊！ 
来自Android客户端 104楼 2020-12-11 10:00 放弃我的人生 有木有 
105楼 2020-12-11 10:41 打不过我吧- 速度加我我还在抗癌很烦 
来自Android客户端 106楼 2021-06-16 22:00 放弃我的人生 来人。 
来自Android客户端 107楼 2021-06-16 22:09 语成谶 哥们还打吗 
来自Android客户端 108楼 2021-06-16 23:17 放弃我的人生 来个号打打啊！ 
来自Android客户端 109楼 2021-06-16 23:17 放弃我的人生 有没有 
来自Android客户端 110楼 2021-06-16 23:56 放弃我的人生 有没有啊！现在来了马上打！ 
来自Android客户端 111楼 2021-06-16 23:56 放弃我的人生 等你 
来自Android客户端 112楼 2021-06-16 23:59 放弃我的人生 急 
来自Android客户端 113楼 2021-06-17 00:06 放弃我的人生 现在有没有速度，来个 
来自Android客户端 114楼 2021-06-17 00:15 放弃我的人生 有没 
来自Android客户端 115楼 2021-06-17 00:21 放弃我的人生 来个啊。 
来自Android客户端 116楼 2021-06-17 00:21 放弃我的人生 急 
来自Android客户端 117楼 2021-06-17 00:21 放弃我的人生 啊 
来自Android客户端 118楼 2021-06-17 00:26 放弃我的人生 没有嘛？ 
来自Android客户端 119楼 2021-06-17 00:41 放弃我的人生 随便来个打打 
来自Android客户端 120楼 2021-06-17 06:30 放弃我的人生 现在有吗？ 
来自Android客户端 121楼 2021-06-17 06:34 放弃我的人生 ！在等你啊，需要打的hxd！ 
来自Android客户端 122楼 2021-06-17 06:52 放弃我的人生 ！在等你啊，需要打的hxd！ 
来自Android客户端 123楼 2021-06-17 06:52 放弃我的人生 速度 
来自Android客户端 124楼 2021-06-17 06:52 放弃我的人生 来个 
来自Android客户端 125楼 2021-06-17 06:52 放弃我的人生 啊 
来自Android客户端 126楼 2021-06-17 07:00 放弃我的人生 现在有人要打的没 
来自Android客户端 127楼 2021-06-17 07:09 放弃我的人生 dd 
来自Android客户端 128楼 2021-06-17 07:18 放弃我的人生 你知道我在等你吗？需要打的hxd 
来自Android客户端 129楼 2021-06-17 07:29 放弃我的人生 dd 
来自Android客户端 130楼 2021-06-17 07:29 放弃我的人生 冲 
来自Android客户端 131楼 2021-06-17 07:59 放弃我的人生 现在来个需要打的hxd有没有 
来自Android客户端 132楼 2021-06-17 10:08 放弃我的人生 🐛 
来自Android客户端 133楼 2021-06-17 18:49 放弃我的人生 今晚有hxd需要打的没？ 
来自Android客户端 134楼 2021-06-17 19:08 放弃我的人生 有没有今晚要打的！ 
来自Android客户端 135楼 2021-06-17 19:27 放弃我的人生 来个打打 
来自Android客户端 136楼 2021-06-17 21:17 放弃我的人生 今晚来个打一下啊 
来自Android客户端 137楼 2021-06-17 21:17 放弃我的人生 速度 
来自Android客户端 138楼 2021-06-17 21:24 放弃我的人生 有吗？ 
来自Android客户端 139楼 2021-06-17 21:27 放弃我的人生 今晚有需要打的可以找我。。 
来自Android客户端 140楼 2021-06-17 21:27 放弃我的人生 谢谢 
来自Android客户端 141楼 2021-06-17 21:48 放弃我的人生 今晚有没有需要打打的？ 
来自Android客户端 142楼 2021-06-17 21:48 放弃我的人生 等你啊 
来自Android客户端 143楼 2021-06-17 22:02 放弃我的人生 速度来个啊！！ 
来自Android客户端 144楼 2021-06-17 22:02 放弃我的人生 gk 
来自Android客户端 145楼 2021-06-17 22:03 放弃我的人生 等你啊！需要打的hxd 
来自Android客户端 146楼 2021-06-17 22:08 放弃我的人生 等你啊！需要打的hxd 
来自Android客户端 147楼 2021-06-17 22:21 放弃我的人生 来个打打啊！来了立刻去打二十几个小时！ 
来自Android客户端 148楼 2021-06-17 22:24 放弃我的人生 来个需要打的hxd开🐛啊！ 
来自Android客户端 149楼 2021-06-17 22:26 放弃我的人生 你知道我在等你吗？需要打的hxd！ 
来自Android客户端 150楼 2021-06-17 22:35 良月三十 ？ 
来自Android客户端 151楼 2021-06-17 22:51 放弃我的人生 有没有 
来自Android客户端 152楼 2021-06-17 22:51 放弃我的人生 你来我打 
来自Android客户端 153楼 2021-06-17 23:03 放弃我的人生 来了立刻马上去打！ 
来自Android客户端 154楼 2021-06-17 23:17 放弃我的人生 今晚没有需要打的吗 
来自Android客户端 155楼 2021-06-17 23:28 放弃我的人生 你知道我在等你吗？需要打的hxd！ 
来自Android客户端 156楼 2021-06-17 23:42 放弃我的人生 来个打打啊！来了立刻马上去打二十四个小时！ 
来自Android客户端 157楼 2021-06-17 23:47 其实怕被忘记 帮我上个峡谷第一 https://gsp0.baidu.com/5aAHeD3nKhI2p27j8IqW0jdnxx1xbK/tb/editor/images/client/image_emoticon3.png
来自Android客户端 158楼 2021-06-17 23:54 放弃我的人生 来了马上去打。。 
来自Android客户端 159楼 2021-06-18 00:01 放弃我的人生 能来个hxd打一下嘛？ 
来自Android客户端 160楼 2021-06-18 04:52 放弃我的人生 3 
来自Android客户端 161楼 2021-06-18 05:56 放弃我的人生 现在有没有 
来自Android客户端 162楼 2021-06-18 05:56 放弃我的人生 ^O^ 
来自Android客户端 163楼 2021-06-18 06:32 放弃我的人生 现在有人吗？ 
来自Android客户端 164楼 2021-06-18 06:43 放弃我的人生 现在有要打的没？ 
来自Android客户端 165楼 2021-06-18 06:50 放弃我的人生 现在来个打打！ 
来自Android客户端 166楼 2021-06-18 07:03 放弃我的人生 现在有需要打的hxd可以M我 
来自Android客户端 167楼 2021-06-18 09:01 放弃我的人生 来个。 
来自Android客户端 168楼 2021-06-18 09:20 放弃我的人生 来个啊 
来自Android客户端 169楼 2021-06-18 10:01 放弃我的人生 需要打的hxd加一下我 
来自Android客户端 170楼 2021-06-18 10:32 放弃我的人生 来个人啥 
171楼 2021-06-18 11:14 冒险者小羊 哥们你打半年了。。。 
来自Android客户端 172楼 2021-06-18 11:52 放弃我的人生 有没有来个打打呀 
来自Android客户端 173楼 2021-06-19 00:53 放弃我的人生 现在有人吗？ 
来自Android客户端 174楼 2021-06-19 01:07 放弃我的人生 现在有要打的嘛？ 
来自Android客户端 175楼 2021-06-19 01:15 放弃我的人生 现在有要打的嘛？ 
来自Android客户端 176楼 2021-06-19 20:16 放弃我的人生 今晚有没有需要打的hxd。。。 
来自Android客户端 177楼 2021-06-19 20:16 放弃我的人生 等你 
来自Android客户端 178楼 2021-06-19 20:16 放弃我的人生 。。 
来自Android客户端 179楼 2021-06-19 20:19 放弃我的人生 你知道我在等你吗？需要打的hxd 
来自Android客户端 180楼 2021-06-19 20:28 放弃我的人生 今晚有吗？希望能来个需要打十个小时的hxd！ 
来自Android客户端 181楼 2021-06-19 20:34 放弃我的人生 来个打打啊。。 
来自Android客户端 182楼 2021-06-19 20:43 放弃我的人生 来个需要打十几个小时的hxd。。 
来自Android客户端 183楼 2021-06-19 21:24 放弃我的人生 你知道我在等你吗？需要打的hxd！ 
来自Android客户端 184楼 2021-06-19 21:24 放弃我的人生 有吗 
来自Android客户端 185楼 2021-06-19 21:40 放弃我的人生 就来个需要打十几个小时的hxd吧！ 
来自Android客户端 186楼 2021-06-19 21:41 放弃我的人生 你知道我在等你嘛 
来自Android客户端 187楼 2021-06-19 21:58 放弃我的人生 来个打打 
来自Android客户端 188楼 2021-06-19 21:58 放弃我的人生 ⊙∀⊙！ 
来自Android客户端 189楼 2021-06-19 22:11 放弃我的人生 有没有，速度来个啊！你知道我在等你吗？需要打的hxd，急急急！ 
来自Android客户端 190楼 2021-06-19 22:27 放弃我的人生 今晚有没有hxd需要打的，速度啊！马六点。 
来自Android客户端 191楼 2021-06-19 22:27 放弃我的人生 dd 
来自Android客户端 192楼 2021-06-19 22:47 放弃我的人生 有没😓 
来自Android客户端 193楼 2021-06-19 22:50 放弃我的人生 今晚能不能来个hxd打打。。。。。。。。。 
来自Android客户端 194楼 2021-06-19 23:00 放弃我的人生 有人吗？ 
来自Android客户端 195楼 2021-06-19 23:03 放弃我的人生 速度来个要打啊！来了立刻马上去打啊！😭 
来自Android客户端 196楼 2021-06-19 23:08 放弃我的人生 有人嘛？有没有人 
来自Android客户端 197楼 2021-06-19 23:18 放弃我的人生 你知道我在等你吗？需要打的hxd 
来自Android客户端 198楼 2021-06-19 23:34 放弃我的人生 有没有 
来自Android客户端 199楼 2021-06-19 23:34 放弃我的人生 有没有 
来自Android客户端 200楼 2021-06-19 23:47 放弃我的人生 来个hxd打一下。 
来自Android客户端 201楼 2021-06-19 23:51 放弃我的人生 来个吧！来了立刻马上去打！ 
来自Android客户端 202楼 2021-06-20 08:28 放弃我的人生 有没 
来自Android客户端 203楼 2021-06-20 08:39 放弃我的人生 来个啊 
来自Android客户端 204楼 2021-06-20 08:39 放弃我的人生 哥们等你 
来自Android客户端 205楼 2021-06-20 08:49 放弃我的人生 速度来个啊 
来自Android客户端 206楼 2021-06-20 08:51 放弃我的人生 哥们网吧等你 
来自Android客户端 207楼 2021-06-20 09:04 放弃我的人生 现在有打的没 
来自Android客户端 208楼 2021-06-20 09:26 放弃我的人生 就来个打打吧 
来自Android客户端 209楼 2021-06-20 09:33 放弃我的人生 来个 
来自Android客户端 210楼 2021-06-20 09:33 放弃我的人生 dd 
来自Android客户端 211楼 2021-06-20 10:07 放弃我的人生 dd 
来自Android客户端 212楼 2021-06-20 10:07 放弃我的人生 1 
来自Android客户端 213楼 2021-06-20 15:13 放弃我的人生 就来个打打吧 
来自Android客户端 214楼 2021-06-20 15:13 放弃我的人生 ⊙∀⊙！ 
来自Android客户端 215楼 2021-06-20 15:20 别懂- pp打吗 
