7406194276 【图片】预测一下18号omg打rng【抗压背锅吧】_百度贴吧
来自iPhone客户端 1楼 2021-06-16 06:54 潇依 大概率omg2:1小概率2:0下路gala拿不到卡莎被ban或抢点击展开，查看完整图片 http://tiebapic.baidu.com/forum/w%3D580/sign=92426b416a1ed21b79c92eed9d6fddae/a6982ef4e0fe9925a9e793e323a85edf8fb171c8.jpg
来自iPhone客户端 2楼 2021-06-16 06:56 潇依 不知道准不准猜错了就当我没说不过我看omg有七成胜率 
来自Android客户端 3楼 2021-06-16 06:56 简自豪吃糖了 OMG拿头赢rng赢ig还是靠ig犯病 
来自Android客户端 4楼 2021-06-16 06:57 科比已经火化 打得过篮球吗？ https://gsp0.baidu.com/5aAHeD3nKhI2p27j8IqW0jdnxx1xbK/tb/editor/images/client/image_emoticon24.png
来自Android客户端 6楼 2021-06-16 07:08 杠精帮帮主 基本上同意，从rng目前rank状态来看，版本英雄都耍的不怎么样 
来自Android客户端 10楼 2021-06-16 07:15 游戏KID 确实，rng能不能进四强都是个问题 
来自Android客户端 11楼 2021-06-16 07:19 Duke二木 上一次OMG赢rng，是icon妖姬抢远古龙，smlz烬抢大龙，上野都是一流，五个人全在巅峰状态，去了洲际赛，才赢的，现在这配置，拿锤子赢 
来自Android客户端 12楼 2021-06-16 07:22 曾小伟砍人 呵呵大司太多了 
来自Android客户端 13楼 2021-06-16 08:04 周可儿 这版本你还觉得卡莎t0啊gala最近排位都是ez韦鲁斯滑板鞋，卡莎一把都没有 https://gsp0.baidu.com/5aAHeD3nKhI2p27j8IqW0jdnxx1xbK/tb/editor/images/client/image_emoticon8.png
来自Android客户端 14楼 2021-06-16 08:04 火箭队 你说得对 
来自Android客户端 15楼 2021-06-16 08:07 不羞 农批就离谱 
来自Android客户端 16楼 2021-06-16 08:09 贴吧用户_5N17EUS 确实，Rngb+战队 https://gsp0.baidu.com/5aAHeD3nKhI2p27j8IqW0jdnxx1xbK/tb/editor/images/client/image_emoticon3.png
来自Android客户端 17楼 2021-06-16 08:09 五星能白嫖吗 不好说，感觉走a比gala差不少 
来自Android客户端 18楼 2021-06-16 08:11 大家的幻想鄉 你说的对，因为一个玩王者农药的人说的话，就像一个癌症晚期患者，他都已经这样了，你为什么不顺从他呢 
来自Android客户端 19楼 2021-06-16 08:11 紫瓷 农批能不能滚啊 
来自Android客户端 20楼 2021-06-16 08:17 雪乃 你不赌点啥不觉得你这句话太廉价了? 
来自Android客户端 21楼 2021-06-16 08:17 土豆粉条20 很喜欢楼主在王者荣耀吧的一句发言:来个爹吧求求惹 
来自Android客户端 22楼 2021-06-16 08:17 位面之子  http://tiebapic.baidu.com/forum/w%3D580/sign=2bbced144eee3d6d22c687c373176d41/6b87acc279310a55c9982047a04543a983261073.jpg
来自Android客户端 23楼 2021-06-16 08:18 老夫也不是 引流🐶第一次看比赛吗？看好able的是什么nt不用我多说了吧？ 
来自Android客户端 24楼 2021-06-16 08:19 取名难 😅 
来自Android客户端 25楼 2021-06-16 08:22 我喜欢那只蝈蝈  http://tiebapic.baidu.com/forum/w%3D580/sign=a26a38cddc1349547e1ee86c664f92dd/6743b1109313b07e3635d0441bd7912396dd8c21.jpg
来自iPhone客户端 26楼 2021-06-16 08:25 头上长犄角 农批赶紧4000+ 
来自Android客户端 29楼 2021-06-16 08:27 伱若是摇摆 农批没有自己的贴吧吗 
来自Android客户端 30楼 2021-06-16 08:27 贴吧用户_abDGVCX 额 
来自Android客户端 31楼 2021-06-16 08:28 天才嫩模少女 农批得理解来了 
来自Android客户端 32楼 2021-06-16 08:28 双非人 逆大天，omg现在是什么cylx，碰瓷rng还是算了吧 
来自Android客户端 33楼 2021-06-16 08:30 好名字嗯嗯 确实，赛前还没见到过有看好RNG的时候 
来自Android客户端 34楼 2021-06-16 08:30 喝了假酒的凉 不会真有农批觉得走A强吧？不会真有人觉得GALA只会卡莎吧 https://gsp0.baidu.com/5aAHeD3nKhI2p27j8IqW0jdnxx1xbK/tb/editor/images/client/image_emoticon8.png
来自Android客户端 35楼 2021-06-16 08:30 隼舞封霞龍影 裴俊植走到门前，叫声“乌兹！”乌兹看时，见是亲爹，慌忙出来唱喏道：“爹地恕罪！”便叫小虎掇条凳子来，“爹地请坐。”裴俊植坐下道：“奉着三冠王钧旨：一把ez，打不过烬，被婕拉单杀。”乌兹道：“使得，你们快选好开局。”裴俊植道：“不要等那几个five下来帮，你自与我对线。”乌兹道：“说得是，小人上线便了。”这乌兹打了半个时辰，寄了。裴俊植道：“再来一把烬，打不过ez，w一个都不能中。”乌兹便又选了把烬，没三十分钟又寄了。裴俊植道：“再来两把老鼠。”乌兹笑道：“却不是特地来消遣我？”裴俊植听得，跳起身来，看着乌兹道：“洒家特地要消遣你！”乌兹大怒，两条忿气从脚底下直冲到脸上的黑痣，心头那一把无明火腾腾的按捺不住，便下了高地。乌兹边缘隐身，便要来A裴俊植，冷不丁中了减速，被这裴俊植就势反打，赶将上去，只一发浓痰，乌兹便赶紧往后跑。裴俊植闪现跟，开了w，看着这乌兹道：“洒家始投大魔王Faker，统治联赛多年，也不枉了叫做‘永远的神’！你是个年年暴bi的巨婴，狗一般的人，也叫做‘永远的神’！你如何强骗了年度最佳AD？”扑的只一口，正吐在乌兹屁股上，霎时间鲜血迸流，血掉了三分之一，却便似开了个buff栏，护盾、奶妈w、香炉、场外的瘤总和娃娃米勒都一起亮起来。乌兹跑不动，口里只叫：“A得好！”裴俊植骂道：“吹寄八！还敢应口！”上去又只一口，吐得白盾消失，血条又少了一半。乌兹当不过，讨饶。裴俊植喝道：“咄！你这巨婴！若只和俺硬到底，洒家倒往后退了！你如今不敢反打，洒家偏不饶你！”又只一口，太阳上正着，却似做了一个全堂水陆的道场，磬儿、钹儿、铙儿一齐响。裴俊植看时，只见乌兹挺在地上，口里只有出的气，没了入的气，动掸不得。 
来自Android客户端 36楼 2021-06-16 08:31 最孤单的梦魇 如果6人头卡莎给嘎啦，比赛要结束了 
来自Android客户端 37楼 2021-06-16 08:32 叶落下夕阳 经典垫底的都是最强的，春季赛垫底的队伍，还2:1赢下比赛，这种不是娱乐局嘛？ 
来自Android客户端 38楼 2021-06-16 08:32 红旗漫卷西风雨  http://tiebapic.baidu.com/forum/w%3D580/sign=1a072b04a21190ef01fb92d7fe1a9df7/cdbedaf8d72a6059ba1f1af36d34349b023bba7b.jpg
来自Android客户端 39楼 2021-06-16 08:33 青霞映山辉 挺纯的点击展开，查看完整图片 http://tiebapic.baidu.com/forum/w%3D580/sign=44e0b0da322dd42a5f0901a3333a5b2f/1b67247e9e2f0708bbf2cfb3fe24b899ab01f2c5.jpg
来自Android客户端 41楼 2021-06-16 08:34 _你为什么不来 农批滚啊，4000+的玩样 
来自Android客户端 42楼 2021-06-16 08:35 怕肠镜 你真的想多了，现在ig这水平状态rng打他就像打外卡一样简单，不要只看队名，无论运营加团队配合不知道rng怎么输omg，omg第一把被ra2/0，rng怎么样也不是和ra一个水平的啊 
来自Android客户端 43楼 2021-06-16 08:36 蜻蜓队长 昨天京东输麻了 
来自Android客户端 44楼 2021-06-16 08:36 夜空银白之羽 呵呵，农批太多了 
来自手机贴吧 45楼 2021-06-16 08:38 MUZI 行，我就喜欢毒奶，msi我说dk大比分赢rng，夏季赛继续毒奶 https://tb2.bdstatic.com/tb/editor/images/client/image_emoticon22.png https://tb2.bdstatic.com/tb/editor/images/client/image_emoticon22.png https://tb2.bdstatic.com/tb/editor/images/client/image_emoticon22.png
来自Android客户端 47楼 2021-06-16 08:41 山每经褔利版 野王找野王我的野王 https://gsp0.baidu.com/5aAHeD3nKhI2p27j8IqW0jdnxx1xbK/tb/editor/images/client/image_emoticon9.png https://gsp0.baidu.com/5aAHeD3nKhI2p27j8IqW0jdnxx1xbK/tb/editor/images/client/image_emoticon9.png https://gsp0.baidu.com/5aAHeD3nKhI2p27j8IqW0jdnxx1xbK/tb/editor/images/client/image_emoticon9.png
来自Android客户端 48楼 2021-06-16 08:42 黎肆时久 打赢个IG就把OMG吹上天了OMG只是没有IG那么入土而已 https://gsp0.baidu.com/5aAHeD3nKhI2p27j8IqW0jdnxx1xbK/tb/editor/images/client/image_emoticon10.png
来自Android客户端 50楼 2021-06-16 08:42 棘手怀念摧毁 脓批是吧😅 
来自Android客户端 52楼 2021-06-16 08:55 柠檬壹号 不至于吧 https://gsp0.baidu.com/5aAHeD3nKhI2p27j8IqW0jdnxx1xbK/tb/editor/images/client/image_emoticon70.png
来自Android客户端 53楼 2021-06-16 08:55 渐渐被你吸引 gala现在排位几十把都看不到一把卡萨，你说你吗呢 
来自iPhone客户端 55楼 2021-06-16 08:59 惩恶扬善 小虎没了纳尔，什么水平还不清楚，这版本果子哥也不行 
56楼 2021-06-16 09:17 侯阁亭 能打赢我吃五十吨翔 
来自iPhone客户端 57楼 2021-06-16 09:17 潇依 很久之前就预测过3:1fpx3:2dk基本没啥人看这不就一常规赛且rng状态不好很久没比赛20德杯两人交手可以去看一下我觉得able是小胜的今天这么多人回点击展开，查看完整图片点击展开，查看完整图片 http://tiebapic.baidu.com/forum/w%3D580/sign=3779aebd7009c93d07f20effaf3cf8bb/aa602c2fb9389b50b1ac04e19235e5dde6116e61.jpg http://tiebapic.baidu.com/forum/w%3D580/sign=897746a8c30735fa91f04eb1ae500f9f/4db8b0df9c82d158eed0bd02970a19d8bd3e4261.jpg
来自Android客户端 58楼 2021-06-16 09:23 别咬我 11级了，不应该啊，看比赛费电还是咋的？虽然我是0.59，但不会真有人觉得OMG能打赢RNG吧？ 
来自Android客户端 59楼 2021-06-16 09:26 悬溺 赢了个犯病的ig就把omg吹上天了？ 
来自Android客户端 60楼 2021-06-16 09:42 爱东东东不解释 傻卵卡莎q被砍了一刀外加丛刃大削，对线现在弱的一批，你敢拿卡莎对面直接大嘴线上把你压到死，你是不是从不看版本更新啊，农批 https://gsp0.baidu.com/5aAHeD3nKhI2p27j8IqW0jdnxx1xbK/tb/editor/images/client/image_emoticon15.png
来自Android客户端 61楼 2021-06-16 09:46 北秋碑 原来是农批啊，那你说的都对 https://gsp0.baidu.com/5aAHeD3nKhI2p27j8IqW0jdnxx1xbK/tb/editor/images/client/image_emoticon22.png
来自iPhone客户端 62楼 2021-06-16 09:47 贴吧用户_7PDG7QS 为啥你们那么区别对待农批啊，这位农批比赛讲道理看得挺认真的，我觉得不错 https://gsp0.baidu.com/5aAHeD3nKhI2p27j8IqW0jdnxx1xbK/tb/editor/images/client/image_emoticon16.png
来自iPhone客户端 63楼 2021-06-16 09:49 Kirisa 点进来前我还以为是田鸡哥发的贴 
来自iPhone客户端 64楼 2021-06-16 09:52 强手银尼 拿的了KPL冠军么 https://gsp0.baidu.com/5aAHeD3nKhI2p27j8IqW0jdnxx1xbK/tb/editor/images/client/image_emoticon24.png
来自iPhone客户端 65楼 2021-06-16 09:53 潇依 @爱东东东不解释压到死是吗？这还是先选的卡莎点击展开，查看完整图片 http://tiebapic.baidu.com/forum/w%3D580/sign=af6ee1f7fc389b5038ffe05ab537e5f1/6a9568610c3387447247d495140fd9f9d52aa088.jpg
来自Android客户端 66楼 2021-06-16 09:55 欧西gay 农批快爬 
来自Android客户端 67楼 2021-06-16 09:55 给爬 呵呵农批太多 
68楼 2021-06-16 09:56 风起昂昂 打个臭ig真以为自己强了不会吧。 https://tb2.bdstatic.com/tb/editor/images/face/i_f24.png?t=20140803
来自Android客户端 69楼 2021-06-16 09:59 Truth 嗯嗯确实冠军有手就行 
来自Android客户端 70楼 2021-06-16 10:03 大耗耗子 农批还是算了吧😅😅 
来自Android客户端 71楼 2021-06-16 10:04 云幕37 ？ 
来自Android客户端 72楼 2021-06-16 10:05 周瓷 农批4000+ 
来自Android客户端 73楼 2021-06-16 10:06 侯国玉儿  http://tiebapic.baidu.com/forum/w%3D580/sign=69ab1c988a16fdfad86cc6e6848e8cea/489b2b35349b033b95f11b6902ce36d3d439bdbf.jpg
来自Android客户端 74楼 2021-06-16 10:07 钟头的希望  https://gsp0.baidu.com/5aAHeD3nKhI2p27j8IqW0jdnxx1xbK/tb/editor/images/client/image_emoticon24.png
来自Android客户端 75楼 2021-06-16 10:11 三三的才  http://tiebapic.baidu.com/forum/w%3D580/sign=bfabe32edcef76093c0b99971edca301/dfa76e234f4a20a4f57cdb7487529822730ed052.jpg
来自Android客户端 76楼 2021-06-16 10:14 dik猫 这要是输了，提前rn寄 
来自Android客户端 77楼 2021-06-16 10:15 榭蕤zz 呵呵，农批太多了 http://tiebapic.baidu.com/forum/w%3D580/sign=943d838ccef9d72a17641015e42b282a/2fad8400a18b87d6a90e4cac100828381e30fd6c.jpg
来自Android客户端 78楼 2021-06-16 10:18 a03562 字词 https://gsp0.baidu.com/5aAHeD3nKhI2p27j8IqW0jdnxx1xbK/tb/editor/images/client/image_emoticon24.png
来自iPhone客户端 79楼 2021-06-16 10:18 潇依 @男的对女的错😄我实在不明白一个世界赛都没去过只能拿拿19一阵说话的ad怎么碰瓷的这不是单方面碾压是什么 http://tiebapic.baidu.com/forum/w%3D580/sign=6bf053cfb8faaf5184e381b7bc5694ed/b485379a033b5bb56c01db1773d3d539b400bcbc.jpg
来自Android客户端 80楼 2021-06-16 10:20 什么阳光男孩 农批差不多得了 
来自Android客户端 82楼 2021-06-16 10:29 没洞的小鼹鼠 农批还是36000+吧 
来自Android客户端 86楼 2021-06-16 10:42 你又知道了 虽然rng很久没打比赛，可能会输。但绝对不是你说的输法 https://gsp0.baidu.com/5aAHeD3nKhI2p27j8IqW0jdnxx1xbK/tb/editor/images/client/image_emoticon8.png
来自Android客户端 87楼 2021-06-16 10:52 moma 你真的把我整笑了，msi决赛gala只拿卡莎是因为dk只会让他拿卡莎，要不然鬼皇选卡莎，让gala选小炮?鬼皇拿个金克斯都要出火炮，就这还被gala一飞五单切。卡莎绝对不是gala的兜底 
来自Android客户端 88楼 2021-06-16 10:59 PEI928 我已经买了omg200赔了我鲨你🐴 
来自Android客户端 89楼 2021-06-16 11:00 四强就算成功 农批是这样的 
来自iPhone客户端 90楼 2021-06-16 11:04 命中无她 你是不是还觉得ig现在是强队呢 
来自iPhone客户端 91楼 2021-06-16 11:08 呆湾菜菜子 你千➕➗剩都4了 
92楼 2021-06-16 11:12 慎独谨言克己 农批滚出克 
来自Android客户端 93楼 2021-06-16 11:14 厉害厉害 放屁，rng会四强八强十六强？ https://gsp0.baidu.com/5aAHeD3nKhI2p27j8IqW0jdnxx1xbK/tb/editor/images/client/image_emoticon8.png
来自Android客户端 94楼 2021-06-16 11:15 sun2019jie 赢了血赚，输了不亏，rng单带，运营这方面占优，omg最好是通过小龙先锋团来前期定胜负，小龙团赢，打前中期，拖到后期不看好，兵线单带玩不过他们的 
来自Android客户端 95楼 2021-06-16 11:20 薪资过凯迪勃 不会真以为gala只会卡莎吧，msi版本卡莎强势，卡莎放在外面能抢为什么不抢？合着抢强势英雄在你们猪杂眼里就成了只会卡莎了 https://gsp0.baidu.com/5aAHeD3nKhI2p27j8IqW0jdnxx1xbK/tb/editor/images/client/image_emoticon67.png https://gsp0.baidu.com/5aAHeD3nKhI2p27j8IqW0jdnxx1xbK/tb/editor/images/client/image_emoticon67.png
来自Android客户端 96楼 2021-06-16 11:24 Kilo  http://tiebapic.baidu.com/forum/w%3D580/sign=3b1e7bf62e12b31bc76ccd21b6193674/60b29144d688d43fcf0776436a1ed21b0ff43b03.jpg
来自Android客户端 97楼 2021-06-16 11:28 没吃吃我一拳 那你去下OMG独赢呗猜错了带🔥🚪也不怪你 https://gsp0.baidu.com/5aAHeD3nKhI2p27j8IqW0jdnxx1xbK/tb/editor/images/client/image_emoticon2.png https://gsp0.baidu.com/5aAHeD3nKhI2p27j8IqW0jdnxx1xbK/tb/editor/images/client/image_emoticon2.png https://gsp0.baidu.com/5aAHeD3nKhI2p27j8IqW0jdnxx1xbK/tb/editor/images/client/image_emoticon2.png
来自Android客户端 98楼 2021-06-16 11:39 小小仙人掌 分析分析啊，直接预测中游队能赢msi冠军很难不怀疑成分 
来自Android客户端 99楼 2021-06-16 11:40 最后的adc edg冠军是稳了 
100楼 2021-06-16 11:41 夏日的夜  http://tiebapic.baidu.com/forum/w%3D580/sign=ec6bf976f7fe9925cb0c695804a95ee4/a6423986e950352a101ec4bb4443fbf2b3118bbd.jpg
来自Android客户端 101楼 2021-06-16 11:42 抄闲饭 omg拿头来赢，打野差距太大，走a就更离谱了了 
来自iPhone客户端 102楼 2021-06-16 11:42 WJiann 问，现在谁还拿卡莎？ https://gsp0.baidu.com/5aAHeD3nKhI2p27j8IqW0jdnxx1xbK/tb/editor/images/client/image_emoticon15.png
来自Android客户端 103楼 2021-06-16 11:44 科吧疯人院 放你妈呢，RNG会输OMG? 
来自Android客户端 104楼 2021-06-16 11:47 胡桃 怕不是觉得gala只会卡莎 
来自Android客户端 105楼 2021-06-16 11:53 餮鐡驖 你说的对 
来自Android客户端 106楼 2021-06-16 11:55 三條海里 你是农批，顺从你 https://gsp0.baidu.com/5aAHeD3nKhI2p27j8IqW0jdnxx1xbK/tb/editor/images/client/image_emoticon24.png
来自Android客户端 107楼 2021-06-16 11:56 2333qlife ？？？ 
来自Android客户端 108楼 2021-06-16 11:57 贩夫贩妇泛泛 你说的对，因为一个玩王者农药的人说的话，就像一个癌症晚期患者，他都已经这样了，你为什么不顺从他呢 
来自Android客户端 109楼 2021-06-16 11:58 我就当你狗叫 能喊声爹不 
来自Android客户端 110楼 2021-06-16 11:59 v1ctor 农批4000+ 
来自Android客户端 111楼 2021-06-16 11:59 埃尔梅罗九世 你说得对你知道为什么吗知道巅峰赛1200的含金量🐴 
来自Android客户端 112楼 2021-06-16 12:01 霞之丘诗羽 什么农批 
来自iPhone客户端 113楼 2021-06-16 12:06 阿噗噗 反正我觉得gala卡莎要是6-0能比able上结束的快点 
来自Android客户端 114楼 2021-06-16 12:08 晓之以礼 他都是农批了，你们为什么要反驳他呢😅😅😅应该这样：楼主说的都对 https://gsp0.baidu.com/5aAHeD3nKhI2p27j8IqW0jdnxx1xbK/tb/editor/images/client/image_emoticon24.png https://gsp0.baidu.com/5aAHeD3nKhI2p27j8IqW0jdnxx1xbK/tb/editor/images/client/image_emoticon24.png https://gsp0.baidu.com/5aAHeD3nKhI2p27j8IqW0jdnxx1xbK/tb/editor/images/client/image_emoticon24.png
来自iPhone客户端 115楼 2021-06-16 12:11 蜡笔小新cccb 浓批能滚吗？ 
来自Android客户端 116楼 2021-06-16 12:19 收容失败 yj这块你是玩透了 
来自Android客户端 117楼 2021-06-16 12:23 稚生 脓批是这样的 
来自Android客户端 118楼 2021-06-16 12:27 谷月轩 不会有人不知道ez维鲁斯成了t1ad吧 https://gsp0.baidu.com/5aAHeD3nKhI2p27j8IqW0jdnxx1xbK/tb/editor/images/client/image_emoticon8.png
来自Android客户端 119楼 2021-06-16 12:27 谷月轩 如果单靠英雄熟练度和人柱力有用的话，肉鸡就不会是这鸟样了。 
来自Android客户端 120楼 2021-06-16 12:36 暗中小鸟达 农批啊那没事了 
来自Android客户端 121楼 2021-06-16 12:36 无情哟 卡莎可能不会选 
来自Android客户端 122楼 2021-06-16 12:40 玖陆柒 卡莎这版本又不是t1，为什么非要拿卡莎 
来自Android客户端 123楼 2021-06-16 12:45 米库胖鸡 传统法师版本弱，卢锡安稳定ban位，cryin还有啥，梦魇吗？ 
来自iPhone客户端 124楼 2021-06-16 13:04 贴吧用户_5XC5PyV 找野王哥哥我扣p给你看！我王者五百点可以吗？不行！我没有电脑，你得王者五十课❤️！ https://gsp0.baidu.com/5aAHeD3nKhI2p27j8IqW0jdnxx1xbK/tb/editor/images/client/image_emoticon2.png
来自Android客户端 126楼 2021-06-16 14:22 蚌埠 真6啊 
来自Android客户端 127楼 2021-06-16 14:33 我不是说明书 加油，哦买嘎 
来自Android客户端 128楼 2021-06-16 14:42 我是杰尼龟9 你说的对我梭哈了OMG输了过去砍你 
129楼 2021-06-16 14:51 死团零零漆 这都什么版本了还ban卡萨现在下路是什么你不看比赛的么EZ塞纳维鲁斯哪个不比卡莎厉害EZ把出 
来自iPhone客户端 130楼 2021-06-16 14:56 潇依 @典狱长💢连在他自己的吧自己12级吧签到都是暴毙够不够？老抗压吧现在进不去了但那时候就是暴毙ad点击展开，查看完整图片点击展开，查看完整图片点击展开，查看完整图片点击展开，查看完整图片 http://tiebapic.baidu.com/forum/w%3D580/sign=68a978ae7c12b31bc76ccd21b6193674/60b29144d688d43f9cb0751b381ed21b0ff43b74.jpg http://tiebapic.baidu.com/forum/w%3D580/sign=e39a24a3dd0a19d8cb03840d03fa82c9/2e06d3a30cf431ade4ca3e2b1636acaf2edd983e.jpg http://tiebapic.baidu.com/forum/w%3D580/sign=80e119f8dccb39dbc1c0675ee01609a7/c26e8eb0cb134954540695760b4e9258d1094a3e.jpg http://tiebapic.baidu.com/forum/w%3D580/sign=7283bce31b3387449cc52f74610ed937/aacbd9b54aed2e730f73649f9001a18b86d6fa1a.jpg
来自Android客户端 131楼 2021-06-16 15:25 触碰灰白 你这还能预测呢？点击展开，查看完整图片 http://tiebapic.baidu.com/forum/w%3D580/sign=06e70983ada1cd1105b672288913c8b0/796ce41090ef76c659d416988a16fdfaae5167b6.jpg
来自Android客户端 133楼 2021-06-16 15:39 终末 gala排位记录都是满页满页的ez韦鲁斯大嘴，卡莎狗都不玩 
来自Android客户端 134楼 2021-06-16 15:53 如你这等杠精 只会一个英雄的人早退役了 
135楼 2021-06-16 15:56 我寄吧是你爹 即使今年RNG拿了春季赛常规赛第一，春季赛冠军，MSI冠军，也得不到韩杂们的认可，韩杂真是🐂逼大了 
来自Android客户端 137楼 2021-06-16 16:03 贴吧用户_5KE17R5 农批说话撒 
来自Android客户端 138楼 2021-06-16 16:04 拱坝小鬼爬 打的过沙虎林 https://gsp0.baidu.com/5aAHeD3nKhI2p27j8IqW0jdnxx1xbK/tb/editor/images/client/image_emoticon24.png
来自iPhone客户端 139楼 2021-06-16 16:04 白金 经验是你跌 
来自Android客户端 140楼 2021-06-16 16:28 浮浪 嗯我顺从你了 
来自Android客户端 141楼 2021-06-16 16:41 Jagua 现在lpl打团异味都大的一笔，就rng异味小点 
来自Android客户端 142楼 2021-06-16 16:57 小千代girl 农批教练是吧 https://gsp0.baidu.com/5aAHeD3nKhI2p27j8IqW0jdnxx1xbK/tb/editor/images/client/image_emoticon22.png
来自Android客户端 143楼 2021-06-16 17:12 诗诗酱 脓批4000+ 
来自Android客户端 144楼 2021-06-16 17:15 氵忄圣 呵呵农批太多了 
来自iPhone客户端 145楼 2021-06-16 17:28 ysww 呵呵，渣男太多了 
146楼 2021-06-16 17:30 Best挽歌 cryin选瑞兹学rookie那样开车有可能 
来自iPhone客户端 147楼 2021-06-16 17:53 Sssssz 农批赶紧滚好吗 
来自Android客户端 148楼 2021-06-16 17:54 zbxshuuuu 那能压OMG赢吗，现在赔率挺高的，我觉得rng真有可能输，到时候赚一波钱，不管了，压OMG了 https://gsp0.baidu.com/5aAHeD3nKhI2p27j8IqW0jdnxx1xbK/tb/editor/images/client/image_emoticon3.png
来自Android客户端 149楼 2021-06-16 18:05 宋阿七 十年老粉？抗吧现在隐藏这么多你这样的粉，怪不得天天乱七八糟 https://gsp0.baidu.com/5aAHeD3nKhI2p27j8IqW0jdnxx1xbK/tb/editor/images/client/image_emoticon6.png
来自iPhone客户端 150楼 2021-06-16 18:15 贴吧用户_7PDG7QS 我觉得楼主说的没错，比赛再看吧 
来自Android客户端 151楼 2021-06-16 18:19 CTpinx 我还是喜欢你穿猪皮的样子，你恢复一下 
来自Android客户端 153楼 2021-06-16 18:29 伪面浅笑 omg状态确实火热啊 
来自Android客户端 154楼 2021-06-16 18:41 同一种调调  https://gsp0.baidu.com/5aAHeD3nKhI2p27j8IqW0jdnxx1xbK/tb/editor/images/client/image_emoticon22.png https://gsp0.baidu.com/5aAHeD3nKhI2p27j8IqW0jdnxx1xbK/tb/editor/images/client/image_emoticon22.png
来自Android客户端 155楼 2021-06-16 18:47 折一湖- 呵呵，猪杂太多了 
来自iPhone客户端 156楼 2021-06-16 18:48 ToCoveron 农批4000+ 
来自Android客户端 157楼 2021-06-16 18:57 森旅 。 
来自Android客户端 159楼 2021-06-16 19:50 abcdajx 没点进来我还以为是牛蛙呢 
来自Android客户端 160楼 2021-06-16 20:17 好笑Trace 大概率你妈那天死 
来自Android客户端 161楼 2021-06-16 20:53 苹果苹果 这版本下路英雄包括卡莎都不咋样啊。。上中野猛才行 
来自iPhone客户端 163楼 2021-06-17 00:26 领四猪打五狗 农批36000+ 
来自Android客户端 164楼 2021-06-17 01:27 无知凡人你我他 你知道gala直播时和wink说卡莎狗都不玩吗rng这队打别的不说，打前队友下手狠的要死 
来自Android客户端 166楼 2021-06-17 04:31 我打打我98 不是IG太FW？ 
来自Android客户端 167楼 2021-06-17 04:55 不破司城 ok 
来自iPhone客户端 168楼 2021-06-17 06:02 粉粉芹菜包 在不看好RNG这方面，贴吧跟虎扑出奇的一致，都有人发帖认为第一场RNG会输，被暴打，无所谓，今年就没被看好过一次，一次都没有 
169楼 2021-06-17 09:04 鸩 臭狗农批秀理解 https://tb2.bdstatic.com/tb/editor/images/face/i_f22.png?t=20140803
来自iPhone客户端 170楼 2021-06-17 10:59 阿咧咧 琪琪的复仇？ 
来自Android客户端 172楼 2021-06-17 13:09 梦已经消逝 最近omg状态好 
来自Android客户端 173楼 2021-06-17 14:28 永失我牛- 确实 
来自Android客户端 174楼 2021-06-17 16:45 xbiden 好，等牛子塞提天神下凡r5个闪现e5个再一个w直接送走🤗 
来自Android客户端 175楼 2021-06-17 16:51 山河隽永- 我这个59E都不敢想能赢rng 
来自iPhone客户端 176楼 2021-06-18 19:21 張满月 卧槽好理解 
来自Android客户端 177楼 2021-06-18 19:23 镶钻的骷髅头 我只能说真的是YYDS了 
来自Android客户端 178楼 2021-06-18 19:25 雪舞蝶依 还真是这样今天要2比1了rng今天头铁了还打的很装 
来自iPhone客户端 179楼 2021-06-18 19:43 潇依 恭喜ong2:1rng 
来自Android客户端 180楼 2021-06-18 19:44 贴吧用户_QZV4byM 大佬 
来自Android客户端 181楼 2021-06-18 19:44 把妹神男 盘口之神？ 
来自Android客户端 182楼 2021-06-18 19:44 牛贩子PP 牛批 
来自手机贴吧 183楼 2021-06-18 19:44 HIFADC 带师 https://tb2.bdstatic.com/tb/editor/images/client/image_emoticon20.png https://tb2.bdstatic.com/tb/editor/images/client/image_emoticon20.png
184楼 2021-06-18 19:45 风月- 好 
来自iPhone客户端 185楼 2021-06-18 19:45 wcanima3 rng感觉还是打msi那一套，这版本还是没适应 
来自Android客户端 186楼 2021-06-18 19:45 铭心刻骨半生缘 强 
来自iPhone客户端 187楼 2021-06-18 19:45 qiixx 带师 
来自iPhone客户端 188楼 2021-06-18 19:45 潇依 55个币到手点击展开，查看完整图片 http://tiebapic.baidu.com/forum/w%3D580/sign=df62dce69235e5dd902ca5d746c7a7f5/7749194d510fd9f9478a69dd322dd42a2934a413.jpg
来自Android客户端 189楼 2021-06-18 19:45 四季夏目厨 🐮 
190楼 2021-06-18 19:46 lao_bi的故事 牛大了 
来自Android客户端 191楼 2021-06-18 19:46 白莲红莲 牛逼 
来自Android客户端 192楼 2021-06-18 19:46 笑伴孤独 预言家是吧 
来自Android客户端 193楼 2021-06-18 19:46 闲时 还嘲讽别人农批，农批都不如 https://gsp0.baidu.com/5aAHeD3nKhI2p27j8IqW0jdnxx1xbK/tb/editor/images/client/image_emoticon67.png
来自Android客户端 194楼 2021-06-18 19:46 奥古斯丁的守护 哈哈哈打脸打脸 
来自Android客户端 195楼 2021-06-18 19:46 用户名真是无聊 牛大了 
来自Android客户端 196楼 2021-06-18 19:47 踏星 🐮 
来自Android客户端 197楼 2021-06-18 19:47 青椒炒肉 我去预言家？ 
来自Android客户端 198楼 2021-06-18 19:47 踏星 可恶啊，让你装到了 
来自Android客户端 199楼 2021-06-18 19:47 OneMysten 这不得所以喷楼主的沙口道歉一波？不过估计鼠鼠们可不敢露头。 https://gsp0.baidu.com/5aAHeD3nKhI2p27j8IqW0jdnxx1xbK/tb/editor/images/client/image_emoticon24.png
来自Android客户端 200楼 2021-06-18 19:47 九米真龙 牛的 
来自手机贴吧 201楼 2021-06-18 19:47 Mr_5良 前面一堆傻狗打脸 
202楼 2021-06-18 19:47 安艺惠 这贴里一群hz，谁要杀hz的一逮一个准 https://tb2.bdstatic.com/tb/editor/images/face/i_f22.png?t=20140803
来自Android客户端 203楼 2021-06-18 19:47 brinte  http://tiebapic.baidu.com/forum/w%3D580/sign=ab8a5679dffcc3ceb4c0c93ba244d6b7/52aa9e17fdfaaf511f445be49b5494eef11f7a7d.jpg
来自iPhone客户端 204楼 2021-06-18 19:48 Metoer丿流星 一下炸出好多皇杂？这不是2:1输了？不是三把没拿到卡莎？ 
来自Android客户端 205楼 2021-06-18 19:48 天左疯右 ？？？？ 
来自iPhone客户端 206楼 2021-06-18 19:48 名刀_乐逍遥 下把押谁听你的 https://gsp0.baidu.com/5aAHeD3nKhI2p27j8IqW0jdnxx1xbK/tb/editor/images/client/image_emoticon3.png
来自Android客户端 207楼 2021-06-18 19:48 物语yyds hz四个吗先 
来自Android客户端 208楼 2021-06-18 19:48 西野奈奈 🐮 
来自Android客户端 209楼 2021-06-18 19:48 上单玩家丶 帅 
211楼 2021-06-18 19:48 背道相驰的懒羊 爆出这么多皇杂，杀皇杂杀皇杂喽 https://tb2.bdstatic.com/tb/editor/images/face/i_f03.png?t=20140803
来自iPhone客户端 212楼 2021-06-18 19:48 alien 牛大了真的是 
来自Android客户端 213楼 2021-06-18 19:48 二 大师，下把买谁 https://gsp0.baidu.com/5aAHeD3nKhI2p27j8IqW0jdnxx1xbK/tb/editor/images/client/image_emoticon28.png https://gsp0.baidu.com/5aAHeD3nKhI2p27j8IqW0jdnxx1xbK/tb/editor/images/client/image_emoticon28.png https://gsp0.baidu.com/5aAHeD3nKhI2p27j8IqW0jdnxx1xbK/tb/editor/images/client/image_emoticon28.png
来自Android客户端 214楼 2021-06-18 19:48 纸包鸡包纸鸡 预言家卧槽 
来自Android客户端 215楼 2021-06-18 19:49 Zyq 牛的 
来自Android客户端 216楼 2021-06-18 19:49 叁O叁 预言家？ 
来自Android客户端 217楼 2021-06-18 19:49 608C 爆杀皇杂 https://gsp0.baidu.com/5aAHeD3nKhI2p27j8IqW0jdnxx1xbK/tb/editor/images/client/image_emoticon3.png
来自Android客户端 218楼 2021-06-18 19:49 菠囉乃我小号 太哈人了，hz二吧 
来自iPhone客户端 219楼 2021-06-18 19:49 哈之BP 🐂大了 https://gsp0.baidu.com/5aAHeD3nKhI2p27j8IqW0jdnxx1xbK/tb/editor/images/client/image_emoticon22.png
来自Android客户端 220楼 2021-06-18 19:49 深海鱼 牛，反转 
来自iPhone客户端 221楼 2021-06-18 19:49 臭妹妹别恋爱- ？穿越回来的是吧 
来自Android客户端 222楼 2021-06-18 19:49 珈乐毒唯 🐮 
来自Android客户端 223楼 2021-06-18 19:49 枕元u 牛b 
来自Android客户端 224楼 2021-06-18 19:49 内蒙古上单 龟龟 
来自Android客户端 225楼 2021-06-18 19:49 为之奈何 我靠 
来自Android客户端 226楼 2021-06-18 19:49 最佳损友e 反转啦 
来自iPhone客户端 227楼 2021-06-18 19:49 更科瑠夏- 哈哈哈哈哈 
来自Android客户端 228楼 2021-06-18 19:49 Aimer_QAQ  https://gsp0.baidu.com/5aAHeD3nKhI2p27j8IqW0jdnxx1xbK/tb/editor/images/client/image_emoticon67.png
来自Android客户端 229楼 2021-06-18 19:49 田所浩二本人 细🔒我明天彩票兑奖中多少钱 
来自iPhone客户端 230楼 2021-06-18 19:50 尼若 嘲讽别人农批，结果还没人农批理解强，某些**真是丢人丢大了 https://gsp0.baidu.com/5aAHeD3nKhI2p27j8IqW0jdnxx1xbK/tb/editor/images/client/image_emoticon67.png
来自iPhone客户端 231楼 2021-06-18 19:50 掬一把月 害怕 
232楼 2021-06-18 19:50 Yxxxchen 给农批猜对了，呵呵，云观赛太多了 
来自iPhone客户端 233楼 2021-06-18 19:50 贴吧用户_ae6tV9C 楼主牛 
来自Android客户端 234楼 2021-06-18 19:50 歪我疯狂的歪 大师，带带 https://gsp0.baidu.com/5aAHeD3nKhI2p27j8IqW0jdnxx1xbK/tb/editor/images/client/image_emoticon3.png
来自Android客户端 235楼 2021-06-18 19:50 快乐之源 舒服了 
来自Android客户端 236楼 2021-06-18 19:50 Singular5666 楼主牛逼 
来自Android客户端 238楼 2021-06-18 19:50 fly寂寞风 V50 
来自Android客户端 239楼 2021-06-18 19:50 言耻言念 🐮 
240楼 2021-06-18 19:51 马思唯 hz溜大了 
来自Android客户端 241楼 2021-06-18 19:51 风兮z 爆沙皇杂咯 
来自Android客户端 242楼 2021-06-18 19:51 我是南航 16号楼上的皇杂快被你气死了 
来自Android客户端 243楼 2021-06-18 19:51 九九八十二哦 你这不把他们拉出来爆杀了？ https://gsp0.baidu.com/5aAHeD3nKhI2p27j8IqW0jdnxx1xbK/tb/editor/images/client/image_emoticon22.png
来自Android客户端 244楼 2021-06-18 19:51 暮光之眼 赚了多少 
来自Android客户端 245楼 2021-06-18 19:51 Stepup- 哈哈，好÷圣的皇杂，又是18年季中赛回来那个味儿了 
来自iPhone客户端 246楼 2021-06-18 19:51 OMO 龟龟 
来自Android客户端 247楼 2021-06-18 19:51 永别了牢笼 nb 
来自Android客户端 248楼 2021-06-18 19:52 铺盖BnM 🐮 
来自Android客户端 249楼 2021-06-18 19:52 醉人不归 鬼鬼 
来自iPhone客户端 250楼 2021-06-18 19:52 漪梦-往昔 农批好理解 
来自Android客户端 251楼 2021-06-18 19:52 咖啡走糖 大预言家 https://gsp0.baidu.com/5aAHeD3nKhI2p27j8IqW0jdnxx1xbK/tb/editor/images/client/image_emoticon22.png
来自Android客户端 252楼 2021-06-18 19:52 鸿毛233 6大了 
来自iPhone客户端 253楼 2021-06-18 19:52 Jacke9 牛大了 
254楼 2021-06-18 19:53 sky一起去疯吧 牛逼啊 
来自Android客户端 255楼 2021-06-18 19:53 money 鬼鬼，把皇杂吊出来暴杀 https://gsp0.baidu.com/5aAHeD3nKhI2p27j8IqW0jdnxx1xbK/tb/editor/images/client/image_emoticon22.png
来自Android客户端 256楼 2021-06-18 19:53 头盔护体 你几吧谁啊？？？预测这么准？？？ 
257楼 2021-06-18 19:53 露露姆 6666 
来自Android客户端 258楼 2021-06-18 19:53 Windoath 大佬 
来自Android客户端 259楼 2021-06-18 19:53 我是混子 牛啊 https://gsp0.baidu.com/5aAHeD3nKhI2p27j8IqW0jdnxx1xbK/tb/editor/images/client/image_emoticon25.png
260楼 2021-06-18 19:53 贴吧用户_7APVV3P 反转了 
来自Android客户端 261楼 2021-06-18 19:53 贴吧用户_aGXV2MQ 暴杀皇杂咯 
来自Android客户端 262楼 2021-06-18 19:53 星辰之子 皇杂嘲讽别人农批结果p比赛理解都没有，笑嘻了 
来自Android客户端 263楼 2021-06-18 19:53 senon 太准了 https://gsp0.baidu.com/5aAHeD3nKhI2p27j8IqW0jdnxx1xbK/tb/editor/images/client/image_emoticon67.png
264楼 2021-06-18 19:53 NoGirlDonlie 别小看农批啊 https://tb2.bdstatic.com/tb/editor/images/face/i_f25.png?t=20140803
来自Android客户端 265楼 2021-06-18 19:54 雨没下过- 溜大了 
来自Android客户端 266楼 2021-06-18 19:54 无名小普 可以的，楼主这波神预言。 
来自手机贴吧 267楼 2021-06-18 19:54 九冠王uzi hz还狗叫不？ 
268楼 2021-06-18 19:54 丸山伊芙 这种预测贴也能吹？gala根本不稀罕卡莎说明理解完全不对。选择题做对了而已，跟星座预测有什么区别 https://tb2.bdstatic.com/tb/editor/images/face/i_f08.png?t=20140803
来自iPhone客户端 269楼 2021-06-18 19:54 潇依 我其实一直挺看好走a怪的抗压吧阴阳怪气他的人挺不少希望他好好表现 http://tiebapic.baidu.com/forum/w%3D580/sign=843fa2d0ef119313c743ffb855390c10/8d6eaaed8a136327b5acae21cc8fa0ec09fac796.jpg
来自Android客户端 270楼 2021-06-18 19:54 小屁孩不见啦 龟龟 
271楼 2021-06-18 19:56 赤韵崽 hz还没人农批懂 https://tb2.bdstatic.com/tb/editor/images/face/i_f22.png?t=20140803
来自Android客户端 272楼 2021-06-18 19:56 陈xx456 爆杀皇杂太舒服了 https://gsp0.baidu.com/5aAHeD3nKhI2p27j8IqW0jdnxx1xbK/tb/editor/images/client/image_emoticon22.png
来自Android客户端 273楼 2021-06-18 19:56 陈xx456 农批理解大于皇杂 
来自Android客户端 274楼 2021-06-18 19:56 马粥街笑霸 原来抗吧这么多hz啊，以前都是装死了是吧 https://gsp0.baidu.com/5aAHeD3nKhI2p27j8IqW0jdnxx1xbK/tb/editor/images/client/image_emoticon3.png https://gsp0.baidu.com/5aAHeD3nKhI2p27j8IqW0jdnxx1xbK/tb/editor/images/client/image_emoticon3.png
来自Android客户端 275楼 2021-06-18 19:56 牜牜干 预言家？ 
276楼 2021-06-18 19:56 粘米都是骨儿 舒服了，爆杀hz 
来自Android客户端 277楼 2021-06-18 19:56 燕开庭 爆杀 
来自Android客户端 278楼 2021-06-18 19:56 ZG冰鱼 牛大了 
来自iPhone客户端 279楼 2021-06-18 19:57 在河的南岸啊- 楼里hz的嘴***看笑嘻了 
来自Android客户端 280楼 2021-06-18 19:57 凛晨的曙光 爆杀hz https://gsp0.baidu.com/5aAHeD3nKhI2p27j8IqW0jdnxx1xbK/tb/editor/images/client/image_emoticon22.png https://gsp0.baidu.com/5aAHeD3nKhI2p27j8IqW0jdnxx1xbK/tb/editor/images/client/image_emoticon22.png https://gsp0.baidu.com/5aAHeD3nKhI2p27j8IqW0jdnxx1xbK/tb/editor/images/client/image_emoticon22.png
来自Android客户端 281楼 2021-06-18 19:57 枫花恋 楼上的傻卵敢不敢出来对线啊怎么一到这时候就跟🐷杂样装死啊 https://gsp0.baidu.com/5aAHeD3nKhI2p27j8IqW0jdnxx1xbK/tb/editor/images/client/image_emoticon15.png
来自Android客户端 282楼 2021-06-18 19:57 郁郁于帅 这么狠是吧 
来自Android客户端 283楼 2021-06-18 19:58 感性的王俊宝 我蕾姆无论如何都要与你从0开始 
来自Android客户端 284楼 2021-06-18 19:58 笑嘻了 这就是皇杂的嘴脸吗🤭 
来自iPhone客户端 285楼 2021-06-18 19:59 飞鱼 牛逼 
来自Android客户端 286楼 2021-06-18 19:59 黑岩之刃 我就看看有多少hz打脸了 
来自Android客户端 288楼 2021-06-18 19:59 陈言 这贴炸了一堆无脑皇杂 
来自Android客户端 289楼 2021-06-18 19:59 给爷爬 预言家是吧😅 
来自iPhone客户端 290楼 2021-06-18 20:00 可爱豆  https://gsp0.baidu.com/5aAHeD3nKhI2p27j8IqW0jdnxx1xbK/tb/editor/images/client/image_emoticon2.png
来自Android客户端 291楼 2021-06-18 20:00 阿塔兰忒 楼上一群4000+的孤儿小hz笑死我了 https://gsp0.baidu.com/5aAHeD3nKhI2p27j8IqW0jdnxx1xbK/tb/editor/images/client/image_emoticon22.png
来自Android客户端 292楼 2021-06-18 20:00 奈何桥上的花语 前面的皇杂怎么不说话了? 
来自Android客户端 293楼 2021-06-18 20:00 秧歌Star 下次跟你买了 https://gsp0.baidu.com/5aAHeD3nKhI2p27j8IqW0jdnxx1xbK/tb/editor/images/client/image_emoticon3.png
来自Android客户端 294楼 2021-06-18 20:00 一语成谶 🐮🍺 
来自Android客户端 295楼 2021-06-18 20:00 奈何桥上的花语 锅巴的皇杂懂得都懂gala卡莎一抢还有啥这就是皇杂吹的世界第一ad? 
296楼 2021-06-18 20:01 双鱼opss123 爆杀HZ 
来自Android客户端 297楼 2021-06-18 20:01 简的点 皇杂的嘴脸还是没变啊 
298楼 2021-06-18 20:01 贴吧用户_0CeAMbS 看到首页的预测贴点进来，结果看到楼上的挖出来楼主是农批，一群人围攻楼主。然后被楼主暴杀的样子，很难绷得住 
来自Android客户端 300楼 2021-06-18 20:02 墨师老妖 hz再叫啊 https://gsp0.baidu.com/5aAHeD3nKhI2p27j8IqW0jdnxx1xbK/tb/editor/images/client/image_emoticon3.png
来自Android客户端 301楼 2021-06-18 20:02 a问某往事 暴杀皇杂，舒服了 https://gsp0.baidu.com/5aAHeD3nKhI2p27j8IqW0jdnxx1xbK/tb/editor/images/client/image_emoticon2.png
来自Android客户端 302楼 2021-06-18 20:03 贴吧用户_799PQWa 来lpl当教练吧别玩王者了 
来自Android客户端 303楼 2021-06-18 20:03 寒风无月 楼主杀疯了 
来自iPhone客户端 305楼 2021-06-18 20:03 摆渡贴罢 🐴的，这卡莎还得削 https://gsp0.baidu.com/5aAHeD3nKhI2p27j8IqW0jdnxx1xbK/tb/editor/images/client/image_emoticon22.png
来自Android客户端 306楼 2021-06-18 20:03 机智的小开 好炸好炸 https://gsp0.baidu.com/5aAHeD3nKhI2p27j8IqW0jdnxx1xbK/tb/editor/images/client/image_emoticon22.png
来自Android客户端 307楼 2021-06-18 20:03 贵宾犬大将军 预言家 
来自Android客户端 308楼 2021-06-18 20:05 雅各布布鲁斯 牛🍺 
来自Android客户端 309楼 2021-06-18 20:05 龙市中学唐伯军 皇杂呢？救一下啊，这贴收藏了，以后没事就翻出来看看 https://gsp0.baidu.com/5aAHeD3nKhI2p27j8IqW0jdnxx1xbK/tb/editor/images/client/image_emoticon22.png https://gsp0.baidu.com/5aAHeD3nKhI2p27j8IqW0jdnxx1xbK/tb/editor/images/client/image_emoticon22.png https://gsp0.baidu.com/5aAHeD3nKhI2p27j8IqW0jdnxx1xbK/tb/editor/images/client/image_emoticon22.png https://gsp0.baidu.com/5aAHeD3nKhI2p27j8IqW0jdnxx1xbK/tb/editor/images/client/image_emoticon22.png
来自iPhone客户端 310楼 2021-06-18 20:06 ying ** https://gsp0.baidu.com/5aAHeD3nKhI2p27j8IqW0jdnxx1xbK/tb/editor/images/client/image_emoticon13.png
来自iPhone客户端 311楼 2021-06-18 20:06 小胖子 您就是大预言家 
来自Android客户端 312楼 2021-06-18 20:06 牛顿上的棺材板 这波是农批暴杀皇杂 https://gsp0.baidu.com/5aAHeD3nKhI2p27j8IqW0jdnxx1xbK/tb/editor/images/client/image_emoticon22.png
来自Android客户端 313楼 2021-06-18 20:07 龙崽子 炸出一堆皇杂，还嘲讽别人农批。皇杂死不死啊 
来自Android客户端 314楼 2021-06-18 20:07 聽風吟 爆杀了 
来自Android客户端 315楼 2021-06-18 20:07 duhdvib 哥，下把谁赢啊，几比几，跟我说下呗，私信里，不要在帖子里说，求您了 
来自Android客户端 316楼 2021-06-18 20:07 瞅啥子瞅 收藏了，没事挖坟杀杀皇杂。吧里的引流小鬼可能不知道巅峰皇杂啥样。只能说比这要恶心一百倍。这个只是喷你至少没有开除国籍 
来自iPhone客户端 317楼 2021-06-18 20:07 缄默v 🐂🍺 
来自Android客户端 319楼 2021-06-18 20:09 渴死的鱼 懂哥们不如农批的理解 
来自Android客户端 320楼 2021-06-18 20:09 火地晋 皇杂喷了这么多楼不尴尬么 
来自iPhone客户端 321楼 2021-06-18 20:09 繁星宇宙 楼上的皇杂被暴杀了 https://gsp0.baidu.com/5aAHeD3nKhI2p27j8IqW0jdnxx1xbK/tb/editor/images/client/image_emoticon22.png https://gsp0.baidu.com/5aAHeD3nKhI2p27j8IqW0jdnxx1xbK/tb/editor/images/client/image_emoticon22.png
322楼 2021-06-18 20:12 五毛换大毛1 牛逼 
来自iPhone客户端 323楼 2021-06-18 20:12 重拳锤你 别墅靠海了吧 
来自Android客户端 324楼 2021-06-18 20:12 月焚云 hz没了gsl怎么还是这个味儿啊 https://gsp0.baidu.com/5aAHeD3nKhI2p27j8IqW0jdnxx1xbK/tb/editor/images/client/image_emoticon22.png
325楼 2021-06-18 20:13 过于奢求而已 贴吧真就一群跟风狗搁这嘴硬 
来自Android客户端 326楼 2021-06-18 20:14 Z-十一 666 
327楼 2021-06-18 20:14 lrving 😅皇杂亲吗都被干烂了 
来自Android客户端 328楼 2021-06-18 20:14 九歌-- 别墅还缺管家吗 
329楼 2021-06-18 20:15 大名王白石 好杀！皇杂要装死了 
330楼 2021-06-18 20:15 圣家族者 我宣布皇军<农批！ 
来自iPhone客户端 331楼 2021-06-18 20:15 时序绚乱 nb 
332楼 2021-06-18 20:15 眼中_的杀气 皇杂呢皇杂呢，咋不狗叫了 https://tb2.bdstatic.com/tb/editor/images/face/i_f03.png?t=20140803
来自Android客户端 333楼 2021-06-18 20:16 黑白的水 🐮的 
来自iPhone客户端 334楼 2021-06-18 20:16 小荔鱼 啊这 https://gsp0.baidu.com/5aAHeD3nKhI2p27j8IqW0jdnxx1xbK/tb/editor/images/client/image_emoticon16.png
来自Android客户端 335楼 2021-06-18 20:16 贴吧用户_QA27J4V 杀爆hz 
来自Android客户端 336楼 2021-06-18 20:17 饭要大口的吃 王者荣耀！没你想的那么简单 https://gsp0.baidu.com/5aAHeD3nKhI2p27j8IqW0jdnxx1xbK/tb/editor/images/client/image_emoticon3.png
来自Android客户端 337楼 2021-06-18 20:17 喜欢6耍 hz是真的多啊 https://gsp0.baidu.com/5aAHeD3nKhI2p27j8IqW0jdnxx1xbK/tb/editor/images/client/image_emoticon22.png
来自Android客户端 338楼 2021-06-18 20:20 fly比天高 被农批爆杀 https://gsp0.baidu.com/5aAHeD3nKhI2p27j8IqW0jdnxx1xbK/tb/editor/images/client/image_emoticon67.png https://gsp0.baidu.com/5aAHeD3nKhI2p27j8IqW0jdnxx1xbK/tb/editor/images/client/image_emoticon67.png https://gsp0.baidu.com/5aAHeD3nKhI2p27j8IqW0jdnxx1xbK/tb/editor/images/client/image_emoticon67.png
来自Android客户端 339楼 2021-06-18 20:20 罗森桥 这帖子太典了 
来自iPhone客户端 340楼 2021-06-18 20:20 奈若何赋 🐂🍺 
来自iPhone客户端 341楼 2021-06-18 20:21 佐手笾温暖 赶紧让前排那些皇杂兑现承诺 
来自iPhone客户端 342楼 2021-06-18 20:21 云玩家别骂了 杀的好 
来自Android客户端 343楼 2021-06-18 20:21 舍生 这贴子太有18年s前那味儿了 
来自Android客户端 344楼 2021-06-18 20:21 Aimer 王者荣耀没你想的那么简单 https://gsp0.baidu.com/5aAHeD3nKhI2p27j8IqW0jdnxx1xbK/tb/editor/images/client/image_emoticon2.png
345楼 2021-06-18 20:21 咸鱼 某些嘲讽的差不多得了，这楼主也是你们口中的hz，是你们爹太不争气了以至于沦落到拿hz杀hz的地步了？夏季赛rng决赛保底，不管咋样成绩比edg之流强，不信等着咯 https://tb2.bdstatic.com/tb/editor/images/face/i_f03.png?t=20140803
来自Android客户端 346楼 2021-06-18 20:22 我不是枫哥哥 这帖子有18年皇杂内味儿了哈哈哈哈 https://gsp0.baidu.com/5aAHeD3nKhI2p27j8IqW0jdnxx1xbK/tb/editor/images/client/image_emoticon3.png https://gsp0.baidu.com/5aAHeD3nKhI2p27j8IqW0jdnxx1xbK/tb/editor/images/client/image_emoticon3.png https://gsp0.baidu.com/5aAHeD3nKhI2p27j8IqW0jdnxx1xbK/tb/editor/images/client/image_emoticon3.png
来自Android客户端 347楼 2021-06-18 20:22 是呢呗 预言家刀了 
来自Android客户端 348楼 2021-06-18 20:22 我不是枫哥哥 皇杂呢？皇杂呢？救一下啊 
来自Android客户端 349楼 2021-06-18 20:23 毕竟Faker55开 🐮 
来自Android客户端 350楼 2021-06-18 20:23 L3333Y 你是omg教练吧。随便猜弱队，评论嘴硬这种🎣贴很多。没想到打完之后发现都说对了。。直接从游戏理解上爆杀hz。 
来自Android客户端 351楼 2021-06-18 20:24 玩火丶 牛 
来自Android客户端 352楼 2021-06-18 20:24 木华蓝 皇杂还是多啊 
353楼 2021-06-18 20:24 筱田OTL优 芜，今年是哪一年 
来自手机贴吧 354楼 2021-06-18 20:25 凋花凝雪 暴杀！ 
来自Android客户端 355楼 2021-06-18 20:26 繁星夜舞 牛逼 
357楼 2021-06-18 20:26 无法触及 王者荣耀，可没你想的那么简单 https://tb2.bdstatic.com/tb/editor/images/face/i_f06.png?t=20140803
来自Android客户端 358楼 2021-06-18 20:27 小母牛 给👴杀 
来自iPhone客户端 359楼 2021-06-18 20:27 斩首的夜 别理抗蛆，来王者， http://tiebapic.baidu.com/forum/w%3D580/sign=d21735a3dd0a19d8cb03840d03fb82c9/2e06d3a30cf431add5472f2b1636acaf2fdd98b9.jpg http://tiebapic.baidu.com/forum/w%3D580/sign=84ba91de9ecec3fd8b3ea77de689d4b6/01a7fefbaf51f3de8927d576c9eef01f3b2979b9.jpg
来自iPhone客户端 360楼 2021-06-18 20:28 沙皇king 骂过lz的hz出来说句话啊怎么骂人的时候挺狠的现在当哑巴🐶了 
来自Android客户端 361楼 2021-06-18 20:31 御龙师尹志平 爆杀！ 
362楼 2021-06-18 20:35 一语成谶批 虽然你预测对了，但我感觉是中路在c啊 
来自Android客户端 363楼 2021-06-18 20:37 贴吧用户_5J2b7Q7 又是一个经典，农批的游戏理解爆杀皇杂 
来自Android客户端 364楼 2021-06-18 20:37 卡文迪什 牛逼！ 
来自Android客户端 365楼 2021-06-18 20:38 HKG36K 好家伙 https://gsp0.baidu.com/5aAHeD3nKhI2p27j8IqW0jdnxx1xbK/tb/editor/images/client/image_emoticon25.png
来自Android客户端 366楼 2021-06-18 20:38 祖舒华666 好！ https://gsp0.baidu.com/5aAHeD3nKhI2p27j8IqW0jdnxx1xbK/tb/editor/images/client/image_emoticon22.png
来自Android客户端 367楼 2021-06-18 20:39 三玖天下第一 农批爆杀蛆宝宝们了，我宣布以后厕所就是农药二吧 https://gsp0.baidu.com/5aAHeD3nKhI2p27j8IqW0jdnxx1xbK/tb/editor/images/client/image_emoticon95.png https://gsp0.baidu.com/5aAHeD3nKhI2p27j8IqW0jdnxx1xbK/tb/editor/images/client/image_emoticon95.png
来自Android客户端 368楼 2021-06-18 20:39 MELODY 农批＞＞＞＞＞＞＞皇杂 https://gsp0.baidu.com/5aAHeD3nKhI2p27j8IqW0jdnxx1xbK/tb/editor/images/client/image_emoticon95.png
来自Android客户端 369楼 2021-06-18 20:41 利刃华尔兹 卧槽，你是真滴🐮🍺 
来自Android客户端 370楼 2021-06-18 20:41 月下独酌 对的你是挺纯的云玩家 https://gsp0.baidu.com/5aAHeD3nKhI2p27j8IqW0jdnxx1xbK/tb/editor/images/client/image_emoticon67.png
来自Android客户端 371楼 2021-06-18 20:41 寒枫9469 🐮 
来自Android客户端 372楼 2021-06-18 20:42 共渡漫漫长夜- 农批＞皇杂没意见吧 
来自iPhone客户端 373楼 2021-06-18 20:43 潇依 5w阅读了也没想鞭尸啥本来就是rng粉丝大家图一乐就好以后也会预测预测点击展开，查看完整图片 http://tiebapic.baidu.com/forum/w%3D580/sign=3c03dbc7ba4bd11304cdb73a6aaea488/1e3aa51fa8d3fd1fb5a29d8e274e251f94ca5f09.jpg
来自Android客户端 374楼 2021-06-18 20:44 包子未央奈 牛皮！ 
来自Android客户端 375楼 2021-06-18 20:44 抗压吧招吧务 看来s8的时候皇杂还是图得太少了 https://gsp0.baidu.com/5aAHeD3nKhI2p27j8IqW0jdnxx1xbK/tb/editor/images/client/image_emoticon22.png
来自Android客户端 376楼 2021-06-18 20:45 夏天神仙季节 66666666666 
来自Android客户端 377楼 2021-06-18 20:45 蝶依 这波啊，爆杀 https://gsp0.baidu.com/5aAHeD3nKhI2p27j8IqW0jdnxx1xbK/tb/editor/images/client/image_emoticon67.png
来自iPhone客户端 378楼 2021-06-18 20:50 憧憬未来763 牛逼 
来自Android客户端 379楼 2021-06-18 20:53 仨天俩觉 农批？**！ 
来自Android客户端 380楼 2021-06-18 20:54 霓虹我全都要 这帖子太好笑了，不过没开打前我也觉得打不过，59e，输麻了真不敢想象能打的过msi冠军 https://gsp0.baidu.com/5aAHeD3nKhI2p27j8IqW0jdnxx1xbK/tb/editor/images/client/image_emoticon22.png https://gsp0.baidu.com/5aAHeD3nKhI2p27j8IqW0jdnxx1xbK/tb/editor/images/client/image_emoticon22.png https://gsp0.baidu.com/5aAHeD3nKhI2p27j8IqW0jdnxx1xbK/tb/editor/images/client/image_emoticon22.png https://gsp0.baidu.com/5aAHeD3nKhI2p27j8IqW0jdnxx1xbK/tb/editor/images/client/image_emoticon22.png
来自Android客户端 381楼 2021-06-18 20:54 晓凭返洞羞郑 感觉RNG夏季赛会先输个几把然后突然猛起来，不知道为啥有这样的错觉 
来自iPhone客户端 382楼 2021-06-18 20:54 惨遭坑爹的_吟 收藏了 
来自Android客户端 383楼 2021-06-18 20:57 三玖是天 建议加精 
来自Android客户端 384楼 2021-06-18 20:58 -鲁路修-- hz复活了 
来自Android客户端 385楼 2021-06-18 20:59 呓语梦魇云 我也是梭哈了一口OMG!爽! 
387楼 2021-06-18 21:01 渣渣 太强了！ 
来自Android客户端 388楼 2021-06-18 21:04 sun2019jie 哥也是有实力的人点击展开，查看完整图片 http://tiebapic.baidu.com/forum/w%3D580/sign=a3dcb3bc8c504fc2a25fb00dd5dce7f0/f7d10f328744ebf896be5b8bcef9d72a6259a7ed.jpg
来自Android客户端 389楼 2021-06-18 21:05 怕我太失礼 又到了喜闻乐见的挖坟环节，虽然是新坟 https://gsp0.baidu.com/5aAHeD3nKhI2p27j8IqW0jdnxx1xbK/tb/editor/images/client/image_emoticon22.png
来自Android客户端 390楼 2021-06-18 21:07 Batman 好预测 
来自iPhone客户端 391楼 2021-06-18 21:08 既不也不 你好牛啊 
392楼 2021-06-18 21:10 为啥泥  https://tb2.bdstatic.com/tb/editor/images/face/i_f13.png?t=20140803
来自Android客户端 393楼 2021-06-18 21:13 花衣丶  https://gsp0.baidu.com/5aAHeD3nKhI2p27j8IqW0jdnxx1xbK/tb/editor/images/client/image_emoticon22.png
来自Android客户端 394楼 2021-06-18 21:27 人某覃  https://gsp0.baidu.com/5aAHeD3nKhI2p27j8IqW0jdnxx1xbK/tb/editor/images/client/image_emoticon22.png
来自Android客户端 395楼 2021-06-18 21:33 卿本佳人 😅有18年S赛内味了 
来自Android客户端 396楼 2021-06-18 21:33 No4th- ？以后看你预测买了 https://gsp0.baidu.com/5aAHeD3nKhI2p27j8IqW0jdnxx1xbK/tb/editor/images/client/image_emoticon3.png https://gsp0.baidu.com/5aAHeD3nKhI2p27j8IqW0jdnxx1xbK/tb/editor/images/client/image_emoticon3.png https://gsp0.baidu.com/5aAHeD3nKhI2p27j8IqW0jdnxx1xbK/tb/editor/images/client/image_emoticon3.png https://gsp0.baidu.com/5aAHeD3nKhI2p27j8IqW0jdnxx1xbK/tb/editor/images/client/image_emoticon3.png
来自Android客户端 397楼 2021-06-18 21:35 蔚蓝夜梦 简直是爆杀云观众，这帖子建议加精，太多云人在这里了。 
来自iPhone客户端 398楼 2021-06-18 21:45 沐风丶韵律 懂不懂s8皇杂统治力啊 
来自Android客户端 399楼 2021-06-18 21:56 名字不知叫啥 卧槽，预言家 
400楼 2021-06-18 22:02 慕色幻觉 一路看下来，从头笑到尾，笑麻了 
来自iPhone客户端 401楼 2021-06-18 22:07 GO ？卧槽 
来自Android客户端 402楼 2021-06-18 22:12 从不逛厕所 hz很难不4000+ 
来自手机贴吧 404楼 2021-06-18 22:22 汝父植枇杷树 大家好，昨天天是2018年6月17日，今天是2018年10月20日 
来自iPhone客户端 405楼 2021-06-18 22:26 爱蜜莉雅天使 笑嘻了，hz的游戏理解还不如农批 
来自Android客户端 406楼 2021-06-18 22:28 皮卡超人 麻了 
来自iPhone客户端 407楼 2021-06-18 22:33 百般疼爱 这 
来自iPhone客户端 408楼 2021-06-18 22:48 潇依 @鸡炸4K十😇维鲁斯32.7排ad第三名你哪看的百分百呢ez这版本吃了分离者冰心红利才勉强过卡莎一点点真不知道你那里看的比赛点击展开，查看完整图片 http://tiebapic.baidu.com/forum/w%3D580/sign=80e16cdd322dd42a5f0901a3333a5b2f/1b67247e9e2f07087ff313b4fe24b899ab01f2c6.jpg
来自Android客户端 410楼 2021-06-18 22:53 左丘鱼  https://gsp0.baidu.com/5aAHeD3nKhI2p27j8IqW0jdnxx1xbK/tb/editor/images/client/image_emoticon13.png
412楼 2021-06-18 22:57 有点离谱- 节目效果爆炸，hz都麻了 https://tb2.bdstatic.com/tb/editor/images/face/i_f03.png?t=20140803
来自iPhone客户端 413楼 2021-06-18 23:02 难遇海 放你吗呢 
414楼 2021-06-18 23:02 粘米都是骨儿 舒服了hz还是老样子节目效果爆炸皇杂4000+ 
415楼 2021-06-18 23:06 封人才是王道 这帖子。。。HZ被杀爆了全是自爆？ https://tb2.bdstatic.com/tb/editor/images/face/i_f25.png?t=20140803
来自Android客户端 416楼 2021-06-18 23:17 燕汐辞 强啊 
来自iPhone客户端 417楼 2021-06-18 23:21 547399015 hz还是有多垃圾就多垃圾楼主猛希望rng快点回复状态 
来自Android客户端 419楼 2021-06-18 23:25 埃罗芒阿老师 尴尬了，楼主钻石，我估摸着楼里大部分hz都没白金点击展开，查看完整图片 http://tiebapic.baidu.com/forum/w%3D580/sign=4fbecdfffc44ad342ebf878fe0a30c08/944b523c269759eee3f00fd9effb43166c22dfb7.jpg
来自Android客户端 420楼 2021-06-18 23:30 白音仪yiy  https://gsp0.baidu.com/5aAHeD3nKhI2p27j8IqW0jdnxx1xbK/tb/editor/images/client/image_emoticon13.png
来自Android客户端 421楼 2021-06-18 23:33 呆萌垂耳 第一次赢了57个币，可惜不能完全梭哈点击展开，查看完整图片 http://tiebapic.baidu.com/forum/w%3D580/sign=c39b9c0bb7ec08fa260013af69ef3d4d/675ca865034f78f0c3aea2476e310a55b2191c0a.jpg
来自Android客户端 422楼 2021-06-18 23:41 黑岩之刃 hz就是这看不起那看不起，然后放出带shi的屁被别人笑话就开始装死，太行了 
来自Android客户端 423楼 2021-06-18 23:41 贴吧用户_a6aV166 记住ID，以后再也不怕hz批皮了 
来自iPhone客户端 424楼 2021-06-18 23:41 飞天女警醉酒 卧槽 https://gsp0.baidu.com/5aAHeD3nKhI2p27j8IqW0jdnxx1xbK/tb/editor/images/client/image_emoticon13.png
来自Android客户端 426楼 2021-06-19 00:04 大耗耗子 我错了哥们RNG确实是个寄吧 
来自iPhone客户端 427楼 2021-06-19 00:11 MSH  http://tiebapic.baidu.com/forum/w%3D580/sign=0cefef6f658b4710ce2ffdc4f3cfc3b2/0c5e75c7a7efce1b2b58df84b851f3deb58f65bb.jpg
来自Android客户端 428楼 2021-06-19 00:17 晓ban 好预测 
来自Android客户端 429楼 2021-06-19 00:42 三个小星星love 脑婆脑婆太强了 https://gsp0.baidu.com/5aAHeD3nKhI2p27j8IqW0jdnxx1xbK/tb/editor/images/client/image_emoticon24.png https://gsp0.baidu.com/5aAHeD3nKhI2p27j8IqW0jdnxx1xbK/tb/editor/images/client/image_emoticon24.png
来自Android客户端 430楼 2021-06-19 01:00 你女马4了 预言家 
来自iPhone客户端 431楼 2021-06-19 01:14 Romeo 预言家实锤 
来自Android客户端 432楼 2021-06-19 01:18 tes 这贴傻得皇杂可真不少 
来自Android客户端 433楼 2021-06-19 01:21 vanity 🐮 
来自Android客户端 434楼 2021-06-19 01:23 极品青年音 还真是 https://gsp0.baidu.com/5aAHeD3nKhI2p27j8IqW0jdnxx1xbK/tb/editor/images/client/image_emoticon22.png
来自Android客户端 435楼 2021-06-19 01:29 桂木柚子 怎么回事呢 
来自Android客户端 436楼 2021-06-19 01:30 金色天际线j 哈哈哈哈，太搞了 
来自Android客户端 437楼 2021-06-19 01:33 今我来思 好！ 
来自Android客户端 438楼 2021-06-19 01:33 佟筱娅- 贴吧hz占了90以上没办法 
来自Android客户端 439楼 2021-06-19 01:40 机智的小开 这不比牛蛙田鸡预测的含金量高多了 https://gsp0.baidu.com/5aAHeD3nKhI2p27j8IqW0jdnxx1xbK/tb/editor/images/client/image_emoticon13.png https://gsp0.baidu.com/5aAHeD3nKhI2p27j8IqW0jdnxx1xbK/tb/editor/images/client/image_emoticon13.png https://gsp0.baidu.com/5aAHeD3nKhI2p27j8IqW0jdnxx1xbK/tb/editor/images/client/image_emoticon13.png
来自Android客户端 440楼 2021-06-19 01:44 4a12c095 阿这 
来自Android客户端 441楼 2021-06-19 02:04 哥哥不要停 皇杂还没农批有理解 https://gsp0.baidu.com/5aAHeD3nKhI2p27j8IqW0jdnxx1xbK/tb/editor/images/client/image_emoticon22.png https://gsp0.baidu.com/5aAHeD3nKhI2p27j8IqW0jdnxx1xbK/tb/editor/images/client/image_emoticon22.png https://gsp0.baidu.com/5aAHeD3nKhI2p27j8IqW0jdnxx1xbK/tb/editor/images/client/image_emoticon22.png
来自iPhone客户端 442楼 2021-06-19 02:40 朴素圆 lng能不能赢rng啊，想看icon最后一个赛季有好成绩 
来自Android客户端 443楼 2021-06-19 03:42 midelife9 这贴太有节目效果了 https://gsp0.baidu.com/5aAHeD3nKhI2p27j8IqW0jdnxx1xbK/tb/editor/images/client/image_emoticon13.png
来自Android客户端 444楼 2021-06-19 06:39 试图挽留 磕头吧 https://gsp0.baidu.com/5aAHeD3nKhI2p27j8IqW0jdnxx1xbK/tb/editor/images/client/image_emoticon95.png https://gsp0.baidu.com/5aAHeD3nKhI2p27j8IqW0jdnxx1xbK/tb/editor/images/client/image_emoticon95.png https://gsp0.baidu.com/5aAHeD3nKhI2p27j8IqW0jdnxx1xbK/tb/editor/images/client/image_emoticon95.png https://gsp0.baidu.com/5aAHeD3nKhI2p27j8IqW0jdnxx1xbK/tb/editor/images/client/image_emoticon95.png https://gsp0.baidu.com/5aAHeD3nKhI2p27j8IqW0jdnxx1xbK/tb/editor/images/client/image_emoticon95.png
来自Android客户端 445楼 2021-06-19 07:42 GO 一个贴揪出了多少皇杂😅 
来自Android客户端 446楼 2021-06-19 07:57 冴sae 好帖，收藏了。以后用来杀皇杂 
来自Android客户端 447楼 2021-06-19 07:59 我是你的岳父  https://gsp0.baidu.com/5aAHeD3nKhI2p27j8IqW0jdnxx1xbK/tb/editor/images/client/image_emoticon13.png
来自Android客户端 448楼 2021-06-19 08:11 砚遇丶 能杀皇杂的都是好杀 https://gsp0.baidu.com/5aAHeD3nKhI2p27j8IqW0jdnxx1xbK/tb/editor/images/client/image_emoticon22.png
来自Android客户端 449楼 2021-06-19 08:18 晚顶人 牛蛙田鸡你来当 https://gsp0.baidu.com/5aAHeD3nKhI2p27j8IqW0jdnxx1xbK/tb/editor/images/client/image_emoticon24.png
来自iPhone客户端 450楼 2021-06-19 08:24 Adrian 刀了 
来自Android客户端 451楼 2021-06-19 08:25 吉尔正待入港 好久没看到经典贴了 https://gsp0.baidu.com/5aAHeD3nKhI2p27j8IqW0jdnxx1xbK/tb/editor/images/client/image_emoticon67.png
来自Android客户端 452楼 2021-06-19 08:38 Wak1ng 这种爆杀贴太经典了 https://gsp0.baidu.com/5aAHeD3nKhI2p27j8IqW0jdnxx1xbK/tb/editor/images/client/image_emoticon22.png https://gsp0.baidu.com/5aAHeD3nKhI2p27j8IqW0jdnxx1xbK/tb/editor/images/client/image_emoticon22.png https://gsp0.baidu.com/5aAHeD3nKhI2p27j8IqW0jdnxx1xbK/tb/editor/images/client/image_emoticon22.png
来自iPhone客户端 453楼 2021-06-19 08:38 469MA 卡莎这英雄设计出来就离谱，uzijkllwx都靠卡莎夺冠成名 https://gsp0.baidu.com/5aAHeD3nKhI2p27j8IqW0jdnxx1xbK/tb/editor/images/client/image_emoticon8.png
来自iPhone客户端 454楼 2021-06-19 08:41 Ariana 经典 
来自Android客户端 455楼 2021-06-19 08:41 皇是猪爹 爆杀皇杂😅 
来自iPhone客户端 456楼 2021-06-19 08:46 我真不是吴亦 不否认gala这把金克斯确实没有操作空间，但msi的挂是卡莎没有问题吧 
来自Android客户端 457楼 2021-06-19 09:23 轨迹  https://gsp0.baidu.com/5aAHeD3nKhI2p27j8IqW0jdnxx1xbK/tb/editor/images/client/image_emoticon95.png https://gsp0.baidu.com/5aAHeD3nKhI2p27j8IqW0jdnxx1xbK/tb/editor/images/client/image_emoticon95.png
来自iPhone客户端 458楼 2021-06-19 09:29 GENTLP 好预测牛大了2:1抢卡莎 
来自iPhone客户端 459楼 2021-06-19 09:35 少年终誤层楼 逐渐成为经典 https://gsp0.baidu.com/5aAHeD3nKhI2p27j8IqW0jdnxx1xbK/tb/editor/images/client/image_emoticon22.png
来自iPhone客户端 460楼 2021-06-19 09:54 NPC昊昊 收藏，爆杀皇杂 https://gsp0.baidu.com/5aAHeD3nKhI2p27j8IqW0jdnxx1xbK/tb/editor/images/client/image_emoticon95.png https://gsp0.baidu.com/5aAHeD3nKhI2p27j8IqW0jdnxx1xbK/tb/editor/images/client/image_emoticon95.png https://gsp0.baidu.com/5aAHeD3nKhI2p27j8IqW0jdnxx1xbK/tb/editor/images/client/image_emoticon95.png https://gsp0.baidu.com/5aAHeD3nKhI2p27j8IqW0jdnxx1xbK/tb/editor/images/client/image_emoticon95.png https://gsp0.baidu.com/5aAHeD3nKhI2p27j8IqW0jdnxx1xbK/tb/editor/images/client/image_emoticon95.png
来自Android客户端 461楼 2021-06-19 09:59 铭心刻骨半生缘 msi赢了，引流来不少hz，s8p跑了的都回归了 
来自iPhone客户端 462楼 2021-06-19 10:15 逗壳一天 确实理中客 
来自Android客户端 463楼 2021-06-19 10:24 无形刃 hz有s8那味道了快进到第二次屠皇会战 
464楼 2021-06-19 10:31 Livim  https://tb2.bdstatic.com/tb/editor/images/face/i_f24.png?t=20140803
来自iPhone客户端 465楼 2021-06-19 10:32 小熊 楼主是预言家是吧 
来自Android客户端 466楼 2021-06-19 10:37 凯勒布奎因 爆杀皇杂 
来自iPhone客户端 467楼 2021-06-19 10:39 艾特猫粉丝鼠 gala就是只会卡莎，他别的英雄会玩个几把 https://gsp0.baidu.com/5aAHeD3nKhI2p27j8IqW0jdnxx1xbK/tb/editor/images/client/image_emoticon22.png
来自iPhone客户端 468楼 2021-06-19 10:40 艾特猫粉丝鼠 贴吧皇杂还是多，啥时候来波大的杀杀这些➗生 
来自Android客户端 469楼 2021-06-19 11:18 kuhaku 有些皇杂可太急了 https://gsp0.baidu.com/5aAHeD3nKhI2p27j8IqW0jdnxx1xbK/tb/editor/images/client/image_emoticon22.png
来自iPhone客户端 470楼 2021-06-19 11:44 淡淡的火箭之歌 楼主的理性非同一般 
来自Android客户端 471楼 2021-06-19 11:55 懒懒的兰兰 hz差不多得了 
来自Android客户端 472楼 2021-06-19 12:24 桃之夭夭 👻👻 
来自iPhone客户端 473楼 2021-06-19 12:25 shineVelkoz 🔪了 
来自Android客户端 474楼 2021-06-19 12:39 qswhannnnnnnnn 牛蛙牛蛙 
来自iPhone客户端 475楼 2021-06-19 12:53 梦幻真好玩 牛逼 
来自Android客户端 476楼 2021-06-19 12:58 贴吧用户_54Z4KDC 就尼玛离谱 
来自iPhone客户端 477楼 2021-06-19 13:05 沉海 经典 
来自Android客户端 478楼 2021-06-19 13:07 杪夏二三 节目效果 https://gsp0.baidu.com/5aAHeD3nKhI2p27j8IqW0jdnxx1xbK/tb/editor/images/client/image_emoticon24.png https://gsp0.baidu.com/5aAHeD3nKhI2p27j8IqW0jdnxx1xbK/tb/editor/images/client/image_emoticon24.png https://gsp0.baidu.com/5aAHeD3nKhI2p27j8IqW0jdnxx1xbK/tb/editor/images/client/image_emoticon22.png https://gsp0.baidu.com/5aAHeD3nKhI2p27j8IqW0jdnxx1xbK/tb/editor/images/client/image_emoticon22.png
来自iPhone客户端 479楼 2021-06-19 13:14 ZSrui 感觉rng还是想延续msi的套路，给中路选全球流支援养肥上路，但是在这一场里基本可以看出这个路子在这个版本应该是不行了，希望rng下一场换个打法吧 
来自Android客户端 480楼 2021-06-19 13:15 Theshy 牛大了 
来自iPhone客户端 481楼 2021-06-19 13:32 贴吧用户_aM6XW95 舒服了 https://gsp0.baidu.com/5aAHeD3nKhI2p27j8IqW0jdnxx1xbK/tb/editor/images/client/image_emoticon22.png https://gsp0.baidu.com/5aAHeD3nKhI2p27j8IqW0jdnxx1xbK/tb/editor/images/client/image_emoticon22.png https://gsp0.baidu.com/5aAHeD3nKhI2p27j8IqW0jdnxx1xbK/tb/editor/images/client/image_emoticon22.png
来自Android客户端 482楼 2021-06-19 14:10 着迷 刀了。 
来自Android客户端 483楼 2021-06-19 14:35 print 感觉每次单独发+3不加经验，试试十五个字 
来自Android客户端 484楼 2021-06-19 14:39 唯一的GOD神 爆杀流 https://gsp0.baidu.com/5aAHeD3nKhI2p27j8IqW0jdnxx1xbK/tb/editor/images/client/image_emoticon3.png
来自Android客户端 485楼 2021-06-19 14:43 不问明天过后 +3 
来自Android客户端 486楼 2021-06-19 14:55 荼蘼 hz就能整这种活笑死了 https://gsp0.baidu.com/5aAHeD3nKhI2p27j8IqW0jdnxx1xbK/tb/editor/images/client/image_emoticon22.png
来自Android客户端 487楼 2021-06-19 15:17 失心浅人 早知道卖房压了 https://gsp0.baidu.com/5aAHeD3nKhI2p27j8IqW0jdnxx1xbK/tb/editor/images/client/image_emoticon6.png
来自Android客户端 488楼 2021-06-19 15:28 抗压吧招吧务  https://gsp0.baidu.com/5aAHeD3nKhI2p27j8IqW0jdnxx1xbK/tb/editor/images/client/image_emoticon3.png
来自iPhone客户端 489楼 2021-06-19 15:43 梦生九忆 牛大了 
来自iPhone客户端 490楼 2021-06-19 15:46 这日漫痴不爬 这波先亮农批身份在反杀hz，直接让rmg粉丝地位一落千丈 
来自Android客户端 491楼 2021-06-19 15:48 金智妮的心上人 神了 
来自Android客户端 492楼 2021-06-19 15:55 贴吧用户_Q1eQDJP omg教练层什么职位? 
494楼 2021-06-19 15:59 fi ***皇杂还没起飞又能掘墓乐 
来自Android客户端 496楼 2021-06-19 17:23 水璎 hz连农批都不如🤣 
来自Android客户端 497楼 2021-06-19 17:28 灵零柒  https://gsp0.baidu.com/5aAHeD3nKhI2p27j8IqW0jdnxx1xbK/tb/editor/images/client/image_emoticon22.png https://gsp0.baidu.com/5aAHeD3nKhI2p27j8IqW0jdnxx1xbK/tb/editor/images/client/image_emoticon22.png
来自Android客户端 498楼 2021-06-19 17:48 拜见殿下 lol比赛，撸狗还没农批看的清楚，撸狗集体自裁吧 https://gsp0.baidu.com/5aAHeD3nKhI2p27j8IqW0jdnxx1xbK/tb/editor/images/client/image_emoticon95.png https://gsp0.baidu.com/5aAHeD3nKhI2p27j8IqW0jdnxx1xbK/tb/editor/images/client/image_emoticon95.png https://gsp0.baidu.com/5aAHeD3nKhI2p27j8IqW0jdnxx1xbK/tb/editor/images/client/image_emoticon95.png https://gsp0.baidu.com/5aAHeD3nKhI2p27j8IqW0jdnxx1xbK/tb/editor/images/client/image_emoticon95.png https://gsp0.baidu.com/5aAHeD3nKhI2p27j8IqW0jdnxx1xbK/tb/editor/images/client/image_emoticon95.png
来自Android客户端 499楼 2021-06-19 17:51 miko v50 
500楼 2021-06-19 18:44 Jorge譚 今晚欧洲杯怎么看 
来自Android客户端 501楼 2021-06-19 19:24 DIO 太离谱了 
来自Android客户端 502楼 2021-06-19 20:12 荒川弘cnm v50 
503楼 2021-06-19 20:51 夜蚀 今年是2018年吗 https://tb2.bdstatic.com/tb/editor/images/face/i_f03.png?t=20140803
来自iPhone客户端 504楼 2021-06-19 21:49 清月聊无痕 🐮 
来自Android客户端 505楼 2021-06-20 03:17 神经元 🐮 
来自Android客户端 506楼 2021-06-20 03:36 抗吧大巫师- 太离谱了 
来自Android客户端 507楼 2021-06-20 11:23 瑟琴非洲环 hxdv50恰饭 https://gsp0.baidu.com/5aAHeD3nKhI2p27j8IqW0jdnxx1xbK/tb/editor/images/client/image_emoticon9.png https://gsp0.baidu.com/5aAHeD3nKhI2p27j8IqW0jdnxx1xbK/tb/editor/images/client/image_emoticon9.png
来自Android客户端 508楼 2021-06-20 12:18 埃尔梅罗九世 皇杂确实该死但是在农批面前你发这贴我觉得更该死😅😅一个贴膜游戏都得求爹蚌埠住了 https://gsp0.baidu.com/5aAHeD3nKhI2p27j8IqW0jdnxx1xbK/tb/editor/images/client/image_emoticon22.png https://gsp0.baidu.com/5aAHeD3nKhI2p27j8IqW0jdnxx1xbK/tb/editor/images/client/image_emoticon22.png
来自Android客户端 509楼 2021-06-20 15:46 棋落无悔 好鲨 
