7534280714 【图片】我发2010年和2020年热度最高的十首歌曲大伙儿来打分【抗压背锅吧】_百度贴吧
来自Android客户端 1楼 2021-09-11 00:50 孤儿快来禁言爹 看看华语乐坛十年了有进步没 http://tiebapic.baidu.com/forum/w%3D580/sign=fb7bc55ae003918fd7d13dc2613c264b/38be48fafbedab649b13df7ae036afc378311e5d.jpg
来自Android客户端 2楼 2021-09-11 00:51 孤儿快来禁言爹 有人没，吱一声马上开更 
来自Android客户端 3楼 2021-09-11 00:53 孤儿快来禁言爹 第十名邓紫棋句号VS周杰伦烟花易冷 http://tiebapic.baidu.com/forum/w%3D580/sign=8ea70065d91b9d168ac79a69c3dfb4eb/b99cd72b2834349bfb5afc3fdeea15ce37d3be5b.jpg http://tiebapic.baidu.com/forum/w%3D580/sign=4bee2bde83eef01f4d1418cdd0ff99e0/897f35d2d539b600c5929d0dfe50352ac75cb75b.jpg
来自Android客户端 5楼 2021-09-11 00:56 孤儿快来禁言爹 第九名，傅如乔微微VS金莎星月神话 http://tiebapic.baidu.com/forum/w%3D580/sign=c87650bb71a85edffa8cfe2b795509d8/5aed13395343fbf2c6569fc8f57eca8064388f11.jpg http://tiebapic.baidu.com/forum/w%3D580/sign=c7a39e51a1fd5266a72b3c1c9b199799/57a24a550923dd54102635d2c609b3de9d824861.jpg
来自Android客户端 6楼 2021-09-11 01:01 孤儿快来禁言爹 第八名李荣浩麻雀VS曾轶可狮子座 http://tiebapic.baidu.com/forum/w%3D580/sign=e24dd7452cc79f3d8fe1e4388aa0cdbc/07e14cc3d5628535cead409b87ef76c6a6ef6369.jpg http://tiebapic.baidu.com/forum/w%3D580/sign=fb8d5b898545d688a302b2ac94c37dab/6f6fb78e8c5494eec86f9da33af5e0fe98257e69.jpg
来自Android客户端 7楼 2021-09-11 01:08 咲太 cy，帖子火了再看 https://gsp0.baidu.com/5aAHeD3nKhI2p27j8IqW0jdnxx1xbK/tb/editor/images/client/image_emoticon3.png
来自Android客户端 8楼 2021-09-11 01:08 孤儿快来禁言爹 ***，没人是吧 
来自Android客户端 9楼 2021-09-11 01:10 孤儿快来禁言爹 第七名张韶涵破茧VS王力宏你不知道的事 http://tiebapic.baidu.com/forum/w%3D580/sign=71b44257f01190ef01fb92d7fe1a9df7/cdbedaf8d72a6059d1ac73a03f34349b023bba7b.jpg http://tiebapic.baidu.com/forum/w%3D580/sign=66975a70b851f3dec3b2b96ca4eff0ec/a82a003a5bb5c9eaee4f9159c239b6003bf3b37b.jpg
来自Android客户端 10楼 2021-09-11 01:15 莱格堡镇 唯品会 
来自Android客户端 11楼 2021-09-11 01:16 贴吧用户_6S5DPKN5P 有人，快发 https://gsp0.baidu.com/5aAHeD3nKhI2p27j8IqW0jdnxx1xbK/tb/editor/images/client/image_emoticon24.png
来自Android客户端 12楼 2021-09-11 01:19 孤儿快来禁言爹 第六名司南冬眠VS张杰这就是爱 http://tiebapic.baidu.com/forum/w%3D580/sign=1c72b442ec014c08193b28ad3a7a025b/48b636fbe6cd7b896b0703684a2442a7d8330e20.jpg http://tiebapic.baidu.com/forum/w%3D580/sign=283825acd8fc1e17fdbf8c397a91f67c/2610ce10728b4710d2836f76d4cec3fdfd03230a.jpg
来自Android客户端 14楼 2021-09-11 01:30 套近乎满分录取 唯品会 
来自Android客户端 15楼 2021-09-11 01:36 孤儿快来禁言爹 第五程响世界这么大还是遇见你VS张靓颖如果这是爱情 http://tiebapic.baidu.com/forum/w%3D580/sign=f789c9b3ab03738dde4a0c2a831ab073/544dc0cfc3fdfc03dccd55ab893f8794a5c2269a.jpg http://tiebapic.baidu.com/forum/w%3D580/sign=e297d7452cc79f3d8fe1e4388aa0cdbc/07e14cc3d5628535ce77409b87ef76c6a6ef6323.jpg
来自Android客户端 16楼 2021-09-11 01:38 孤儿快来禁言爹 第四名:海伦桥边姑娘VS许嵩/何曼婷素颜 http://tiebapic.baidu.com/forum/w%3D580/sign=f2b29da33af5e0feee1889096c6134e5/2ab139f23a87e950378761d607385343faf2b42e.jpg http://tiebapic.baidu.com/forum/w%3D580/sign=e5533eafab315c6043956be7bdb0cbe6/75e1362bc65c103856ee5c78a5119313b17e892e.jpg
来自Android客户端 17楼 2021-09-11 01:46 孤儿快来禁言爹 先睡了，睡醒更前三 https://gsp0.baidu.com/5aAHeD3nKhI2p27j8IqW0jdnxx1xbK/tb/editor/images/client/image_emoticon3.png https://gsp0.baidu.com/5aAHeD3nKhI2p27j8IqW0jdnxx1xbK/tb/editor/images/client/image_emoticon3.png https://gsp0.baidu.com/5aAHeD3nKhI2p27j8IqW0jdnxx1xbK/tb/editor/images/client/image_emoticon3.png
来自Android客户端 18楼 2021-09-11 01:46 蒲公英的约定 能不能发快点 
来自Android客户端 19楼 2021-09-11 01:54 贴吧用户_0Cy6J7D 唯品会 
来自Android客户端 20楼 2021-09-11 04:03 北风过境 结巴真神就完事了 
来自Android客户端 21楼 2021-09-11 08:40 鸡排饭加个蛋 我来补吧，第三，告白气球，学猫叫 https://gsp0.baidu.com/5aAHeD3nKhI2p27j8IqW0jdnxx1xbK/tb/editor/images/client/image_emoticon25.png
来自Android客户端 23楼 2021-09-11 08:46 朝凪Amy 唯品会 
来自Android客户端 24楼 2021-09-11 09:01 小乔流水 2020年怎么着应该发温泉摸鸡头天外来物这种算是歌手写的歌吧上面除了麻雀和句号稍微能接受，其他都是什么 https://gsp0.baidu.com/5aAHeD3nKhI2p27j8IqW0jdnxx1xbK/tb/editor/images/client/image_emoticon22.png https://gsp0.baidu.com/5aAHeD3nKhI2p27j8IqW0jdnxx1xbK/tb/editor/images/client/image_emoticon22.png
来自Android客户端 25楼 2021-09-11 09:08 孤儿快来禁言爹 睡醒了，开更了 
来自Android客户端 26楼 2021-09-11 09:09 孤儿快来禁言爹 第三名:阿冗你的答案VS王菲传奇 http://tiebapic.baidu.com/forum/w%3D580/sign=996d012f74adcbef01347e0e9cad2e0e/2e4a40176d224f4a696b4bf84cf790529a22d199.jpg http://tiebapic.baidu.com/forum/w%3D580/sign=3bc646ede9af2eddd4f149e1bd120102/bc15452209f79052d5ed7fd549f3d7ca79cbd599.jpg
来自Android客户端 27楼 2021-09-11 09:14 孤儿快来禁言爹 第二名:任然飞鸟与蝉VS慕容晓晓爱情买卖 http://tiebapic.baidu.com/forum/w%3D580/sign=a2c422cc931b9d168ac79a69c3deb4eb/b99cd72b2834349bd739de9694ea15ce36d3be1d.jpg http://tiebapic.baidu.com/forum/w%3D580/sign=765376fde98f8c54e3d3c5270a292dee/c704caeb15ce36d30c3b332367f33a87e950b11d.jpg
来自Android客户端 29楼 2021-09-11 09:32 boan2004 1呢？ https://gsp0.baidu.com/5aAHeD3nKhI2p27j8IqW0jdnxx1xbK/tb/editor/images/client/image_emoticon15.png
来自Android客户端 30楼 2021-09-11 09:37 孤儿快来禁言爹 第一名:梦然少年VS凤凰传奇荷塘月色 http://tiebapic.baidu.com/forum/w%3D580/sign=766976fde98f8c54e3d3c5270a292dee/c704caeb15ce36d30c01332367f33a87e850b1cb.jpg http://tiebapic.baidu.com/forum/w%3D580/sign=6a894e3014540923aa696376a258d1dc/2ea09012b07eca80820089f4cc2397dda04483cb.jpg
来自Android客户端 31楼 2021-09-11 09:40 今晚吃卤水 打得过2001年吗 https://gsp0.baidu.com/5aAHeD3nKhI2p27j8IqW0jdnxx1xbK/tb/editor/images/client/image_emoticon8.png
来自Android客户端 32楼 2021-09-11 09:47 稳健棍-- 冀西南林路行能上专辑榜一，起码比十年前有进步 http://tiebapic.baidu.com/forum/w%3D580/sign=3fe2b99e06a98226b8c12b2fba83b97a/646dd201baa1cd11a6ad49cbfc12c8fcc2ce2d70.jpg
33楼 2021-09-11 09:51 johnson1209777 感觉总体来说是越来越烂的，和欧美一样 
来自Android客户端 35楼 2021-09-11 10:11 Yuki 有没有2000和1990 https://gsp0.baidu.com/5aAHeD3nKhI2p27j8IqW0jdnxx1xbK/tb/editor/images/client/image_emoticon2.png
来自Android客户端 36楼 2021-09-11 10:28 蓬莱寺九霄 跨时代水准还是有的吧，论质量有雨下一整晚免费教学录影，论传唱有烟花易冷说了再见爱的飞行日记别的也不算太拉胯，周杰伦被绑架应该是在惊叹号以后吧，狗吧也是从惊叹号以后才开始壮大的点击展开，查看完整图片 http://tiebapic.baidu.com/forum/w%3D580/sign=03fad31f14da81cb4ee683c56267d0a4/a8195dde8db1cb13e7c007f89854564e90584be6.jpg
来自Android客户端 37楼 2021-09-11 10:37 益肝青苔 经典200x年和201x年十大歌曲PK是吧，b站都看腻了，好几个up都做了n遍了 
来自Android客户端 39楼 2021-09-11 11:42 喜欢小啵 花花方大同 https://gsp0.baidu.com/5aAHeD3nKhI2p27j8IqW0jdnxx1xbK/tb/editor/images/client/image_emoticon2.png https://gsp0.baidu.com/5aAHeD3nKhI2p27j8IqW0jdnxx1xbK/tb/editor/images/client/image_emoticon2.png https://gsp0.baidu.com/5aAHeD3nKhI2p27j8IqW0jdnxx1xbK/tb/editor/images/client/image_emoticon2.png
来自Android客户端 40楼 2021-09-11 12:10 美少男战士 这么说吧，你发的现在的几首我是没听过的，当年的几首还听过 
来自Android客户端 41楼 2021-09-11 12:32 水仙儿 唯品会 
来自iPhone客户端 42楼 2021-09-11 13:14 Amiers 怎么前一个到现在我就听过麻雀？ 
来自Android客户端 43楼 2021-09-11 13:19 叶叶叶叶子君 麻了，20年的🔥歌我居然只听过句号 
来自Android客户端 44楼 2021-09-11 14:08 销户我的超人 唯品会 
来自Android客户端 45楼 2021-09-11 14:38 布洛特亨德尔 唯品会 
来自Android客户端 46楼 2021-09-11 14:38 贴吧用户_QAa4JQA 越来越拉了属于是 
来自iPhone客户端 47楼 2021-09-11 14:42 换头怪 o 
来自Android客户端 48楼 2021-09-11 14:46 齐格鲁德 什么we，都快12:1了，被十年前爆杀 https://gsp0.baidu.com/5aAHeD3nKhI2p27j8IqW0jdnxx1xbK/tb/editor/images/client/image_emoticon22.png
来自Android客户端 49楼 2021-09-11 14:51 友利奈绪- 唯品会 
来自Android客户端 50楼 2021-09-11 15:07 被汉见气晕 没有苏坡爱豆的笑容？ 
来自Android客户端 51楼 2021-09-11 15:08 就看看吧 💧💧💧随时随地，脉动回来 https://gsp0.baidu.com/5aAHeD3nKhI2p27j8IqW0jdnxx1xbK/tb/editor/images/client/image_emoticon25.png
来自Android客户端 53楼 2021-09-11 15:24 果尔德施坦因 唯品会 
来自Android客户端 54楼 2021-09-11 16:03 昔有琉璃瓦 唯品会 
来自Android客户端 56楼 2021-09-11 16:24 ytm 唯品会 
来自Android客户端 58楼 2021-09-11 16:31 灼眼的夏娜酱 唯品会 
来自Android客户端 59楼 2021-09-11 16:48 李十一--- 唯品会 
来自Android客户端 61楼 2021-09-11 16:52 伯明翰 唯品会 
来自Android客户端 64楼 2021-09-11 17:28 比你男友优秀 你选的是个什么jb啊😅，邓紫棋的光年之外倒数来自天堂的魔鬼哪个不比句号强的多？热门歌全是非主流？你定义的热门吗？ 
来自Android客户端 65楼 2021-09-11 17:32 比你男友优秀 薛之谦田馥甄华晨宇这些再怎么口碑差专业实力也比什么海伦强几十万倍吧 https://gsp0.baidu.com/5aAHeD3nKhI2p27j8IqW0jdnxx1xbK/tb/editor/images/client/image_emoticon10.png
来自Android客户端 66楼 2021-09-11 17:36 林若宁 唯品会 
来自Android客户端 67楼 2021-09-11 17:40 比你男友优秀 论唱功，还有黄丽玲李佳薇林宥嘉，这几个哪个没代表作？哪个热度不高？你不会全没听过吧 
来自Android客户端 68楼 2021-09-11 17:49 幽幽子 唯品会 
来自Android客户端 69楼 2021-09-11 17:49 网抑云音乐 果然一年比一年烂 
来自Android客户端 70楼 2021-09-11 17:57 韩休想 唯品会 
来自Android客户端 71楼 2021-09-11 18:36 無情者伤人 唯品会 
来自Android客户端 72楼 2021-09-11 18:41 雪伶悉 唯品会 
来自Android客户端 73楼 2021-09-11 18:42 贴吧用户_79CyPtQ 唯品会 
来自Android客户端 74楼 2021-09-11 18:53 还是大树吧 发唯品会的是不是逆天啊😅 
来自Android客户端 75楼 2021-09-11 18:59 克里斯蒂娜- 唯品会 
来自iPhone客户端 78楼 2021-09-11 19:11 年级喂喂喂员 七里香vs癌 http://tiebapic.baidu.com/forum/w%3D580/sign=a9d98be6bddcd100cd9cf829428a47be/49d38634e5dde71102f1621de2efce1b9c166168.jpg http://tiebapic.baidu.com/forum/w%3D580/sign=0d5bc253913f8794d3ff4826e21a0ead/10e597eff01f3a29b2ebf425dc25bc315d607c68.jpg
来自Android客户端 81楼 2021-09-11 20:02 Bowden 唯品会 
来自Android客户端 82楼 2021-09-11 20:04 穹妹我老婆 唯品会 
来自Android客户端 83楼 2021-09-11 20:05 黍禾离离 唯品会 
来自iPhone客户端 89楼 2021-09-11 21:20 Pray4Me0217 唯品会 
来自Android客户端 90楼 2021-09-11 21:33 太对了哥哥 唯品会 
来自Android客户端 94楼 2021-09-11 21:48 明天对你心动 唯品会 
来自Android客户端 96楼 2021-09-11 21:53 我叫孤寂啊 只听五月天周杰伦 https://gsp0.baidu.com/5aAHeD3nKhI2p27j8IqW0jdnxx1xbK/tb/editor/images/client/image_emoticon3.png https://gsp0.baidu.com/5aAHeD3nKhI2p27j8IqW0jdnxx1xbK/tb/editor/images/client/image_emoticon3.png https://gsp0.baidu.com/5aAHeD3nKhI2p27j8IqW0jdnxx1xbK/tb/editor/images/client/image_emoticon3.png
来自Android客户端 97楼 2021-09-11 21:56 理智的梨子丶 唯品会 
来自Android客户端 98楼 2021-09-11 22:06 老鼠人 唯品会 
来自Android客户端 99楼 2021-09-11 22:17 Xu 唯品会 
来自Android客户端 100楼 2021-09-11 22:22 月光沙滩 还是喜欢这个，当年和我最喜欢的女孩子一起唱过每次听都能想起来点击展开，查看完整图片 https://gsp0.baidu.com/5aAHeD3nKhI2p27j8IqW0jdnxx1xbK/tb/editor/images/client/image_emoticon75.png http://tiebapic.baidu.com/forum/w%3D580/sign=6441b750c2d6277fe912323018391f63/1d7a3adab6fd526633561fffee18972bd507360a.jpg
来自Android客户端 101楼 2021-09-11 22:36 要管三七二十一 唯品会 
来自Android客户端 102楼 2021-09-11 22:47 万世極樂 唯品会 
来自Android客户端 103楼 2021-09-11 22:51 ydtyqq 唯品会 
来自Android客户端 105楼 2021-09-11 22:57 Nero- 唯品会 
来自Android客户端 107楼 2021-09-11 23:07 enjoy莫比123 唯品会 
来自Android客户端 108楼 2021-09-11 23:08 _梨膏糖 唯品会 
来自Android客户端 109楼 2021-09-11 23:23 NaCl 唯品会 
来自Android客户端 110楼 2021-09-11 23:25 -小肥 唯品会 
来自Android客户端 111楼 2021-09-11 23:28 开水柜 微品汇 
来自Android客户端 112楼 2021-09-11 23:28 开水柜 唯品会 
来自Android客户端 113楼 2021-09-11 23:28 开水柜 😅打错字了 
来自Android客户端 116楼 2021-09-11 23:45 蚌蚌蚌蚌埠 就√8这20首是吧😅 
来自Android客户端 117楼 2021-09-11 23:47 里沙之魔法师 唯品会 
来自Android客户端 118楼 2021-09-11 23:49 好想上钻石 唯品会 
来自Android客户端 119楼 2021-09-11 23:51 别吃出我来 唯品会 
来自Android客户端 120楼 2021-09-11 23:51 千殇白雪 唯品会 
来自Android客户端 121楼 2021-09-11 23:51 snuy帝瑜 唯品会 
来自Android客户端 122楼 2021-09-11 23:52 唱歌王 晴天爆杀一切 
来自Android客户端 123楼 2021-09-11 23:52 别吃出我来 谁来开一贴，2004VS20202007也行 https://gsp0.baidu.com/5aAHeD3nKhI2p27j8IqW0jdnxx1xbK/tb/editor/images/client/image_emoticon24.png
来自Android客户端 124楼 2021-09-11 23:54 大红馅饼 唯品会 
来自Android客户端 127楼 2021-09-12 00:15 微博厕 唯品会 
来自Android客户端 128楼 2021-09-12 00:22 火23333 战神遗迹 
来自Android客户端 129楼 2021-09-12 00:25 烟巷北语 那个平凡之路呢 
来自Android客户端 130楼 2021-09-12 00:35 乃琳kiss 盗墓笔记 
来自iPhone客户端 132楼 2021-09-12 00:42 今天吃什么鼠 除了荷塘月色都没听过这么说 
来自Android客户端 133楼 2021-09-12 00:46 hjsb 盗墓笔记 
来自Android客户端 134楼 2021-09-12 01:01 灰太狼不在家  http://tiebapic.baidu.com/forum/w%3D580/sign=71ec3d38ed51f819f1250342eab54a76/4a39d73e8794a4c235e05c3853f41bd5ac6e3910.jpg
来自Android客户端 135楼 2021-09-12 01:11 素直雨夜 唯品会 
来自Android客户端 136楼 2021-09-12 01:12 菲克纽斯 盗墓笔记 
来自Android客户端 137楼 2021-09-12 01:12 菲克纽斯 唯品会 
来自Android客户端 140楼 2021-09-12 01:19 上当条麻 怎么你说的近十年的组里我就只听过两首 https://gsp0.baidu.com/5aAHeD3nKhI2p27j8IqW0jdnxx1xbK/tb/editor/images/client/image_emoticon8.png
来自Android客户端 141楼 2021-09-12 01:30 铁面无私孙笑川 盗墓笔记 
来自iPhone客户端 142楼 2021-09-12 01:43 我想做个好人 盗墓笔记 
来自Android客户端 143楼 2021-09-12 01:45 緯度前進 反方向的钟好听 
来自Android客户端 144楼 2021-09-12 02:01 被遗忘的我 田忌赛马是吧 
来自Android客户端 145楼 2021-09-12 02:09 她还好吗 盗墓笔记 
来自Android客户端 147楼 2021-09-12 02:10 KylinQiu 回想起来最近一直常听的是2004无与伦比live版的那几首像是七里香晴天她的睫毛瓦解倒带轨迹周杰伦挺多的歌真的是百听不厌跨越时间都能引起共鸣 https://gsp0.baidu.com/5aAHeD3nKhI2p27j8IqW0jdnxx1xbK/tb/editor/images/client/image_emoticon2.png https://gsp0.baidu.com/5aAHeD3nKhI2p27j8IqW0jdnxx1xbK/tb/editor/images/client/image_emoticon2.png
来自Android客户端 148楼 2021-09-12 02:30 last选购 盗墓笔记 
来自Android客户端 149楼 2021-09-12 02:49 沐雨橙风 最近几年还是有好歌的，提名《云烟成雨》《追光者》 
来自Android客户端 150楼 2021-09-12 03:02 正极 唯品会 
来自Android客户端 151楼 2021-09-12 04:15 布偶熊 盗墓笔记 
来自iPhone客户端 152楼 2021-09-12 04:53 和联胜-蟑螂荣 盗墓笔记 
来自Android客户端 153楼 2021-09-12 05:06 紫禁围红墙 盗墓笔记 
来自Android客户端 154楼 2021-09-12 05:22 今天别困啦 唯品会 
来自Android客户端 157楼 2021-09-12 06:46 小黑Prime 没有大风的歌我不是很认可 
来自Android客户端 158楼 2021-09-12 07:03 WE悲伤 啥时候能有火星哥的水平啊，他那新歌是真的可以 
来自iPhone客户端 159楼 2021-09-12 07:06 鱼日复鱼日 呵测，我觉得你看不起我三巨头 https://gsp0.baidu.com/5aAHeD3nKhI2p27j8IqW0jdnxx1xbK/tb/editor/images/client/image_emoticon16.png
来自Android客户端 160楼 2021-09-12 07:30 燕窝魂淡 好家伙，没有林俊杰的歌？果然中专生听不懂我林的歌 https://gsp0.baidu.com/5aAHeD3nKhI2p27j8IqW0jdnxx1xbK/tb/editor/images/client/image_emoticon8.png
来自Android客户端 161楼 2021-09-12 07:37 轻飏 盗墓笔记 
来自Android客户端 162楼 2021-09-12 07:38 轻飏 唯品会 
来自Android客户端 163楼 2021-09-12 07:47 烟池云曲 唯品会 
来自Android客户端 165楼 2021-09-12 08:07 青锋繁羽 盗墓笔记 
来自Android客户端 166楼 2021-09-12 08:09 wink状态 奢香夫人VS起风了 
来自Android客户端 167楼 2021-09-12 08:41 贴吧用户_5XQAZ3A 唯品会 
来自Android客户端 168楼 2021-09-12 08:48 幻樱杀缭乱 盗墓笔记 
170楼 2021-09-12 09:02 我不吃香菜惹 03-08年才是华语乐坛的巅峰，往后一年不如一年 https://tb2.bdstatic.com/tb/editor/images/face/i_f08.png?t=20140803
来自iPhone客户端 171楼 2021-09-12 09:03 孙笑川TM 盗墓笔记 
来自iPhone客户端 174楼 2021-09-12 09:21 贴吧用户_01DC1UM 都没听过 
来自iPhone客户端 175楼 2021-09-12 09:26 七酱 懒🐶速更 
来自Android客户端 176楼 2021-09-12 09:55 赵日天 盗墓笔记 
来自iPhone客户端 177楼 2021-09-12 10:00 流颖 唯品会 
来自iPhone客户端 178楼 2021-09-12 10:01 风铃ling 唯品会 
来自Android客户端 179楼 2021-09-12 10:27 准时的炫神 唯品会 
来自Android客户端 180楼 2021-09-12 10:27 chuche 盗墓笔记 
来自Android客户端 181楼 2021-09-12 10:38 XBai 盗墓笔记 
来自Android客户端 182楼 2021-09-12 10:46 平角裤巨蟹 看看 
来自Android客户端 183楼 2021-09-12 10:50 古琴残废 唯品会 
来自Android客户端 184楼 2021-09-12 10:56 plumos 唯品会 
来自Android客户端 186楼 2021-09-12 11:10 敏慈不老 唯品会 
来自Android客户端 187楼 2021-09-12 11:16 金咕咕nb 盗墓笔记 
来自Android客户端 188楼 2021-09-12 11:17 我是23300 唯品会 
来自Android客户端 189楼 2021-09-12 11:21 灿烂如星 盗墓笔记 
来自Android客户端 190楼 2021-09-12 11:27 餮墢灞躅 盗墓笔记 
来自Android客户端 191楼 2021-09-12 11:28 酔爱雨天 爱的故事上集，吴哥窟 https://gsp0.baidu.com/5aAHeD3nKhI2p27j8IqW0jdnxx1xbK/tb/editor/images/client/image_emoticon24.png
来自iPhone客户端 192楼 2021-09-12 11:28 何处觅清平 听说这个挺多经验的ิۖิۣۣۣۖۖۖۖิۖิิۣۣۖۖิۖิิۣۣۖۖิۣۣۣۖۖۖิۖิิۣۣۣۣۖۖۖۖۖิۖิิۣۣۖۖิۣۣۣۖۖۖิۖิิۣۣۣۣۖۖۖۖۖิۖิิۣۣۖۖิۣۣۣۖۖۖิۖิิۣۣۣۣۖۖۖۖۖิۖิิۣۣۖۖิۣۖ~　　　ۣۣۖۖۖิۖิิۣۣۣۣۖۖۖۖۖิۖิิۣۣۖۖۖิۖิิۣۣۣۣۣۣۖۖۖۖۖۖۖۖิۖิิۣۣۖۖิۖิิۣۣۖۖۖิۖิิۣۣۣۣۖۖۖۖۖิۖิิۣۣۖۖิۣۣۣۖۖۖิۖิิۣۣۣۣۖۖۖۖۖิۖิิۣۣۖۖิۣۣۣۖۖۖิۖิิۣۣۣۣۖۖۖۖۖิۖิิۣۣۖۖิۣۣۣۖۖۖิۖิิۣۣۣۣۖۖۖۖۖิۖิิۣۣۖۖิۣۣۣۖۖۖิ　　　ิۖิۣۣۣۖۖۖۖิۖิิۣۣۖۖิۖิิۣۣۖۖิۣۣۣۖۖۖิۖิิۣۣۣۣۖۖۖۖۖิۖิิۣۣۖۖิۣۣۣۖۖۖิۖิิۣۣۣۣۖۖۖۖۖิۖิิۣۣۖۖิۣۣۣۖۖۖิۖิ　　　ۣۣۖۖۖิۖิิۣۣۣۣۖۖۖۖۖิۖิิۣۣۖۖۖิۖิิۣۣۣۣۣۣۖۖۖۖۖۖۖۖิۖิิۣۣۖۖิۖิิۣۣۖۖۖิۖิิۣۣۣۣۖۖۖۖۖิۖิิۣۣۖۖิۣۣۣۖۖۖิۖิิۣۣۣۣۖۖۖۖۖิۖิิۣۣۖۖิۣۣۣۖۖۖิۖิิۣۣۣۣۖۖۖۖۖิۖิิۣۣۖۖิۣۣۣۖۖۖิۖิิۣۣۣۣۖۖۖۖۖิۖิิۣۣۖۖิۣۣۣۖۖۖิ　　 
来自iPhone客户端 193楼 2021-09-12 11:31 讲文明树新风 没有浮夸我不认同 
来自Android客户端 194楼 2021-09-12 11:33 多动症马山芋 没有孙燕姿和jj的歌我不是很认可 https://gsp0.baidu.com/5aAHeD3nKhI2p27j8IqW0jdnxx1xbK/tb/editor/images/client/image_emoticon3.png
来自iPhone客户端 195楼 2021-09-12 11:51 理中客 比得过姜云升小鬼吗 
来自Android客户端 196楼 2021-09-12 11:54 是星辰啊 盗墓笔记 
来自Android客户端 197楼 2021-09-12 12:05 无聊啊 唯品会 
来自Android客户端 198楼 2021-09-12 12:15 茶道咕噜咕噜 唯品会 
来自Android客户端 199楼 2021-09-12 12:29 复活甲批发商 反方向的钟放到现在都能吊打一大堆歌，我都感觉在倒退了 https://gsp0.baidu.com/5aAHeD3nKhI2p27j8IqW0jdnxx1xbK/tb/editor/images/client/image_emoticon8.png
来自Android客户端 200楼 2021-09-12 12:31 奇卜路基奥 唯品会 
来自iPhone客户端 202楼 2021-09-12 12:47 infini 唯品会 
来自Android客户端 203楼 2021-09-12 12:53 Evolto 盗墓笔记 
来自iPhone客户端 204楼 2021-09-12 12:59 和我一起玩吧 唯品会是啥意思 
来自Android客户端 205楼 2021-09-12 12:59 獨舞影零亂 TOP0:蔡徐坤情人VS张芸京偏爱 http://tiebapic.baidu.com/forum/w%3D580/sign=c8571e335ce9390156028d364bed54f9/eebf0ff2d7ca7bcbbec8613ce3096b63f724a8a1.jpg http://tiebapic.baidu.com/forum/w%3D580/sign=3b6a4674e10f4bfb8cd09e5c334e788f/0bbb334f251f95ca68a0bb5d8c177f3e66095232.jpg
来自iPhone客户端 206楼 2021-09-12 13:00 和我一起玩吧 盗墓笔记 
来自Android客户端 209楼 2021-09-12 13:24 b站托尼 盗墓笔记 
来自Android客户端 210楼 2021-09-12 13:29 勃艮第希姆莱 唯品会 
来自Android客户端 211楼 2021-09-12 13:35 收容失败 华语乐坛10年和00年比退了几步，20年和10年比就是失足跌入悬崖 
来自Android客户端 213楼 2021-09-12 13:42 IIIllllllIIll 盗墓笔记 
来自Android客户端 214楼 2021-09-12 13:53 雨月运 现在的歌永远得不到王龙的认可 
来自Android客户端 217楼 2021-09-12 14:13 贴吧用户_a6936e9 唯品会 
来自Android客户端 218楼 2021-09-12 14:27 -白衫依如- 唯品会 
来自iPhone客户端 221楼 2021-09-12 15:08 数这是七个汉字 一群蛆也能评论华语乐坛了？ 
来自Android客户端 222楼 2021-09-12 15:10 彩虹猫 盗墓笔记 
来自iPhone客户端 223楼 2021-09-12 15:10 我叫主播 唯品会 
来自Android客户端 225楼 2021-09-12 15:20 神里小裤裤 没有易急易破防我不是很认可 https://gsp0.baidu.com/5aAHeD3nKhI2p27j8IqW0jdnxx1xbK/tb/editor/images/client/image_emoticon24.png
来自Android客户端 226楼 2021-09-12 15:20 Modeus 没有危险危险危险危险嗝好久不见？ 
来自iPhone客户端 228楼 2021-09-12 15:36 脸白小分队 唯品会 
来自Android客户端 229楼 2021-09-12 15:40 就这啊 盗墓笔记 
来自Android客户端 230楼 2021-09-12 16:03 ZHSK11 盗墓笔记 
来自Android客户端 231楼 2021-09-12 16:05 Flysin 危炫！危炫！危炫！ 
来自Android客户端 232楼 2021-09-12 16:05 装鼻达人 盗墓笔记 
来自Android客户端 233楼 2021-09-12 16:10 剥削俱乐部 盗墓笔记 
来自Android客户端 234楼 2021-09-12 16:14 格拉齐亚尼 盗墓笔记 
来自Android客户端 237楼 2021-09-12 16:45 我不是现充 唯品会 
来自iPhone客户端 238楼 2021-09-12 16:49 胡瓜胶 盗墓笔记 
来自Android客户端 239楼 2021-09-12 16:50 Alham 唯品会 
来自iPhone客户端 242楼 2021-09-12 16:54 单推岩王帝君 盗墓笔记 
来自Android客户端 243楼 2021-09-12 17:02 1014978645 唯品会 
来自Android客户端 244楼 2021-09-12 17:04 暴走Jinx 盗墓笔记 
来自Android客户端 245楼 2021-09-12 17:07 观花 盗墓笔记 
来自Android客户端 246楼 2021-09-12 17:10 一曲长葛 。。 
来自Android客户端 247楼 2021-09-12 17:10 一曲长葛 哈哈 
来自Android客户端 248楼 2021-09-12 17:27 藤原书纪 唯品会 
来自Android客户端 249楼 2021-09-12 17:33 雪醉r凝殇 盗墓笔记 
来自Android客户端 250楼 2021-09-12 17:34 紫色堇 盗墓笔记 
来自iPhone客户端 251楼 2021-09-12 17:37 寓荟庄 1-2020，2-2010比较方法：两首都听过以我喜欢的胜，没听过的以我听过的胜，都没听过的以我喜欢的歌手胜十，2烟花易冷胜九，2星月神话胜八，1麻雀胜七，1破茧胜六，2这就是爱胜五，2我相信胜四，2素颜胜三，2传奇胜二，1飞鸟与蝉胜一，2荷塘月色胜 
来自Android客户端 252楼 2021-09-12 17:45 吧424a 盗墓笔记 
来自Android客户端 253楼 2021-09-12 17:46 完了呀 打得过2021年的《迷》吗 https://gsp0.baidu.com/5aAHeD3nKhI2p27j8IqW0jdnxx1xbK/tb/editor/images/client/image_emoticon6.png https://gsp0.baidu.com/5aAHeD3nKhI2p27j8IqW0jdnxx1xbK/tb/editor/images/client/image_emoticon6.png https://gsp0.baidu.com/5aAHeD3nKhI2p27j8IqW0jdnxx1xbK/tb/editor/images/client/image_emoticon6.png
来自Android客户端 254楼 2021-09-12 17:49 热心网友 唯品会 
来自Android客户端 256楼 2021-09-12 18:12 Ein艾因 唯品会 
来自Android客户端 257楼 2021-09-12 18:18 嘉然吃饭没 盗墓笔记 
来自Android客户端 259楼 2021-09-12 18:58 遇菲 盗墓笔记 
来自Android客户端 261楼 2021-09-12 19:13 打歪你狗头 唯品会 
来自Android客户端 262楼 2021-09-12 19:34 一盏盏盏 唯品会 
来自Android客户端 263楼 2021-09-12 19:43 愿风可忆 盗墓笔记 
来自Android客户端 264楼 2021-09-12 20:22 gs-alex 盗墓笔记 
来自Android客户端 265楼 2021-09-12 20:36 扩散百万亚瑟网 盗墓笔记 
来自Android客户端 266楼 2021-09-12 20:39 给我冰阔落 盗墓笔记 
来自Android客户端 267楼 2021-09-12 21:49 郁陶- 盗墓笔记 
来自Android客户端 268楼 2021-09-12 21:49 郁陶- 盗墓笔记 
来自Android客户端 269楼 2021-09-12 22:11 西里西亚 盗墓笔记 
来自Android客户端 270楼 2021-09-12 22:11 狛枝-凪斗 除了张杰的歌听过一个其他的全没听过 
来自iPhone客户端 271楼 2021-09-12 22:41 咱这瓜保熟 盗墓笔记 
来自Android客户端 272楼 2021-09-12 22:52 佐伯沙弥香 盗墓笔记 
来自Android客户端 273楼 2021-09-12 23:22 胡梦乔 唯品会 
来自Android客户端 274楼 2021-09-12 23:27 贴吧用户_5bCK9Jt 唯品会 
来自Android客户端 275楼 2021-09-12 23:39 Suncp 好多都没听过 
来自Android客户端 276楼 2021-09-12 23:49 芜湖路路通 盗墓笔记 
来自iPhone客户端 277楼 2021-09-13 00:20 南屿晚萧 一首没听过 https://gsp0.baidu.com/5aAHeD3nKhI2p27j8IqW0jdnxx1xbK/tb/editor/images/client/image_emoticon8.png https://gsp0.baidu.com/5aAHeD3nKhI2p27j8IqW0jdnxx1xbK/tb/editor/images/client/image_emoticon8.png https://gsp0.baidu.com/5aAHeD3nKhI2p27j8IqW0jdnxx1xbK/tb/editor/images/client/image_emoticon8.png
来自Android客户端 278楼 2021-09-13 02:14 岸边露半 盗墓笔记 
来自Android客户端 279楼 2021-09-13 03:16 爱吃橘子的猫 斗破苍穹 
来自iPhone客户端 280楼 2021-09-13 04:27 普通的忍者 唯品会 
来自iPhone客户端 281楼 2021-09-13 07:15 数学家梨鳗 没有光点我不能接受 https://gsp0.baidu.com/5aAHeD3nKhI2p27j8IqW0jdnxx1xbK/tb/editor/images/client/image_emoticon20.png https://gsp0.baidu.com/5aAHeD3nKhI2p27j8IqW0jdnxx1xbK/tb/editor/images/client/image_emoticon20.png https://gsp0.baidu.com/5aAHeD3nKhI2p27j8IqW0jdnxx1xbK/tb/editor/images/client/image_emoticon20.png
来自Android客户端 282楼 2021-09-13 08:22 闲愚王 唯品会 
来自iPhone客户端 283楼 2021-09-13 10:54 贴吧用户_QJyDQEP 🐮 
来自手机贴吧 284楼 2021-09-13 11:02 蜗牛Live 楼主太监了 
来自Android客户端 285楼 2021-09-13 11:09 牛啤 唯品会 
来自Android客户端 286楼 2021-09-13 11:09 牛啤 盗墓笔记 
来自Android客户端 287楼 2021-09-13 11:22 鲁拉撸啊 唯品会 
来自Android客户端 288楼 2021-09-13 11:23 佐手牵宝258763 如今热歌榜，一碰就碎 
来自Android客户端 289楼 2021-09-13 11:49 可莉 唯品会 
来自Android客户端 290楼 2021-09-13 12:59 雄关漫道 唯品会 
来自iPhone客户端 291楼 2021-09-13 15:00 只等葡萄熟透 唯品会 
来自iPhone客户端 292楼 2021-09-13 15:58 Leo 唯品会 
来自Android客户端 293楼 2021-09-13 16:46 烟火气本人 盗墓笔记 
来自Android客户端 294楼 2021-09-13 16:48 天才少年刘卓 盗墓笔记 
来自iPhone客户端 296楼 2021-09-13 17:32 assc 唯品会 
