7536767254 什么人皮客栈？什么红房子？【抗压背锅吧】_百度贴吧
来自Android客户端 1楼 2021-09-13 09:40 死稚棱水瓶座 什么人皮客栈？什么红房子？ http://tiebapic.baidu.com/forum/w%3D580/sign=b3ee888ab6deb48ffb69a1d6c01e3aef/9f8a58b4c9ea15ce78c7f2e2f3003af33b87b266.jpg http://tiebapic.baidu.com/forum/w%3D580/sign=af05b73433c6a7efb926a82ecdfbafe9/4b9b6358252dd42a60201340463b5bb5c8eab866.jpg
来自Android客户端 4楼 2021-09-13 09:44 贴吧用户_7aSUGQb 东欧的国家都是这样的 
来自Android客户端 5楼 2021-09-13 09:45 薇古丝- 那种一般都是跨国团队，有组织的，很哈人的 https://gsp0.baidu.com/5aAHeD3nKhI2p27j8IqW0jdnxx1xbK/tb/editor/images/client/image_emoticon9.png
来自Android客户端 6楼 2021-09-13 09:49 蜂鳥 一堆人不是叫塞尔维亚叫什么塞铁吗 https://gsp0.baidu.com/5aAHeD3nKhI2p27j8IqW0jdnxx1xbK/tb/editor/images/client/image_emoticon2.png
来自Android客户端 7楼 2021-09-13 10:01 失颀 真实事件改编 
来自Android客户端 8楼 2021-09-13 10:07 水果宾治武士 豆瓣评分9.8 https://gsp0.baidu.com/5aAHeD3nKhI2p27j8IqW0jdnxx1xbK/tb/editor/images/client/image_emoticon20.png https://gsp0.baidu.com/5aAHeD3nKhI2p27j8IqW0jdnxx1xbK/tb/editor/images/client/image_emoticon20.png
来自Android客户端 9楼 2021-09-13 10:08 潘潘的子母爪 拳师该打的不打 
来自Android客户端 10楼 2021-09-13 10:09 张快乐 希望人能救回来吧，毕竟我们背后的是我们强大的祖国做后盾。 https://gsp0.baidu.com/5aAHeD3nKhI2p27j8IqW0jdnxx1xbK/tb/editor/images/client/image_emoticon12.png
来自Android客户端 13楼 2021-09-13 10:18 龙舌兰日落 哈人 
来自iPhone客户端 15楼 2021-09-13 10:28 米罗丶生命如舟 塞尔维亚不是火药桶吗，那地方有啥好去的 
来自iPhone客户端 18楼 2021-09-13 10:45 波比铁锤 有些被买了当⭐奴，有些被买去虐杀取乐，有些挖器官，有些当苦力 https://gsp0.baidu.com/5aAHeD3nKhI2p27j8IqW0jdnxx1xbK/tb/editor/images/client/image_emoticon16.png
来自Android客户端 21楼 2021-09-13 11:04 贴吧用户_6S5y5PP46 日娃来科普了点击展开，查看完整图片 http://tiebapic.baidu.com/forum/w%3D580/sign=5a8e86fbe13eb13544c7b7b3961fa8cb/904532accbef760991b2338c73dda3cc7dd99e9f.jpg
来自iPhone客户端 22楼 2021-09-13 11:29 触手可及z 凶多吉少 
来自Android客户端 23楼 2021-09-13 11:49 不可以欺负 女拳还不速速现身😡 
来自iPhone客户端 25楼 2021-09-13 12:01 关注嘉然然 女孩子千万不要一个人出远门 
来自iPhone客户端 26楼 2021-09-13 12:29 你没有西瓜吃 在国内都不能独自前往偏远地区，更别说国外了 
来自Android客户端 27楼 2021-09-13 12:46 echo02 已经死了的 
来自Android客户端 28楼 2021-09-13 12:53 干货太多 有人说她社交平台上发的东西本来就不正常，可能是信了xj啥的 
来自Android客户端 29楼 2021-09-13 13:01 一卷冰雪 人皮客栈原型好像是在泰国吧，当然欧洲国家好像也有 https://gsp0.baidu.com/5aAHeD3nKhI2p27j8IqW0jdnxx1xbK/tb/editor/images/client/image_emoticon8.png
来自Android客户端 30楼 2021-09-13 13:03 孙苟苟苟苟苟 Lkd之城是这样的 
来自Android客户端 31楼 2021-09-13 13:05 轻轻地离开你 东欧贩卖人口，器官买卖的黑帮可是很多，一直生活在国内当然安全，半夜二点国内街上走都没事，但在国外…… https://gsp0.baidu.com/5aAHeD3nKhI2p27j8IqW0jdnxx1xbK/tb/editor/images/client/image_emoticon10.png https://gsp0.baidu.com/5aAHeD3nKhI2p27j8IqW0jdnxx1xbK/tb/editor/images/client/image_emoticon10.png
来自Android客户端 32楼 2021-09-13 13:06 轻轻地离开你 小心东欧黑帮…… 
来自Android客户端 33楼 2021-09-13 13:06 轻轻地离开你 有点哈人 
来自Android客户端 34楼 2021-09-13 13:06 099式 不是每个人都有一个《飓风营救》里那样特工老爹的 
来自Android客户端 35楼 2021-09-13 13:20 heartDPF 暗网那个大概率编的 
来自Android客户端 36楼 2021-09-13 13:23 heartDPF 暗网就算是拍卖的也是有网址的，暗网拍卖也是有很多网站，打个比方就像国内天猫淘宝京东拼多多，他这么说完全没头没脑的，就像我说我有一个东西在购物网站上出售，编号abcd123，但是不说在哪个网站上上架了一样。 
来自Android客户端 37楼 2021-09-13 13:24 苦中苦插本人 怎么回事捏？不是说是塞铁吗？中塞一家亲吗？舔塞的人呢？救一下啊！ 
来自Android客户端 38楼 2021-09-13 13:35 能不能愉快的看 生化危机9素材有了 
来自Android客户端 39楼 2021-09-13 13:41 绅士之风度 真以为外国和国内一样安全啊 
来自Android客户端 43楼 2021-09-13 13:58 她爱着大海 哈人 
来自Android客户端 44楼 2021-09-13 13:59 特等兵-姜承録 一眼顶针 
来自Android客户端 45楼 2021-09-13 14:04 十年 丁真都比这真 https://gsp0.baidu.com/5aAHeD3nKhI2p27j8IqW0jdnxx1xbK/tb/editor/images/client/image_emoticon8.png
来自Android客户端 46楼 2021-09-13 14:11 叶子菌a 塞尔维亚有什么好旅游的地方吗 
来自Android客户端 47楼 2021-09-13 14:14 糖果丶樱花庄 拯救大B–蝈钕2 
来自iPhone客户端 48楼 2021-09-13 14:17 龙拳打 一个人出去旅游？要结伴而行啊 
来自iPhone客户端 49楼 2021-09-13 14:22 dj琴女爱着劫 活该哈哈哈哈 
来自Android客户端 50楼 2021-09-13 14:25 贴吧用户_6S5D2E3UK “女孩，请带🔪”这疫情没事到处跑，咱还能说啥 https://gsp0.baidu.com/5aAHeD3nKhI2p27j8IqW0jdnxx1xbK/tb/editor/images/client/image_emoticon24.png https://gsp0.baidu.com/5aAHeD3nKhI2p27j8IqW0jdnxx1xbK/tb/editor/images/client/image_emoticon24.png
来自Android客户端 51楼 2021-09-13 14:26 YUUUWr- 😰 
来自Android客户端 52楼 2021-09-13 14:28 TomXun 红房子我记得不是查封了🐴？我记得是不是直播虐sha女孩的来？ 
来自Android客户端 53楼 2021-09-13 14:38 都不理 飓风营救 
来自Android客户端 54楼 2021-09-13 14:39 慕尼黑酒馆 要是去贝尔格莱德玩挺安全的，非要去基层就不一定了，不过也可能是润了，毕竟西边北边吸引力还是挺强的 
来自Android客户端 56楼 2021-09-13 14:42 冰湗涙 那里离北欧近点，重开到北欧几率大， https://gsp0.baidu.com/5aAHeD3nKhI2p27j8IqW0jdnxx1xbK/tb/editor/images/client/image_emoticon67.png
来自Android客户端 57楼 2021-09-13 14:49 克什米尔防长 肯定的啊。这种肯定被卖掉的。或者直接弄死 
来自Android客户端 58楼 2021-09-13 14:58 Kinoko 国内打拳就算了，去国外？是会真的die 
来自iPhone客户端 60楼 2021-09-13 15:09 舒克suki 哈人 
来自Android客户端 62楼 2021-09-13 15:14 bo 国外走丢的国内寻人启事也不好使啊 
来自Android客户端 63楼 2021-09-13 15:16 令尊仙逝 飓风营救、人皮客栈 
来自Android客户端 64楼 2021-09-13 15:21 可丽儿辣舞7- 集美呢，集美们呢，救一下 
来自Android客户端 65楼 2021-09-13 15:24 VV2VV2VV2VV2 真不看人皮客栈的吗？电影之所以是电影，因为他比生活温和的多 
来自iPhone客户端 66楼 2021-09-13 15:24 Jhin 八成无了 https://gsp0.baidu.com/5aAHeD3nKhI2p27j8IqW0jdnxx1xbK/tb/editor/images/client/image_emoticon12.png
来自Android客户端 67楼 2021-09-13 15:24 心里只有感恩  https://gsp0.baidu.com/5aAHeD3nKhI2p27j8IqW0jdnxx1xbK/tb/editor/images/client/image_emoticon2.png https://gsp0.baidu.com/5aAHeD3nKhI2p27j8IqW0jdnxx1xbK/tb/editor/images/client/image_emoticon2.png https://gsp0.baidu.com/5aAHeD3nKhI2p27j8IqW0jdnxx1xbK/tb/editor/images/client/image_emoticon2.png https://gsp0.baidu.com/5aAHeD3nKhI2p27j8IqW0jdnxx1xbK/tb/editor/images/client/image_emoticon2.png
来自Android客户端 68楼 2021-09-13 15:25 冰与果之歌 每年都有几千留学生失踪 
来自iPhone客户端 69楼 2021-09-13 15:27 弑君者甘道夫 珍珠都没这真 
来自手机贴吧 71楼 2021-09-13 15:28 苍月灬 飓风营救 
来自iPhone客户端 72楼 2021-09-13 15:30 别说话直接我 集美们，跟洋大人合照真的光宗耀祖，一个人国外旅行真的太棒了 https://gsp0.baidu.com/5aAHeD3nKhI2p27j8IqW0jdnxx1xbK/tb/editor/images/client/image_emoticon24.png
来自iPhone客户端 73楼 2021-09-13 15:30 夜雨幽明777 感恩 
来自Android客户端 74楼 2021-09-13 15:33 空林夜鬼  https://gsp0.baidu.com/5aAHeD3nKhI2p27j8IqW0jdnxx1xbK/tb/editor/images/client/image_emoticon4.png
来自Android客户端 75楼 2021-09-13 15:36 Senna 不会有人信了吧 
来自Android客户端 77楼 2021-09-13 15:37 你当个人吧 这肯定没了，不用想了，在奇奇怪怪的国家失联20天，用最坏的想法来思考可能都把事情想好了 https://gsp0.baidu.com/5aAHeD3nKhI2p27j8IqW0jdnxx1xbK/tb/editor/images/client/image_emoticon8.png
来自Android客户端 78楼 2021-09-13 15:38 林梦是小可爱 只要人还在，郭嘉基本都能给你捞回来，人没了就没办法了，东欧那边挖器官的很多，希望人没事 
来自iPhone客户端 79楼 2021-09-13 15:47 流溪 哈哈哈哈哈 
来自Android客户端 80楼 2021-09-13 15:48 一赞成名 哈人 
来自iPhone客户端 81楼 2021-09-13 15:48 lhy123400 训练黑寡妇 
来自Android客户端 82楼 2021-09-13 15:50 海渊汐湮湟 东欧失联就是寄了 
来自Android客户端 83楼 2021-09-13 15:51 南拳王 塞铁 https://gsp0.baidu.com/5aAHeD3nKhI2p27j8IqW0jdnxx1xbK/tb/editor/images/client/image_emoticon22.png
来自Android客户端 84楼 2021-09-13 15:51 林末生 这真的假的这么哈人 
来自Android客户端 86楼 2021-09-13 15:54 噢 傻逼一个 
来自iPhone客户端 88楼 2021-09-13 15:59 贴吧用户_QG2tMN9 别说那种地方国内有挺多地方一个人去也有危险 
来自Android客户端 89楼 2021-09-13 16:00 1395466962 吓人 
来自iPhone客户端 90楼 2021-09-13 16:03 三观专家 这b国家是不是对中国免签那个？ 
来自Android客户端 91楼 2021-09-13 16:07 zfy110112 参考《飓风行动》,阿尔巴尼亚匪帮搞的人口贩卖 
来自iPhone客户端 92楼 2021-09-13 16:08 我比你高大 害怕 
93楼 2021-09-13 16:10 知我忧- 前两天还在重温人皮客栈123 
来自Android客户端 94楼 2021-09-13 16:11 极端安那其 这下塞钢了 
来自Android客户端 96楼 2021-09-13 16:12 Vegeta 害怕😨 
来自iPhone客户端 97楼 2021-09-13 16:13 一种循环 拳师？别装死啊 https://gsp0.baidu.com/5aAHeD3nKhI2p27j8IqW0jdnxx1xbK/tb/editor/images/client/image_emoticon67.png
来自iPhone客户端 98楼 2021-09-13 16:14 Sube 外国都乱的很。送去荷兰小概率换下来就怕是200欧一斤不是200欧一次。 
来自Android客户端 99楼 2021-09-13 16:18 卢比扬卡饭店 东欧经济水平一直难受，目前治安好点的就一个🇬🇷 
来自Android客户端 100楼 2021-09-13 16:18 上衫谦信 没看过卖人的，只看过枪毙的。俩女的贵在哪，拿枪的人让他们绑住散掉的头发，第一个女的还没绑完就被崩了。另一个扭头的时候被崩了 
来自Android客户端 101楼 2021-09-13 16:20 Azoic 一个人出国作死吗，我一个一米八几的大男人在马德里街上走手表都不敢带，我们这前几个月被大白天抢了好几个，我们店管理就有一个带工资来店里路上被捅了 https://gsp0.baidu.com/5aAHeD3nKhI2p27j8IqW0jdnxx1xbK/tb/editor/images/client/image_emoticon8.png
来自Android客户端 102楼 2021-09-13 16:21 Jon-Usz 东欧？寄了，运气好地下鸡场运气差配件都找不齐了 
来自Android客户端 103楼 2021-09-13 16:21 贴吧用户_Q49UeWU 脑瘫旅游的，到处跑的，真的，有空多刷两道数学题给脑子充充电。当然这样也好，脑瘫少了，这个世界马上会好起来的， 
来自Android客户端 104楼 2021-09-13 16:23 每天都被死虐 死个nt而已，见怪不怪。现在估计都散架了 
来自iPhone客户端 105楼 2021-09-13 16:32 尼歌大图莎 好 
来自Android客户端 107楼 2021-09-13 16:32 奇怪的鹿- 人皮客栈看的我真的绝望，好不容易跑出来了结果又遇到了 https://gsp0.baidu.com/5aAHeD3nKhI2p27j8IqW0jdnxx1xbK/tb/editor/images/client/image_emoticon9.png
来自Android客户端 108楼 2021-09-13 16:34 丶感恩 东欧那地方 https://gsp0.baidu.com/5aAHeD3nKhI2p27j8IqW0jdnxx1xbK/tb/editor/images/client/image_emoticon10.png
来自Android客户端 109楼 2021-09-13 16:39 蚌埠户口 这下不敢run了 
来自Android客户端 110楼 2021-09-13 16:40 一叶之秋 很正常，前两年罗马尼亚也有连环的这种妇女拐卖事件，一直没破，部分死了，部分活不见人，死不见尸。最离谱的是有一个受害人报警了，但是接线员太傻逼了。后面录音放出来，。当时在罗马尼亚影响还挺大。 
来自Android客户端 111楼 2021-09-13 16:40 丶感恩 这件事不知道真假，但是东欧这地方是真的乱，黑帮，军火ak之类的，人口贩卖，器官贩卖，性奴，以及儿童色情 
来自iPhone客户端 113楼 2021-09-13 16:41 清君侧 31岁成年人了，会不会是她有什么自己的想法，不想联系家人罢了。她父亲这样暴露她的个人信息，肖像等，算不算违法啊。应该保护女孩子隐私，全网应该立即删帖。 
来自Android客户端 114楼 2021-09-13 16:42 中 Y1s1我之前在暗网看到过卖人的。确实有。很久之前了，现在登不了了，别问 
来自iPhone客户端 115楼 2021-09-13 16:44 催债公司 国外哪里适合旅游啊，感觉好多地方不安全 
来自iPhone客户端 117楼 2021-09-13 16:49 别狗叫 肯定是抓去做⭐奴了 
118楼 2021-09-13 16:51 今夜无人睡眠 绝对寄了不死也被卖了 
来自Android客户端 119楼 2021-09-13 16:51 林登万 为什么不跟旅游团？ 
来自Android客户端 120楼 2021-09-13 16:52 a23kzj 之前和同学看到过一个视频，贼恐怖现在想想都瘆得慌 
来自iPhone客户端 121楼 2021-09-13 16:54 kisskissso 自己做的事自己付出代价 
来自Android客户端 122楼 2021-09-13 16:56 很狂的狂暴者 人皮客栈 https://gsp0.baidu.com/5aAHeD3nKhI2p27j8IqW0jdnxx1xbK/tb/editor/images/client/image_emoticon30.png
来自Android客户端 123楼 2021-09-13 17:00 老夫做题只选C 呼叫拳师，来给你们的白皮爹打拳了 
来自Android客户端 125楼 2021-09-13 17:03 茕茕踽踽 中国女人全去国外吧。哈哈啊哈还 
来自Android客户端 126楼 2021-09-13 17:03 UD不错 那个地方，有些人是明抢，因为有部分难民偷偷过去东欧，特别是看到亚洲人，明着抢你钱财，听说的。这种失联大概率是没了 
来自Android客户端 128楼 2021-09-13 17:06 爱求柔桑 这难道很奇怪吗？叙利亚，伊拉克这些地方，两三万美金可以买一个小姑娘 
来自iPhone客户端 129楼 2021-09-13 17:07 触圣明凯 人皮客栈是真吓人虐杀眼珠用火烤 
来自iPhone客户端 130楼 2021-09-13 17:14 秦如姜 可能是润了吧…和家里断绝关系 
来自Android客户端 131楼 2021-09-13 17:14 東廠謹毅痿 失联这么久了，能在红灯区找回来基本也废了。 
来自Android客户端 132楼 2021-09-13 17:15 有医保的先上 我们希望她活着，但是她应该很想死 https://gsp0.baidu.com/5aAHeD3nKhI2p27j8IqW0jdnxx1xbK/tb/editor/images/client/image_emoticon22.png
来自Android客户端 133楼 2021-09-13 17:17 鳄冠满赢- 走私军火？ https://gsp0.baidu.com/5aAHeD3nKhI2p27j8IqW0jdnxx1xbK/tb/editor/images/client/image_emoticon22.png
来自iPhone客户端 134楼 2021-09-13 17:19 老仙 一个人出国单子确实挺大的，人贩子最喜欢抓外国人，跨国找人太难了 
来自iPhone客户端 135楼 2021-09-13 17:26 我不想放弃治疗 飓风营救？ 
来自Android客户端 136楼 2021-09-13 17:27 茝 不可能的，洋人都是好人 https://gsp0.baidu.com/5aAHeD3nKhI2p27j8IqW0jdnxx1xbK/tb/editor/images/client/image_emoticon9.png https://gsp0.baidu.com/5aAHeD3nKhI2p27j8IqW0jdnxx1xbK/tb/editor/images/client/image_emoticon9.png https://gsp0.baidu.com/5aAHeD3nKhI2p27j8IqW0jdnxx1xbK/tb/editor/images/client/image_emoticon67.png https://gsp0.baidu.com/5aAHeD3nKhI2p27j8IqW0jdnxx1xbK/tb/editor/images/client/image_emoticon67.png https://gsp0.baidu.com/5aAHeD3nKhI2p27j8IqW0jdnxx1xbK/tb/editor/images/client/image_emoticon25.png https://gsp0.baidu.com/5aAHeD3nKhI2p27j8IqW0jdnxx1xbK/tb/editor/images/client/image_emoticon25.png https://gsp0.baidu.com/5aAHeD3nKhI2p27j8IqW0jdnxx1xbK/tb/editor/images/client/image_emoticon25.png https://gsp0.baidu.com/5aAHeD3nKhI2p27j8IqW0jdnxx1xbK/tb/editor/images/client/image_emoticon25.png https://gsp0.baidu.com/5aAHeD3nKhI2p27j8IqW0jdnxx1xbK/tb/editor/images/client/image_emoticon25.png https://gsp0.baidu.com/5aAHeD3nKhI2p27j8IqW0jdnxx1xbK/tb/editor/images/client/image_emoticon25.png
来自Android客户端 137楼 2021-09-13 17:27 猫巾 我看不懂，但我大受震撼。点击展开，查看完整图片 http://tiebapic.baidu.com/forum/w%3D580/sign=81b2763853f41bd5da53e8fc61db81a0/7c4f9a24bc315c60c804fafcd0b1cb1348547747.jpg
来自Android客户端 138楼 2021-09-13 17:30 黑兔走青龙穴 君子不立危墙 
来自iPhone客户端 139楼 2021-09-13 17:32 猎人格曼 人要作死你是拦不住的 
来自iPhone客户端 140楼 2021-09-13 17:32 大橄榄 这下赛窟窿joker了 
来自Android客户端 142楼 2021-09-13 17:35 周期律催化剂 东欧国家和东南亚是全球人口拐卖的两个重灾区 
来自iPhone客户端 143楼 2021-09-13 17:37 Peclim 去年那时候出国旅游？还往那鸟地方跑？ https://gsp0.baidu.com/5aAHeD3nKhI2p27j8IqW0jdnxx1xbK/tb/editor/images/client/image_emoticon8.png
来自iPhone客户端 144楼 2021-09-13 17:41 该点外卖了 追求诗和远方的吧，现在大使馆都介入了。还找不到多半凉了，被囚禁圈养，被售卖，被肢解都有可能 
来自Android客户端 145楼 2021-09-13 17:41 骨灰给泥扬咯 钱能买这个？我更想润了怎么办？ 
来自Android客户端 147楼 2021-09-13 17:45 岑清零 暗网这cjb玩意也能装? 
来自iPhone客户端 153楼 2021-09-13 17:50 纯路人 如果他的家人真的爱她就要祝福他已经死去 
来自Android客户端 155楼 2021-09-13 17:51 宝蓝的蓝宝 没办法的，外国旅游好也只是别人宣传片，不可能把坏的给你看 
来自Android客户端 156楼 2021-09-13 17:52 魔怔人 推荐个电影，解除好友2 
来自Android客户端 157楼 2021-09-13 17:52 男德先进模范 暗网一眼真 
来自iPhone客户端 158楼 2021-09-13 17:52 1污所有 扛吧首偷再偷必究 
来自Android客户端 159楼 2021-09-13 17:53 帅过吾彦祖 她为什么不带个国旗？如果带上五星红旗就好了 
来自Android客户端 160楼 2021-09-13 17:53 爱UG爱Geomagic 大概率被砍断手脚当成展览品全球疫情还跑出去浪。不值得同情 https://gsp0.baidu.com/5aAHeD3nKhI2p27j8IqW0jdnxx1xbK/tb/editor/images/client/image_emoticon10.png
来自Android客户端 161楼 2021-09-13 17:55 我一直很愤怒 还记得英国那一冷冻卡车的尸体吗 
来自iPhone客户端 162楼 2021-09-13 18:01 -术士 拳师能知道暗网是个啥玩意这种残次品还动用国家资源去找 https://gsp0.baidu.com/5aAHeD3nKhI2p27j8IqW0jdnxx1xbK/tb/editor/images/client/image_emoticon25.png
来自手机贴吧 163楼 2021-09-13 18:01 九江陈歌- 寄了 https://tb2.bdstatic.com/tb/editor/images/client/image_emoticon3.png
来自iPhone客户端 164楼 2021-09-13 18:07 Baccan 国外乱的很，人口贩卖是真实存在的 
来自Android客户端 165楼 2021-09-13 18:08 时间要加速了 郭楠少管仙女的事🤗 
来自Android客户端 167楼 2021-09-13 18:12 荞麦面 一堆人还管一群洋夷叫这个铁那个铁，实属搞笑了 https://gsp0.baidu.com/5aAHeD3nKhI2p27j8IqW0jdnxx1xbK/tb/editor/images/client/image_emoticon67.png
来自iPhone客户端 168楼 2021-09-13 18:13 非洲鸡瘟 直接给你卖到暗网做slave 
来自Android客户端 169楼 2021-09-13 18:14 小狼根根 哦 https://gsp0.baidu.com/5aAHeD3nKhI2p27j8IqW0jdnxx1xbK/tb/editor/images/client/image_emoticon73.png
来自iPhone客户端 171楼 2021-09-13 18:17 释明空带法师 比丁真都真 
来自Android客户端 172楼 2021-09-13 18:21 吱溜溜滴转 暗网，我看个黄网也算暗网，你倒是告诉我在哪个暗网啊 
来自Android客户端 173楼 2021-09-13 18:21 怎么又是雷神 疫情那么严重了还敢去旅游，还敢独身女子上路，还是中欧小国，作为成年男子，我表示拒绝 
来自Android客户端 174楼 2021-09-13 18:21 就吾二妻 平时都说微博比厕所还不如，咋微博一造谣这么多人信 https://gsp0.baidu.com/5aAHeD3nKhI2p27j8IqW0jdnxx1xbK/tb/editor/images/client/image_emoticon8.png
来自iPhone客户端 175楼 2021-09-13 18:21 批发银鳞胸甲 遇事不决暗网 
来自iPhone客户端 176楼 2021-09-13 18:22 狼心永存艹 纯粹找死 
来自Android客户端 177楼 2021-09-13 18:24 島國料理長  https://gsp0.baidu.com/5aAHeD3nKhI2p27j8IqW0jdnxx1xbK/tb/editor/images/client/image_emoticon4.png https://gsp0.baidu.com/5aAHeD3nKhI2p27j8IqW0jdnxx1xbK/tb/editor/images/client/image_emoticon4.png
来自Android客户端 178楼 2021-09-13 18:25 桂堂东 这评论这么牛？我去，看着吓人 
来自iPhone客户端 179楼 2021-09-13 18:26 科-比 东欧的社会治安比现在的法国应该还是好一点的 
来自Android客户端 180楼 2021-09-13 18:28 思念是一个痛 女拳呢？女拳过来救一下啊 
来自iPhone客户端 181楼 2021-09-13 18:28 哈露卡娜 哈人楼上说的都是真的吗 https://gsp0.baidu.com/5aAHeD3nKhI2p27j8IqW0jdnxx1xbK/tb/editor/images/client/image_emoticon4.png
来自iPhone客户端 182楼 2021-09-13 18:28 乔鲁诺乔巴拿 人口买卖在外国是门大生意，东欧特别突出，女性千万不要一个人去国外，那不是很酷的事情，安全第一，跟团还行 
来自Android客户端 183楼 2021-09-13 18:29 他快滚下去吧 国内也有类似事件一个男的囚禁几个女人在地下室，期间还杀了个 
来自Android客户端 184楼 2021-09-13 18:32 一只飞翔铁憨憨 卧槽 
来自Android客户端 185楼 2021-09-13 18:33 蔷薇少女真红- 哈人 
来自iPhone客户端 187楼 2021-09-13 18:38 不识君233 一个人跑那去🐂🍺 
来自iPhone客户端 188楼 2021-09-13 18:39 彼岸苍穹e 前几天刚看的帖子，每年全球大概失踪300万人，基本下落就是被绑去打黑工，卖器官和性奴。尤其是单身女子在国外的，基本就是暗网上20-30万欧元一位被拍卖 
来自Android客户端 189楼 2021-09-13 18:42 无色黑键 咋了没看过飓风营救，这有什么不可能的 
来自iPhone客户端 190楼 2021-09-13 18:43 kim09 东欧那些小国吓死人，主要人少又偏， 
来自iPhone客户端 191楼 2021-09-13 18:44 橘桑不营业- @陌上🐵国玉 
来自Android客户端 192楼 2021-09-13 18:45 -我冲了出去- 这个很可能已经凉了，可惜 
来自Android客户端 194楼 2021-09-13 18:49 Ayin 哈人 
来自Android客户端 195楼 2021-09-13 18:52 看我多帅哦 感觉拳师不像是中国人 
来自iPhone客户端 196楼 2021-09-13 18:52 晨忘忧 女的跟性有关....生不如死 
来自Android客户端 197楼 2021-09-13 18:53 蜗牛Live 希望人没事 https://gsp0.baidu.com/5aAHeD3nKhI2p27j8IqW0jdnxx1xbK/tb/editor/images/client/image_emoticon9.png
来自Android客户端 198楼 2021-09-13 18:54 伊利瓦斯 得偿所愿，皆大欢喜 https://gsp0.baidu.com/5aAHeD3nKhI2p27j8IqW0jdnxx1xbK/tb/editor/images/client/image_emoticon25.png
来自Android客户端 199楼 2021-09-13 18:54 琉琉 不玩梗希望人没事 
来自iPhone客户端 200楼 2021-09-13 18:55 LOVE阿狸coco 飓风营救 
来自iPhone客户端 201楼 2021-09-13 18:56 Defftt 一眼假 
来自Android客户端 202楼 2021-09-13 18:58 dnf123164 东欧那边都是跨国团伙，绑了当性nu或者直接卖器官 
来自Android客户端 203楼 2021-09-13 18:58 纸雨千叶 暗网不一定真的，但被杀被拐卖还是很有可能 
来自Android客户端 204楼 2021-09-13 18:59 他谁呀啊 有点像阿p 
来自iPhone客户端 205楼 2021-09-13 18:59 甘樂 _@该滚的是我们害怕 
来自iPhone客户端 207楼 2021-09-13 19:00 孤儿花一块8 打英雄联盟一个人浪都会死更别说现实中了，活该欢迎拳师过来 
来自Android客户端 209楼 2021-09-13 19:03 AYueo 塞尔维亚，一个人，国内拳师去救救啊 
来自iPhone客户端 210楼 2021-09-13 19:04 捉鬼神秘人 独自一个女的去国外旅游。我只能说。 
来自iPhone客户端 211楼 2021-09-13 19:05 BB2 小鬼子最多也就把你奸了卖了，白皮那可真不是人，把你大卸八块 
来自Android客户端 212楼 2021-09-13 19:10 Szgr cy 
来自iPhone客户端 213楼 2021-09-13 19:10 在逃未婚妻 家人得多伤心啊，老爸都病倒了，31岁了还这么任性，有的人真的活的很自私 
来自iPhone客户端 214楼 2021-09-13 19:11 End1es  http://tiebapic.baidu.com/forum/w%3D580/sign=a5139c227c3fb80e0cd161df06d02ffb/4b7b78ca0a46f21f1af3ce40ab246b600d33ae15.jpg
来自iPhone客户端 215楼 2021-09-13 19:12 老冉冉兮既极 以前在意大利打工时候出去玩都只敢穿工厂发的那种全身只有上上衣胸口一个口袋的衣服才敢出门，，让人一眼看出来你没钱，没地方装钱，天一黑更不敢出门了，别说北欧了 
来自Android客户端 217楼 2021-09-13 19:17 一颗卤蛋year 拍卖个基霸。不懂装懂。又不是极品。顶多让人拐了去当妓女 
来自iPhone客户端 218楼 2021-09-13 19:17 一起睡觉吧 估计已经在某个富豪的地下室里了，被割肉，被虐待，被性侵，被拔指甲 
来自Android客户端 219楼 2021-09-13 19:23 詹士邦的蛋疼 人家在过内天天感觉到货拉拉的恐怖，人皮客栈算是温柔乡了吧 
来自Android客户端 221楼 2021-09-13 19:39 摩羯未知12 什么巴尔干垃圾 
来自Android客户端 222楼 2021-09-13 19:39 尊尼获加海绵 欧洲那边最严重的就是人口贩卖，因为有很多老城墙区没得摄像头，还黑，抓了都查不到，地下网络马上运走 
来自Android客户端 223楼 2021-09-13 19:41 呀嘞呀嘞 早被吃干净了，估计🦴都没了 
来自iPhone客户端 224楼 2021-09-13 19:44 巧妙得一血 根据真实事件改编 https://gsp0.baidu.com/5aAHeD3nKhI2p27j8IqW0jdnxx1xbK/tb/editor/images/client/image_emoticon67.png https://gsp0.baidu.com/5aAHeD3nKhI2p27j8IqW0jdnxx1xbK/tb/editor/images/client/image_emoticon67.png https://gsp0.baidu.com/5aAHeD3nKhI2p27j8IqW0jdnxx1xbK/tb/editor/images/client/image_emoticon67.png
来自Android客户端 225楼 2021-09-13 19:46 洛丽塔路组 女孩子打断腿，也不能让她一个人出去旅游，特别是穷游和出国游 
来自Android客户端 226楼 2021-09-13 19:48 若是爱已成伤 人还在，只是不在一个人上了 
来自Android客户端 228楼 2021-09-13 19:54 奎塔林的徘徊 人家不要做笼中鸟儿，要做搏击暴风雨的海燕，为什么我们就不成全她呢？ 
来自Android客户端 229楼 2021-09-13 19:54 进击的蛋蛋炒饭 估计是没了，暗网我也是一知半解，当年武汉一个男的在床上被白皮虐杀我还记得清清楚楚 
来自Android客户端 230楼 2021-09-13 19:58 他到底凭什么 原批是这样的 
来自iPhone客户端 231楼 2021-09-13 20:01 魔法少女小缘 如果真是人皮客栈那就惨死了，希望她平安 https://gsp0.baidu.com/5aAHeD3nKhI2p27j8IqW0jdnxx1xbK/tb/editor/images/client/image_emoticon28.png https://gsp0.baidu.com/5aAHeD3nKhI2p27j8IqW0jdnxx1xbK/tb/editor/images/client/image_emoticon28.png
来自Android客户端 232楼 2021-09-13 20:01 要关注然然捏 塞尔维亚不清楚，那一片挺乱的，最严重的就是阿尔巴尼亚了 
来自Android客户端 234楼 2021-09-13 20:04 ACCA和CAAC 赶紧的呀，说好了girlshelpgirls最担心的还是人家父亲 https://gsp0.baidu.com/5aAHeD3nKhI2p27j8IqW0jdnxx1xbK/tb/editor/images/client/image_emoticon16.png
来自Android客户端 237楼 2021-09-13 20:13 银河系美男子 什么人皮客栈 
来自Android客户端 239楼 2021-09-13 20:22 差不多彳亍了 哈人 https://gsp0.baidu.com/5aAHeD3nKhI2p27j8IqW0jdnxx1xbK/tb/editor/images/client/image_emoticon8.png
来自iPhone客户端 240楼 2021-09-13 20:22 我请你吃叽吧 什么越塔冲泉水 https://gsp0.baidu.com/5aAHeD3nKhI2p27j8IqW0jdnxx1xbK/tb/editor/images/client/image_emoticon15.png
来自iPhone客户端 241楼 2021-09-13 20:38 寂寞的雷纯 说出来干嘛，你以为我会同情？外国的月亮不是比较圆吗？ 
来自iPhone客户端 242楼 2021-09-13 20:38 haze 太哈人了，一个人去旅游还是太危险了 
来自Android客户端 243楼 2021-09-13 20:42 算什么男人 我昨晚找了半天都没找到他说的那个编号拍卖点击展开，查看完整图片 http://tiebapic.baidu.com/forum/w%3D580/sign=9c34c02a943d70cf4cfaaa05c8dcd1ba/b39fba399b504fc236682216b8dde71190ef6d25.jpg
来自Android客户端 244楼 2021-09-13 20:44 辣菜丝子丶 估计屁眼也越来越大了 
来自Android客户端 245楼 2021-09-13 20:46 虫文君 unfriended:darkwaibu 
来自Android客户端 247楼 2021-09-13 20:47 晚唐雪娇 太哈人了 
来自Android客户端 248楼 2021-09-13 20:47 虫且宝宝 基本上是找不着了 
来自Android客户端 249楼 2021-09-13 20:47 一曲忧伤终未了 还不是国男不行！不然她为什么一个人出国？出了事只会敲键盘幸灾乐祸呸渣男 https://gsp0.baidu.com/5aAHeD3nKhI2p27j8IqW0jdnxx1xbK/tb/editor/images/client/image_emoticon16.png https://gsp0.baidu.com/5aAHeD3nKhI2p27j8IqW0jdnxx1xbK/tb/editor/images/client/image_emoticon16.png https://gsp0.baidu.com/5aAHeD3nKhI2p27j8IqW0jdnxx1xbK/tb/editor/images/client/image_emoticon16.png
来自Android客户端 250楼 2021-09-13 20:49 牲畜梅西 川妹饱读四书五经 
来自iPhone客户端 251楼 2021-09-13 20:49 炉石传说设计师 暗网里面全是钩子 
来自Android客户端 252楼 2021-09-13 20:54 梦凉清风 我知道这么说不对，但是还是要说，活该。国内900多平方公里不够她玩的吗，再说要去也去发达国家吧，怎么不去阿富汗旅游？？ 
来自iPhone客户端 253楼 2021-09-13 20:55 丶夜色好安静 真以为国外是天堂 https://gsp0.baidu.com/5aAHeD3nKhI2p27j8IqW0jdnxx1xbK/tb/editor/images/client/image_emoticon1.png
来自iPhone客户端 254楼 2021-09-13 20:59 斩黄袍 🧠有病才去东欧 
来自iPhone客户端 255楼 2021-09-13 21:02 白雲丶葉孤城 真以为国外和国内一样安全？ 
来自Android客户端 256楼 2021-09-13 21:03 整合騎士 呵呵 
来自iPhone客户端 257楼 2021-09-13 21:04 斩黄袍 大概率没了，在中国太安全了，让这些个🧠瘫以为全世界都跟我国一样安全 
来自Android客户端 258楼 2021-09-13 21:14 白冬的明天 暗网那个基本是假的 
来自Android客户端 259楼 2021-09-13 21:14 碇唯 可怕 
来自Android客户端 260楼 2021-09-13 21:16 贴吧用户_aeN1598 有没有想撒掉欺负过自己的人 
来自iPhone客户端 262楼 2021-09-13 21:19 小夕 我那个时候在荷兰留学。在超市买完东西在外面等公交的时候，亲眼看着一个男的包被另外一个人抢了。跑的飞快。挺离谱的。出去了才发现国内真的比国外好。挺不懂那些天天说国外好的人什么想法 https://gsp0.baidu.com/5aAHeD3nKhI2p27j8IqW0jdnxx1xbK/tb/editor/images/client/image_emoticon8.png
来自Android客户端 265楼 2021-09-13 21:27 宝马大中华区 莫不是被红色绳子捆在铁窗上四个角一个脚一个手一个脚一个手，身上被绑得跟绳艺一样，天天那个吴涛，一天只喂几口饭 
266楼 2021-09-13 21:33 海王星23333 听说塞尔维亚免签，又是共和制，这下神神可以run塞尔维亚了 
来自Android客户端 267楼 2021-09-13 21:33 可以叫我芙蓉哥 游戏看门狗就有人口贩卖的情节 
来自iPhone客户端 268楼 2021-09-13 21:36 山有木兮xx 唉，让我想起在美国被害的那个女研究生，还以为是在中国呢…… 
来自Android客户端 271楼 2021-09-13 21:54 李傻year 假的 
来自Android客户端 272楼 2021-09-13 21:56 粉色然比 。 
来自Android客户端 273楼 2021-09-13 21:57 炫棍一辈子 实时推送了属于是点击展开，查看完整图片 http://tiebapic.baidu.com/forum/w%3D580/sign=00c17a4bb303738dde4a0c2a8319b073/544dc0cfc3fdfc032b85e653913f8794a6c2268a.jpg
来自Android客户端 274楼 2021-09-13 22:01 Lrency 3 
来自iPhone客户端 275楼 2021-09-13 22:01 异格莫斯提玛 太哈人了 
来自Android客户端 276楼 2021-09-13 22:05 澄邈miku 点击展开，查看完整图片 http://tiebapic.baidu.com/forum/w%3D580/sign=c83e10661ea98226b8c12b2fba83b97a/646dd201baa1cd115171e033e412c8fcc2ce2d14.jpg
来自Android客户端 277楼 2021-09-13 22:08 了这么 失联了好几天的话，就很难找了 
来自iPhone客户端 278楼 2021-09-13 22:14 Hyby 真就去送死啊 
来自iPhone客户端 279楼 2021-09-13 22:16 柒夏 这个辟谣了 
来自iPhone客户端 280楼 2021-09-13 22:17 u-ki 暗网，都是钓鱼的 
来自Android客户端 281楼 2021-09-13 22:22 顶风作案张三 被洋枪冲昏了头属于是 
来自iPhone客户端 283楼 2021-09-13 22:32 泫溺 暗网是啥？ 
来自iPhone客户端 284楼 2021-09-13 22:37 苏凯 看过一个视频把人绑起来用🔪割器官肠子直接翻出来🫀割一点点直接生吃看完后两天没胃口至今我还保存这视频 https://gsp0.baidu.com/5aAHeD3nKhI2p27j8IqW0jdnxx1xbK/tb/editor/images/client/image_emoticon17.png
来自Android客户端 285楼 2021-09-13 22:42 ervdAAA 我当时在马德里找房子租，看了几家都没谈妥，就到晚上了。溜达着就到了凌晨两点左右，在熊和树莓那个广场边上一条小巷里，我听着身后说了两句“Choquechoque”，回头一看，一个倪哥满身的大麻味，眼神迷离，接着撞了我一下，我下意识反手推了他一把，他一个踉跄退了几步没再跟过来。后来回味了一下，也许是倪哥忌惮我比他高一头多的身高，但他当时身上若有🔪的话就很危险了 https://gsp0.baidu.com/5aAHeD3nKhI2p27j8IqW0jdnxx1xbK/tb/editor/images/client/image_emoticon66.png
来自Android客户端 287楼 2021-09-13 22:49 余我獨自浮誇 什么丝绸之路 https://gsp0.baidu.com/5aAHeD3nKhI2p27j8IqW0jdnxx1xbK/tb/editor/images/client/image_emoticon15.png
来自Android客户端 288楼 2021-09-13 22:55 你失去的信仰 有些人就是觉得国外跟国内一样，何况国内都会遇到变态，国外更加乱了，以前看欧美那些猎奇电影，什么人皮客栈那种的啊拍卖人做姓奴啥的各种绑架虐杀之内的，还在想他们咋这么有创意这些变态的东西都想得到，后来才知道那是他们那边实打实的有这些东西。 
来自Android客户端 289楼 2021-09-13 23:01 小巨人 多去外面看看世界，你们就不用回来看了 https://gsp0.baidu.com/5aAHeD3nKhI2p27j8IqW0jdnxx1xbK/tb/editor/images/client/image_emoticon67.png
来自Android客户端 290楼 2021-09-13 23:03 萨巴赫还说 国家必须立法限制女性资源的外流了，也应该鼓励男性外娶，不然矛盾只会越来越大，这种事也会越来越多 
来自iPhone客户端 291楼 2021-09-13 23:06 木头爱家 找下大使馆。 
来自Android客户端 292楼 2021-09-13 23:10 ase卡卡 敢单独在东欧闲逛的女生是真狠人 
来自iPhone客户端 293楼 2021-09-13 23:11 强东和抹茶妹妹 请求沙东雷锋基金 
来自iPhone客户端 294楼 2021-09-13 23:14 春风十里- 什么幽灵行动荒野 
来自Android客户端 295楼 2021-09-13 23:15 蔣中正 去哪不会旅游偏偏去东欧？找死？ 
来自Android客户端 296楼 2021-09-13 23:26 七字环羽 这个太可怕了🤯 
来自Android客户端 298楼 2021-09-13 23:27 老绅士555 那边是这样的 
来自Android客户端 299楼 2021-09-13 23:41 dherybv 哈人 https://gsp0.baidu.com/5aAHeD3nKhI2p27j8IqW0jdnxx1xbK/tb/editor/images/client/image_emoticon4.png https://gsp0.baidu.com/5aAHeD3nKhI2p27j8IqW0jdnxx1xbK/tb/editor/images/client/image_emoticon4.png https://gsp0.baidu.com/5aAHeD3nKhI2p27j8IqW0jdnxx1xbK/tb/editor/images/client/image_emoticon4.png
来自iPhone客户端 301楼 2021-09-13 23:57 AIZEN34112 这种基本没救欧美白皮是侵略偷盗起家残忍嗜血是骨子的东西跟日本人的变态黑人的懒惰一样 
来自Android客户端 302楼 2021-09-14 00:07 打雷下雪 拳师不打虚空拳了？ 
来自Android客户端 304楼 2021-09-14 00:10 Klose 让我想起了飓风营救 
来自Android客户端 305楼 2021-09-14 00:13 无名小道傻 没有个退役兵王特工父亲也敢去东欧旅游？ 
来自Android客户端 306楼 2021-09-14 00:17 王者无敌823 如果回不来了，我希望她已经死了，很痛快的死掉，这是最好的结果 
来自Android客户端 309楼 2021-09-14 00:20 贴吧用户_Q11G2et 敢做就要承担后果 
来自Android客户端 310楼 2021-09-14 00:20 Yfffff 已经找回来了 
来自Android客户端 311楼 2021-09-14 00:27 宏碁swift 正常，某些二极管眼里只有欧洲和美帝，其他地方不认识情有可原，没做调查就去才是最逗的😅 
来自Android客户端 312楼 2021-09-14 00:43 欧西gay 一眼假 
314楼 2021-09-14 00:55 是谁的歆鸭 找到了眼神有些恍惚 
来自Android客户端 315楼 2021-09-14 01:00 专家训练师 祝宁波工程学院越办越好 
来自Android客户端 316楼 2021-09-14 01:10 简兵安  https://gsp0.baidu.com/5aAHeD3nKhI2p27j8IqW0jdnxx1xbK/tb/editor/images/client/image_emoticon8.png
来自iPhone客户端 318楼 2021-09-14 01:18 卡面来哒- 我不知道为啥，看他们去欧洲旅游被暴击，我同情不起来，不是嫉妒，欧洲那边最看不上黄人了，连犯罪都喜欢挑黄人欺负，然后欧洲犯罪又贼几把离谱，白🔪黄不闹大可能就关两天。除了有正事，我旅游必定选东南亚，实在不理解，跟东亚地区比起来，欧美那边跟没开化似的，有啥可旅游的，大晚上出个门都担心人身安全，你搁日本韩国中国的晚上哪条街上不是热热闹闹的 
来自iPhone客户端 319楼 2021-09-14 01:26 我是风见骄人 找回来了已经，在波黑的萨拉热窝 https://gsp0.baidu.com/5aAHeD3nKhI2p27j8IqW0jdnxx1xbK/tb/editor/images/client/image_emoticon13.png
来自Android客户端 321楼 2021-09-14 02:03 丶夜丨枫灬 。。 
来自Android客户端 322楼 2021-09-14 02:22 草草草 不是很正常吗，纸飞机上面还有人卖猪肉呢，二三线城市72小时丢包 https://gsp0.baidu.com/5aAHeD3nKhI2p27j8IqW0jdnxx1xbK/tb/editor/images/client/image_emoticon8.png
来自iPhone客户端 323楼 2021-09-14 02:35 从不说脏话 ***一大男人躺在床上看到这条好寄吧害怕 https://gsp0.baidu.com/5aAHeD3nKhI2p27j8IqW0jdnxx1xbK/tb/editor/images/client/image_emoticon30.png https://gsp0.baidu.com/5aAHeD3nKhI2p27j8IqW0jdnxx1xbK/tb/editor/images/client/image_emoticon30.png
来自Android客户端 324楼 2021-09-14 03:52 咸佐料 这辈子别想出来了，八成被卖去当*奴了 
来自Android客户端 325楼 2021-09-14 04:00 滴滴答答 《飓风营救》 
来自Android客户端 326楼 2021-09-14 04:31 残云 哈人 
来自Android客户端 328楼 2021-09-14 04:46 逆天改命  https://gsp0.baidu.com/5aAHeD3nKhI2p27j8IqW0jdnxx1xbK/tb/editor/images/client/image_emoticon1.png
来自iPhone客户端 329楼 2021-09-14 05:22 my雨见 别尬黑，明明是被抓到时间变异管理局了 
来自Android客户端 330楼 2021-09-14 06:50 脸爱凡凡 ？？点击展开，查看完整图片 http://tiebapic.baidu.com/forum/w%3D580/sign=2d0a0040463b5bb5bed720f606d2d523/b4891c31e924b899ac3f78d32b061d950b7bf608.jpg
来自Android客户端 331楼 2021-09-14 07:08 老舔爷 知乎上全是打男拳的咋们贴吧没有我很失望 
来自Android客户端 332楼 2021-09-14 07:14 北伦敦传说 国女天堂 
来自iPhone客户端 333楼 2021-09-14 07:14 道法自然 阅 
来自Android客户端 334楼 2021-09-14 07:19 盖伦躲最后 不传谣不信谣，坐等团团反转 
来自iPhone客户端 335楼 2021-09-14 07:24 情愛狂徒 大概率没了 
来自Android客户端 336楼 2021-09-14 07:25 相似的花 嘛 
来自Android客户端 337楼 2021-09-14 07:38 朷楠 666 
来自Android客户端 338楼 2021-09-14 07:38 破碎吧下水道 总有nt信这个 
来自iPhone客户端 339楼 2021-09-14 07:46 电竞水子哥 哈人 
来自Android客户端 340楼 2021-09-14 07:47 -荼白- 蚌埠住了 https://gsp0.baidu.com/5aAHeD3nKhI2p27j8IqW0jdnxx1xbK/tb/editor/images/client/image_emoticon22.png
来自Android客户端 342楼 2021-09-14 08:28 EEE 国内好1刀1500，欢迎阿妹你看的妹妹来 https://gsp0.baidu.com/5aAHeD3nKhI2p27j8IqW0jdnxx1xbK/tb/editor/images/client/image_emoticon95.png
来自iPhone客户端 344楼 2021-09-14 08:36 Dminic  https://gsp0.baidu.com/5aAHeD3nKhI2p27j8IqW0jdnxx1xbK/tb/editor/images/client/image_emoticon25.png
来自Android客户端 345楼 2021-09-14 08:38 张三哥哥啊- 拍卖个屁，人都找到了。 
来自Android客户端 346楼 2021-09-14 08:53 骚猪真滴骚 插眼 
来自iPhone客户端 347楼 2021-09-14 09:00 黑猎人 人找到了 
来自iPhone客户端 348楼 2021-09-14 09:03 歪比巴卜  https://gsp0.baidu.com/5aAHeD3nKhI2p27j8IqW0jdnxx1xbK/tb/editor/images/client/image_emoticon25.png
来自Android客户端 349楼 2021-09-14 09:06 喵荡漾 这不叫微博女👊🏻把塞尔维亚攻占了？ 
来自Android客户端 350楼 2021-09-14 09:17 kamiuweida 有家人有病吧，国外失联在国内找？ 
来自Android客户端 351楼 2021-09-14 09:18 黄麟s 怕怕 
来自Android客户端 352楼 2021-09-14 09:32 走在路上 东欧……西欧人看东欧人比我们看越南缅甸都离谱你就知道那鸟地方是个人都不会去了 https://gsp0.baidu.com/5aAHeD3nKhI2p27j8IqW0jdnxx1xbK/tb/editor/images/client/image_emoticon3.png
来自iPhone客户端 354楼 2021-09-14 09:40 一起苏 什么龙门客栈 
来自Android客户端 355楼 2021-09-14 09:56 阿柒睡不醒 我爱我的国家🇨🇳 
来自iPhone客户端 356楼 2021-09-14 10:15 苦行僧丶Xu 人还在，楼上那些暗网小学生歇着吧 
来自Android客户端 357楼 2021-09-14 10:18 舌吻楼主 日韩美法律健全，警察保护，非要去穷山恶水干啥 
来自iPhone客户端 358楼 2021-09-14 10:19 C0verdeath 现在绝大多数年轻人都是手机不离身的，就算说没看到，饭点吃饭总会用到。国外三天没消息大概率就是g了，在国内，大多数原因对方当时忙没看到后来忘了，要么就是你是个舔狗， 
来自Android客户端 359楼 2021-09-14 10:43 语有容 造谣可是要负法律责任的 
来自Android客户端 360楼 2021-09-14 10:49 壹贰叁肆 人体器官贩卖，拐卖人口，黑帮，东欧太多了，基本上有名，去日本旅游都比去东欧好 
来自Android客户端 361楼 2021-09-14 10:55 暴走的5 不评价 
来自iPhone客户端 363楼 2021-09-14 11:07 思危丶 一个女的敢出国玩还是疫情，挺傻逼的。家里管的少了。 
来自Android客户端 367楼 2021-09-14 12:30 伯曼猫麦考夫 说真的，女生就不要冲昏头脑独自旅行，尤其是去偏远地区、外国。要证明自己有独立生活的能力也不是这么证明的。 
来自Android客户端 368楼 2021-09-14 13:44 韭菜 喜闻乐见 
来自iPhone客户端 370楼 2021-09-14 14:26 成也欺妻  http://tiebapic.baidu.com/forum/w%3D580/sign=c5f63ad33ef40ad115e4c7eb672d1151/939541a6d933c8951ece9590941373f0800200df.jpg
来自Android客户端 371楼 2021-09-14 16:24 大野柚木子 人找到了，已经废了 
来自Android客户端 372楼 2021-09-14 16:29 上官蔷薇baby 回头买几个回来玩 
