7538426596 【图片】我发华语演员 大家根据演技来打分【抗压背锅吧】_百度贴吧
来自iPhone客户端 1楼 2021-09-14 14:53 玉树临风爱陳生 楼主最喜欢的镇楼 http://tiebapic.baidu.com/forum/w%3D580/sign=e969a68a4ab30f24359aec0bf897d192/f030830b19d8bc3e23d50b21c78ba61eaad345aa.jpg
来自iPhone客户端 2楼 2021-09-14 14:54 玉树临风爱陳生 1于和伟曹操刘备陈独秀我愿称之为神 http://tiebapic.baidu.com/forum/w%3D580/sign=a9e244e7ea4543a9f51bfac42e168a7b/038cfbddd100baa1d7eadda81a10b912c9fc2e15.jpg
来自iPhone客户端 3楼 2021-09-14 14:54 玉树临风爱陳生 2Berger http://tiebapic.baidu.com/forum/w%3D580/sign=9bfce5b3ab03738dde4a0c2a831ab073/544dc0cfc3fdfc03b0b879ab893f8794a5c22617.jpg
来自iPhone客户端 4楼 2021-09-14 14:55 玉树临风爱陳生 3什么颜王 http://tiebapic.baidu.com/forum/w%3D580/sign=91b7cb05f18f8c54e3d3c5270a2b2dee/c704caeb15ce36d3ebdf8edb7ff33a87eb50b1b0.jpg
来自iPhone客户端 5楼 2021-09-14 14:56 玉树临风爱陳生 4中国人民永远不会忘记这沉痛的一天 http://tiebapic.baidu.com/forum/w%3D580/sign=74ca4ad549f3d7ca0cf63f7ec21dbe3c/d621f502738da977d5fa8bc0f551f8198418e3b3.jpg
来自iPhone客户端 6楼 2021-09-14 14:57 玉树临风爱陳生 5文章 http://tiebapic.baidu.com/forum/w%3D580/sign=edd90b21c78ba61edfeec827713697cc/eab84837acaf2eddff204402c81001e93b0193be.jpg
来自iPhone客户端 7楼 2021-09-14 14:58 玉树临风爱陳生 来人啊来人 https://gsp0.baidu.com/5aAHeD3nKhI2p27j8IqW0jdnxx1xbK/tb/editor/images/client/image_emoticon2.png https://gsp0.baidu.com/5aAHeD3nKhI2p27j8IqW0jdnxx1xbK/tb/editor/images/client/image_emoticon2.png
来自iPhone客户端 8楼 2021-09-14 14:59 玉树临风爱陳生 8梁朝伟 http://tiebapic.baidu.com/forum/w%3D580/sign=ef59bafd8afc1e17fdbf8c397a92f67c/2610ce10728b471015e2f02786cec3fdfe0323ba.jpg
来自iPhone客户端 9楼 2021-09-14 14:59 玉树临风爱陳生 7教主 http://tiebapic.baidu.com/forum/w%3D580/sign=2bc573dea1039245a1b5e107b794a4a8/33e0f0dfb48f8c547ce5403c67292df5e0fe7f26.jpg
来自iPhone客户端 10楼 2021-09-14 15:00 玉树临风爱陳生 下午没人吗这都水不到经验？ 
来自iPhone客户端 11楼 2021-09-14 15:01 玉树临风爱陳生 8阿祖 http://tiebapic.baidu.com/forum/w%3D580/sign=5bd73fd36d381f309e198da199034c67/4ca70a25ab18972b11ff0d21a3cd7b899c510a42.jpg
来自Android客户端 12楼 2021-09-14 15:18 我不能相信我 于和伟王劲松陈道明胡歌王传君王宝强 
来自Android客户端 13楼 2021-09-14 15:39 遵纪守法  http://tiebapic.baidu.com/forum/w%3D580/sign=5c5204acd15494ee87220f111df4e0e1/555b16cf36d3d539198c8ad06787e950342ab0a7.jpg
来自Android客户端 14楼 2021-09-14 16:09 七月不洗头 还几把打分呐 
来自Android客户端 15楼 2021-09-14 16:15 贴吧用户_QZAVDSC 你寄吧谁啊 
来自Android客户端 16楼 2021-09-14 16:21 心若骄 怎么抗吧全是打分贴啊 
来自iPhone客户端 18楼 2021-09-14 17:35 玉树临风爱陳生 9王宝强 http://tiebapic.baidu.com/forum/w%3D580/sign=4b35d3faafd3572c66e29cd4ba126352/5424d242ad4bd1133214332107afa40f4afb057e.jpg
来自iPhone客户端 19楼 2021-09-14 17:36 玉树临风爱陳生 10古天乐 http://tiebapic.baidu.com/forum/w%3D580/sign=d9a51c688c1373f0f53f6f97940e4b8b/3aafabd2fd1f41349fec816d781f95cad0c85e78.jpg
来自iPhone客户端 20楼 2021-09-14 17:36 玉树临风爱陳生 11张国荣 http://tiebapic.baidu.com/forum/w%3D580/sign=8fb5e06f0fed2e73fce98624b703a16d/4eaa0df51bd5ad6e640b6b01c4cb39dbb4fd3c99.jpg
来自iPhone客户端 21楼 2021-09-14 17:37 玉树临风爱陳生 12gay凯 http://tiebapic.baidu.com/forum/w%3D580/sign=f9e2bd9faef81a4c2632ecc1e7286029/d65c2d728bd4b31c72d09b50c2d6277f9c2ff8a4.jpg
来自iPhone客户端 22楼 2021-09-14 17:38 玉树临风爱陳生 13胡歌 http://tiebapic.baidu.com/forum/w%3D580/sign=410b86e5f43533faf5b6932698d1fdca/ad1cc8ee76094b36f47c1406e6cc7cd98f109da5.jpg
来自iPhone客户端 23楼 2021-09-14 17:38 玉树临风爱陳生 14陈建斌老师 http://tiebapic.baidu.com/forum/w%3D580/sign=c7ae38d33ef40ad115e4c7eb672e1151/939541a6d933c8951c969790941373f0800200a7.jpg
来自iPhone客户端 24楼 2021-09-14 17:40 玉树临风爱陳生 15塘主 http://tiebapic.baidu.com/forum/w%3D580/sign=1da6023ab6c4b7453494b71efffd1e78/a7769c3cf8dcd100ad527c322f8b4710b8122f0d.jpg
来自iPhone客户端 25楼 2021-09-14 17:41 玉树临风爱陳生 16意大利炮 https://gsp0.baidu.com/5aAHeD3nKhI2p27j8IqW0jdnxx1xbK/tb/editor/images/client/image_emoticon13.png https://gsp0.baidu.com/5aAHeD3nKhI2p27j8IqW0jdnxx1xbK/tb/editor/images/client/image_emoticon13.png http://tiebapic.baidu.com/forum/w%3D580/sign=adc6342f5ed5ad6eaaf964e2b1c939a3/0594bf305c6034a82102b76a8e1349540b2376af.jpg
