7537552659 如何看待宁人的个性签名【抗压背锅吧】_百度贴吧
来自iPhone客户端 1楼 2021-09-13 20:26 喵喵酱 点击展开，查看完整图片 http://tiebapic.baidu.com/forum/w%3D580/sign=86a79cc0f551f819f1250342eab64a76/4a39d73e8794a4c2c2abfdc04bf41bd5af6e3987.jpg
来自Android客户端 2楼 2021-09-13 20:27 金币song .cjb 
来自Android客户端 3楼 2021-09-13 20:27 清贫娘娘 没什么问题啊 https://gsp0.baidu.com/5aAHeD3nKhI2p27j8IqW0jdnxx1xbK/tb/editor/images/client/image_emoticon8.png
来自Android客户端 4楼 2021-09-13 20:27 金币song www.cjb.com 
来自Android客户端 5楼 2021-09-13 20:28 鸾 有问题吗？ 
来自Android客户端 6楼 2021-09-13 20:28 地表生物小鸡 Cjb啥意思啊？ 
来自iPhone客户端 7楼 2021-09-13 21:52 那同学de羽毛 有什么问题吗 https://gsp0.baidu.com/5aAHeD3nKhI2p27j8IqW0jdnxx1xbK/tb/editor/images/client/image_emoticon15.png
来自Android客户端 8楼 2021-09-14 00:14 咸鱼苹果派 没啥问题啊 
来自Android客户端 9楼 2021-09-14 07:51 张汁sky 污渍：世界第一艾迪西 
来自Android客户端 10楼 2021-09-14 10:40 BAY3RN 恰米尔冠军皮肤拥有者 https://gsp0.baidu.com/5aAHeD3nKhI2p27j8IqW0jdnxx1xbK/tb/editor/images/client/image_emoticon95.png
来自Android客户端 11楼 2021-09-14 10:43 观乐相反- 不是吧这都要黑一波吗？他写的不是事实吗？总比什么世一中世一上强一万倍 
12楼 2021-09-14 10:43 凌人伏间 难道不是嘛？ 
来自iPhone客户端 13楼 2021-09-14 11:34 尊尼获伽 都是cjb的话，鞋的cjb程度和污渍比谁更高呢 https://gsp0.baidu.com/5aAHeD3nKhI2p27j8IqW0jdnxx1xbK/tb/editor/images/client/image_emoticon24.png
来自Android客户端 14楼 2021-09-14 11:46 小鸟游六花 这个没啥问题吧。写的是事实啊。总不能摆烂了，之前的荣誉就没了吧 
来自Android客户端 15楼 2021-09-14 11:58 钴蓝色泡沫 开始剥夺咯 https://gsp0.baidu.com/5aAHeD3nKhI2p27j8IqW0jdnxx1xbK/tb/editor/images/client/image_emoticon95.png
来自Android客户端 16楼 2021-09-14 12:00 yishujiushien 就这两行顶小糖人一页的荣誉 
来自iPhone客户端 17楼 2021-09-14 12:05 甚么派对 宁大叔我已经一秒没听s8的故事了 
来自iPhone客户端 18楼 2021-09-14 12:20 缘分罢了 什么nt😅 
来自iPhone客户端 19楼 2021-09-14 12:36 一如初见 事实 
来自Android客户端 20楼 2021-09-14 12:39 桐生战兔 他要写s8世界第一打野我都觉得没毛病，怎么？实打实的荣誉你也要剥夺？ 
来自iPhone客户端 21楼 2021-09-14 12:45 可可泡泡鱼 有啥问题 
来自Android客户端 22楼 2021-09-14 12:45 忘平生- 楼主是nt吧写的事实有问题吗 
来自Android客户端 23楼 2021-09-14 12:47 今天别困啦 傻逼 
来自Android客户端 24楼 2021-09-14 12:47 陌大大大大大 。。。问题是事实啊 
来自iPhone客户端 25楼 2021-09-14 12:50 痘痘我是dj 傻逼 
来自Android客户端 26楼 2021-09-14 13:04 月隐星藏 这有啥问题吗 
来自iPhone客户端 27楼 2021-09-14 13:12 我释怀的笑 这不是事实？有什么问题吗？ 
来自Android客户端 28楼 2021-09-14 13:18 伊蕾娜 不比小糖人的世界第一adc真? 
来自Android客户端 29楼 2021-09-14 13:22 亿拳打死你媽 有问题，不是uzi 
来自iPhone客户端 30楼 2021-09-14 13:23 命中种子 傻逼 
来自Android客户端 31楼 2021-09-14 13:25 walnut10 评价nm，实话实说有啥问题 
来自Android客户端 32楼 2021-09-14 13:27 最后的轻语 没毛病 
来自Android客户端 33楼 2021-09-14 13:27 噶噶噶  http://tiebapic.baidu.com/forum/w%3D580/sign=a1f4a4c8f57eca80120539efa1219712/16a2602662d0f703826a97374dfa513d2497c5b7.jpg
来自iPhone客户端 34楼 2021-09-14 13:32 雀氏这把我吸 事实罢了 
来自iPhone客户端 35楼 2021-09-14 13:51 Amiers 这有什么问题？ 
来自Android客户端 36楼 2021-09-14 13:55 九点半 这不是事实? 
来自Android客户端 37楼 2021-09-14 14:03 Mikkiz ？ 
38楼 2021-09-14 14:07 望川w流霞 没毛病啊，人家确实有冠军，不像某cjb胖子 https://tb2.bdstatic.com/tb/editor/images/face/i_f08.png?t=20140803
39楼 2021-09-14 14:10 秋来九月八 傻逼阐述事实有问题？？？戳到你的痛处了？？？ 
来自iPhone客户端 40楼 2021-09-14 14:24 丰硕大师 s8不是世界第一打野你妈是世界第一打野是吧😅 
来自Android客户端 41楼 2021-09-14 14:30 mata山 傻逼 
来自Android客户端 42楼 2021-09-14 14:35 离人不还 少了一行S8世界第一打野 https://gsp0.baidu.com/5aAHeD3nKhI2p27j8IqW0jdnxx1xbK/tb/editor/images/client/image_emoticon24.png
来自Android客户端 44楼 2021-09-14 15:02 久宅成疾 傻逼 
来自Android客户端 45楼 2021-09-14 15:03 絵空事 剥夺！ 
来自Android客户端 46楼 2021-09-14 15:04 贴吧用户_53C22ay 傻逼 
来自Android客户端 47楼 2021-09-14 15:04 贴吧用户_53C22ay 能发出来啊 
来自iPhone客户端 48楼 2021-09-14 15:13 润公千古不朽 没问题啊，是事实。总比小糖人说自己世界第一强 
来自Android客户端 49楼 2021-09-14 15:17 Joy 编的吧？ 
来自iPhone客户端 50楼 2021-09-14 15:22 VicTor- 事实 
来自Android客户端 51楼 2021-09-14 15:25 十一雨- 想撰改历史了是吧 
来自iPhone客户端 52楼 2021-09-14 15:27 弟别活在过去 确实是实话啊😅比虚空剑指冠军什么的实在吧 
来自iPhone客户端 53楼 2021-09-14 15:33 Jhin 遮羞布 https://gsp0.baidu.com/5aAHeD3nKhI2p27j8IqW0jdnxx1xbK/tb/editor/images/client/image_emoticon3.png
来自Android客户端 54楼 2021-09-14 15:33 想要皮肤的屑 反转了，s9fmvp是新一 
来自Android客户端 55楼 2021-09-14 15:34 快快睡着 没问题啊他这俩名头又不是吹出来的 
来自Android客户端 56楼 2021-09-14 15:35 桥畔听雨丶 实话被挂，你让那些cjb怎么活 https://gsp0.baidu.com/5aAHeD3nKhI2p27j8IqW0jdnxx1xbK/tb/editor/images/client/image_emoticon22.png
来自Android客户端 57楼 2021-09-14 15:35 筱田OTL优 鞋子什么时候进的痘印 
来自Android客户端 58楼 2021-09-14 15:37 辽足战斗9 这确实是事实啊 https://gsp0.baidu.com/5aAHeD3nKhI2p27j8IqW0jdnxx1xbK/tb/editor/images/client/image_emoticon22.png
来自Android客户端 59楼 2021-09-14 15:42 bhknm ？不是他难道是糖人 
来自iPhone客户端 60楼 2021-09-14 15:47 博至无憾 傻逼 
61楼 2021-09-14 15:47 资深外卖员 NING也太不要脸了，拿RNG的荣誉做个性签名 
来自iPhone客户端 62楼 2021-09-14 15:56 一起旅行吗 我还以为说的糖人， https://gsp0.baidu.com/5aAHeD3nKhI2p27j8IqW0jdnxx1xbK/tb/editor/images/client/image_emoticon22.png
来自Android客户端 64楼 2021-09-14 15:58 此剑抚不平之事 有些人是不是看到这两行就ptsd就恨得牙痒痒啊对说的就是你 https://gsp0.baidu.com/5aAHeD3nKhI2p27j8IqW0jdnxx1xbK/tb/editor/images/client/image_emoticon22.png
来自iPhone客户端 65楼 2021-09-14 15:59 狮子显世 实话实说也不让了啊 https://gsp0.baidu.com/5aAHeD3nKhI2p27j8IqW0jdnxx1xbK/tb/editor/images/client/image_emoticon8.png
来自iPhone客户端 66楼 2021-09-14 16:00 狮子显世 他直接写s8世界第一打野也没问题 
来自Android客户端 67楼 2021-09-14 16:18 BiOcc 臭鞋s8我是认可的 https://gsp0.baidu.com/5aAHeD3nKhI2p27j8IqW0jdnxx1xbK/tb/editor/images/client/image_emoticon24.png
来自iPhone客户端 68楼 2021-09-14 16:19 一缕孤灵 很中肯啊 
来自Android客户端 71楼 2021-09-14 16:35 踏雪无痕aiqq 傻逼 
来自Android客户端 72楼 2021-09-14 16:37 可爱的瑞萌萌啊 现在烂掉了S8也给剥夺了是吧 
来自Android客户端 73楼 2021-09-14 16:38 滑稽怪ww 写实打实自己的荣誉也拿出来说啊？ 
来自Android客户端 74楼 2021-09-14 16:39 丘丘卡特 傻逼 
来自iPhone客户端 75楼 2021-09-14 16:40 明月丶清风丶我 这不是事实？你什么成分？ 
来自Android客户端 76楼 2021-09-14 16:41 海绵宝宝小帆 傻卵 
来自iPhone客户端 77楼 2021-09-14 16:44 赤利普贝当喵 和断手一起活在s8了 
来自Android客户端 78楼 2021-09-14 16:46 曼联名宿杰伦 写个事实也有问题，啥都剥夺啊，你真是个纯纯的低能傻逼 
来自Android客户端 79楼 2021-09-14 16:46 皖幽灬 有什么问题吗不过是在陈述一个事实罢了 https://gsp0.baidu.com/5aAHeD3nKhI2p27j8IqW0jdnxx1xbK/tb/editor/images/client/image_emoticon15.png https://gsp0.baidu.com/5aAHeD3nKhI2p27j8IqW0jdnxx1xbK/tb/editor/images/client/image_emoticon10.png
来自Android客户端 80楼 2021-09-14 16:49 轻语QAQ 傻逼 
来自Android客户端 81楼 2021-09-14 16:51 无言伤s 活在s8了 
来自iPhone客户端 82楼 2021-09-14 16:56 贝极星 岁月史书那一套你也想玩是吧 
来自Android客户端 83楼 2021-09-14 16:56 Meryl 傻逼 
来自iPhone客户端 84楼 2021-09-14 17:02 还在等天黑 没说错啊 
来自Android客户端 85楼 2021-09-14 17:04 精神苏联人 还没魄狙粉丝多 
来自Android客户端 86楼 2021-09-14 17:09 萧的肆二六 人家把事实写出来怎么了？自己拿的成绩还不让写了？难道非要写什么世界第一打野，世界第一adc才行是吧？这两含金量不是被世界赛冠军爆杀？ https://gsp0.baidu.com/5aAHeD3nKhI2p27j8IqW0jdnxx1xbK/tb/editor/images/client/image_emoticon8.png
来自Android客户端 87楼 2021-09-14 17:10 祉汀 傻逼 
来自iPhone客户端 89楼 2021-09-14 17:12 江风夜鸣鸣 看你🐴币有什么问题？ 
来自Android客户端 90楼 2021-09-14 17:14 小小神神丶 天天评价这个评价那个多少沾点 https://gsp0.baidu.com/5aAHeD3nKhI2p27j8IqW0jdnxx1xbK/tb/editor/images/client/image_emoticon10.png
来自Android客户端 91楼 2021-09-14 17:16 海棠花的唇语 S7的rng小组赛双杀三星S8的ig没有赢过rng一场所以rng是S7，S8两连冠，建议拳头赶紧给洗澡狗补发皮肤以及fmvp奖杯 https://gsp0.baidu.com/5aAHeD3nKhI2p27j8IqW0jdnxx1xbK/tb/editor/images/client/image_emoticon25.png
来自Android客户端 92楼 2021-09-14 17:27 尼禄 有人能科普下讨论👟签名为啥能扯到rng和🚿🐶吗😅 
来自iPhone客户端 93楼 2021-09-14 17:28 三堂伊面加蛋 不写这个难道写你们每天挂在嘴边的词啊😋 
来自iPhone客户端 94楼 2021-09-14 17:31 嗯是猫 ？就单纯夺个冠而已就敢这么写？ https://gsp0.baidu.com/5aAHeD3nKhI2p27j8IqW0jdnxx1xbK/tb/editor/images/client/image_emoticon3.png
来自iPhone客户端 95楼 2021-09-14 17:35 W1NRED 没毛病 
来自iPhone客户端 96楼 2021-09-14 17:36 含毒量过高 青钢影二段踢罢了 https://gsp0.baidu.com/5aAHeD3nKhI2p27j8IqW0jdnxx1xbK/tb/editor/images/client/image_emoticon3.png
来自Android客户端 97楼 2021-09-14 17:37 KcNci 人家阐述事实也有问题吗，没一个字是错的吧 
来自iPhone客户端 98楼 2021-09-14 17:38 奈良77 极其烦他但拿他的签名并没有办法 https://gsp0.baidu.com/5aAHeD3nKhI2p27j8IqW0jdnxx1xbK/tb/editor/images/client/image_emoticon66.png
来自Android客户端 99楼 2021-09-14 17:39 uzi永远神 有问题吗 
来自Android客户端 100楼 2021-09-14 17:40 皮皮 伊戈达拉罢了 
