7536206069 英雄的翻译是hero，可是英雄联盟的翻译是League of Legends，全段里都没有hero这个词是怎么回事啊【抗压背锅吧】_百度贴吧
来自Android客户端 1楼 2021-09-12 18:59 牧野叔 英雄的翻译是hero，可是英雄联盟的翻译是LeagueofLegends，全段里都没有hero这个词是怎么回事啊 
2楼 2021-09-12 19:00 千清啊 英雄的翻译不是champion？ 
来自Android客户端 3楼 2021-09-12 19:28 风格无涯 以前不是叫lol吗，撸啊撸吗 https://gsp0.baidu.com/5aAHeD3nKhI2p27j8IqW0jdnxx1xbK/tb/editor/images/client/image_emoticon2.png
来自Android客户端 4楼 2021-09-12 23:50 徐白薇 我也奇怪，联盟的英文名不是group吗？再高级点就是team啊，再长一点就是famili，怎么翻译的，还如当初的qq战争 
来自Android客户端 5楼 2021-09-13 00:41 破鞋与LKD legend的意思有传说、英雄 
来自Android客户端 6楼 2021-09-13 13:14 抗锅吧务团队- 逆天 
来自Android客户端 7楼 2021-09-13 19:42 蘑菇队长 当时译名备选项还有QQ魔法战争呢 
来自Android客户端 8楼 2021-09-13 19:43 匿名好友灬丶 恶魔五月哭?远哭?回4点血? 
9楼 2021-09-13 19:47 乱扣帽子没有 以前是hero的后来被打了一拳为什么是hero？不是shero？就变成这样了。 
来自Android客户端 10楼 2021-09-13 19:49 早该毒唯乐 不如qq魔法战争 
来自Android客户端 11楼 2021-09-13 20:01 今儿风甚是喧 国服名称是投票选的，投票选项里有传奇联盟这个选项，但没干过英雄联盟 
来自Android客户端 12楼 2021-09-13 20:25 zenren  https://gsp0.baidu.com/5aAHeD3nKhI2p27j8IqW0jdnxx1xbK/tb/editor/images/client/image_emoticon8.png
来自iPhone客户端 13楼 2021-09-13 21:52 倪敏替我咯 呵呵hero为什么不叫shero，你这是歧视吗，一点不会感恩是吧。 
来自Android客户端 14楼 2021-09-13 22:08 shxyg 你先想想为什么standtogether能被翻译成秘奥义慈悲度魂落 
来自Android客户端 15楼 2021-09-13 22:13 双冠上单 打得过瞬狱影杀阵🐴 
来自Android客户端 16楼 2021-09-13 23:10 寒露 丈育 
来自iPhone客户端 17楼 2021-09-13 23:20 我是风见骄人 因为不是直译，legend有传奇人物的意思。还有lol里面的英雄其实叫champion不叫hero。是斗士或者斗争者的意思 
来自iPhone客户端 18楼 2021-09-14 00:33 碧莲面包 DeathMark带🔥不去百度猜猜是啥技能国服的翻译之前看过一个帖子搬了好多英文原版的，我一直觉得翻的都挺好。不过印象最深刻的还是这个 https://gsp0.baidu.com/5aAHeD3nKhI2p27j8IqW0jdnxx1xbK/tb/editor/images/client/image_emoticon3.png https://gsp0.baidu.com/5aAHeD3nKhI2p27j8IqW0jdnxx1xbK/tb/editor/images/client/image_emoticon24.png
来自Android客户端 19楼 2021-09-14 04:23 仿钗笑畆 死翻译是吧 
来自Android客户端 20楼 2021-09-14 04:35 他们又放假了 当时差点就投票叫qq魔法战争了 https://gsp0.baidu.com/5aAHeD3nKhI2p27j8IqW0jdnxx1xbK/tb/editor/images/client/image_emoticon8.png
来自iPhone客户端 21楼 2021-09-14 07:17 舒克suki 国服名称是投票选的，投票选项里有传奇联盟这个选项，但没干过英雄联盟 
来自iPhone客户端 23楼 2021-09-14 07:39 加油吧青年人 果然这就能看出撸啊撸谁是主力了，单词没学几个，搁这秀啥了？弟弟们如果不是家里有矿，赶紧给👴回去好好读书！ 
来自Android客户端 24楼 2021-09-14 07:50 告辞 传说对决 
来自Android客户端 25楼 2021-09-14 07:52 狗骑枪 哈哈，水浒传为啥会被老外翻译成四海之内皆兄弟呢 
来自Android客户端 26楼 2021-09-14 08:08 三年痛么丶 还英雄联盟叫下半身瘫痪联盟 
来自Android客户端 27楼 2021-09-14 08:08 张快乐 丈育差不多得了 https://gsp0.baidu.com/5aAHeD3nKhI2p27j8IqW0jdnxx1xbK/tb/editor/images/client/image_emoticon8.png
来自Android客户端 28楼 2021-09-14 08:08 夏梓涵 。 
来自Android客户端 29楼 2021-09-14 08:14 机敏级核潜艇 文盲 
来自Android客户端 30楼 2021-09-14 08:15 亚顿之矛 什么小学肆业 
来自Android客户端 31楼 2021-09-14 08:18 m丶惜苒 看看这个视频你就知道了点击展开，查看完整图片 http://tiebapic.baidu.com/forum/w%3D580/sign=5e439fbf464f78f0800b9afb49300a83/4d79a487c9177f3ec2a7fde635cf3bc79d3d56f8.jpg
来自Android客户端 32楼 2021-09-14 08:19 口腔有点溃疡 hero，legend，champion都当近义词用，翻译又不是对着小学词典的释义这么死板。 
来自Android客户端 33楼 2021-09-14 08:20 Mr-晶体管 为了模仿wow就搞成了lol 
来自Android客户端 34楼 2021-09-14 08:21 鸡逆态美 你发到rz吧去吧 
来自Android客户端 35楼 2021-09-14 08:26 无力感爬满 逆天 https://gsp0.baidu.com/5aAHeD3nKhI2p27j8IqW0jdnxx1xbK/tb/editor/images/client/image_emoticon8.png
来自iPhone客户端 36楼 2021-09-14 08:39 贴吧用户_Q9UaX8e 谁告诉你lol的中文名字是翻译英文而来的啊？一开始我好像记得还准备叫QQ魔法战争什么的，一堆名字投票出来的。。。如果投出来QQ魔法战争什么的你怎么翻译？ https://gsp0.baidu.com/5aAHeD3nKhI2p27j8IqW0jdnxx1xbK/tb/editor/images/client/image_emoticon8.png
来自Android客户端 37楼 2021-09-14 08:48 这太英霸了 apexlegends不也叫apex英雄 
来自Android客户端 38楼 2021-09-14 08:50 白羽的好朋友 legends，英雄，传说。而hero多表示民族英雄，人民英雄。比如说美国的华盛顿就用hero，但要说什么美国队长，钢铁侠什么的legends更好一点(hero也行)，一个英语学渣的解释 https://gsp0.baidu.com/5aAHeD3nKhI2p27j8IqW0jdnxx1xbK/tb/editor/images/client/image_emoticon3.png
来自Android客户端 39楼 2021-09-14 08:51 不想起 farcry为什么叫孤岛惊魂，reddead为什么叫荒野大镖客 https://gsp0.baidu.com/5aAHeD3nKhI2p27j8IqW0jdnxx1xbK/tb/editor/images/client/image_emoticon15.png
来自Android客户端 40楼 2021-09-14 09:18 贴吧用户_GG6GZG8 乳化了？ 
来自Android客户端 41楼 2021-09-14 09:19 主播的信仰 最早的翻译就是传奇联盟，后来投票改的英雄联盟 
来自Android客户端 42楼 2021-09-14 09:19 喂那谁查水表啦 QQ魔法战争 
来自Android客户端 43楼 2021-09-14 09:22 莫名南塔塔 传说 
来自Android客户端 44楼 2021-09-14 09:28 图吧小水神 不是QQ魔法战争？ 
来自Android客户端 45楼 2021-09-14 09:29 佩可佩可 呵呵，萌与盟来了全杀了 https://gsp0.baidu.com/5aAHeD3nKhI2p27j8IqW0jdnxx1xbK/tb/editor/images/client/image_emoticon8.png
来自Android客户端 46楼 2021-09-14 09:31 瞅啥子瞅 直译是传奇联盟 
来自Android客户端 47楼 2021-09-14 09:38 一个滑铲 这个翻译问题b站有个up格雷的英语有一期讲过具体原因，但时间太久我记不住了 
来自Android客户端 48楼 2021-09-14 09:45 花上的亡灵 don'tstarve为什么叫饥荒而不是别饿死 https://gsp0.baidu.com/5aAHeD3nKhI2p27j8IqW0jdnxx1xbK/tb/editor/images/client/image_emoticon15.png
来自Android客户端 49楼 2021-09-14 09:48 桜井-道人 不如QQ魔法战争 https://gsp0.baidu.com/5aAHeD3nKhI2p27j8IqW0jdnxx1xbK/tb/editor/images/client/image_emoticon24.png
来自Android客户端 50楼 2021-09-14 09:50 骑士王的荣耀go loser中的loser才是真英雄，简称lol https://gsp0.baidu.com/5aAHeD3nKhI2p27j8IqW0jdnxx1xbK/tb/editor/images/client/image_emoticon16.png
来自Android客户端 51楼 2021-09-14 09:53 Celshit 问这个问题至少得知道啥是直译啥是意译吧 
来自iPhone客户端 53楼 2021-09-14 09:57 司马咲川 我的评价是不如QQ魔法战争 http://tiebapic.baidu.com/forum/w%3D580/sign=d5ab2a3b6b7adab43dd01b4bbbd5b36b/38737e1fd21b0ef43667014d80c451da80cb3e4c.jpg
来自Android客户端 54楼 2021-09-14 09:58 无冕者 信达雅 
来自Android客户端 55楼 2021-09-14 09:59 有序 Legends也可以指代传说中的英雄们 
来自Android客户端 56楼 2021-09-14 10:01 小丶十六 不如叫王者荣耀吧 https://gsp0.baidu.com/5aAHeD3nKhI2p27j8IqW0jdnxx1xbK/tb/editor/images/client/image_emoticon3.png
来自iPhone客户端 57楼 2021-09-14 10:01 Robin 我觉得你上个高中都不会说出这种蠢话 https://gsp0.baidu.com/5aAHeD3nKhI2p27j8IqW0jdnxx1xbK/tb/editor/images/client/image_emoticon8.png
来自Android客户端 58楼 2021-09-14 10:01 有序 在英雄联盟的最初设定里，峡谷里的英雄们是被召唤师召唤来的，所以用legends会比hero更好，因为hero更加强调身处于事件之中的人对英雄的称呼。比如德玛西亚的人可以叫盖伦hero，但是如果作为召唤师召唤称之为legend就会更好 
来自Android客户端 59楼 2021-09-14 10:02 我都没说你 qq魔法战争 
来自Android客户端 60楼 2021-09-14 10:02 有序 而且这样命名好看 
来自Android客户端 61楼 2021-09-14 10:06 空条徐坤 丢人 
来自Android客户端 62楼 2021-09-14 10:11 赶月的流星 本来是叫QQ传奇联赛 
来自Android客户端 63楼 2021-09-14 10:25 一条薪王咸鱼 老头滚动条是吧恶魔五月哭是吧远哭是吧影子死两次是吧左边四个死两个是吧红死救赎是吧 
来自Android客户端 64楼 2021-09-14 10:27 你能帮帮我么 雷杰多联盟 
来自Android客户端 65楼 2021-09-14 10:33 藿香正气水 你是一个传奇，可以理解为你是一个英雄，legend翻译成英雄也没问题。不过我没法理解的一个翻译是apexlegends，名字翻译成apex英雄，结果进去选英雄他翻译成选择你的传奇 https://gsp0.baidu.com/5aAHeD3nKhI2p27j8IqW0jdnxx1xbK/tb/editor/images/client/image_emoticon8.png
来自Android客户端 66楼 2021-09-14 10:36 你寄8谁啊 我要是跟你一样能水我早都13级了 
来自Android客户端 67楼 2021-09-14 10:38 混子1 什么大专 
来自Android客户端 68楼 2021-09-14 10:40 粉嘟嘟小姊 因为此英雄非彼英雄，这里中文词汇比较匮乏，找不到一个合适的词，只能译味英雄 
来自Android客户端 69楼 2021-09-14 10:42 别惦记你那b 抗吧的学历上下限可真是差太大了 https://gsp0.baidu.com/5aAHeD3nKhI2p27j8IqW0jdnxx1xbK/tb/editor/images/client/image_emoticon66.png
来自Android客户端 70楼 2021-09-14 11:11 半卷厕纸 因为hero会被♀⭕ 
来自Android客户端 71楼 2021-09-14 11:13 -厌战- destinyhero毁灭凤凰人 https://gsp0.baidu.com/5aAHeD3nKhI2p27j8IqW0jdnxx1xbK/tb/editor/images/client/image_emoticon6.png
来自Android客户端 72楼 2021-09-14 11:20 残阳血兔 不会真有人觉得抗吧等级高很光荣吧😅 
来自Android客户端 73楼 2021-09-14 11:21 空谷白 谁说翻译就得直译啊？ 
来自Android客户端 74楼 2021-09-14 11:23 月吧土城 说实话要不是现在叫惯叫熟，其实英雄联盟也挺low的 
来自iPhone客户端 75楼 2021-09-14 11:23 三月风暖天转情 😅😅😅真不是来帆船的吗各位带哥们？不是帆船的话建议好好上英语课背单词哦，不然四六级堪忧 
来自Android客户端 76楼 2021-09-14 11:26 抖落三秒 这游戏其实叫qq魔法战争 
来自Android客户端 77楼 2021-09-14 11:26 电竞白莲花 因为这不是直接翻译，当初腾讯搞了个投票，英雄联盟这个名字票选率第一 
来自Android客户端 78楼 2021-09-14 11:32 老外老王他爸 英雄联盟这个名字是™的选出来的不会有人不知道吧 https://gsp0.baidu.com/5aAHeD3nKhI2p27j8IqW0jdnxx1xbK/tb/editor/images/client/image_emoticon25.png
来自Android客户端 79楼 2021-09-14 11:33 Whuer 真的逆天 
来自Android客户端 80楼 2021-09-14 11:34 青颜刻骨铭心 傻逼 
来自iPhone客户端 81楼 2021-09-14 11:35 分析 全世界语言加起来都打不过中文，你懂不懂这个含金量 
来自Android客户端 82楼 2021-09-14 11:35 青颜刻骨铭心 建议发到弱智吧 
来自Android客户端 83楼 2021-09-14 11:39 丶果粒奶懮 英雄联盟才是翻译。而不是英文是英雄联盟的翻译 
来自Android客户端 84楼 2021-09-14 11:40 Lyafre 答案是你牌组没有下融合命运 
来自Android客户端 85楼 2021-09-14 11:41 大东山夜雨 你去看看当年最火的传奇英文名是啥 https://gsp0.baidu.com/5aAHeD3nKhI2p27j8IqW0jdnxx1xbK/tb/editor/images/client/image_emoticon25.png
来自Android客户端 88楼 2021-09-14 11:59 今后也莫流泪 打得过QQ魔法战争吗 
来自Android客户端 89楼 2021-09-14 12:02 呼呼呼---- 丹尼尔免费男人 https://gsp0.baidu.com/5aAHeD3nKhI2p27j8IqW0jdnxx1xbK/tb/editor/images/client/image_emoticon25.png
来自Android客户端 90楼 2021-09-14 12:26 长笛一声 传奇联盟 https://gsp0.baidu.com/5aAHeD3nKhI2p27j8IqW0jdnxx1xbK/tb/editor/images/client/image_emoticon95.png
来自iPhone客户端 91楼 2021-09-14 12:28 fvfffxs dnf本来还有还有大机霸呢投票取名不清楚吗 https://gsp0.baidu.com/5aAHeD3nKhI2p27j8IqW0jdnxx1xbK/tb/editor/images/client/image_emoticon8.png
来自iPhone客户端 92楼 2021-09-14 12:28 阿普 传奇联赛 
来自Android客户端 93楼 2021-09-14 12:31 姜维是蜀国的 . 
来自Android客户端 94楼 2021-09-14 12:43 spideth 以前投票叫英雄就没改了其实要说风暴英雄角色才真翻过来是英雄LOL和apex都是传奇 
来自Android客户端 95楼 2021-09-14 12:45 冲破一切666 意思是这些传说人物都是英雄呗 https://gsp0.baidu.com/5aAHeD3nKhI2p27j8IqW0jdnxx1xbK/tb/editor/images/client/image_emoticon22.png
来自Android客户端 96楼 2021-09-14 13:00 吉姆霍斯特吧 300hero是吧？ 
来自Android客户端 97楼 2021-09-14 13:01 Wising_Tree 译名本地化吧。记得当初有投票选译名来着 
来自Android客户端 98楼 2021-09-14 13:28 饭安娜安娜 legends是传奇的意思，这里意译成英雄，直译就是传奇的联盟，英雄联盟好听一点 
来自Android客户端 99楼 2021-09-14 13:30 花舞飞樱l 😄 
来自iPhone客户端 101楼 2021-09-14 13:34 贴吧用户_0t6MJC8  http://tiebapic.baidu.com/forum/w%3D580/sign=5b3d6601c4cb39dbc1c0675ee01409a7/c26e8eb0cb1349548fdaea8f134e9258d3094a43.jpg
来自Android客户端 103楼 2021-09-14 14:10 落幕下线001 传说对决罢了 
来自Android客户端 104楼 2021-09-14 14:13 园田喀秋莎 不是EiyuRenmei？？？ 
来自Android客户端 105楼 2021-09-14 14:14 贴吧用户_7RDe4D8 当时lol刚出时候盛大传奇很火，腾讯为了避嫌就不直译成传奇联盟了 
来自iPhone客户端 106楼 2021-09-14 14:35 wsnd hero和legend名词翻译过来是一样的但是寓意不一样吧 
来自Android客户端 107楼 2021-09-14 14:36 PangX-- 傻逼带专 
来自Android客户端 108楼 2021-09-14 14:43 杨过 我觉得翻译算是用本地需要的再创作 
来自Android客户端 109楼 2021-09-14 15:01 殊途同归 信达雅 
来自iPhone客户端 110楼 2021-09-14 15:03 k丶 有传奇的意思 
来自Android客户端 111楼 2021-09-14 15:27 无脚鸟 多读书就不会有这样的问题了😅 
来自Android客户端 112楼 2021-09-14 15:48 彡浪迹天涯彡 legend你可以理解为传奇（人物），翻译成英雄没什么问题，apexlegends中翻也是apex英雄 
来自Android客户端 113楼 2021-09-14 16:01 南国银杏 差点王者联盟 
来自Android客户端 114楼 2021-09-14 16:09 白石命 不是QQ魔法战争？ https://gsp0.baidu.com/5aAHeD3nKhI2p27j8IqW0jdnxx1xbK/tb/editor/images/client/image_emoticon3.png
来自Android客户端 115楼 2021-09-14 16:11 暗月之敌 确实，建议叫萨科联盟 https://gsp0.baidu.com/5aAHeD3nKhI2p27j8IqW0jdnxx1xbK/tb/editor/images/client/image_emoticon3.png
116楼 2021-09-14 16:17 氩气酱 hero里的hero才能被称之为legend。当然lol里的角色，你说盖伦，诺手这些叫他们hero就算了。你管瑞兹，佐伊，沙皇，龙王这些叫hero不是恶心人吗？叫人家legend都有点折煞人家了。 
来自Android客户端 117楼 2021-09-14 16:24 又甘又刻 传奇联盟 
来自iPhone客户端 118楼 2021-09-14 16:28 ggmost 什么远古遗迹守卫战 https://gsp0.baidu.com/5aAHeD3nKhI2p27j8IqW0jdnxx1xbK/tb/editor/images/client/image_emoticon3.png https://gsp0.baidu.com/5aAHeD3nKhI2p27j8IqW0jdnxx1xbK/tb/editor/images/client/image_emoticon3.png https://gsp0.baidu.com/5aAHeD3nKhI2p27j8IqW0jdnxx1xbK/tb/editor/images/client/image_emoticon3.png
来自Android客户端 119楼 2021-09-14 16:35 丶电典紅鲷 那翻译成qq联盟？qq传奇？ 
来自Android客户端 120楼 2021-09-14 16:41 这名字醉了666 联赛的传奇（懂得都懂） https://gsp0.baidu.com/5aAHeD3nKhI2p27j8IqW0jdnxx1xbK/tb/editor/images/client/image_emoticon25.png
来自Android客户端 121楼 2021-09-14 16:51 既来之就别走 Mc为什么不是myworld？同款问题了属于是 https://gsp0.baidu.com/5aAHeD3nKhI2p27j8IqW0jdnxx1xbK/tb/editor/images/client/image_emoticon22.png https://gsp0.baidu.com/5aAHeD3nKhI2p27j8IqW0jdnxx1xbK/tb/editor/images/client/image_emoticon22.png
来自Android客户端 122楼 2021-09-14 17:18 离渊丶 黄牌就是这么上的？ https://gsp0.baidu.com/5aAHeD3nKhI2p27j8IqW0jdnxx1xbK/tb/editor/images/client/image_emoticon16.png
来自iPhone客户端 123楼 2021-09-14 17:21 还能再相遇吗 😅看不懂你们说啥，拖扛扛们的后腿了 
来自iPhone客户端 124楼 2021-09-14 17:30 像漩涡一样的风 叫qq魔法战争就不会有这问题了 
来自iPhone客户端 125楼 2021-09-14 17:38 萍乡膏书寄 能想出这么弱智的水贴方法真是辛苦你了 
