7537776117 【图片】说说最cjb的网络小说和最被低估的网络小说top5。【抗压背锅吧】_百度贴吧
来自Android客户端 1楼 2021-09-14 00:03 讨厌 本帖全是我个人在指点江山，仅代表个人意见。排名不代表小说本身好坏，举例cjb排名第一不代表就比第二差，但相比第二它的评价和它的水平更cjb。同理最被低估排名只代表被低估的程度高低，也和小说水平无关。 http://tiebapic.baidu.com/forum/w%3D580/sign=704601f0a01f4134e0370576151f95c1/b26ca0cd7cd98d10d7b190227c3fb80e7aec90eb.jpg
来自Android客户端 2楼 2021-09-14 00:04 金币song 《成都，今夜请将我遗忘》 
来自Android客户端 3楼 2021-09-14 00:06 讨厌 先来cjb榜，top5，神墓这本小说很多人奉为经典，在早期吹的很多，实际上可能作者写了不到一半就没大纲了，很不流畅，文笔十分普通，也没什么出彩之处。点击展开，查看完整图片 http://tiebapic.baidu.com/forum/w%3D580/sign=45bf1dacd15494ee87220f111df5e0e1/555b16cf36d3d539006193d06787e950342ab0fc.jpg
来自Android客户端 4楼 2021-09-14 00:13 讨厌 cjb第四，雪中悍刀行一本相当不错的小说，被抬到了不属于它的高度。基本被吹成网络第一神书，诺贝尔奖。不否认是个好书，但我排的是cjb榜，它吹的有点过点击展开，查看完整图片 http://tiebapic.baidu.com/forum/w%3D580/sign=936d42e7ea4543a9f51bfac42e168a7b/038cfbddd100baa1ed65dba81a10b912c9fc2e8e.jpg
来自Android客户端 6楼 2021-09-14 00:21 讨厌 top3，斗破苍穹突出一个除了爽，要啥没啥。而且其实也不是很爽，因为“爽”的营造建立在摩擦读者智商之上，这种简单低能的情节真的很爽么？我年少也犯过错，看过这本书。但是现在我还想说，gou都不看点击展开，查看完整图片 http://tiebapic.baidu.com/forum/w%3D580/sign=26aea0d4cd529822053339cbe7cb7b3b/82a68983b9014a90968edaaef4773912b21beea0.jpg
来自Android客户端 7楼 2021-09-14 00:27 讨厌 top2，斗罗大陆离谱就离谱在，还nm有一大堆续集。。足矣超越斗破点击展开，查看完整图片 http://tiebapic.baidu.com/forum/w%3D580/sign=8fb24e02c81001e94e3c1407880f7b06/0493710f0cf3d7ca57b5389db71fbe096963a9c8.jpg
来自Android客户端 8楼 2021-09-14 00:37 讨厌 top1，盗墓笔记。这本书更应该放在网页弹窗里，李毅吧引流帖里，微信阅读广告里。说到各种逻辑不通，挖坑不填的问题，作者驾驭不住自己的作品，不就是低能的表现么真的有很多人把一个烂尾作品捧上神坛。点击展开，查看完整图片 http://tiebapic.baidu.com/forum/w%3D580/sign=16b7a5d08aca7bcb7d7bc7278e086b3f/6ab2708ca9773912d7a21972a5198618377ae254.jpg
来自Android客户端 9楼 2021-09-14 00:39 讨厌 晚上没人么！没人我白天再发第二个榜了 https://gsp0.baidu.com/5aAHeD3nKhI2p27j8IqW0jdnxx1xbK/tb/editor/images/client/image_emoticon6.png
来自Android客户端 10楼 2021-09-14 00:40 恣意妄想 来点小说推荐 https://gsp0.baidu.com/5aAHeD3nKhI2p27j8IqW0jdnxx1xbK/tb/editor/images/client/image_emoticon24.png
来自Android客户端 11楼 2021-09-14 00:42 并不能够用 Top5是无限流末世流恐怖流暗黑流？ 
来自Android客户端 12楼 2021-09-14 00:48 讨厌 接下来是被低估小说top5。关键是被低估，划重点top5，全职高手没错这本书已经很火了，甚至拍了电视剧。相比于其他同样热度的作品和翻拍影视作品，我还是觉得它被低估了。它在网络游戏类小说里，有第一没第二，第三差着十万八千里。尤其是人物塑造方面，高出同热度小说一条街。顺便一提，盗墓笔记的人物塑造也是非常成功的，这也是盗墓唯一拿的出手的了点击展开，查看完整图片 http://tiebapic.baidu.com/forum/w%3D580/sign=64b8fcd8effb43161a1f7a7210a54642/96e4b018ebc4b7451a7c2b0592fc1e178b82156f.jpg
来自Android客户端 13楼 2021-09-14 00:53 讨厌 被低估top4，紫川慢热作者+慢热小说，十年磨一剑的感觉网文上古时代，还有人讨论这部作品，现在早就无人问津了，真的很可惜。点击展开，查看完整图片 http://tiebapic.baidu.com/forum/w%3D580/sign=28395bf00a2c11dfded1bf2b53266255/4df2ae4ad11373f0c8e2f38cf90f4bfbfaed0472.jpg
来自Android客户端 15楼 2021-09-14 00:57 讨厌 top3，贩罪这本书居然不火，我是完全没想到的文笔，设定，结构，人物塑造都是上层，基本爆掉市面上95的小说吧。点击展开，查看完整图片 http://tiebapic.baidu.com/forum/w%3D580/sign=458bc929f7119313c743ffb8553a0c10/8d6eaaed8a1363277418c5d8d48fa0ec0afac792.jpg
来自Android客户端 16楼 2021-09-14 01:03 讨厌 top2，神游这本书当时把我看呆了。和其他仙侠小说比基本降维打击。看过的人少之又少，被严重低估，作者其他作品也十分优秀，但一个比一个低调。如果这本书和你的胃口，他的其他作品都可以一看点击展开，查看完整图片 http://tiebapic.baidu.com/forum/w%3D580/sign=b70e84261766d0167e199e20a729d498/d5e50a22dd54564e1c8de3d2f6de9c82d3584fa7.jpg
来自Android客户端 17楼 2021-09-14 01:07 RW不讲武德 剑来前期还行，中期后只能说是作者写给自己看的 
来自Android客户端 19楼 2021-09-14 01:11 纯爱天下第一 多推荐点，正好没书看了 
来自Android客户端 20楼 2021-09-14 01:19 qwe123 盗墓笔记青铜神树那卷单独拿出来还不错 
来自Android客户端 21楼 2021-09-14 01:22 正义天帝 真神榜第一遮天。试问哪本小说完结之后能与遮天比？看看各大小说吧。遮天十年小说。现在讨论度照样高。 
来自Android客户端 23楼 2021-09-14 01:30 贴吧用户_G72QE3K 推荐攻略世界要死一千次，真别看书名可能把你劝退，货真价实少数神文之一，逻辑完全自洽，看完绝对大呼过瘾，爽的同时也颇有深度。抗吧各位看完绝对夸好。 
来自Android客户端 24楼 2021-09-14 01:32 贴吧用户_G72QE3K 再推荐个怪谈盛兴之后，也算是网文里面水平比较高的了。乱杀雪中斗破这种cjb 
来自Android客户端 25楼 2021-09-14 01:39 斜听风看雨 to1呢 https://gsp0.baidu.com/5aAHeD3nKhI2p27j8IqW0jdnxx1xbK/tb/editor/images/client/image_emoticon15.png
来自Android客户端 26楼 2021-09-14 01:40 我就是想改名 说起被低估就想起了仙魔变，真的是被书名拖累的一部小说 https://gsp0.baidu.com/5aAHeD3nKhI2p27j8IqW0jdnxx1xbK/tb/editor/images/client/image_emoticon3.png
27楼 2021-09-14 01:43 战痕晨曦 圣徒是真不错，很老的书了 https://tb2.bdstatic.com/tb/editor/images/face/i_f03.png?t=20140803
来自Android客户端 28楼 2021-09-14 01:46 讨厌 有人说被吞了，重发top1最被低估小说top1，历@史的尘埃这本书的水平足够进各种网络小说排行前十。全书没有死角，剧情一气贯通，人物真实有记忆点，文笔强大匠气不重，设定前凸后翘。而且细看总感觉作者根本没有用全力。从来没见过人吹这本书，我来吹，它就是最被低估的一本网络小说。点击展开，查看完整图片 http://tiebapic.baidu.com/forum/w%3D580/sign=040fe7dc70fae6cd0cb4ab693fb20f9e/2f6f9f83d158ccbfffa5b3d15cd8bc3eb0354176.jpg
来自Android客户端 30楼 2021-09-14 01:55 讨厌 两个top十本书全部发完，一拍脑袋想出来的不要当真。有吞楼情况让我知道一下，谢谢 
来自Android客户端 32楼 2021-09-14 02:09 贴吧用户_GG6GZG8 最cjb诡秘之主 
来自iPhone客户端 33楼 2021-09-14 02:13 鹅鹅鹅鹅鹅额哦 看得出来对于楼猪来说，远古全是吹寄吧。照你这么说，魔兽世界，dota,cs等等全是吹寄吧，因为现在玩起来就是坨屎啊 
来自Android客户端 34楼 2021-09-14 02:15 讨厌 补被吞的top2，斗罗大陆离谱就离谱在，***有一大堆续集。。足矣超越斗破点击展开，查看完整图片 http://tiebapic.baidu.com/forum/w%3D580/sign=85e11d06e6cc7cd9fa2d34d109002104/954693539822720e25bde4113ecb0a46f31fab18.jpg
来自iPhone客户端 35楼 2021-09-14 02:23 Mr草莓大魔王 推荐。黑暗王者全球进化 
来自iPhone客户端 36楼 2021-09-14 03:39 爱老司机134 宰执天下，网络历史小说的天花板。点击展开，查看完整图片 http://tiebapic.baidu.com/forum/w%3D580/sign=8d71e2dbffa1cd1105b672288913c8b0/796ce41090ef76c6d242fdc0d816fdfaad5167ff.jpg
来自Android客户端 37楼 2021-09-14 03:56 白伞 有没有东方玄幻类的推荐一下，最近压力有点大就想看点爽的，别那么无脑就行 
来自Android客户端 38楼 2021-09-14 04:56 多可悲丶 打得过逆天邪神吗 
来自Android客户端 39楼 2021-09-14 05:13 加速加速加速 好帖 https://gsp0.baidu.com/5aAHeD3nKhI2p27j8IqW0jdnxx1xbK/tb/editor/images/client/image_emoticon13.png
来自iPhone客户端 40楼 2021-09-14 05:27 CAaaar 神油是吧 
来自Android客户端 42楼 2021-09-14 05:31 接盘侠 打的过阿bin吗阿bin的高中成绩并不理想，但是必竟也给他考上了台北附近一所私立专校。开学之前，他考虑到每天通车恐怕太过于辛苦，于是就在学校旁边租了间学生房 https://gsp0.baidu.com/5aAHeD3nKhI2p27j8IqW0jdnxx1xbK/tb/editor/images/client/image_emoticon8.png
来自Android客户端 43楼 2021-09-14 05:54 牧濑红莉栖 来点看小说的地方 https://gsp0.baidu.com/5aAHeD3nKhI2p27j8IqW0jdnxx1xbK/tb/editor/images/client/image_emoticon3.png
来自Android客户端 44楼 2021-09-14 06:07 北凉贺新年 历史的尘埃不错，能和亵渎比一比，当然只是一而已 
来自Android客户端 45楼 2021-09-14 06:08 蕤龠鬯 我说两个，狂众、圣徒，在网文中都不错但是没什么人看 https://gsp0.baidu.com/5aAHeD3nKhI2p27j8IqW0jdnxx1xbK/tb/editor/images/client/image_emoticon86.png
来自Android客户端 46楼 2021-09-14 06:12 likefying 低估的书那里基本上都是有名有姓的，讲道理算不上太低估的说 
来自Android客户端 47楼 2021-09-14 07:17 森屿初茶 大圣传。可惜。 
来自iPhone客户端 48楼 2021-09-14 07:19 最后的老实人 你是不是对低估有什么误解？除了神游全tm是热门小说。徐公子胜之也很有名 
来自Android客户端 49楼 2021-09-14 07:20 夜游神 大泼猴，真是tm的顶级网文了 
来自Android客户端 50楼 2021-09-14 07:27 金宝宝 死人经，最近几年武侠小说无出其右，虽然后面烂尾了。 
来自Android客户端 51楼 2021-09-14 07:28 金宝宝 主神逍遥，最后一段内涵设计师，还没被循 https://gsp0.baidu.com/5aAHeD3nKhI2p27j8IqW0jdnxx1xbK/tb/editor/images/client/image_emoticon67.png
来自Android客户端 52楼 2021-09-14 07:29 叶言love 打的过晚明吗？ 
来自Android客户端 53楼 2021-09-14 07:41 惜别眼泪 网文top1只能是诡秘之主 https://gsp0.baidu.com/5aAHeD3nKhI2p27j8IqW0jdnxx1xbK/tb/editor/images/client/image_emoticon24.png
来自iPhone客户端 54楼 2021-09-14 07:42 王小二子 干嘛不去看合体双xiu 
来自Android客户端 55楼 2021-09-14 07:47 一曲长葛 。。 
来自Android客户端 56楼 2021-09-14 07:48 一曲长葛 不看网文 
来自Android客户端 57楼 2021-09-14 07:48 做个人好吗 没有余洛晟很难得到我的认可 https://gsp0.baidu.com/5aAHeD3nKhI2p27j8IqW0jdnxx1xbK/tb/editor/images/client/image_emoticon24.png
来自Android客户端 58楼 2021-09-14 07:48 一曲长葛 斗破苍穹看着确实爽 
来自Android客户端 59楼 2021-09-14 07:55 UD不错 诡秘之主是真的只看了三分之一，后面看不下。 
来自Android客户端 60楼 2021-09-14 07:56 chuche 盗墓笔记其实还挺有意思的，书里算是两条线明线就是他三叔和他盗墓，暗线就是长生，再加上第一人称的叙述和交叉暗示，看起来还是很有感觉的。 
来自Android客户端 61楼 2021-09-14 07:58 像烈火燃烧丶 蛊真人呢 https://gsp0.baidu.com/5aAHeD3nKhI2p27j8IqW0jdnxx1xbK/tb/editor/images/client/image_emoticon15.png
来自Android客户端 62楼 2021-09-14 07:58 Crying 炸天帮到此一游 
来自Android客户端 63楼 2021-09-14 08:00 十七 最近几年对胃口的只有魔临 
来自Android客户端 64楼 2021-09-14 08:03 陈筱初 十年前喜欢看网络小说，那时候看的都市爽文。有印象的就剩下，《邻家有女初长成》《超级教师》等再后来就不怎么看那类文了。看些架构文笔比较优秀的，《鬼吹灯》《人性禁岛》什么的 
65楼 2021-09-14 08:03 风夏 失落叶yyds 
来自Android客户端 67楼 2021-09-14 08:04 稚幽忆旧 推一手那年那蝉那把剑，比雪中和剑来好看 
来自iPhone客户端 68楼 2021-09-14 08:06 骑墙吃瓜 无线恐怖也不错 
来自Android客户端 69楼 2021-09-14 08:07 _装萌卖笑 我觉得赘婿还挺被低估的 https://gsp0.baidu.com/5aAHeD3nKhI2p27j8IqW0jdnxx1xbK/tb/editor/images/client/image_emoticon66.png
来自iPhone客户端 70楼 2021-09-14 08:09 万里桐 最cjb的不是悟空传 
来自Android客户端 71楼 2021-09-14 08:15 凯撒锐爪 没有《六朝》我不服啊！ https://gsp0.baidu.com/5aAHeD3nKhI2p27j8IqW0jdnxx1xbK/tb/editor/images/client/image_emoticon1.png
来自Android客户端 72楼 2021-09-14 08:15 北崆 之前写网游的，蜗牛，失落叶，火星都还可以 
来自Android客户端 73楼 2021-09-14 08:15 華胥之夢 被低估榜没有死在火星上那我不能很认可你这个榜的含金量 
来自Android客户端 74楼 2021-09-14 08:17 厉嗔心 看的出来楼主的有点不知所谓，说下斗破苍穹虽然现在来看不是很好，但是他开创了一个时代是没问题的就凭这个他就没法是吹jb。 
来自Android客户端 75楼 2021-09-14 08:18 wl 诛仙，挺不错的 
来自iPhone客户端 76楼 2021-09-14 08:20 国服第一熬星 雪中最大cj 
来自Android客户端 77楼 2021-09-14 08:21 我男神叫猹 有谁看过风流逍遥神我初中的时候后桌拿手机传给我的，就看过这一部，合籍双修 https://gsp0.baidu.com/5aAHeD3nKhI2p27j8IqW0jdnxx1xbK/tb/editor/images/client/image_emoticon3.png
来自Android客户端 78楼 2021-09-14 08:21 -我再考虑一会 如何评价阿里布达琼明神女武林沉沦 
来自iPhone客户端 79楼 2021-09-14 08:23 渊兮Azat 推荐个妖刀记 
来自Android客户端 80楼 2021-09-14 08:23 幺三幺131 推荐本玩家请上车反复刷了几遍了作者感觉是开小号的写的不错也没啥毒点挖坑也会填有些设定得看久点才知道点击展开，查看完整图片 http://tiebapic.baidu.com/forum/w%3D580/sign=9b5fec33e412c8fcb4f3f6c5cc0292b4/3b5ecd1a9d16fdfa468558fde98f8c5495ee7b6f.jpg
来自Android客户端 81楼 2021-09-14 08:25 撞月行- 放浪形骸歌点击展开，查看完整图片 http://tiebapic.baidu.com/forum/w%3D580/sign=bc409b8ab6deb48ffb69a1d6c01d3aef/9f8a58b4c9ea15ce7769e1e2f3003af33887b28c.jpg
来自Android客户端 82楼 2021-09-14 08:26 梦游少年 斗破我只能说是面向八岁到十六岁读者的我看斗破大概就是这个年纪现在已经看不进去这种了 https://gsp0.baidu.com/5aAHeD3nKhI2p27j8IqW0jdnxx1xbK/tb/editor/images/client/image_emoticon16.png https://gsp0.baidu.com/5aAHeD3nKhI2p27j8IqW0jdnxx1xbK/tb/editor/images/client/image_emoticon12.png
来自iPhone客户端 83楼 2021-09-14 08:26 折镜 没有诛仙 https://gsp0.baidu.com/5aAHeD3nKhI2p27j8IqW0jdnxx1xbK/tb/editor/images/client/image_emoticon15.png
来自Android客户端 84楼 2021-09-14 08:29 晓煾 没有大奉打更人这cjb还有一堆孝子贤孙在那洗😅 
来自Android客户端 85楼 2021-09-14 08:29 Duck不必 我念念不忘的一本书低维游戏就是完结的仓促了 
来自Android客户端 86楼 2021-09-14 08:30 得得八得到 幽冥仙途，挺不错的 
来自Android客户端 87楼 2021-09-14 08:30 带带小乃0 娱乐春秋的含金量已经爆杀无数cjb了 https://gsp0.baidu.com/5aAHeD3nKhI2p27j8IqW0jdnxx1xbK/tb/editor/images/client/image_emoticon24.png https://gsp0.baidu.com/5aAHeD3nKhI2p27j8IqW0jdnxx1xbK/tb/editor/images/client/image_emoticon24.png
来自Android客户端 88楼 2021-09-14 08:31 鸡脚芝士 cjb不是浆液，猪仙之流？发个斗破，雪中这种公认的cjb有啥用呢 
90楼 2021-09-14 08:34 爪巴 你发的那五本最被低估的小说，都没被低估，看的人还是挺多的，评价也挺好，只不过看过的除了别人推荐，大多数都是老书虫了。 
来自Android客户端 91楼 2021-09-14 08:34 AyFox 推荐的都是啥破壁 
来自Android客户端 92楼 2021-09-14 08:37 仙剑户 没有第五名著遮天，我不是很认可 https://gsp0.baidu.com/5aAHeD3nKhI2p27j8IqW0jdnxx1xbK/tb/editor/images/client/image_emoticon6.png
来自Android客户端 93楼 2021-09-14 08:37 leolee342857 cjb啥意思 
来自Android客户端 94楼 2021-09-14 08:38 司马权 没有大道争锋的排行榜，我不认可 
来自Android客户端 95楼 2021-09-14 08:38 爱吸1314 你说的这些，文笔都不如琼明神女录 
来自Android客户端 96楼 2021-09-14 08:39 ShallW 赘婿不是cjb? 
来自Android客户端 97楼 2021-09-14 08:40 铛铛铛 我觉得吧，真要看有水平的，就不能看网文 https://gsp0.baidu.com/5aAHeD3nKhI2p27j8IqW0jdnxx1xbK/tb/editor/images/client/image_emoticon25.png
来自Android客户端 98楼 2021-09-14 08:42 残酷天使纲领 好像不是很懂我校花的贴身高手的含金量 
来自Android客户端 99楼 2021-09-14 08:42 炮炮clannad cjb第一的不是赘婿 https://gsp0.baidu.com/5aAHeD3nKhI2p27j8IqW0jdnxx1xbK/tb/editor/images/client/image_emoticon15.png
来自Android客户端 100楼 2021-09-14 08:42 贴吧用户_54D4X2N 除了神游，其他全是cjb。 
来自Android客户端 101楼 2021-09-14 08:42 雷霆奶挺 我那个年代看《搜神记》和《风姿物语》唉 https://gsp0.baidu.com/5aAHeD3nKhI2p27j8IqW0jdnxx1xbK/tb/editor/images/client/image_emoticon3.png
来自Android客户端 102楼 2021-09-14 08:43 方寸之间 绝世无双有人看过吗 https://gsp0.baidu.com/5aAHeD3nKhI2p27j8IqW0jdnxx1xbK/tb/editor/images/client/image_emoticon3.png
来自Android客户端 103楼 2021-09-14 08:44 夏日冰沙 剑徒之路，top0 
来自Android客户端 104楼 2021-09-14 08:44 芥末烤翅  https://gsp0.baidu.com/5aAHeD3nKhI2p27j8IqW0jdnxx1xbK/tb/editor/images/client/image_emoticon12.png
来自Android客户端 105楼 2021-09-14 08:45 唐可可 蛊真人，之前听别人嗯吹，人祖传和二战宿命义天山确实可以，中间仙僵部分真的又臭有长，弃坑两次才看完 
来自Android客户端 106楼 2021-09-14 08:46 小书生 我觉得都市还是特种兵在都市这个看着爽，然后就没了小说没了，然后就是夜天子也不错。 
来自Android客户端 107楼 2021-09-14 08:47 滑蛋赛高 打的过李七夜吗 https://gsp0.baidu.com/5aAHeD3nKhI2p27j8IqW0jdnxx1xbK/tb/editor/images/client/image_emoticon8.png
来自Android客户端 108楼 2021-09-14 08:47 贴吧用户_6S5yaMt1e 没有人看过那个假装是个BOSS这本书吗挺好看的这个作者下一本书末日拼图游戏也挺好看的 
来自Android客户端 109楼 2021-09-14 08:47 贴吧用户_5XXySEa cjb榜单没有完美世界我不是很认可 
来自Android客户端 110楼 2021-09-14 08:49 清壹壹 《杯酒》，完成度很高的一部中篇武侠小说，行文有大家风范，作者小椴还著有长安古意系列的短篇，洛阳女儿行系列的长篇，写文功力在我看来要高于写《昆仑》《沧海》的凤歌。cjb提一个《七夜传说》，文笔之烂堪比小学生，完全看不下去。 
来自Android客户端 111楼 2021-09-14 08:49 要乘着风飞走 求魔。你的路，若走下去，最终整个苍穹，你的世界里只有你自己。那么你的路呢，走下去，最终整个苍穹内，消失的只有你自己。不过到现在作者耳根也有挺多坑没填的，也有可能是我没看仔细，天邪子到底是个什么样的存在？耳根也是晚年不详了，一念永恒可以看出明显下滑，之后三寸人间更是个寄吧😅，看了一部分真看不下去了，不知道现在怎么样 
来自Android客户端 113楼 2021-09-14 08:51 一坑货enjoy 没有死人经？我感觉很好看 
来自Android客户端 114楼 2021-09-14 08:51 江江 遮天yyds 
来自Android客户端 115楼 2021-09-14 08:53 还记得憨憨 如何评价逆天邪神 
来自Android客户端 116楼 2021-09-14 08:53 Pluto 宅猪的都不错 
来自Android客户端 118楼 2021-09-14 08:58 毛哥的次元仓库 提名《光荣之路》贺兰才人，上古篮球文。体育区几个大神都抄过，从此往后只要是学霸人设就去斯坦福绛红，有的连四个女主都不带改的。看原文有种看美剧的感觉。 https://gsp0.baidu.com/5aAHeD3nKhI2p27j8IqW0jdnxx1xbK/tb/editor/images/client/image_emoticon13.png
来自Android客户端 119楼 2021-09-14 08:59 衷心未改 我原以为，阁下必有高论 https://gsp0.baidu.com/5aAHeD3nKhI2p27j8IqW0jdnxx1xbK/tb/editor/images/client/image_emoticon22.png
来自Android客户端 121楼 2021-09-14 09:01 左掌门QAQ 没有间客是吧你自己不也是个cjb？ https://gsp0.baidu.com/5aAHeD3nKhI2p27j8IqW0jdnxx1xbK/tb/editor/images/client/image_emoticon10.png
来自Android客户端 122楼 2021-09-14 09:01 泽瑞拉 没人说第一序列嘛，我觉得特别对我的胃口，刷了四遍了 https://gsp0.baidu.com/5aAHeD3nKhI2p27j8IqW0jdnxx1xbK/tb/editor/images/client/image_emoticon66.png
来自Android客户端 123楼 2021-09-14 09:04 windy雾化 连cjb的意思都不明白，还搁这儿排位？斗罗大陆现在不是人人喊打？作者也是被骂消费亡妻，斗破苍穹现在的评价不是究极小白文？土豆后面的小说也是一个模子刻出来的。这两本书都没有人吹了，还搁这儿cjb呢？ 
来自Android客户端 124楼 2021-09-14 09:04 澡澡与糖糖 没人看风御九秋的书吗紫阳残袍 
来自Android客户端 125楼 2021-09-14 09:04 我是莎比粉红 推荐，小明修仙记，绝对神书一本，作者创作了一个人人都能用的修仙小说大纲，基本上换个名字就是另一本小说了，不过感觉吧里很少有人能坚持把他看完 https://gsp0.baidu.com/5aAHeD3nKhI2p27j8IqW0jdnxx1xbK/tb/editor/images/client/image_emoticon25.png
来自Android客户端 126楼 2021-09-14 09:04 接QWER 从姑获鸟开始，可能名字就劝退了很多人但是真好看 https://gsp0.baidu.com/5aAHeD3nKhI2p27j8IqW0jdnxx1xbK/tb/editor/images/client/image_emoticon95.png
来自Android客户端 127楼 2021-09-14 09:05 阿瑶摇摇摇 什么cjb楼主，这理解还开帖呢 https://gsp0.baidu.com/5aAHeD3nKhI2p27j8IqW0jdnxx1xbK/tb/editor/images/client/image_emoticon10.png
来自Android客户端 128楼 2021-09-14 09:05 氺夂流 黎明之剑现在我追的top1！逻辑自洽，猜想合理，里面对神明的设定觉对值得一看点击展开，查看完整图片 https://gsp0.baidu.com/5aAHeD3nKhI2p27j8IqW0jdnxx1xbK/tb/editor/images/client/image_emoticon95.png http://tiebapic.baidu.com/forum/w%3D580/sign=7aec95f8ebfd5266a72b3c1c9b189799/57a24a550923dd54ad693e7b8c09b3de9c82483a.jpg
来自Android客户端 129楼 2021-09-14 09:06 扎部跺得勒 就看过紫川，盗墓笔记看了一半看不下去了，其他的都是看了几章就没兴趣了 
来自Android客户端 130楼 2021-09-14 09:07 东泰三千门生 是谁第一个写盗墓题材的小说，鬼吹灯还是盗墓笔记，哪个才是始祖，有谁知道吗 
来自Android客户端 131楼 2021-09-14 09:12 一见桃花 死人经第一卷也是超高水准的网文 
来自Android客户端 132楼 2021-09-14 09:13 倦飞鸟 xdm帮忙在缺的地方补点小说，谢谢了点击展开，查看完整图片 http://tiebapic.baidu.com/forum/w%3D580/sign=79b36b04c8b1cb133e693c1bed5556da/cff2f8f3b2119313fd65ff5b20380cd790238d6d.jpg
来自Android客户端 134楼 2021-09-14 09:17 仙人彩发放员 死人经啊，生者悲苦死人平安，很好的武侠 
来自Android客户端 135楼 2021-09-14 09:17 超C的紫苏 🐶都不看 
来自Android客户端 136楼 2021-09-14 09:17 阿橘i 钢火法yyds！一本绝对被低估了的小说！点击展开，查看完整图片 http://tiebapic.baidu.com/forum/w%3D580/sign=7ce0ea0054f79052ef1f47363cf3d738/534d1d168a82b90116d45a202e8da9773812efdf.jpg
来自Android客户端 137楼 2021-09-14 09:17 尊尼获加 网络小说都是垃圾 
来自Android客户端 138楼 2021-09-14 09:19 他这一生落寞 。 
来自Android客户端 139楼 2021-09-14 09:20 理智爱碧 没有恋爱游戏？ https://gsp0.baidu.com/5aAHeD3nKhI2p27j8IqW0jdnxx1xbK/tb/editor/images/client/image_emoticon24.png
来自Android客户端 140楼 2021-09-14 09:21 带带小鼠人 最高深的四本小说，异天途，魂天斩，网游之少爷天下，九转金身决。 
来自iPhone客户端 141楼 2021-09-14 09:22 无所谓寄了 怎么没看到一个说宅猪的 https://gsp0.baidu.com/5aAHeD3nKhI2p27j8IqW0jdnxx1xbK/tb/editor/images/client/image_emoticon15.png
来自Android客户端 142楼 2021-09-14 09:24 请叫我牛子哥 我说这楼纯纯***，没问题吧！ https://gsp0.baidu.com/5aAHeD3nKhI2p27j8IqW0jdnxx1xbK/tb/editor/images/client/image_emoticon24.png https://gsp0.baidu.com/5aAHeD3nKhI2p27j8IqW0jdnxx1xbK/tb/editor/images/client/image_emoticon24.png https://gsp0.baidu.com/5aAHeD3nKhI2p27j8IqW0jdnxx1xbK/tb/editor/images/client/image_emoticon24.png
来自Android客户端 143楼 2021-09-14 09:25 白夜行 我感觉无线流开山鼻祖无限恐怖挺不错的 
来自Android客户端 144楼 2021-09-14 09:25 kk的海伦娜 我最喜欢的一部小说战术天才因为是按照星际争霸一的设定来的所以很小众，但是真的好看 
来自Android客户端 145楼 2021-09-14 09:25 吾爱南小鸟 我来一本，我在决斗都市玩卡牌，就我看来是最好的游戏王同人，牌佬必看 
来自Android客户端 146楼 2021-09-14 09:26 意冷星辉灬 推荐逆天邪神 https://gsp0.baidu.com/5aAHeD3nKhI2p27j8IqW0jdnxx1xbK/tb/editor/images/client/image_emoticon68.png
来自Android客户端 147楼 2021-09-14 09:26 Rose 我以为是我拳来 
来自Android客户端 148楼 2021-09-14 09:26 君主我的君主 低估top1不是七界传说含金量不足😅 
来自Android客户端 149楼 2021-09-14 09:27 波纹疾走 猫腻的书都挺好看 
来自Android客户端 150楼 2021-09-14 09:27 炎火村跨栏 有人看过特拉福买家俱乐部吗，我感觉也挺好看的，就是不火 
来自Android客户端 151楼 2021-09-14 09:28 贴吧用户_0DtA4e2 有一说一，龙族456都是cjb https://gsp0.baidu.com/5aAHeD3nKhI2p27j8IqW0jdnxx1xbK/tb/editor/images/client/image_emoticon3.png
来自Android客户端 152楼 2021-09-14 09:29 无尘丶 诛仙不是最大的cjb？ https://gsp0.baidu.com/5aAHeD3nKhI2p27j8IqW0jdnxx1xbK/tb/editor/images/client/image_emoticon15.png
来自Android客户端 153楼 2021-09-14 09:30 千回 蚌埠住了 
来自Android客户端 155楼 2021-09-14 09:31 北冥星主 没有隐杀？ 
来自Android客户端 156楼 2021-09-14 09:34 何员外乐第几层 我还以为是两个cjb榜 
来自Android客户端 157楼 2021-09-14 09:36 桃花 极品家丁回到明朝当王爷飞天间客牧神记遮天完美世界坏蛋是怎样炼成的鬼吹灯西游记龙族一神秘复苏都是我看过感觉还不错的 
来自iPhone客户端 158楼 2021-09-14 09:38 Dearli 没人说武动乾坤吗 
来自Android客户端 160楼 2021-09-14 09:40 天丶朝理科生 《我当上帝那些事儿》，除了作者喜欢瞎寄吧堆专业名词之外，爽还是挺爽的 
来自Android客户端 161楼 2021-09-14 09:42 幽奇星 史上第一混乱史，也挺有意思的 
来自iPhone客户端 162楼 2021-09-14 09:44 VDbeck  https://gsp0.baidu.com/5aAHeD3nKhI2p27j8IqW0jdnxx1xbK/tb/editor/images/client/image_emoticon24.png
来自Android客户端 163楼 2021-09-14 09:44 qwerzm lz纯纯的沙口 
来自Android客户端 165楼 2021-09-14 09:45 红雁池成教院- 确实 
来自Android客户端 166楼 2021-09-14 09:46 Hyouka 幽冥仙途孝子是真的多，我是没想到看了一点出来的女角色一大半都是lkd https://gsp0.baidu.com/5aAHeD3nKhI2p27j8IqW0jdnxx1xbK/tb/editor/images/client/image_emoticon22.png https://gsp0.baidu.com/5aAHeD3nKhI2p27j8IqW0jdnxx1xbK/tb/editor/images/client/image_emoticon22.png
来自Android客户端 167楼 2021-09-14 09:46 姑射真人 没有史上第一混乱不是很有说服力啊 
来自Android客户端 168楼 2021-09-14 09:47 波兰斗萝 逆天邪神！ 
来自Android客户端 169楼 2021-09-14 09:48 此花绮谭 火星引力我当初看他的网游书都是当小黄文看的，就是没想到一个逆天邪神写了这么久 https://gsp0.baidu.com/5aAHeD3nKhI2p27j8IqW0jdnxx1xbK/tb/editor/images/client/image_emoticon24.png https://gsp0.baidu.com/5aAHeD3nKhI2p27j8IqW0jdnxx1xbK/tb/editor/images/client/image_emoticon24.png
来自Android客户端 170楼 2021-09-14 09:48 的真虚伪 漫步于武侠世界 
来自Android客户端 171楼 2021-09-14 09:50 ws无敌强 没有人道至尊？从中期开始爆杀，泰皇，永远滴神 
来自Android客户端 172楼 2021-09-14 09:51 修改昵称- 懂不懂修真门派掌门路的含金量啊 https://gsp0.baidu.com/5aAHeD3nKhI2p27j8IqW0jdnxx1xbK/tb/editor/images/client/image_emoticon8.png
来自Android客户端 173楼 2021-09-14 09:52 日暮里的你 如果没有贼道三痴的书，那么这榜就是个野鸡榜 
来自Android客户端 174楼 2021-09-14 09:53 子航的村雨 诡秘之主不错 
来自Android客户端 175楼 2021-09-14 09:54 卜算南 楼主品味就这样了 
来自Android客户端 176楼 2021-09-14 09:55 CN加油 不知道有没有人看过无限恐怖，高中的时候很喜欢看，不过作者文笔和人品太差 
来自Android客户端 177楼 2021-09-14 09:57 阿里巴巴 没人看过上品寒士吗 
来自Android客户端 178楼 2021-09-14 09:58 皎若梦中月 现在来看斗破苍穹斗罗大陆这种确实写的是寄吧，但是放在当年的确很火 
来自Android客户端 179楼 2021-09-14 09:59 求魔之意 没有我绝世无双 https://gsp0.baidu.com/5aAHeD3nKhI2p27j8IqW0jdnxx1xbK/tb/editor/images/client/image_emoticon24.png
来自Android客户端 180楼 2021-09-14 10:01 白云淡淡 飘渺之旅，我当初看的第一本修仙小说。还是实体书。 
来自iPhone客户端 181楼 2021-09-14 10:02 梁二 黑龙法典，我觉得蛮好看，就是书评里好多人说一部分词是抄的 https://gsp0.baidu.com/5aAHeD3nKhI2p27j8IqW0jdnxx1xbK/tb/editor/images/client/image_emoticon1.png
来自Android客户端 182楼 2021-09-14 10:02 steib 诛仙纯纯纯cjb点击展开，查看完整图片 http://tiebapic.baidu.com/forum/w%3D580/sign=7b466534223e6709be0045f70bc69fb8/c85635d02f2eb9384790e3e188628535e4dd6f53.jpg
183楼 2021-09-14 10:03 秋来九月八 玄幻最好看的应该是蛊真人了，这东西你穿进去还真玩不过方源那样的人，其实也不算黑暗他本来就是魔杀人对他来说跟踩死蚂蚁一样。这本书作者只能说鬼才，每个剧情写的太好反转多很紧凑在别的小说能当主角的在他这只能被玩弄像方正典型的鸣人式主角白凝冰经典的亦正亦邪式主角铁若兰经典的那种心怀天下式主角马鸿运典型的爽文男主还有个穿越者老婆这本书就很现实就算你鸿运滔天也不是不会死该死还得死弄死马鸿运那里可太爽了不断开挂一直开挂不过还是被方源直接弄死 https://tb2.bdstatic.com/tb/editor/images/face/i_f22.png?t=20140803 https://tb2.bdstatic.com/tb/editor/images/face/i_f22.png?t=20140803 https://tb2.bdstatic.com/tb/editor/images/face/i_f22.png?t=20140803
来自Android客户端 184楼 2021-09-14 10:04 steib 绿帽小郎君的cjb之书今晚妥了点击展开，查看完整图片 https://gsp0.baidu.com/5aAHeD3nKhI2p27j8IqW0jdnxx1xbK/tb/editor/images/client/image_emoticon24.png https://gsp0.baidu.com/5aAHeD3nKhI2p27j8IqW0jdnxx1xbK/tb/editor/images/client/image_emoticon24.png http://tiebapic.baidu.com/forum/w%3D580/sign=ab1f2de864dbb6fd255be52e3925aba6/1100c812495409232791fa6dcf58d109b2de4958.jpg
来自Android客户端 185楼 2021-09-14 10:04 卖药郎LR 最cjb的不是你自己？ 
来自Android客户端 186楼 2021-09-14 10:04 spuerjing 血红的小说基本都是cjb 
来自Android客户端 187楼 2021-09-14 10:05 墙外行人 我的26岁女房客CJB里面的cjb 
来自Android客户端 188楼 2021-09-14 10:06 steib 唐三纯粹的cjb*****不过分吧点击展开，查看完整图片 http://tiebapic.baidu.com/forum/w%3D580/sign=240ffdf9dccb39dbc1c0675ee01709a7/c26e8eb0cb134954f0e871770b4e9258d0094a66.jpg
来自Android客户端 189楼 2021-09-14 10:07 讨厌 经验密码？恰饱饱 https://gsp0.baidu.com/5aAHeD3nKhI2p27j8IqW0jdnxx1xbK/tb/editor/images/client/image_emoticon24.png
190楼 2021-09-14 10:08 宇智波帶土 有无恐怖小说推荐 
来自Android客户端 191楼 2021-09-14 10:08 悔厉吝夺予舍 黑山老妖天下无敌点击展开，查看完整图片 https://gsp0.baidu.com/5aAHeD3nKhI2p27j8IqW0jdnxx1xbK/tb/editor/images/client/image_emoticon95.png http://tiebapic.baidu.com/forum/w%3D580/sign=a5b58f7a8811728b302d8c2af8fec3b3/7ba093ee76c6a7efbaaea8cdb8faaf51f1de6687.jpg
来自iPhone客户端 192楼 2021-09-14 10:09 魔主 怎么评价年更小说《地煞七十二变》 
来自Android客户端 193楼 2021-09-14 10:10 steib 这才是神！坚持不懈，数年如一日薅起点羊毛。和起点斗争。连载9600章，一个看的都没有，即使现在练每章标题都不起了，嗯要跟起点对着来，当代徐元直！鱼人！永远的斗士！点击展开，查看完整图片 https://gsp0.baidu.com/5aAHeD3nKhI2p27j8IqW0jdnxx1xbK/tb/editor/images/client/image_emoticon24.png https://gsp0.baidu.com/5aAHeD3nKhI2p27j8IqW0jdnxx1xbK/tb/editor/images/client/image_emoticon24.png http://tiebapic.baidu.com/forum/w%3D580/sign=5c7661322f8b4710ce2ffdc4f3cfc3b2/0c5e75c7a7efce1b7bc151d9f251f3deb58f656a.jpg
194楼 2021-09-14 10:10 徐凤年 宠魅，宠物流天花板 
来自Android客户端 196楼 2021-09-14 10:10 折扇戏女孩 比得过宠魅吗 https://gsp0.baidu.com/5aAHeD3nKhI2p27j8IqW0jdnxx1xbK/tb/editor/images/client/image_emoticon15.png
来自Android客户端 197楼 2021-09-14 10:12 切慕_溪水 我也来推荐两本吧《隐杀》《重生之大涅磐》十年老书虫推荐眼前一新的现代文 
来自Android客户端 198楼 2021-09-14 10:12 傻笨呆蠢丑 如何评价朱颜血 
来自Android客户端 199楼 2021-09-14 10:13 老实孩子85 有没有人看过灭运图录的我觉得挺好看的，就是没有女主 https://gsp0.baidu.com/5aAHeD3nKhI2p27j8IqW0jdnxx1xbK/tb/editor/images/client/image_emoticon15.png
来自Android客户端 201楼 2021-09-14 10:14 steib 天天搁着逆天邪神，逆天天雷吧，著名cjb小说。女主看的人恶心。点击展开，查看完整图片 http://tiebapic.baidu.com/forum/w%3D580/sign=aefc47e7ea4543a9f51bfac42e168a7b/038cfbddd100baa1d0f4dea81a10b912c9fc2e7f.jpg
来自iPhone客户端 202楼 2021-09-14 10:14 超级要塞是我家 屌丝道士有没有说法，虽然全篇基本都大白话 
来自Android客户端 203楼 2021-09-14 10:15 为什么如此优越 我只能说亲吻指尖虽然是个太监但是书还不错可以一看 
来自Android客户端 204楼 2021-09-14 10:16 云遮暮 那我要推荐一下长生界跟人道至尊了，我比较喜欢这种的，不过大部分网络小说后期都不太行，中期都很精彩 
来自Android客户端 205楼 2021-09-14 10:17 色批头子 你要想不带脑子走一个我推荐你去看萌娘三国演义和娘山108星少女，人形自走炮加爽，爽就完了。 
来自Android客户端 206楼 2021-09-14 10:17 冠军上单金东 从姑获鸟开始 
来自Android客户端 207楼 2021-09-14 10:18 浪在腾格里 常书欣以及他哥哥常舒欣算不算被低估？《余罪》，《红男绿女》，《超级大忽悠》，《香色倾城》，《第三重人格》等等等等，有一算一都在水准上，个人来说，YYDS 
来自Android客户端 208楼 2021-09-14 10:18 时间法师 没有黑山老妖？ 
来自Android客户端 209楼 2021-09-14 10:18 丁小贱 辰东的书我觉得最好的是长生界，可惜名气不怎么高 
来自Android客户端 210楼 2021-09-14 10:20 似一帘幽梦 我觉得一世之尊挺好的 https://gsp0.baidu.com/5aAHeD3nKhI2p27j8IqW0jdnxx1xbK/tb/editor/images/client/image_emoticon16.png
来自Android客户端 211楼 2021-09-14 10:22 术手无策 什么cjb https://gsp0.baidu.com/5aAHeD3nKhI2p27j8IqW0jdnxx1xbK/tb/editor/images/client/image_emoticon6.png
来自Android客户端 212楼 2021-09-14 10:22 抗压吧医李长山 飞升之后好看的 
来自iPhone客户端 213楼 2021-09-14 10:24 Hdjcneikxbvfej 楼主说说哪本书不是cjb？ 
来自iPhone客户端 214楼 2021-09-14 10:26 夜雨声烦- 有没有类似崔走召阴阳先生这种的小说推荐？ 
来自Android客户端 215楼 2021-09-14 10:27 叼必死堡 没有地煞七十二变我不认同含金量 
来自Android客户端 216楼 2021-09-14 10:27 Gwyn 没人提烟男的书是吧😅，我提一嘴《尘缘》 
来自Android客户端 217楼 2021-09-14 10:29 渔者歌曰 看不起龙族是吧 
来自Android客户端 219楼 2021-09-14 10:30 切慕_溪水 有本书一定要推荐个人认为是刘备届的珠穆朗玛红衣之美灼灼其华楼中之舞似若桃花遗落辰光万千余丈秘不知其飘落谁家《懂得都懂》 
来自Android客户端 220楼 2021-09-14 10:30 不干正事的q 幽冥仙途仙道求索尘缘乱世桐庐将夜，都是高中时觉得好看的书，特别是幽冥仙途，看完之后别的仙侠都无味 
来自Android客户端 221楼 2021-09-14 10:30 平平安安的安 抗抗们眼里什么都是cjb https://gsp0.baidu.com/5aAHeD3nKhI2p27j8IqW0jdnxx1xbK/tb/editor/images/client/image_emoticon22.png https://gsp0.baidu.com/5aAHeD3nKhI2p27j8IqW0jdnxx1xbK/tb/editor/images/client/image_emoticon22.png https://gsp0.baidu.com/5aAHeD3nKhI2p27j8IqW0jdnxx1xbK/tb/editor/images/client/image_emoticon22.png https://gsp0.baidu.com/5aAHeD3nKhI2p27j8IqW0jdnxx1xbK/tb/editor/images/client/image_emoticon22.png
来自Android客户端 222楼 2021-09-14 10:32 小煜阿 没有黑道网文？ 
来自Android客户端 223楼 2021-09-14 10:32 大号黑屋一月 你吹全职不如吹近战法师呢，近战法师又有趣，又合理 
来自Android客户端 225楼 2021-09-14 10:35 该爱情已被注册 推荐这本不过更新速度堪忧啊 http://tiebapic.baidu.com/forum/w%3D580/sign=8c09141bc6504fc2a25fb00dd5dde7f0/f7d10f328744ebf8b96bfc2c84f9d72a6059a73a.jpg
来自iPhone客户端 226楼 2021-09-14 10:36 黄司令威武 大王饶命万族之劫都没人提过的都是同时期最火的书之一了 
来自Android客户端 228楼 2021-09-14 10:36 别吃出我来 才看过几本书啊 https://gsp0.baidu.com/5aAHeD3nKhI2p27j8IqW0jdnxx1xbK/tb/editor/images/client/image_emoticon12.png
来自Android客户端 229楼 2021-09-14 10:38 左右是个愁 热度为王热度低还有人玩命吹那才是cjb https://gsp0.baidu.com/5aAHeD3nKhI2p27j8IqW0jdnxx1xbK/tb/editor/images/client/image_emoticon8.png
来自iPhone客户端 231楼 2021-09-14 10:43 爱你不会变化 苗疆蛊事 
来自Android客户端 232楼 2021-09-14 10:44 醉笑春风潇湘梦 好多书我看第二遍逆推大纲的时候发现，比如雪中和遮天，感觉都是后面节奏大变，剧情拉的太快了，而且感觉大纲没做好，后面没有个人的明确规划 
来自iPhone客户端 233楼 2021-09-14 10:44 zx138709 江山如此多娇没人看过吗 
235楼 2021-09-14 10:47 天秤座_心雨 斗罗应该是CJBNo1，没有之一，整天啊啊啊啊啊的 
来自Android客户端 236楼 2021-09-14 10:48 hobbit 蛊真人 https://gsp0.baidu.com/5aAHeD3nKhI2p27j8IqW0jdnxx1xbK/tb/editor/images/client/image_emoticon3.png
来自Android客户端 237楼 2021-09-14 10:49 雪山-银牛 都没人看骁骑校的书吗？橙红年代，国士无双。我觉得都挺不错的 
来自Android客户端 238楼 2021-09-14 10:49 霜华念 感觉不如op。。。楼主 
来自iPhone客户端 239楼 2021-09-14 10:49 偏振光向右旋 临高真神，就是估计看不到进京的那一天了 
来自Android客户端 240楼 2021-09-14 10:50 山下美月mizuki 如何评价《晚明》 
来自Android客户端 241楼 2021-09-14 10:50 木已成洀 懂了，火的叫cjb。没人看的叫被低估了，你这么说也没错 
来自Android客户端 242楼 2021-09-14 10:53 迟暮 都是cjb 
来自iPhone客户端 243楼 2021-09-14 10:53 左手k9 大道争锋才是神书文笔剧情世界观统统把这些cjb爆烂 
来自Android客户端 244楼 2021-09-14 10:55 瞎写周树人 你咋发了10本cjb 
来自Android客户端 245楼 2021-09-14 10:56 红烧鱼vil 没有《佛本是道》，我很难认可 
来自Android客户端 246楼 2021-09-14 10:59 专注逆袭18年 斗1其随 
来自Android客户端 247楼 2021-09-14 11:00 那就吃我吧 没有逆天邪神是吧？ 
来自Android客户端 248楼 2021-09-14 11:02 不破爱衣- 现在网上还能找到残袍这部小说吗？ 
来自Android客户端 249楼 2021-09-14 11:02 血浆白蛋白 没有天珠变和生肖守护神我不是很认可，这俩我当初和制服下的诱惑一起看的 https://gsp0.baidu.com/5aAHeD3nKhI2p27j8IqW0jdnxx1xbK/tb/editor/images/client/image_emoticon3.png
来自Android客户端 251楼 2021-09-14 11:05 焚琴 幻想世界大穿越明尊 
来自Android客户端 252楼 2021-09-14 11:05 焚琴 神秘之旅极道天魔 
来自Android客户端 253楼 2021-09-14 11:05 碎月 我觉得严重被低估的一本书和作者，逆世女王，非常好看，被名字严重耽误的一本书，不好看各位吧友可以打我，这个作者其他书也非常好看。此外宠魅也好看 https://gsp0.baidu.com/5aAHeD3nKhI2p27j8IqW0jdnxx1xbK/tb/editor/images/client/image_emoticon3.png
来自Android客户端 254楼 2021-09-14 11:07 朝花夕拾 没有群狼 https://gsp0.baidu.com/5aAHeD3nKhI2p27j8IqW0jdnxx1xbK/tb/editor/images/client/image_emoticon15.png
来自Android客户端 255楼 2021-09-14 11:08 旯拉year 全职法师，蛮不错的 https://gsp0.baidu.com/5aAHeD3nKhI2p27j8IqW0jdnxx1xbK/tb/editor/images/client/image_emoticon3.png
来自Android客户端 256楼 2021-09-14 11:09 三司绫濑 好吧都看过 
来自Android客户端 257楼 2021-09-14 11:09 焚琴 最初的寻道者心魔进化的四十六亿重奏 
来自Android客户端 258楼 2021-09-14 11:09 小健大大帝 我有一座恐怖屋，张雅，我的张雅 https://gsp0.baidu.com/5aAHeD3nKhI2p27j8IqW0jdnxx1xbK/tb/editor/images/client/image_emoticon20.png https://gsp0.baidu.com/5aAHeD3nKhI2p27j8IqW0jdnxx1xbK/tb/editor/images/client/image_emoticon20.png https://gsp0.baidu.com/5aAHeD3nKhI2p27j8IqW0jdnxx1xbK/tb/editor/images/client/image_emoticon20.png
来自Android客户端 259楼 2021-09-14 11:10 凌峰遇星辰 破案了楼主才是纯纯的cjb，吹的都是些什么√⑧。 
来自Android客户端 260楼 2021-09-14 11:11 spsys 没人提柳下挥？ 
来自Android客户端 261楼 2021-09-14 11:11 我叫塞拉斯 神话版三国好像还行，就是作者太水了 https://gsp0.baidu.com/5aAHeD3nKhI2p27j8IqW0jdnxx1xbK/tb/editor/images/client/image_emoticon10.png
来自Android客户端 262楼 2021-09-14 11:12 焚琴 我的超体U盘一世之尊超凡双生诸天尽头 
来自Android客户端 263楼 2021-09-14 11:14 焚琴 燃钢之魂脑洞大爆炸魔法种族大穿越 
来自Android客户端 264楼 2021-09-14 11:15 还留长发 如何评价黑山老妖 https://gsp0.baidu.com/5aAHeD3nKhI2p27j8IqW0jdnxx1xbK/tb/editor/images/client/image_emoticon15.png
来自Android客户端 265楼 2021-09-14 11:15 焚琴 轻，短，散软，化，物转，舍，离这三本适合出实体书 
来自iPhone客户端 266楼 2021-09-14 11:15 浅过成怜 《娥眉》不知道有人看过没，当时主角他们名字起的真的有创意哈哈哈，《恶魔法则》记得也不错 
来自iPhone客户端 267楼 2021-09-14 11:16 高级快乐 不如生肖守护神 https://gsp0.baidu.com/5aAHeD3nKhI2p27j8IqW0jdnxx1xbK/tb/editor/images/client/image_emoticon3.png https://gsp0.baidu.com/5aAHeD3nKhI2p27j8IqW0jdnxx1xbK/tb/editor/images/client/image_emoticon3.png https://gsp0.baidu.com/5aAHeD3nKhI2p27j8IqW0jdnxx1xbK/tb/editor/images/client/image_emoticon3.png
来自Android客户端 268楼 2021-09-14 11:16 焚琴 牧苏苏专 
来自Android客户端 269楼 2021-09-14 11:18 焚琴 圣堂机动风暴 
来自Android客户端 270楼 2021-09-14 11:18 路过一只憨 没有龙族不能获得我认可 https://gsp0.baidu.com/5aAHeD3nKhI2p27j8IqW0jdnxx1xbK/tb/editor/images/client/image_emoticon3.png
来自Android客户端 272楼 2021-09-14 11:20 玉O龙殁 打得过龙魂侠影？ 
来自Android客户端 273楼 2021-09-14 11:22 小志哥 有没有人看过血红的书，我从初中开始，追到大学快毕业，特别是光明纪元，看了好多遍 
来自Android客户端 274楼 2021-09-14 11:23 亚萨西的小4 挺喜欢宅猪的书高中开始追的追了好几本 https://gsp0.baidu.com/5aAHeD3nKhI2p27j8IqW0jdnxx1xbK/tb/editor/images/client/image_emoticon24.png https://gsp0.baidu.com/5aAHeD3nKhI2p27j8IqW0jdnxx1xbK/tb/editor/images/client/image_emoticon24.png
来自Android客户端 275楼 2021-09-14 11:24 豆小松 医统江山 
来自iPhone客户端 276楼 2021-09-14 11:24 风仙子啦啦啦 没有佣兵天下的话，我并不是很认可你的帖子 https://gsp0.baidu.com/5aAHeD3nKhI2p27j8IqW0jdnxx1xbK/tb/editor/images/client/image_emoticon16.png
来自iPhone客户端 277楼 2021-09-14 11:26 李牧羊丶 总结一下，人气高孝子多的统称cjb，低调文青的统称神作 
来自Android客户端 278楼 2021-09-14 11:26 火锅涮底料 cjb没🐉族，我不是很认可 
来自Android客户端 279楼 2021-09-14 11:27 bd 妖魔哪里走好看 https://gsp0.baidu.com/5aAHeD3nKhI2p27j8IqW0jdnxx1xbK/tb/editor/images/client/image_emoticon3.png
来自Android客户端 280楼 2021-09-14 11:32 贴吧用户_5ECPDUD 琼明，，神女，录没有提名吗 https://gsp0.baidu.com/5aAHeD3nKhI2p27j8IqW0jdnxx1xbK/tb/editor/images/client/image_emoticon24.png https://gsp0.baidu.com/5aAHeD3nKhI2p27j8IqW0jdnxx1xbK/tb/editor/images/client/image_emoticon24.png
来自iPhone客户端 281楼 2021-09-14 11:32 0o子木o0 没人说凡人修仙传？孝子太多了，动不动就是去看其他小白文吧。 
来自Android客户端 282楼 2021-09-14 11:34 有的放矢 打打杀杀看多了，现在喜欢看日常文，花姐和转角吻猪的恋爱文，还有海底和乌鸦的伪轻小说都挺好 
来自iPhone客户端 283楼 2021-09-14 11:36 夕阳下的风景66 入小说看的星辰变和吞噬星空，结尾于凡人修仙传。看了凡人的人界篇后真对现在的小说无感了，忘语刻画的灵界万族真是记忆犹新，画面感和鬼吹灯有的比。 
来自Android客户端 284楼 2021-09-14 11:36 贴吧用户_033ee3X 来点我看的死在火星上，科幻，缺点最后机械降神了铁鹤书，克系，缺点一点不爽简单武侠，短篇合集，没啥好说的，挺好看的还有本欧皇崛起没完本前面看的还行 
来自Android客户端 285楼 2021-09-14 11:36 是真的欠打 魔兽剑圣 
来自iPhone客户端 286楼 2021-09-14 11:36 asd 这楼主简直nt，吹他那几本破书 https://gsp0.baidu.com/5aAHeD3nKhI2p27j8IqW0jdnxx1xbK/tb/editor/images/client/image_emoticon8.png https://gsp0.baidu.com/5aAHeD3nKhI2p27j8IqW0jdnxx1xbK/tb/editor/images/client/image_emoticon8.png
来自Android客户端 287楼 2021-09-14 11:37 66695194 cjb第一，猪鲜 
来自Android客户端 288楼 2021-09-14 11:41 朴素一点- 马克 
来自Android客户端 289楼 2021-09-14 11:44 药开新4396 如何评价《我加载了恋爱游戏》 https://gsp0.baidu.com/5aAHeD3nKhI2p27j8IqW0jdnxx1xbK/tb/editor/images/client/image_emoticon3.png
来自手机贴吧 290楼 2021-09-14 11:46 典哒哒 儒道至圣可惜了虎头蛇尾 
来自Android客户端 291楼 2021-09-14 11:47 11208044 穿越诸天当邪神 
来自Android客户端 292楼 2021-09-14 11:48 有点没用  https://gsp0.baidu.com/5aAHeD3nKhI2p27j8IqW0jdnxx1xbK/tb/editor/images/client/image_emoticon3.png
来自iPhone客户端 293楼 2021-09-14 11:50 Galm丶鼠爷 除了神游其他名气都大的离谱，像历史的尘埃、紫川都是网文界婆罗门，你不吹就代表你不懂网文的小说（很多人可能看都没看，都要吹） https://gsp0.baidu.com/5aAHeD3nKhI2p27j8IqW0jdnxx1xbK/tb/editor/images/client/image_emoticon8.png
来自Android客户端 294楼 2021-09-14 11:50 宰相小松bro 我觉得你的介绍就是“听君一席话，如听一席话” 
来自Android客户端 295楼 2021-09-14 11:50 月华星痕 乱写的几本书都感觉挺不错的 
来自iPhone客户端 296楼 2021-09-14 11:51 乌拉乌拉 没有一世之尊吗？战力到结尾都没崩 
来自Android客户端 297楼 2021-09-14 11:52 回時愁 这个呢？ http://tiebapic.baidu.com/forum/w%3D580/sign=d0d78aea196034a829e2b889fb1149d9/a99bc55d10385343b20084cad613b07ec8808844.jpg
来自Android客户端 298楼 2021-09-14 11:52 穆拉弗拉格上校 基本同意起点排行榜前面的大部分都是cjb不过一帮子乐色傻逼脑瘫爱看 
来自Android客户端 299楼 2021-09-14 11:52 我的对A女友 英雄志 
来自Android客户端 300楼 2021-09-14 11:53 我脑袋可不好 推个《蛊真人》，好书可惜了 
来自Android客户端 301楼 2021-09-14 11:53 施清海 间客这本书才是被低估了，提到猫腻，你会想起庆余年，将夜，择天记等等，不读他书的你会想起他屁股歪，媚韩等等。但他书的巅峰必是间客，间客和庆余年，将夜一个世界观，故事也是最磅礴伟大的，里面的配角更是出彩，真是披着科幻皮的武侠小说。我的ID就是间客里男二号的名字 https://gsp0.baidu.com/5aAHeD3nKhI2p27j8IqW0jdnxx1xbK/tb/editor/images/client/image_emoticon24.png
来自Android客户端 302楼 2021-09-14 11:56 穆拉弗拉格上校 《独游》应该是最被低估的网络小说了 
来自Android客户端 303楼 2021-09-14 11:56 東风引- 说起小说，近几年好像就一本《英雄志》有认真看下去，其他基本都是读到一半就不感兴趣了 
来自Android客户端 304楼 2021-09-14 11:57 黑山老蛙 推荐，赤心巡天 
来自Android客户端 305楼 2021-09-14 12:03 宰相小松bro 没有飘飘欲仙我不认 
来自Android客户端 306楼 2021-09-14 12:03 一个盐官 推荐黑暗血时代，奈格里之魂 
来自Android客户端 307楼 2021-09-14 12:04 及时行乐y 不愧是抗吧 
来自Android客户端 308楼 2021-09-14 12:06 奏音立弦 我个人最喜欢全职法师，只是后面烂尾了 
来自Android客户端 309楼 2021-09-14 12:07 明天之明- 没有地煞七十二变 https://gsp0.baidu.com/5aAHeD3nKhI2p27j8IqW0jdnxx1xbK/tb/editor/images/client/image_emoticon15.png
来自iPhone客户端 310楼 2021-09-14 12:07 cthulhu的猫 我看你是纯纯nt，你把这些小说放到当初那个年代看看？以前网文刚起步的时候全是小白文，都市兵王之类的。你放到现在这些小说有各种各样的问题，但是在当时这些小说无疑是成功的 
来自Android客户端 312楼 2021-09-14 12:07 不觉天黑请闭眼 妥妥的点击展开，查看完整图片 http://tiebapic.baidu.com/forum/w%3D580/sign=772906f0a01f4134e0370576151f95c1/b26ca0cd7cd98d10d0de97227c3fb80e7aec90ca.jpg
来自Android客户端 313楼 2021-09-14 12:08 面具人 求推荐部西幻类的，套路不老套的那种 
来自Android客户端 314楼 2021-09-14 12:11 天莫笑天易老 蛮荒三部曲不比你这推荐的好看？？？ 
来自iPhone客户端 315楼 2021-09-14 12:12 宇宙术4千1 死人经怎么说？ 
来自Android客户端 316楼 2021-09-14 12:13 sjdnnd 推荐两本冷门的小说《裸兰》和《疯魔传说》同一作者写的，裸兰风格有点像紫川，但比紫川要早 
来自Android客户端 317楼 2021-09-14 12:13 结城明日萘 Top0cjb剑来 https://gsp0.baidu.com/5aAHeD3nKhI2p27j8IqW0jdnxx1xbK/tb/editor/images/client/image_emoticon3.png
来自Android客户端 318楼 2021-09-14 12:13 生在那個巴黎 惊悚乐园评价一下？我当时前面看了一点就没看了 
来自iPhone客户端 319楼 2021-09-14 12:16 第二十五夜 目前在看的俩本还有神国之上也挺不错的琼明作者写的无毒点击展开，查看完整图片点击展开，查看完整图片 http://tiebapic.baidu.com/forum/w%3D580/sign=207ff7a1efb7d0a27bc90495fbef760d/c55f3e6c55fbb2fbce5dc301124a20a44723dce6.jpg http://tiebapic.baidu.com/forum/w%3D580/sign=a43e36327c01213fcf334ed464e636f8/9042d4cb7bcb0a46db3189d22e63f6246a60af78.jpg
来自Android客户端 320楼 2021-09-14 12:17 我不是mumu cjb没有亵渎？ 
来自iPhone客户端 321楼 2021-09-14 12:17 镜花水月 蛊真人 https://gsp0.baidu.com/5aAHeD3nKhI2p27j8IqW0jdnxx1xbK/tb/editor/images/client/image_emoticon25.png
来自iPhone客户端 322楼 2021-09-14 12:17 牵魂 文无第一，实在要比只能比月票成绩，但月票成绩能刷，那就比均定成绩，但话又说回来，均定高不一定文好… 
来自Android客户端 323楼 2021-09-14 12:20 魏庄王 斗罗大陆就是一坨屎，文笔初中生 
来自Android客户端 324楼 2021-09-14 12:20 海尔家电专卖- 吹JB第一诛仙第五名著新武侠后金庸 
来自Android客户端 325楼 2021-09-14 12:20 既济810 没人提一嘴鬼吹灯？爆杀盗墓笔记了属于是 
来自Android客户端 326楼 2021-09-14 12:20 苏黎云兮 Mega暴飞龙yyds https://gsp0.baidu.com/5aAHeD3nKhI2p27j8IqW0jdnxx1xbK/tb/editor/images/client/image_emoticon95.png
来自Android客户端 327楼 2021-09-14 12:21 还有梦嚒 你这一说，cjb的都看过，低估低估的都没咋看 
来自Android客户端 328楼 2021-09-14 12:23 ZF丶小飞 问你一下，你的评选是不包含时代背景的吗？如果是，那么你评个吉尔，如果不是，你讲的是什么吉尔？ 
来自iPhone客户端 329楼 2021-09-14 12:24 大聪明小蓝 你评判小说的时候得按照它的年代看啊像斗破这种现在来看肯定写烂了，但是它出来的时候确实是现象级啊 https://gsp0.baidu.com/5aAHeD3nKhI2p27j8IqW0jdnxx1xbK/tb/editor/images/client/image_emoticon10.png
来自Android客户端 330楼 2021-09-14 12:25 贴吧用户_0U9261R 大力金刚掌的茅山后裔没人提吗 
来自Android客户端 331楼 2021-09-14 12:26 伯曼猫麦考夫 书荒了，谢谢楼主和其他老铁的推文，先收藏一波 
来自Android客户端 333楼 2021-09-14 12:27 字算天号咒命 跳舞属实是落魄，都没人提一下恶魔或者邪气的 https://gsp0.baidu.com/5aAHeD3nKhI2p27j8IqW0jdnxx1xbK/tb/editor/images/client/image_emoticon12.png
来自Android客户端 335楼 2021-09-14 12:28 鏖战的木马 推荐仙侠类人物很好剧情好的时候很好步剑庭在更就是有点慢作者本来是个鼠鼠天天熬夜更写了两卷老家拆迁了差点直接不更了就离谱 
来自Android客户端 337楼 2021-09-14 12:28 稻米一把 我收藏这帖子是因为有广大吧友的回帖，和楼主个cjb没有关系 
来自Android客户端 338楼 2021-09-14 12:31 抱紧我别慌 杀神，诛仙还有鹅是老五的前几本书都不错。还有一本小时候看的YY纨绔，没有任何拖泥带水的爽 
来自Android客户端 339楼 2021-09-14 12:31 夏娜 镇楼图多来点 
来自Android客户端 340楼 2021-09-14 12:32 Zzzny 为什么吹诡秘之主？个人平常不看小说，从舍友那摸了一本，翻了一百多页都不能把我兴趣拉起来 
来自Android客户端 341楼 2021-09-14 12:33 夏娜 挺好，看了楼主的帖子，我知道该看什么了 https://gsp0.baidu.com/5aAHeD3nKhI2p27j8IqW0jdnxx1xbK/tb/editor/images/client/image_emoticon25.png
来自Android客户端 342楼 2021-09-14 12:35 伊阙 英雄志棺门鬼事大圣传大泼猴秦吏求魔仙逆，昆仑沧海徐公子系列 
来自iPhone客户端 343楼 2021-09-14 12:36 lnZuo 狼群怎么评价，初中看的刑天啃了人之后属实是给我看哭了。现在没书看了还偶尔翻出来看 
来自Android客户端 344楼 2021-09-14 12:44 呗 m 
来自Android客户端 345楼 2021-09-14 12:44 贴吧用户_QW826e6 如何评价神国之上 
来自iPhone客户端 346楼 2021-09-14 12:44 魔女伊蕾娜 视死如归魏君子和我想安静的修仙不错 https://gsp0.baidu.com/5aAHeD3nKhI2p27j8IqW0jdnxx1xbK/tb/editor/images/client/image_emoticon95.png https://gsp0.baidu.com/5aAHeD3nKhI2p27j8IqW0jdnxx1xbK/tb/editor/images/client/image_emoticon95.png https://gsp0.baidu.com/5aAHeD3nKhI2p27j8IqW0jdnxx1xbK/tb/editor/images/client/image_emoticon95.png
来自Android客户端 347楼 2021-09-14 12:45 无心者zl 革秦鼠鼠必备 https://gsp0.baidu.com/5aAHeD3nKhI2p27j8IqW0jdnxx1xbK/tb/editor/images/client/image_emoticon67.png
来自Android客户端 348楼 2021-09-14 12:47 最多7个字而已 总结：发了10本垃圾书，只不过有5本出名，5本不出名 
来自Android客户端 349楼 2021-09-14 12:50 子浪魔理沙 天启预报，偶尔写嗨，总体还不错 
来自Android客户端 350楼 2021-09-14 12:51 平角裤巨蟹 UK 
来自Android客户端 351楼 2021-09-14 12:54 贴吧用户_5XRDD3R 都没人提宠魅吗 
来自Android客户端 352楼 2021-09-14 12:54 Mr星球 诡秘就是玩点设定，具体的打斗太理想化了，描写不足，笔力不行，剧情走向怪怪的。 
来自iPhone客户端 353楼 2021-09-14 12:57 狂人日记″ 峨眉祖师挺好看的可以上个被低估榜吧，还有个罗浮 
来自iPhone客户端 354楼 2021-09-14 12:57 韩国非得 没有茅山后裔？ 
来自Android客户端 355楼 2021-09-14 13:01 大肥有点球 杀神 
来自Android客户端 356楼 2021-09-14 13:01 小青蛙 打得过柯南之最强大叔吗 https://gsp0.baidu.com/5aAHeD3nKhI2p27j8IqW0jdnxx1xbK/tb/editor/images/client/image_emoticon8.png
来自iPhone客户端 357楼 2021-09-14 13:02 时光与妳 被低估的那几部当年都大名鼎鼎，低估个寄吧，被低估的当属尘缘， 
来自Android客户端 358楼 2021-09-14 13:03 圣装KDA 低能在抗吧全是CJB 
来自Android客户端 359楼 2021-09-14 13:05 好运侠- 妖刀记才是第一cjb 
来自Android客户端 360楼 2021-09-14 13:06 鳌拜 在？如何评价张恒的《洪荒历》 
来自Android客户端 361楼 2021-09-14 13:06 你撞猪上 没有人生长恨水长东我不是很认可 
来自Android客户端 362楼 2021-09-14 13:06 圣装KDA 现在ylg是不是只会随波逐流啊人均没自己的思想？ 
来自iPhone客户端 363楼 2021-09-14 13:07 雨中用飘柔 飞升之后 
来自Android客户端 364楼 2021-09-14 13:12 贴吧用户_72aCKUM 什么书都有孝子直接都死了得了 
来自Android客户端 365楼 2021-09-14 13:13 贴吧用户_7M7U6AZ Cjb还得是剑来，恶心死我了 
来自iPhone客户端 366楼 2021-09-14 13:15 你娘飞了 凤歌的武侠小说好看 
来自Android客户端 367楼 2021-09-14 13:17 当时却惘然 长生不死，幽冥仙途，求魔，仙逆，飞升之后 
来自Android客户端 368楼 2021-09-14 13:19 中二的煮鸡手 《重生之我变成了蛆》开局就大口吃屎，难道没人爱看？作者甚至写了三部曲 https://gsp0.baidu.com/5aAHeD3nKhI2p27j8IqW0jdnxx1xbK/tb/editor/images/client/image_emoticon25.png https://gsp0.baidu.com/5aAHeD3nKhI2p27j8IqW0jdnxx1xbK/tb/editor/images/client/image_emoticon25.png https://gsp0.baidu.com/5aAHeD3nKhI2p27j8IqW0jdnxx1xbK/tb/editor/images/client/image_emoticon16.png
来自Android客户端 369楼 2021-09-14 13:22 -柳上原 懂不懂缥缈录的含金量啊 
来自Android客户端 370楼 2021-09-14 13:24 不充怎变强 诛仙不是最大的cjb https://gsp0.baidu.com/5aAHeD3nKhI2p27j8IqW0jdnxx1xbK/tb/editor/images/client/image_emoticon15.png
来自Android客户端 371楼 2021-09-14 13:24 可惜不吃鱼 。。。。骁骑校的几本不是爆杀这些cjb？国士无双，匹夫的逆袭，好人平安 
来自Android客户端 372楼 2021-09-14 13:25 取啥名字啊淦 大奉打更人cjb中的cjb 
来自Android客户端 373楼 2021-09-14 13:30 韦恩上寺 cjb没星辰变就离谱 
来自Android客户端 374楼 2021-09-14 13:30 圣殿骑艾吉奥 有盗墓笔记挖坑不填没有cjb龙族？ 
来自Android客户端 376楼 2021-09-14 13:32 南风微冷 魔临 
来自Android客户端 377楼 2021-09-14 13:37 不安de旋律 不洗澡可惜了 
来自iPhone客户端 378楼 2021-09-14 13:44 大爱蓝皮书  https://gsp0.baidu.com/5aAHeD3nKhI2p27j8IqW0jdnxx1xbK/tb/editor/images/client/image_emoticon100.png
来自iPhone客户端 379楼 2021-09-14 13:47 土豆哪里跑 都市妖奇谈，风姿物语 
来自Android客户端 380楼 2021-09-14 13:50 轻舟渡星河 诛仙？ 
来自Android客户端 381楼 2021-09-14 13:53 焱清影 东北往事之黑道风云二十年 
383楼 2021-09-14 13:56 嘛嘛滴粑粑 有人看过知北游吗 https://tb2.bdstatic.com/tb/editor/images/face/i_f24.png?t=20140803
来自Android客户端 384楼 2021-09-14 13:57 比安卡 傻逼 
来自Android客户端 385楼 2021-09-14 14:01 三体3程心永生 刘明 
来自Android客户端 386楼 2021-09-14 14:01 拱坝老姐 从姑获鸟开始，我死之前能不能写完吧？ 
来自Android客户端 387楼 2021-09-14 14:01 失于指缝丶 我当阴阳先生的那几年不就挺好的吗 
来自iPhone客户端 388楼 2021-09-14 14:06 西山彻 老书的想象力其实都很丰富啊，跳舞，血红的老书当时把我看傻了 
来自Android客户端 389楼 2021-09-14 14:08 老子叫fack 琥珀之剑 
来自iPhone客户端 390楼 2021-09-14 14:08 随缘箭法许长生 top1，谁与争锋，没问题吧兄弟们 
来自Android客户端 391楼 2021-09-14 14:11 么粑先森 我喜欢宅猪的书，有没有同行！ 
来自Android客户端 392楼 2021-09-14 14:13 终是意难平 天行健才是被低估的吧，一朝英雄拔剑起，又是苍生十年劫 
来自iPhone客户端 393楼 2021-09-14 14:16 晚点初见 恐怖复苏 
来自Android客户端 394楼 2021-09-14 14:17 a蘑菇炖蘑菇 凡人修仙传天下第一，其他都是臭鱼烂虾 
来自iPhone客户端 395楼 2021-09-14 14:20 星野 江山云罗没人看过？ 
来自Android客户端 396楼 2021-09-14 14:22 吧唧反过来 没有《贼人休走》，《穷鬼的上下两千年》我很难认可 https://gsp0.baidu.com/5aAHeD3nKhI2p27j8IqW0jdnxx1xbK/tb/editor/images/client/image_emoticon3.png
来自Android客户端 397楼 2021-09-14 14:22 贴吧用户_7b2G1V9 深蓝加点，大叽霸点击展开，查看完整图片 https://gsp0.baidu.com/5aAHeD3nKhI2p27j8IqW0jdnxx1xbK/tb/editor/images/client/image_emoticon95.png http://tiebapic.baidu.com/forum/w%3D580/sign=f05b18661ea98226b8c12b2fba83b97a/646dd201baa1cd116914e833e412c8fcc2ce2db1.jpg
来自Android客户端 398楼 2021-09-14 14:23 斑驳 没有阳神，深夜书屋，张恒的书？张恒的要不是这b更的太慢还会太监早就起飞了，完结的那几本都是神作了 
来自Android客户端 399楼 2021-09-14 14:25 喜欢看笑话 没有重金属外壳我并不是很认可🤗 
来自Android客户端 400楼 2021-09-14 14:31 咖喱棒 尘缘 
来自Android客户端 401楼 2021-09-14 14:34 贴吧用户_0WJU43N 看完了，****一个 https://gsp0.baidu.com/5aAHeD3nKhI2p27j8IqW0jdnxx1xbK/tb/editor/images/client/image_emoticon22.png
来自Android客户端 402楼 2021-09-14 14:34 他们妻负我 低估和不火不一样吧 
403楼 2021-09-14 14:35 风过又止 那么问题来了，你们现在再用什么软件看书？ 
来自Android客户端 404楼 2021-09-14 14:35 -更科瑠夏- 圣墟 
来自Android客户端 405楼 2021-09-14 14:35 他们妻负我 宅猪的都不错 
来自iPhone客户端 406楼 2021-09-14 14:43 桔柚鲸 怎么没有诛仙 
来自iPhone客户端 407楼 2021-09-14 14:43 plut0 在抗吧看到这些贴我还以为我回到了小时候看wow吧的时候 https://gsp0.baidu.com/5aAHeD3nKhI2p27j8IqW0jdnxx1xbK/tb/editor/images/client/image_emoticon9.png
来自Android客户端 408楼 2021-09-14 14:46 茶荼茶- 逆天邪神天下第一 https://gsp0.baidu.com/5aAHeD3nKhI2p27j8IqW0jdnxx1xbK/tb/editor/images/client/image_emoticon25.png
来自Android客户端 409楼 2021-09-14 14:47 带带铁龙鸣 人生中看的第一本实体书就是萧潜的飘邈之旅了 
来自Android客户端 410楼 2021-09-14 14:47 软-奶 没有黑道小说？没人想起来东哥，东哥很难受 http://tiebapic.baidu.com/forum/w%3D580/sign=2ce7a3d08aca7bcb7d7bc7278e086b3f/6ab2708ca9773912edf21f72a5198618377ae204.jpg
来自Android客户端 411楼 2021-09-14 14:49 satisf08 安卓啥软件看小说比较好 
414楼 2021-09-14 14:50 sheep同学 有没有类似超神机械师这种穿越游戏坑玩家的小说啊，弟兄们推荐一哈。 http://tiebapic.baidu.com/forum/w%3D580/sign=190417f5fc389b5038ffe05ab537e5f1/6a9568610c338744c42d2297140fd9f9d52aa0a7.jpg
来自iPhone客户端 415楼 2021-09-14 14:50 我有一个批 圣墟 
417楼 2021-09-14 14:55 秋水共長天yi色 有看过摄政大明的吗 https://tb2.bdstatic.com/tb/editor/images/face/i_f28.png?t=20140803
来自Android客户端 418楼 2021-09-14 14:57 本人裘超越 《上帝们的那些事儿》 
来自Android客户端 419楼 2021-09-14 14:58 雷德王 《超魔杀帝国》！！！！ 
来自Android客户端 420楼 2021-09-14 15:00 風前辈 欧克暴君，赤色恶龙，文笔剧情都还不错。 
来自Android客户端 421楼 2021-09-14 15:04 本人裘超越 《无限作死》，纯图一乐的，整活程度比惊悚乐园强多了 
来自Android客户端 423楼 2021-09-14 15:10 Apxx 我的评价是不如英雄联盟之绝世无双 https://gsp0.baidu.com/5aAHeD3nKhI2p27j8IqW0jdnxx1xbK/tb/editor/images/client/image_emoticon3.png
来自Android客户端 424楼 2021-09-14 15:10 空腹吃冰 临高启明呢？ 
来自Android客户端 426楼 2021-09-14 15:14 不可一世杀手 点击展开，查看完整图片 https://gsp0.baidu.com/5aAHeD3nKhI2p27j8IqW0jdnxx1xbK/tb/editor/images/client/image_emoticon24.png http://tiebapic.baidu.com/forum/w%3D580/sign=fecc32a8fb1ea8d38a22740ca70a30cf/d787afae2edda3ccb1ef3d335ce93901203f92c9.jpg
来自iPhone客户端 427楼 2021-09-14 15:18 流星神雨 无内鬼来人推荐点纯爱刘备，琼名仙子之类的直接gck https://gsp0.baidu.com/5aAHeD3nKhI2p27j8IqW0jdnxx1xbK/tb/editor/images/client/image_emoticon6.png https://gsp0.baidu.com/5aAHeD3nKhI2p27j8IqW0jdnxx1xbK/tb/editor/images/client/image_emoticon6.png https://gsp0.baidu.com/5aAHeD3nKhI2p27j8IqW0jdnxx1xbK/tb/editor/images/client/image_emoticon6.png
来自Android客户端 428楼 2021-09-14 15:22 天涯独此一人 可惜南派三叔写得那么差大赚，天下霸唱被套路现在鬼吹灯这三个字都不能用，都是命。有人说三叔的其实还可以呀，但是你要知道读者一直追是因为想看三叔的背后故事，结果是个完全为xjb写而产生的填不掉的坑，欺骗读者，三叔最后揭秘根本本和之前剧情对不上。 
来自Android客户端 429楼 2021-09-14 15:23 有害君- 道爷 
来自Android客户端 430楼 2021-09-14 15:23 一只橙子 你寄吧谁啊😅 
来自Android客户端 431楼 2021-09-14 15:27 水氵皇 井口战役核钢位面一口气看完太爽了 https://gsp0.baidu.com/5aAHeD3nKhI2p27j8IqW0jdnxx1xbK/tb/editor/images/client/image_emoticon24.png
来自Android客户端 432楼 2021-09-14 15:28 立花彩 没人说宠魅吗？也是一本老书了已经刷过好多遍了这本书在我心里永远都是top1 
来自Android客户端 433楼 2021-09-14 15:28 起风想你了 没人提马前卒？作者多线描写挺不错的 https://gsp0.baidu.com/5aAHeD3nKhI2p27j8IqW0jdnxx1xbK/tb/editor/images/client/image_emoticon16.png
来自Android客户端 434楼 2021-09-14 15:29 斯塔缇克电刃 龙族连cjb榜都没上，就代表是真CJB！ 
来自Android客户端 435楼 2021-09-14 15:32 绯世z- 从姑获鸟开始和余烬之铳感觉还不错 
来自iPhone客户端 436楼 2021-09-14 15:33 顾慎为 网文冰临神下写的几本我都挺喜欢看，还有就是贩罪和蛊真人 
来自Android客户端 437楼 2021-09-14 15:36 小明的语文作业 《我当道士的那些年》有人看过吗 
来自Android客户端 438楼 2021-09-14 15:38 赤马青衫 怎么没有人说恐怖屋和深夜书屋 https://gsp0.baidu.com/5aAHeD3nKhI2p27j8IqW0jdnxx1xbK/tb/editor/images/client/image_emoticon86.png
来自Android客户端 439楼 2021-09-14 15:39 leonidaszyq 推荐猫腻江南的书，本质是小说但有一定文学思想 
来自Android客户端 440楼 2021-09-14 15:45 橼莱铷茈 苗疆蛊事 
来自Android客户端 441楼 2021-09-14 15:48 雅诗拉尼 《微酸学园ABC》没有上榜吗，追了十几年了，作者就是不更新。。。主要我们长存怜悯、恩慈、谦虚、温柔、忍耐的心。要彼此包容，彼此饶恕；主怎样饶恕了你们，你们也要怎样饶恕人。所以……”　　“请不要做无谓的争斗。没有相应实力却口出大言的人。”　　“不敢表露自己真实yu望的无用胆小鬼。”　　“拥有微薄力量却将之滥施于弱小，自以为是的人。”　　“明明是无用的蛆虫，却只会自我陶醉自以为很伟大的人。”　　“以种种伪言和华丽借口，来掩盖自身丑陋本质，满足无聊yu望的人。”死到临头还不知自悟的愚人们啊。”　　“真正与你们价值等同的东西……”　　“也只不过是一颗最便宜的子弹。 
来自Android客户端 442楼 2021-09-14 15:48 我又不乱来h 坏蛋以前看也很舒服，不过没结尾太操蛋了 
来自Android客户端 443楼 2021-09-14 15:51 馒头片片 没有人看过昆仑和沧海吗 https://gsp0.baidu.com/5aAHeD3nKhI2p27j8IqW0jdnxx1xbK/tb/editor/images/client/image_emoticon1.png
来自iPhone客户端 444楼 2021-09-14 15:58 姓水名良叫作浪 被低估的冷门，没有茅山后裔？ 
来自Android客户端 445楼 2021-09-14 16:03 贴吧用户_Q11G2et 没人发将夜吗？ 
446楼 2021-09-14 16:04 情深深嘴臭臭 cjb牧神记，不如之前写的人道至尊 
来自iPhone客户端 447楼 2021-09-14 16:11 猛虎下山 问镜真挺好看的，没啥离谱的跨级战斗 https://gsp0.baidu.com/5aAHeD3nKhI2p27j8IqW0jdnxx1xbK/tb/editor/images/client/image_emoticon33.png
来自Android客户端 448楼 2021-09-14 16:12 无名闻天下 历史类：临高启明：一部分人觉得是神作一部分人觉得是裹脚布晚明：角色塑造摸到严肃小说入门水准永不解密：对时代的描写可以作为报告文学了 
来自Android客户端 449楼 2021-09-14 16:12 xjshzmyc 苗疆蛊事和苗疆道事真的强烈推荐 
来自iPhone客户端 450楼 2021-09-14 16:14 鎏金哇开吖酷咧 不爽的网文都是cjb https://gsp0.baidu.com/5aAHeD3nKhI2p27j8IqW0jdnxx1xbK/tb/editor/images/client/image_emoticon22.png
来自iPhone客户端 451楼 2021-09-14 16:16 全面小康 第一版主有没有链接给个 
453楼 2021-09-14 16:23 徐凤年 主要还是时代在变我第一次看小说是四年级第一本书是雨魔的驭兽斋记得贼尼玛清楚那时候的小说还是善良的死神，空速星痕那种武侠小说都是看今古传奇我估计吧里人大多数都不知道这个杂志了不过有一说一今古传奇上面的小说文笔一流心目中武侠巅峰昆仑 
来自Android客户端 455楼 2021-09-14 16:32 别乱来 六朝清羽记，妖刀记，听雪谱 https://gsp0.baidu.com/5aAHeD3nKhI2p27j8IqW0jdnxx1xbK/tb/editor/images/client/image_emoticon3.png https://gsp0.baidu.com/5aAHeD3nKhI2p27j8IqW0jdnxx1xbK/tb/editor/images/client/image_emoticon3.png https://gsp0.baidu.com/5aAHeD3nKhI2p27j8IqW0jdnxx1xbK/tb/editor/images/client/image_emoticon3.png
来自Android客户端 456楼 2021-09-14 16:34 爱丶秀妍 你这些神书还不如cjb呢 
来自iPhone客户端 457楼 2021-09-14 16:35 脑壳被拷了 这没人看？？点击展开，查看完整图片 http://tiebapic.baidu.com/forum/w%3D580/sign=99df88227c3fb80e0cd161df06d12ffb/4b7b78ca0a46f21f263fda40ab246b600d33aec9.jpg
来自Android客户端 458楼 2021-09-14 16:36 summest 没有史上第一混乱我是不认可的 
来自Android客户端 460楼 2021-09-14 16:39 空空如空 没人说求魔和人道至尊吗，我还觉得挺好看 https://gsp0.baidu.com/5aAHeD3nKhI2p27j8IqW0jdnxx1xbK/tb/editor/images/client/image_emoticon72.png
来自Android客户端 461楼 2021-09-14 16:42 310B  http://tiebapic.baidu.com/forum/w%3D580/sign=f15524e98cc8a786be2a4a065709c9c7/bd8ebb0f7bec54e7e29b9e0de4389b504ec26ae5.jpg
来自Android客户端 462楼 2021-09-14 16:46 藤木- 这我就要推荐一下宠魅了 
来自Android客户端 464楼 2021-09-14 16:53 友人a 琥珀之剑作者绯炎的书，可惜已经断更一年多了。我真的超喜欢绯炎的书，宏大的世界观，那种主角冒险探索世界的感觉。点击展开，查看完整图片 http://tiebapic.baidu.com/forum/w%3D580/sign=b15000f268f5e0feee1889096c6134e5/2ab139f23a87e9507465fc8755385343faf2b419.jpg
来自iPhone客户端 465楼 2021-09-14 16:57 越云qwq  https://gsp0.baidu.com/5aAHeD3nKhI2p27j8IqW0jdnxx1xbK/tb/editor/images/client/image_emoticon3.png https://gsp0.baidu.com/5aAHeD3nKhI2p27j8IqW0jdnxx1xbK/tb/editor/images/client/image_emoticon3.png http://tiebapic.baidu.com/forum/w%3D580/sign=34c039e01eb5c9ea62f303ebe538b622/8381ea25b899a9014c5354dd58950a7b0308f52d.jpg
来自Android客户端 466楼 2021-09-14 17:03 心态放好 虽然但是，推荐末世恐怖风暴，我看的第一本小说。虽然写的很白，带还是强烈推荐。还有黑暗文明 
来自Android客户端 467楼 2021-09-14 17:05 落花繁尽的忧伤 都没看过 
来自Android客户端 468楼 2021-09-14 17:07 炸哔神教 地煞七十二变 
来自Android客户端 469楼 2021-09-14 17:08 齐格鲁德 全职一颗老鼠屎坏了一锅粥，直接把你这个榜打的毫无意义，连jb都不是，不是腐女和动画这本书根本没人看，还不如蝴蝶兰早期的几本。 
来自iPhone客户端 470楼 2021-09-14 17:16 Qe萌七 最后一个道士怎么说 
来自Android客户端 471楼 2021-09-14 17:16 七号灵药 王国血脉 
来自Android客户端 473楼 2021-09-14 17:24 很难蚌埠住 琼明神女录 https://gsp0.baidu.com/5aAHeD3nKhI2p27j8IqW0jdnxx1xbK/tb/editor/images/client/image_emoticon24.png
来自iPhone客户端 474楼 2021-09-14 17:31 寒冬 火的书很多都是cjb，一些冷门的倒是惊艳到我了 
来自Android客户端 475楼 2021-09-14 17:44 月光盏下品孤独 诛仙永远滴神 
来自Android客户端 476楼 2021-09-14 17:45 我是中国人 死人经前期的神 https://gsp0.baidu.com/5aAHeD3nKhI2p27j8IqW0jdnxx1xbK/tb/editor/images/client/image_emoticon95.png
