7499371157 抗压背锅吧申诉专帖 (8月-12月)_抗压背锅吧_百度贴吧
1楼 2021-08-17 20:53 七夜魔君_ 原则：严格按照本吧吧规、《贴吧协议》、《吧主制度》管理内容与用户，并开设封删申诉专用贴供吧友二次申诉，一天内处理回复用户申诉严格遵守贴吧官方的管理准则吧务们会在1天内，核实确实违规后处理。举报内容包括,违反吧规以及度娘贴吧协议。明显引战贴YLG，水贴，其他无关电竞游戏内容。反串贴装睿智，阴阳怪气逆风输出以及外战期间黑LPL队伍，带LPL队伍节奏等内容。申诉前，是否对本吧有一定认知和了解?不了解就先看吧规帖http://tieba.baidu.com/p/6127223796吧务有漏掉没及时处理的违规帖，都可以在此帖进行举报举报格式原帖链接:被举报人ID:举报楼层数:也可以直接在违规楼层或者帖子内艾特各吧务处理被删封禁质疑首先先看自己是否为系统删帖。区分好吧务删帖跟系统删帖对于自己被吧务删贴跟被封号有疑议或不明白的都可以发。吧务会告知被删帖封禁原因。本贴无关回复将会删除，不符合格式的申诉或者在此帖外发的也将会被删除。 
来自Android客户端 3楼 2021-08-17 21:09 扣帽子4个 能帮我贴恢复吗，恢复完我就锁了行不 
4楼 2021-08-17 21:30 汤姆憨克斯 https://tieba.baidu.com/p/7499415476贴吧用户_024XyPa拿个🐶试刀 https://tb2.bdstatic.com/tb/editor/images/face/i_f24.png?t=20140803
来自iPhone客户端 9楼 2021-08-18 00:14 薤露蒿里 可以告诉我这一贴为什么我被删吗 http://tiebapic.baidu.com/forum/w%3D580/sign=550e0f817c63f6241c5d390bb745eb32/2ce0fb188618367a7da5fb6539738bd4b21ce589.jpg
来自Android客户端 31楼 2021-08-18 16:28 神之创凤宇 怀疑这人神蛆http://tieba.baidu.com/p/7498019351?share=9105&fr=share&see_lz=0&share_from=post&sfc=copy&client_type=2&client_version=12.5.1.0&st=1629275301&unique=6DF1BBEAE36C9E708E8F29E209066FFF 
来自iPhone客户端 34楼 2021-08-18 19:03 不见人间有青衣 如何评价冠军ad这波操作经常造谣怎么说，可以看他发帖记录，虽然都是玩梗 
来自Android客户端 38楼 2021-08-18 21:30 神之创凤宇 发一个贴，@我一下。不想跟这睿智ylg吵了还继续骚扰我http://tieba.baidu.com/p/7500254640?share=9105&fr=share&see_lz=0&share_from=post&sfc=copy&client_type=2&client_version=12.5.1.0&st=1629293272&unique=4CCF1081DEB34D8FC084BF754EDB174C能不能把这逆天循了啊点击展开，查看完整图片 http://tiebapic.baidu.com/forum/w%3D580/sign=c7de70895d90f60304b09c4f0913b370/25a3cbfdc3cec3fdb15f5bcdc188d43f86942753.jpg
来自Android客户端 39楼 2021-08-18 21:30 神之创凤宇 评价一下英雄联盟相关音乐以及各S赛主题音... 
来自Android客户端 40楼 2021-08-18 21:32 神之创凤宇 引战言论，说这两首歌是shi，听他的都是啥啥的。这不把这逆天7级ylg循了？点击展开，查看完整图片 http://tiebapic.baidu.com/forum/w%3D580/sign=1414c1e98cc8a786be2a4a065709c9c7/bd8ebb0f7bec54e707da7b0de4389b504fc26a25.jpg
来自iPhone客户端 41楼 2021-08-18 22:13 吴签 退役选手的不能发？点击展开，查看完整图片 http://tiebapic.baidu.com/forum/w%3D580/sign=419f1da27759252da3171d0c049a032c/3d3a84d7277f9e2f9f6ee2b00830e924b999f366.jpg
来自Android客户端 42楼 2021-08-18 23:33 神之创凤宇 评价一下英雄联盟相关音乐以及各S赛主题音隔三差五地骚扰。骂他他又来劲儿，不骂他又发疯这种人骂不过就发疯。能不能给他先禁3天。想清静会儿点击展开，查看完整图片 http://tiebapic.baidu.com/forum/w%3D580/sign=52d231975634970a47731027a5cbd1c0/3f7d7fd88d1001e9c300edb7af0e7bec55e797f9.jpg
来自iPhone客户端 43楼 2021-08-19 09:25 妚露 午夜档水贴不是一直到八点半凌晨两点多水完三点多给我删了 https://gsp0.baidu.com/5aAHeD3nKhI2p27j8IqW0jdnxx1xbK/tb/editor/images/client/image_emoticon15.png http://tiebapic.baidu.com/forum/w%3D580/sign=e20005cbba4bd11304cdb73a6aaea488/1e3aa51fa8d3fd1f6ba14382274e251f94ca5f14.jpg http://tiebapic.baidu.com/forum/w%3D580/sign=c8176d895d90f60304b09c4f0913b370/25a3cbfdc3cec3fdbe9646cdc188d43f86942714.jpg
来自Android客户端 44楼 2021-08-19 10:49 RW丶蕉太狼 我违反那个吧规了？讨论英雄强度都不行吗？点击展开，查看完整图片 http://tiebapic.baidu.com/forum/w%3D580/sign=4ca421beb8c379317d688621dbc5b784/e38f6408c93d70cf0f9349b5efdcd100bba12b4b.jpg
来自iPhone客户端 46楼 2021-08-19 11:25 七夜魔君_ 这就是你看过的吧规吗?你告诉我讨论英雄算不算水贴?@10057245905a http://tiebapic.baidu.com/forum/w%3D580/sign=bb831a99658b4710ce2ffdc4f3cfc3b2/0c5e75c7a7efce1b9c342a72b851f3deb58f6599.jpg
来自Android客户端 48楼 2021-08-19 15:23 彻寒 为啥我发rng赢了roll东西的也删?有小吧监督的 https://gsp0.baidu.com/5aAHeD3nKhI2p27j8IqW0jdnxx1xbK/tb/editor/images/client/image_emoticon12.png https://gsp0.baidu.com/5aAHeD3nKhI2p27j8IqW0jdnxx1xbK/tb/editor/images/client/image_emoticon12.png
来自Android客户端 49楼 2021-08-19 15:26 彻寒 前面几楼已经给小吧说了，rng赢了roll也不行?点击展开，查看完整图片 http://tiebapic.baidu.com/forum/w%3D580/sign=81d37f446bd98d1076d40c39113eb807/0ce39b23720e0cf378c4a7431d46f21fbf09aa8e.jpg
来自iPhone客户端 50楼 2021-08-19 22:56 微笑or淡忘 水鬼又开始篡改了，贪冒泡赛之功低能⛵️🐶吧务是不是不管啊 https://gsp0.baidu.com/5aAHeD3nKhI2p27j8IqW0jdnxx1xbK/tb/editor/images/client/image_emoticon8.png
来自Android客户端 51楼 2021-08-19 23:02 TL之子IG 抗吧最近新招的这批吧务，好几个都是自带立场的饭圈粉，滥用权限，双标删封 
来自Android客户端 52楼 2021-08-19 23:02 TL之子IG 如图为什么一句姜人彘就能让shy孝子破大防？吧规禁止开牧场，没禁喷人吧，什么情况我说句姜人彘就要被shy孝子吧务禁言了？姜人彘不行，糖尿病行？姜人彘不行，胃癌就行？喷个人在抗吧也要被执法是吧，鸡杂吧务下场禁言，骂姜人彘就要被禁言，骂糖尿病，尿毒症，侏儒，胃癌就不会被禁言，差不多得了，自带立场的双标狗点击展开，查看完整图片 http://tiebapic.baidu.com/forum/w%3D580/sign=9e615cb08c504fc2a25fb00dd5dce7f0/f7d10f328744ebf8ab03b487cef9d72a6159a74f.jpg
来自Android客户端 54楼 2021-08-19 23:03 TL之子IG 如图我发这个图不是为了证明doinb配不配和faker比较，实际上我也觉得不配，但是这能构成禁言的理由吗？什么时候粉丝吹一下自己喜欢的选手要被禁言了？点击展开，查看完整图片 http://tiebapic.baidu.com/forum/w%3D580/sign=308453754566d0167e199e20a72ad498/d5e50a22dd54564e9b073481a4de9c82d0584f5e.jpg http://tiebapic.baidu.com/forum/w%3D580/sign=c09b52cd54a98226b8c12b2fba83b97a/646dd201baa1cd1159d4a298ae12c8fcc2ce2d5e.jpg
来自Android客户端 55楼 2021-08-19 23:05 TL之子IG 这些新来的吧务，全是自带立场的饭圈粉，抗吧一贯以来的风气就是不禁止对喷，只要世界赛不当韩杂，平常不当农批，不放💣，基本上可以畅所欲言。然而现在只要是黑到某些孝子吧务的头上，就会直接禁言，这合理？@抗压吧务团队1 
来自Android客户端 60楼 2021-08-20 00:07 雪跃风花- 这是怎么回事呢友友，你不会真是家里有牧场的富哥吧@TL之子IG😄点击展开，查看完整图片 http://tiebapic.baidu.com/forum/w%3D580/sign=fbc47eaa650e0cf3a0f74ef33a47f23d/25b04991f603738dc2e1df9aa41bb051f919ec16.jpg
来自iPhone客户端 61楼 2021-08-20 00:18 bo財 能告诉我为啥吗。这是抗吧刚解封的时候发的，然后过了好久给我循了？点击展开，查看完整图片 http://tiebapic.baidu.com/forum/w%3D580/sign=b2d45f9adffcc3ceb4c0c93ba244d6b7/52aa9e17fdfaaf51061a52079b5494eef21f7ac4.jpg
来自Android客户端 63楼 2021-08-20 05:01 大肥大肥丶 一堆违规的不去删除，删我这短短的几个字干嘛，有违规内容吗？ http://tiebapic.baidu.com/forum/w%3D580/sign=21dce17f87529822053339cbe7cb7b3b/82a68983b9014a9091fc9b05be773912b11beeff.jpg
来自Android客户端 64楼 2021-08-20 06:42 彻寒 http://tieba.baidu.com/p/7502928806?share=9105&fr=share&see_lz=0&share_from=post&sfc=copy&client_type=2&client_version=12.7.1.1&st=1629412923&unique=AC36E14C137994D44F763BF4864C2886 
来自Android客户端 65楼 2021-08-20 06:45 彻寒 打分贴第四楼，ID：😺霸天下前排开牧场，我不小心开牧场被循几次了，这个应该得封吧 
来自iPhone客户端 66楼 2021-08-20 07:10 天上鹤 我问个手机也没超过时间怎么删了点击展开，查看完整图片 https://gsp0.baidu.com/5aAHeD3nKhI2p27j8IqW0jdnxx1xbK/tb/editor/images/client/image_emoticon8.png http://tiebapic.baidu.com/forum/w%3D580/sign=769a749eeafaaf5184e381b7bc5594ed/b485379a033b5bb5716bfc4621d3d539b700bc79.jpg
来自Android客户端 68楼 2021-08-21 08:36 哪吒小魔王 ？删帖加封禁？哪里违规？第二个第二三个是讨论电竞赛事的吧，第一个在11点后发的，哪里违规了？点击展开，查看完整图片 http://tiebapic.baidu.com/forum/w%3D580/sign=8908875f307f9e2f70351d002f31e962/a56ab5fc5266d01621a7ab91802bd40734fa357a.jpg
来自Android客户端 69楼 2021-08-21 13:27 无火余烬 哪里违规了？点击展开，查看完整图片 http://tiebapic.baidu.com/forum/w%3D580/sign=3dcccd6302ce36d3a20483380af23a24/2428aa004c086e067bec0ef215087bf40bd1cb71.jpg
来自Android客户端 71楼 2021-08-22 07:38 水鬼二吧 为什么刚换吧务我就被封禁？封完我质疑下又封我？ 
