7538268181 兄弟们平时剪头发花多少钱【抗压背锅吧】_百度贴吧
来自iPhone客户端 1楼 2021-09-14 12:37 别里科夫 这哈只剩下感恩了点击展开，查看完整图片 https://gsp0.baidu.com/5aAHeD3nKhI2p27j8IqW0jdnxx1xbK/tb/editor/images/client/image_emoticon97.png https://gsp0.baidu.com/5aAHeD3nKhI2p27j8IqW0jdnxx1xbK/tb/editor/images/client/image_emoticon97.png http://tiebapic.baidu.com/forum/w%3D580/sign=3f293acdad1f3a295ac8d5c6a924bce3/aa62d638b6003af389fa4773682ac65c1138b690.jpg http://tiebapic.baidu.com/forum/w%3D580/sign=ec6a0421c78ba61edfeec827713597cc/eab84837acaf2eddfe934b02c81001e938019329.jpg
来自Android客户端 2楼 2021-09-14 12:38 金币song 老头8元 
来自Android客户端 3楼 2021-09-14 12:39 独角仙吃xd什么 30..学校里边 
来自Android客户端 4楼 2021-09-14 12:39 海克斯五香蛋 学校里25一次 
来自Android客户端 5楼 2021-09-14 12:39 理塘-丁真 十五 
来自Android客户端 6楼 2021-09-14 12:39 理塘-丁真 回去自己吹自己洗 
来自Android客户端 7楼 2021-09-14 12:39 直冲熊 20 
来自iPhone客户端 8楼 2021-09-14 12:40 隐鹤 家附近基本都在40块了…… 
来自iPhone客户端 9楼 2021-09-14 12:41 羊和苏 20学校附近都这个价位 
来自Android客户端 10楼 2021-09-14 12:42 晴天 镇上15，还行吧 
来自Android客户端 11楼 2021-09-14 12:42 几点催花雨 在学校60在家5块 https://gsp0.baidu.com/5aAHeD3nKhI2p27j8IqW0jdnxx1xbK/tb/editor/images/client/image_emoticon8.png
来自Android客户端 12楼 2021-09-14 12:42 川普王 40洗剪吹 
13楼 2021-09-14 12:43 爆沙农批85 学校里20，毕业了剪15的。不过我这四线小城市都差不多20起步了 
来自iPhone客户端 14楼 2021-09-14 12:43 来来来去走滚 没办法，回家花不了左手的剪头卡了，等回基地肯定用左手的卡剪个贵的 
来自Android客户端 15楼 2021-09-14 12:43 莱格堡镇 楼下15洗剪吹 
来自Android客户端 16楼 2021-09-14 12:45 -地狱拖拉机 村里十块洗剪 
来自Android客户端 17楼 2021-09-14 12:46 猛1型脆鲨 如果在路边找老头的话就是5元，店里面的话就1520 
来自Android客户端 18楼 2021-09-14 12:46 兽人战小子 开了会员128一次，不开要200，因为家附近就这一家理发店所以只能把头发留长点再去剪 https://gsp0.baidu.com/5aAHeD3nKhI2p27j8IqW0jdnxx1xbK/tb/editor/images/client/image_emoticon16.png
来自Android客户端 19楼 2021-09-14 12:47 惨淡yishi 30 
来自Android客户端 20楼 2021-09-14 12:48 善良的rtyuio 20 
来自Android客户端 21楼 2021-09-14 12:48 贴吧用户_a2ZNaW3 15 
来自Android客户端 22楼 2021-09-14 12:48 爱马创创子 家附近的25，学校的洗剪吹32 https://gsp0.baidu.com/5aAHeD3nKhI2p27j8IqW0jdnxx1xbK/tb/editor/images/client/image_emoticon24.png
来自Android客户端 23楼 2021-09-14 12:48 劉光炫彩 学校40，家里八块 https://gsp0.baidu.com/5aAHeD3nKhI2p27j8IqW0jdnxx1xbK/tb/editor/images/client/image_emoticon6.png
来自Android客户端 24楼 2021-09-14 12:48 碎月 我就20块，因为有会员，反正我也不剪什么发型 https://gsp0.baidu.com/5aAHeD3nKhI2p27j8IqW0jdnxx1xbK/tb/editor/images/client/image_emoticon3.png
来自Android客户端 25楼 2021-09-14 12:48 hz原型暴露 20 
来自Android客户端 27楼 2021-09-14 12:48 须臾梦 三块 
来自Android客户端 28楼 2021-09-14 12:49 hz原型暴露 有15的剪得和屎一样 
29楼 2021-09-14 12:50 贴吧用户_5X2Zba3 PDD19块钱电推自己推就推两下那么简单还感觉理发师会解压就给人个2030怎么想都太亏了 
来自Android客户端 30楼 2021-09-14 12:50 枝江之屋 冰😭对自己好点 
来自Android客户端 31楼 2021-09-14 12:52 骑龟人 268的之前也剪过500多的 
来自Android客户端 32楼 2021-09-14 12:52 蛆虫馅饼 我买了推子，自己剪 
来自Android客户端 33楼 2021-09-14 12:52 楼兰 0块，自己剃 
来自iPhone客户端 34楼 2021-09-14 12:53 Nuguri- 15 
来自Android客户端 35楼 2021-09-14 12:53 归离 十块 
来自Android客户端 37楼 2021-09-14 12:54 阿托希塔斯 楼下剪一次30，到处找不着那种老头开的店 
来自Android客户端 39楼 2021-09-14 12:54 hehefengyn 网上买的推子，自己推。 
来自Android客户端 40楼 2021-09-14 12:55 海象神拳22 25 https://gsp0.baidu.com/5aAHeD3nKhI2p27j8IqW0jdnxx1xbK/tb/editor/images/client/image_emoticon9.png
来自Android客户端 41楼 2021-09-14 12:57 缺个中单这边 30 
来自iPhone客户端 42楼 2021-09-14 13:00 彼尔维何 农村15 
来自Android客户端 43楼 2021-09-14 13:01 白也 30便宜的有时候60 
来自iPhone客户端 44楼 2021-09-14 13:04 得瑟由我资本 25 
来自Android客户端 45楼 2021-09-14 13:07 贴吧用户_72aCKUM 30校门口 
来自Android客户端 46楼 2021-09-14 13:08 tom汤姆 上次15 https://gsp0.baidu.com/5aAHeD3nKhI2p27j8IqW0jdnxx1xbK/tb/editor/images/client/image_emoticon24.png
来自Android客户端 47楼 2021-09-14 13:10 滕杨天下 男生杭州30 
来自Android客户端 49楼 2021-09-14 13:11 水加3 小区理发店，10 
来自Android客户端 50楼 2021-09-14 13:11 小枸勾 楼下办卡都30块 https://gsp0.baidu.com/5aAHeD3nKhI2p27j8IqW0jdnxx1xbK/tb/editor/images/client/image_emoticon4.png
来自iPhone客户端 51楼 2021-09-14 13:12 理塘珍珠王 捏麻麻，大学办卡理发一次20，不办卡最低也是25 https://gsp0.baidu.com/5aAHeD3nKhI2p27j8IqW0jdnxx1xbK/tb/editor/images/client/image_emoticon70.png https://gsp0.baidu.com/5aAHeD3nKhI2p27j8IqW0jdnxx1xbK/tb/editor/images/client/image_emoticon70.png
来自iPhone客户端 52楼 2021-09-14 13:12 黄司令威武 25还不便宜啊我们学校里的理发店都要20一次之前去文峰冲了2000剪头发才30一次今年又涨价了要再冲5000才能三十剪头发不然剪一次要45随便一个逼精神小伙开个店都要充1000才能剪30的头发就离谱 
来自Android客户端 53楼 2021-09-14 13:13 叶子菌a 学校25，在家六块 
来自iPhone客户端 54楼 2021-09-14 13:13 孤单的心事 基本都是40。想便宜的都没地 
来自Android客户端 55楼 2021-09-14 13:14 至暗之夜 😅我剪的比他贵五块 
来自Android客户端 56楼 2021-09-14 13:14 在摸拿剪刀了 21办了会员，不然一般30 
来自iPhone客户端 57楼 2021-09-14 13:14 无双剑姬孙-文 在大城市确实算便宜了 
来自Android客户端 58楼 2021-09-14 13:17 华北水院孝子 我这边有10块的但是我半年一剪有点太难为他了 https://gsp0.baidu.com/5aAHeD3nKhI2p27j8IqW0jdnxx1xbK/tb/editor/images/client/image_emoticon66.png
来自iPhone客户端 59楼 2021-09-14 13:17 魔女伊蕾娜 今年涨十五了😅 
来自Android客户端 60楼 2021-09-14 13:17 若竹Z 25，一个月剪一次。两边推光上面修一下 https://gsp0.baidu.com/5aAHeD3nKhI2p27j8IqW0jdnxx1xbK/tb/editor/images/client/image_emoticon97.png
来自Android客户端 61楼 2021-09-14 13:17 堕天使夜羽- 我学校一次十块 https://gsp0.baidu.com/5aAHeD3nKhI2p27j8IqW0jdnxx1xbK/tb/editor/images/client/image_emoticon66.png
来自Android客户端 62楼 2021-09-14 13:19 临死吃碗炒饭 六七十吧 
来自iPhone客户端 63楼 2021-09-14 13:20 時光机- 60左右，也有25的那种自助，洗头都要自己洗的那种 
来自iPhone客户端 64楼 2021-09-14 13:20 苏格拉底命率 中关村这儿踏🐎贵的一批。 
来自iPhone客户端 65楼 2021-09-14 13:21 GH-X-ST 15，涨价了 https://gsp0.baidu.com/5aAHeD3nKhI2p27j8IqW0jdnxx1xbK/tb/editor/images/client/image_emoticon6.png
来自iPhone客户端 66楼 2021-09-14 13:21 哇塞姑娘 楼下理发店可以不洗头回家洗只要10块，学校附近30 https://gsp0.baidu.com/5aAHeD3nKhI2p27j8IqW0jdnxx1xbK/tb/editor/images/client/image_emoticon70.png
67楼 2021-09-14 13:22 Sei 80，15理一次只停留在小时候的记忆里，80的店里看着干净些 
来自Android客户端 68楼 2021-09-14 13:22 邻居家的阿卡林 20 
来自iPhone客户端 69楼 2021-09-14 13:23 她太善良 150 
来自iPhone客户端 70楼 2021-09-14 13:24 彗星武器批发商 25 
来自iPhone客户端 71楼 2021-09-14 13:24 唷久 30 
来自iPhone客户端 72楼 2021-09-14 13:24 鬼厉有悔 捏🐴的我家附近理发的都450害得我每次还得跑远路去10多块的地方剪头 
来自Android客户端 73楼 2021-09-14 13:25 吴签 20 
来自Android客户端 74楼 2021-09-14 13:25 吉良吉影 小时候理发店20，老头10，我爹给我20我去老头哪里剃，剩10块上网 
来自Android客户端 75楼 2021-09-14 13:26 秋珉 我这男生39，女生43 
来自Android客户端 76楼 2021-09-14 13:27 贴吧用户_5XXySEa 位置成都，最便宜的66，在老家十五块一下子跃进到这属实接受不了 
来自iPhone客户端 77楼 2021-09-14 13:27 滚去学习 贵有贵的道理 
来自iPhone客户端 78楼 2021-09-14 13:27 舔你的大白袜 2000 
来自iPhone客户端 79楼 2021-09-14 13:29 部落特亨特尔 15块 http://tiebapic.baidu.com/forum/w%3D580/sign=68415d3ce3096b6381195e583c338733/2faab350f8198618547d759717ed2e738bd4e61a.jpg
来自Android客户端 80楼 2021-09-14 13:29 大贺灬 在老家只要15块，在学校里寄吧收30，我舍友做一次头发要100多。 
来自Android客户端 81楼 2021-09-14 13:29 我菜怪我咯 不是15或者20吗 
来自iPhone客户端 82楼 2021-09-14 13:31 Mrpink 已经学会用推子直接推光头了 
来自iPhone客户端 83楼 2021-09-14 13:31 沉默懒虫 小区最便宜的洗剪吹要50，但就给你随便过下水洗一下，好点的80，90，洗头给你按一下 
来自Android客户端 84楼 2021-09-14 13:32 何以为歌 30 
来自iPhone客户端 85楼 2021-09-14 13:33 米圣 25 
来自Android客户端 86楼 2021-09-14 13:33 脑瘫iboy 这边要50，还贼鸡巴丑 https://gsp0.baidu.com/5aAHeD3nKhI2p27j8IqW0jdnxx1xbK/tb/editor/images/client/image_emoticon12.png
来自iPhone客户端 87楼 2021-09-14 13:34 岚夜lanye 办卡七十多吧印象不是很深了老家50以下 
来自iPhone客户端 88楼 2021-09-14 13:34 奥什 基本都25左右吧？老家小县城15 
来自Android客户端 89楼 2021-09-14 13:34 差不多得啦 六块 
来自Android客户端 90楼 2021-09-14 13:35 吴钩明霜雪 济南郊区38 
来自Android客户端 91楼 2021-09-14 13:36 贴吧用户_Q2aGKR1 20起步，现在理发价格是真离谱 https://gsp0.baidu.com/5aAHeD3nKhI2p27j8IqW0jdnxx1xbK/tb/editor/images/client/image_emoticon6.png https://gsp0.baidu.com/5aAHeD3nKhI2p27j8IqW0jdnxx1xbK/tb/editor/images/client/image_emoticon6.png
来自Android客户端 92楼 2021-09-14 13:37 推进之王小姐 5块，洗头6 
来自Android客户端 93楼 2021-09-14 13:40 抹茶薄荷饼 7快路边大爷 
来自Android客户端 94楼 2021-09-14 13:41 热爱过 20刚好有个朋友在理发店上班少收我五块 https://gsp0.baidu.com/5aAHeD3nKhI2p27j8IqW0jdnxx1xbK/tb/editor/images/client/image_emoticon3.png
来自Android客户端 95楼 2021-09-14 13:42 YU有真 村里老头只要5块，只会剃光头 https://gsp0.baidu.com/5aAHeD3nKhI2p27j8IqW0jdnxx1xbK/tb/editor/images/client/image_emoticon1.png
来自Android客户端 96楼 2021-09-14 13:42 布鲁斯-韦恩 30 
来自iPhone客户端 97楼 2021-09-14 13:43 红袖一舞月眉弯 理发店25，去桥头找老头10块 
来自Android客户端 98楼 2021-09-14 13:43 朝槿 我这四线城市剪发都要二三十，气的我一年没怎么剪 https://gsp0.baidu.com/5aAHeD3nKhI2p27j8IqW0jdnxx1xbK/tb/editor/images/client/image_emoticon16.png
来自iPhone客户端 99楼 2021-09-14 13:43 氵無乏潕天 我家楼下的基本上40+ 
来自Android客户端 101楼 2021-09-14 13:46 列维斯那夫 我爸给我剪，剪成了金正恩同款发型 
来自Android客户端 102楼 2021-09-14 13:48 C129H223N3O54 5块钱一次的路边摊，剪完回家洗头 https://gsp0.baidu.com/5aAHeD3nKhI2p27j8IqW0jdnxx1xbK/tb/editor/images/client/image_emoticon66.png
来自Android客户端 103楼 2021-09-14 13:49 小智san 12 
来自Android客户端 104楼 2021-09-14 13:49 昔昔成玦 成都某大学，25一次 
来自iPhone客户端 105楼 2021-09-14 13:50 风清歌 50左右吧 
来自Android客户端 106楼 2021-09-14 13:50 黑丝包臀裙 20 
来自Android客户端 107楼 2021-09-14 13:50 语无伦次哈哈 学校十块，咖喱三十块 
来自Android客户端 108楼 2021-09-14 13:51 换子弹的烬 15－25 
来自iPhone客户端 109楼 2021-09-14 13:56 勿名小卒蛤 学校的时候20，工作办卡10 https://gsp0.baidu.com/5aAHeD3nKhI2p27j8IqW0jdnxx1xbK/tb/editor/images/client/image_emoticon24.png
来自iPhone客户端 110楼 2021-09-14 13:56 爱人错过 洗剪吹40办卡以后25一次 
来自Android客户端 111楼 2021-09-14 13:58 IUaena 小时候剪头发2块到4块，现在20块都很难找 https://gsp0.baidu.com/5aAHeD3nKhI2p27j8IqW0jdnxx1xbK/tb/editor/images/client/image_emoticon6.png
112楼 2021-09-14 14:03 萱萱且可爱 我们这边精剪是80 https://tb2.bdstatic.com/tb/editor/images/face/i_f16.png?t=20140803
来自Android客户端 113楼 2021-09-14 14:05 点了 15理个发我的心已经在流血了 
来自iPhone客户端 114楼 2021-09-14 14:05 也许有也许灬 188 
来自Android客户端 115楼 2021-09-14 14:05 下防别bb了 28 
116楼 2021-09-14 14:12 柑簤郐萑始 免费 https://tb2.bdstatic.com/tb/editor/images/face/i_f24.png?t=20140803
117楼 2021-09-14 14:14 情深深嘴臭臭 不花钱 
来自iPhone客户端 118楼 2021-09-14 14:14 今手植枇杷树 25 
来自Android客户端 119楼 2021-09-14 14:27 今夜扁舟子 十五 
来自Android客户端 120楼 2021-09-14 14:29 懒得恋爱 12 
来自Android客户端 121楼 2021-09-14 14:32 蕾西亚- 家附近15出去50 
来自Android客户端 122楼 2021-09-14 14:33 宋义进 38洗剪吹 
来自Android客户端 123楼 2021-09-14 14:34 宋圣永不背锅 25 
来自Android客户端 124楼 2021-09-14 14:44 人海拥挤 快剪10块，洗剪吹20 
来自Android客户端 125楼 2021-09-14 14:44 机智的橙小三 普通店员68资深设计师98店长128椰岛造型 https://gsp0.baidu.com/5aAHeD3nKhI2p27j8IqW0jdnxx1xbK/tb/editor/images/client/image_emoticon33.png
来自Android客户端 126楼 2021-09-14 14:44 godu 一次68来着 
来自Android客户端 127楼 2021-09-14 14:45 煌怒大酱瓜 每个月回一次乡下看奶奶，顺便剪一次头发12块，美滋滋 
来自iPhone客户端 128楼 2021-09-14 14:48 曾根美雪 一次15 
来自Android客户端 129楼 2021-09-14 14:55 又是资源_ 我妈做头发送的次数给我用办个卡一年三五百随便剪 https://gsp0.baidu.com/5aAHeD3nKhI2p27j8IqW0jdnxx1xbK/tb/editor/images/client/image_emoticon3.png
来自iPhone客户端 130楼 2021-09-14 14:57 可不敢 40😅 
来自Android客户端 131楼 2021-09-14 15:04 YBY乐园 老头10，店里20-30 https://gsp0.baidu.com/5aAHeD3nKhI2p27j8IqW0jdnxx1xbK/tb/editor/images/client/image_emoticon8.png
来自Android客户端 132楼 2021-09-14 15:10 锻冶菜鸟 家楼下一次35，远一点的沙龙常规60+，算上烫染800+ 
来自Android客户端 133楼 2021-09-14 15:11 s8的含量 学校这边，几家都是35 
来自Android客户端 134楼 2021-09-14 15:12 睡乡路稳 剪吹25，洗按剪吹35 
来自Android客户端 135楼 2021-09-14 15:23 吉吉国王拉克丝 听说小虎还是龟投哥一次10块 
来自手机贴吧 136楼 2021-09-14 15:28 裴般白 25确实不贵，我们这18线小县城剪头办了卡的都得15 
来自Android客户端 137楼 2021-09-14 15:36 po3m 30洗剪吹一套 
来自Android客户端 138楼 2021-09-14 15:43 南在南方 给茶喝40，给点心60，什么都不给20剪的效果没什么差别 https://gsp0.baidu.com/5aAHeD3nKhI2p27j8IqW0jdnxx1xbK/tb/editor/images/client/image_emoticon22.png https://gsp0.baidu.com/5aAHeD3nKhI2p27j8IqW0jdnxx1xbK/tb/editor/images/client/image_emoticon22.png https://gsp0.baidu.com/5aAHeD3nKhI2p27j8IqW0jdnxx1xbK/tb/editor/images/client/image_emoticon22.png https://gsp0.baidu.com/5aAHeD3nKhI2p27j8IqW0jdnxx1xbK/tb/editor/images/client/image_emoticon22.png
139楼 2021-09-14 15:47 荣耀咖啡豆 老家村里前几年五块，后面涨到7块.工作地30块村里理发店除了脏点，和30的也没什么区别 
来自Android客户端 141楼 2021-09-14 15:54 贴吧用户_54ZDXCE 70会员卡七折 
来自iPhone客户端 142楼 2021-09-14 15:57 Feint 洗剪20，吹200 
143楼 2021-09-14 15:57 幻影shuijing 洗剪便宜一点，一般30 
来自iPhone客户端 144楼 2021-09-14 15:57 U_F_one 学校36-58洗剪吹 https://gsp0.baidu.com/5aAHeD3nKhI2p27j8IqW0jdnxx1xbK/tb/editor/images/client/image_emoticon24.png
来自Android客户端 145楼 2021-09-14 15:58 给她拿根黄瓜来 10块钱，至少有6年以上了 https://gsp0.baidu.com/5aAHeD3nKhI2p27j8IqW0jdnxx1xbK/tb/editor/images/client/image_emoticon3.png
来自Android客户端 146楼 2021-09-14 16:00 我雷个去哈 破学校里一次35 
来自iPhone客户端 147楼 2021-09-14 16:00 什么叫我竟然 小区外面35洗剪吹 
来自iPhone客户端 148楼 2021-09-14 16:00 花枯木落 上海40起步 
来自Android客户端 149楼 2021-09-14 16:02 虾仁炒豌豆 20 
来自iPhone客户端 150楼 2021-09-14 16:02 水光圣魔 学校25 
来自iPhone客户端 151楼 2021-09-14 16:05 甜橙我要电锯 冰这收入减25的，真的假的 
来自iPhone客户端 152楼 2021-09-14 16:08 地上最强龙娘 家附近25，会员20 https://gsp0.baidu.com/5aAHeD3nKhI2p27j8IqW0jdnxx1xbK/tb/editor/images/client/image_emoticon16.png
来自Android客户端 153楼 2021-09-14 16:09 瞅啥子瞅 家里剪35，学校剪25，办卡20 
来自iPhone客户端 154楼 2021-09-14 16:12 沐玄音 25 
来自Android客户端 155楼 2021-09-14 16:13 城北徐公iz- 学校50 
