7535766069 大伙觉得这是真是假【抗压背锅吧】_百度贴吧
来自Android客户端 1楼 2021-09-12 11:19 皮德不谭 大一开学一舍友吹自己峡谷大师 
来自Android客户端 2楼 2021-09-12 11:20 皮德不谭 说主玩豹女蜘蛛 
来自Android客户端 3楼 2021-09-12 11:20 皮德不谭 但是开学九天一次自己号都没有登过 
来自Android客户端 4楼 2021-09-12 11:20 皮德不谭 就看他打过一个白银一个铂金号 
来自Android客户端 5楼 2021-09-12 11:21 皮德不谭 点击展开，查看完整图片点击展开，查看完整图片 http://tiebapic.baidu.com/forum/w%3D580/sign=e46433e35a30e924cfa49c397c096e66/9595a819972bd407d696fd163e899e510eb3093e.jpg http://tiebapic.baidu.com/forum/w%3D580/sign=615843ebfa86c91708035231f93c70c6/24bf78ed54e736d1dbbc2b1bc6504fc2d46269ad.jpg
来自Android客户端 6楼 2021-09-12 11:21 皮德不谭 我感觉他连铂金水平都没有，我该怎么揭穿 
来自Android客户端 7楼 2021-09-12 11:22 游资花想榕 顶天白金绝症哥 
来自Android客户端 8楼 2021-09-12 11:23 游资花想榕 打白金拿艾克都能死9次，大概率真金白银 
来自Android客户端 9楼 2021-09-12 11:24 皮德不谭 他说他500分的局都打过。 
来自Android客户端 10楼 2021-09-12 11:25 游资花想榕 你为什么要揭穿他？他跟你有杀父之仇吗？人家好歹也不是什么星耀王者，差不多得了 
来自Android客户端 11楼 2021-09-12 11:25 秋天的记忆 这种局我上我比他强你信不信？好歹我艾克也打到过60胜率 
来自Android客户端 12楼 2021-09-12 11:26 皮德不谭 他凭什么敢这样吹啊 
来自Android客户端 13楼 2021-09-12 11:28 隋边看看 我寻思王者荣耀的峡谷也妹有大师啊 
来自Android客户端 14楼 2021-09-12 11:28 别叫了 快进到号没了 
来自Android客户端 15楼 2021-09-12 11:32 belieu 以前上个，现在不行了 https://gsp0.baidu.com/5aAHeD3nKhI2p27j8IqW0jdnxx1xbK/tb/editor/images/client/image_emoticon67.png
来自Android客户端 16楼 2021-09-12 11:33 天灰的像哭过 这战绩估计还不如我，我也是峡谷大师了 https://gsp0.baidu.com/5aAHeD3nKhI2p27j8IqW0jdnxx1xbK/tb/editor/images/client/image_emoticon24.png
来自iPhone客户端 17楼 2021-09-12 11:34 咸鱼 就算不是，揭穿他干嘛，对你有什么好处呢 
来自Android客户端 18楼 2021-09-12 11:34 大娃死了吗 我钻石打这辆号比他强 
来自Android客户端 19楼 2021-09-12 11:37 逍遥侠魂 一个宿舍的人为什么挂我 https://gsp0.baidu.com/5aAHeD3nKhI2p27j8IqW0jdnxx1xbK/tb/editor/images/client/image_emoticon6.png
来自Android客户端 20楼 2021-09-12 11:44 咲太 刘**，今晚上没你好果子吃 https://gsp0.baidu.com/5aAHeD3nKhI2p27j8IqW0jdnxx1xbK/tb/editor/images/client/image_emoticon6.png
来自Android客户端 21楼 2021-09-12 11:46 Xperia 典中点，这种打过500分号，说自己大师水平估计就是那些觉得自己有实力但运气不好卡在白金黄金的人 
来自Android客户端 22楼 2021-09-12 11:50 黑大帅 我铂金二，我觉得我比他强点击展开，查看完整图片 https://gsp0.baidu.com/5aAHeD3nKhI2p27j8IqW0jdnxx1xbK/tb/editor/images/client/image_emoticon3.png http://tiebapic.baidu.com/forum/w%3D580/sign=db7060104f46f21fc9345e5bc6266b31/35c63a13b31bb051f4a39dc3737adab448ede08c.jpg
来自Android客户端 23楼 2021-09-12 11:54 爆杀流劲夫 我不玩打野去白银练英雄把把杀20个，我还没大师呢，这比寄吧什么水平啊 
来自Android客户端 24楼 2021-09-12 12:07 皮德不谭 九天没登自己号了 
来自Android客户端 25楼 2021-09-12 12:18 李哎哟 敢挂我，没你好果汁吃 https://gsp0.baidu.com/5aAHeD3nKhI2p27j8IqW0jdnxx1xbK/tb/editor/images/client/image_emoticon6.png
来自Android客户端 26楼 2021-09-12 13:32 吾名天蓝 我大师，但是我们宿舍现在还没有人主动问有没有打LOL的，装不了b我要急死了 https://gsp0.baidu.com/5aAHeD3nKhI2p27j8IqW0jdnxx1xbK/tb/editor/images/client/image_emoticon6.png
来自Android客户端 27楼 2021-09-12 13:52 Oma77 这种局我随便杀🐷 
来自Android客户端 28楼 2021-09-12 14:39 向再见说再见 我一个小钻石跟朋友打黄金白银局都是这样的，玩打野峡谷大师的按理来说应该更狠才对吧点击展开，查看完整图片 http://tiebapic.baidu.com/forum/w%3D580/sign=50a5de26b9039245a1b5e107b795a4a8/33e0f0dfb48f8c540785edc47f292df5e1fe7f3d.jpg
来自Android客户端 29楼 2021-09-12 14:42 皮德不谭 37分钟160刀的豹女 
来自iPhone客户端 30楼 2021-09-12 18:58 N14 一眼吹我电一钻一，带朋友打黄金一白金三的局乱杀，真要峡谷大师随便杀白金的 https://gsp0.baidu.com/5aAHeD3nKhI2p27j8IqW0jdnxx1xbK/tb/editor/images/client/image_emoticon22.png
来自Android客户端 31楼 2021-09-14 06:34 忘归语 四年慢慢了解，万一人家主猫咪呢 
来自Android客户端 32楼 2021-09-14 07:12 爱梅特赛尔克 我也挺好奇这种是怎么想的，为了装👃🏻吹的吗？被揭穿了不是更没面子 
来自Android客户端 33楼 2021-09-14 07:53 夏婠婠 😅 
来自Android客户端 34楼 2021-09-14 08:10 竟然不知逗我 吹的吧，上次在郊区单排遇到一个自称黑莓钻1的，刚好那几个月跑去dnf，打个黄金局有来有回我还以为自己水平下降这么快，结果后面发现***就是个本地人，还3天上，一周过去了，还卡在黄金1 
来自Android客户端 35楼 2021-09-14 08:35 lbdwn11 别尬黑，自己的大师号忘了密码了 https://gsp0.baidu.com/5aAHeD3nKhI2p27j8IqW0jdnxx1xbK/tb/editor/images/client/image_emoticon24.png
来自iPhone客户端 36楼 2021-09-14 08:47 迷猫深巷离人心 峡谷大师打白金能负战绩输啊 
来自Android客户端 37楼 2021-09-14 08:53 梦里727 电竞王子罢了这种人还是少接触 
来自Android客户端 38楼 2021-09-14 08:58 丶情韵丶 我17年大一也有个人和我说一样的话，大师，然后我有一天用他手机上掌盟看到一个郊区白金5而已！而且技术很菜，和他打爱甩锅！难怪贴吧人均大师 
来自iPhone客户端 39楼 2021-09-14 08:58 总会有结果的 揭穿他干嘛我也吹牛自己是黄金呢。和铂金室友一玩就看出了我的底细，只是个黄铜2。你拉他打几盘游戏他就破了 
来自Android客户端 40楼 2021-09-14 09:17 珈百璃 我大号软辅铂金，我觉得我玩的比他好😅白银局点击展开，查看完整图片 http://tiebapic.baidu.com/forum/w%3D580/sign=dd36a53433c6a7efb926a82ecdfbafe9/4b9b6358252dd42a12130140463b5bb5c8eab871.jpg
来自Android客户端 41楼 2021-09-14 10:03 cheer 我铂金打白银虽然不能把把20多杀，但是我一定能保证死亡次数在5次以下 
来自iPhone客户端 42楼 2021-09-14 10:21 滴神 我一铂金狗打白银把把c，你这同学一眼就是手q区的大师了 
来自Android客户端 43楼 2021-09-14 10:25 十年 包假，一个这么喜欢装的人，一定会在刚来寝室就开lol号叫寝室每个人看一下的 
来自Android客户端 44楼 2021-09-14 10:29 葡萄糖o 我一区钻三打铂金四，玩本命英雄把把c。他峡谷大师的话，打一区300分都能把把c。懂吧 
来自Android客户端 45楼 2021-09-14 10:32 本人小白 我铂金，不玩一段时间手生和他这差不多，玩熟了也能杀两把，他这个确实假 
来自iPhone客户端 46楼 2021-09-14 10:35 九月 可能他说的下棋大师，你误听成峡谷了 
来自Android客户端 47楼 2021-09-14 11:05 色批头子 这个赛季的峡谷大师含金量比上赛季高的多，但凡这个赛季打过峡谷的我寻思都不敢这么吹牛逼。什么含金量呢，你去找小代pw打号，以前都是什么峡谷千分峡谷宗师接单，你看现在还有几个敢贴本赛季峡谷大师的图，少的很，大部分都是钻二钻三的号，其实差的远了。这个赛季还能上去的没点水平上不去，这种哥们做pw做代练都是恰饱饱的，接个郊区千分维护问题不大，帝都大师宗师维护也接的到，就这种水平了，你就是找代去给你打，也没几个敢接的，能打上去的基本也不差钱去干代练pw了。 
来自Android客户端 48楼 2021-09-14 11:22 兰遇夕 我这班上一个战友也是铂金吹成大师我真大师也没他那么闹腾 https://gsp0.baidu.com/5aAHeD3nKhI2p27j8IqW0jdnxx1xbK/tb/editor/images/client/image_emoticon8.png
来自Android客户端 49楼 2021-09-14 11:43 浪得虚 密码忘了，号被盗了 
来自Android客户端 50楼 2021-09-14 11:52 嬉戏畅游到 应该有钻石水平，稍微吹高一点，大学都要相处4年的，不应该吹太过 
来自Android客户端 51楼 2021-09-14 11:55 易刃无锋 这水平有铂金？铂金四连续打成这评分，在铂金本地人里都是混子 
来自Android客户端 52楼 2021-09-14 11:56 AgFox_skja 面对面都不敢露 
来自Android客户端 53楼 2021-09-14 11:57 马达马达 抗吧口嗨是一回事，你要真想着现实揭穿他那就搞笑了 https://gsp0.baidu.com/5aAHeD3nKhI2p27j8IqW0jdnxx1xbK/tb/editor/images/client/image_emoticon22.png
来自Android客户端 54楼 2021-09-14 11:58 啊我改名了 顶天白金 
来自Android客户端 55楼 2021-09-14 12:00 8y2 cjb，连钻4水平都没有，还峡谷带师？ 
来自Android客户端 56楼 2021-09-14 12:02 娜娜米 假的，我郊区钻二这段位三页一个不是mvpsvp的 
来自Android客户端 57楼 2021-09-14 12:13 z怒肛冯勒布98 我16年开学进电竞社发现我隔壁那个自闭老哥是一区钻一黑莓大师天天不上课带三个妹子打游戏，不过峡谷开了之后只能白金到钻石这个分段混了，我们社里还有个女的辅助大师（那时没有宗师）好像，当时排到一把糖人玩国服他娜美还是风女对面是机器人然后他俩干爆对面了。对面机器人还恬不知耻要糖人带他玩两把结果真带了然后对线被打穿。不知道糖人是不是一年三熟了还是不在乎国服输赢没生气好像，当时带我凑数打了一下市里高校联赛的预选（去的市里一个连锁网咖和别的学校校队打），主要我们那个破校队不屑于上自己上主要。反正最后混了个100块钱还要填银行卡，乐了。 
来自Android客户端 58楼 2021-09-14 12:14 城南花已开 贴吧挂我是吧？看我怎么收拾你 https://gsp0.baidu.com/5aAHeD3nKhI2p27j8IqW0jdnxx1xbK/tb/editor/images/client/image_emoticon6.png
来自Android客户端 59楼 2021-09-14 12:39 明月映渠 我之前有个同学也是说自己大师但那个号我一次都没见过后来和他打铂金二的时候看他打的很一般我也不好意思拆穿他他再吹的时候我都拿这个压他 https://gsp0.baidu.com/5aAHeD3nKhI2p27j8IqW0jdnxx1xbK/tb/editor/images/client/image_emoticon22.png https://gsp0.baidu.com/5aAHeD3nKhI2p27j8IqW0jdnxx1xbK/tb/editor/images/client/image_emoticon24.png
来自Android客户端 60楼 2021-09-14 12:43 总是事与愿违- 我16年开学进电竞社发现我隔壁那个自闭老哥是一区钻一黑莓大师天天不上课带三个妹子打游戏，不过峡谷开了之后只能白金到钻石这个分段混了，我们社里还有个女的辅助大师（那时没有宗师）好像，当时排到一把糖人玩国服他娜美还是风女对面是机器人然后他俩干爆对面了。对面机器人还恬不知耻要糖人带他玩两把结果真带了然后对线被打穿。不知道糖人是不是一年三熟了还是不在乎国服输赢没生气好像，当时带我凑数打了一下市里高校联赛的预选（去的市里一个连锁网咖和别的学校校队打），主要我们那个破校队不屑于上自己上主要。反正最后混了个100块钱还要填银行卡，乐了。 
来自Android客户端 61楼 2021-09-14 12:53 GX希 揭穿了小心恼羞成怒变身马加爵啊 https://gsp0.baidu.com/5aAHeD3nKhI2p27j8IqW0jdnxx1xbK/tb/editor/images/client/image_emoticon25.png https://gsp0.baidu.com/5aAHeD3nKhI2p27j8IqW0jdnxx1xbK/tb/editor/images/client/image_emoticon25.png
来自Android客户端 62楼 2021-09-14 13:01 一只爱的 《号不见了》《以前上过》《队友不行》 
来自Android客户端 63楼 2021-09-14 13:01 一阕雨袂独舞丶 我一钻石臭狗都乱杀白金，你觉得他什么成分 
来自Android客户端 64楼 2021-09-14 13:35 kkkkleinn 农药大师是吧 
来自Android客户端 65楼 2021-09-14 13:39 老爹的符咒 挂我是吧晚上有你好果汁吃 https://gsp0.baidu.com/5aAHeD3nKhI2p27j8IqW0jdnxx1xbK/tb/editor/images/client/image_emoticon6.png
来自Android客户端 66楼 2021-09-14 13:44 Ylgr 看他不爽你让他号拿出来就行，我以前也是个能练英雄65胜率拿资格的现在照样白京摆烂 
来自Android客户端 67楼 2021-09-14 13:52 贴吧用户_0DAZ6PC 我郊区砖石3都能乱杀白金 
来自iPhone客户端 68楼 2021-09-14 13:53 单雁东飞慢回头 我也一样点击展开，查看完整图片 https://gsp0.baidu.com/5aAHeD3nKhI2p27j8IqW0jdnxx1xbK/tb/editor/images/client/image_emoticon24.png https://gsp0.baidu.com/5aAHeD3nKhI2p27j8IqW0jdnxx1xbK/tb/editor/images/client/image_emoticon24.png https://gsp0.baidu.com/5aAHeD3nKhI2p27j8IqW0jdnxx1xbK/tb/editor/images/client/image_emoticon24.png http://tiebapic.baidu.com/forum/w%3D580/sign=4b66697f4d3853438ccf8729a313b01f/fe68f1d2572c11dfd7a025303e2762d0f603c2e7.jpg
来自Android客户端 69楼 2021-09-14 14:01 蚌埠居委会 可能是。我们这边一个巨牛的，机械跟生物工程双学位，课表全满的。10周年时候竟然还分享自己还是个王者。 
70楼 2021-09-14 14:10 望川w流霞 这种人农批罢了，打农药有点水平还带不动女生只能来这找愉悦感罢了，我们这就有一个，吹自己lolcsgo都贼溜，结果lol的号连定级赛都没打，甚至没csgo的号，喜欢吹的人是这样的. 
来自Android客户端 71楼 2021-09-14 14:14 寒露 哇，我几年前认识一个王者高中生，好像还挺有名的。。。不知道现在怎么样了 
来自Android客户端 72楼 2021-09-14 14:16 被汉见气晕 什么事不能私下说，非要发到网上？ 
来自iPhone客户端 73楼 2021-09-14 14:19 時光机- 没必要揭穿他，对于你没有任何好处。有句话叫人艰不拆，也许他只是喜欢吹牛呢，你们以后还要生活四年，总有互相帮忙的地方 
来自Android客户端 74楼 2021-09-14 14:35 cgpa 他估计都不知道现在的峡谷大师啥概念 
来自Android客户端 75楼 2021-09-14 14:42 居于云岫 反正我打朋友的号是这样的猜猜我是什么水平点击展开，查看完整图片 https://gsp0.baidu.com/5aAHeD3nKhI2p27j8IqW0jdnxx1xbK/tb/editor/images/client/image_emoticon24.png http://tiebapic.baidu.com/forum/w%3D580/sign=0890c0c2c318367aad897fd51e718b68/1b25a7c37d1ed21bb635230ee86eddc453da3f8b.jpg
来自Android客户端 76楼 2021-09-14 14:53 zxccbnmasdfgjj 现在的峡谷大师基本是峡谷前300名相当于王者 
来自Android客户端 77楼 2021-09-14 15:01 闪电行者 建议打solo父子局 https://gsp0.baidu.com/5aAHeD3nKhI2p27j8IqW0jdnxx1xbK/tb/editor/images/client/image_emoticon24.png
来自Android客户端 78楼 2021-09-14 15:17 Reze-40 😅白金是这样的 
来自Android客户端 79楼 2021-09-14 15:19 人海拥挤 应该是假的，我舍友也是大师跟他打就只有一个字稳把把乱杀保底杀15个以上 
来自iPhone客户端 80楼 2021-09-14 15:19 腾扬鱼干 我本科的时候隔壁有个大师，但他天天从早打到晚，我看着他从钻二上去的，你这同学应该是吹比 
来自Android客户端 81楼 2021-09-14 15:38 鸭嘴兽泰瑞 别尬黑云顶大师 
来自Android客户端 82楼 2021-09-14 15:57 温柔而已 虽然现在lol段位不如以前值钱但是大部分人还是真金白银去年一个新生问我他峡谷宗师能不能进校队 
来自iPhone客户端 83楼 2021-09-14 16:03 残念 峡谷这赛季大师不可能😅 
来自iPhone客户端 84楼 2021-09-14 16:05 VicTor- 问他是QQ区还是微信区的 https://gsp0.baidu.com/5aAHeD3nKhI2p27j8IqW0jdnxx1xbK/tb/editor/images/client/image_emoticon22.png
来自Android客户端 85楼 2021-09-14 16:14 花开如梦 这是1区钻二打一区黄金2的战绩。他那个战绩我甚至认为是本地人。点击展开，查看完整图片点击展开，查看完整图片 https://gsp0.baidu.com/5aAHeD3nKhI2p27j8IqW0jdnxx1xbK/tb/editor/images/client/image_emoticon16.png https://gsp0.baidu.com/5aAHeD3nKhI2p27j8IqW0jdnxx1xbK/tb/editor/images/client/image_emoticon22.png http://tiebapic.baidu.com/forum/w%3D580/sign=2833e1f9dccb39dbc1c0675ee01709a7/c26e8eb0cb134954fcd46d770b4e9258d0094a0a.jpg http://tiebapic.baidu.com/forum/w%3D580/sign=350256ee26899e51788e3a1c72a6d990/4de9cfbe6c81800a19200c1dec3533fa838b470a.jpg
来自Android客户端 86楼 2021-09-14 16:15 文殊起剑 大师打白银白金不是降维打击？ https://gsp0.baidu.com/5aAHeD3nKhI2p27j8IqW0jdnxx1xbK/tb/editor/images/client/image_emoticon15.png
来自Android客户端 87楼 2021-09-14 16:38 泡泡茶壶 继续吹他啊，看他能吹出什么来，你给他吹爽了说不定他能说他跟物资双排过 https://gsp0.baidu.com/5aAHeD3nKhI2p27j8IqW0jdnxx1xbK/tb/editor/images/client/image_emoticon3.png
来自iPhone客户端 88楼 2021-09-14 17:26 恶心就完了- 刚转区那会儿打的😅之前网二钻3这还是转区每一把都是10个小号点击展开，查看完整图片 http://tiebapic.baidu.com/forum/w%3D580/sign=68d819f0a01f4134e0370576151e95c1/b26ca0cd7cd98d10cf2f88227c3fb80e7aec9059.jpg
来自Android客户端 89楼 2021-09-14 17:33 已经在劫难逃 身边几十个玩的，就认识一个大师 
