7537743949 唉【抗压背锅吧】_百度贴吧
来自Android客户端 1楼 2021-09-13 23:24 不知名的草生  http://tiebapic.baidu.com/forum/w%3D580/sign=17cd1b38ed51f819f1250342eab54a76/4a39d73e8794a4c253c17a3853f41bd5ac6e3971.jpg http://tiebapic.baidu.com/forum/w%3D580/sign=f2fac3c4fb096b6381195e583c318733/2faab350f8198618cec6eb6f0fed2e7389d4e68f.jpg
来自iPhone客户端 2楼 2021-09-13 23:30 孤丶丶 心态放好就行 
来自Android客户端 3楼 2021-09-13 23:37 不知名的草生 他进去退了，为什么不早点退呢 
来自Android客户端 4楼 2021-09-13 23:47 雨梨-浅梦 克隆是巨婴孤..儿最多的模式 
来自iPhone客户端 5楼 2021-09-14 00:12 八十一未眠 正常 
来自iPhone客户端 6楼 2021-09-14 01:03 雅俗共赏 这模式选个没位移的ad真的挺难玩的 
来自iPhone客户端 7楼 2021-09-14 01:12 婴姿 这模式选这种要熟练度的英雄真的sm 
来自iPhone客户端 8楼 2021-09-14 01:26 人下人 克隆就是低能模式，玩了一把就不玩了，还不如无限火力，能玩自己想玩的 
9楼 2021-09-14 01:29 朱元璋 克隆模式目前最傻逼的模式没有之一魔典是最好玩的 
10楼 2021-09-14 01:37 天凉好个秋i 克隆巨婴真的一言难尽，无所谓玩什么英雄的，非要叫一下找一下存在感，你玩的不好或者菜真的没人在意的，非要自己摆烂恶心队友 https://tb2.bdstatic.com/tb/editor/images/face/i_f17.png?t=20140803
来自Android客户端 11楼 2021-09-14 03:30 云跃雾 神中神4k+ https://gsp0.baidu.com/5aAHeD3nKhI2p27j8IqW0jdnxx1xbK/tb/editor/images/client/image_emoticon2.png
来自Android客户端 12楼 2021-09-14 05:19 Antares____ 你骂他有病（什么病自己想）。诱导出他骂你得新g，然后你举报他，他必被封号 
来自iPhone客户端 13楼 2021-09-14 07:55 玉汝于思 这种人真的司马，打克隆就图一乐，非要找找存在感 
来自Android客户端 14楼 2021-09-14 08:01 逆转的之所念 开摆，开摆 
来自iPhone客户端 15楼 2021-09-14 09:00 深爱如瘾 ap老鼠其实很强很恶心的…… 
来自iPhone客户端 16楼 2021-09-14 09:10 雨中的你wal 你别说，有好几局我觉得英雄挺憨憨的，觉得这把没了，最后还赢了 
17楼 2021-09-14 09:34 combine士兵 少玩法师 
来自Android客户端 18楼 2021-09-14 09:38 zenren 桀桀傻逼太多了 
来自Android客户端 19楼 2021-09-14 09:46 反恐无敌cs 这玩意还是5黑玩舒服点有一个人不正常都体验差 
来自iPhone客户端 20楼 2021-09-14 09:49 老婆饼不要饼 老鼠好玩啊，大招手长 
来自iPhone客户端 21楼 2021-09-14 10:14 为你唢呐送行 上次**队友选了寒冰对面易大师我心态才炸 
来自Android客户端 22楼 2021-09-14 10:19 夏天的一抹冰茶 克隆和无限都是和会玩的开黑朋友一起玩游戏体验才高一个人玩都是碰到孤儿玩家而且很没意思 https://gsp0.baidu.com/5aAHeD3nKhI2p27j8IqW0jdnxx1xbK/tb/editor/images/client/image_emoticon1.png
来自iPhone客户端 23楼 2021-09-14 10:33 天王盖地虎靠 这模式还是跟认识的人五黑比较好 
来自Android客户端 24楼 2021-09-14 10:37 回忆倒恋 之前遇到选阿克尚的，都没人玩过被对面爆杀就是不投降，真挺恶心的，后面就没玩这模式了真没意思。 
来自Android客户端 25楼 2021-09-14 10:38 纯路人 前两天玩克隆，我进去随机点了个英雄直接确定，结果刚好是我选的，结果有个低能说“玩我的诺手多好，随便杀”笑嘻了 https://gsp0.baidu.com/5aAHeD3nKhI2p27j8IqW0jdnxx1xbK/tb/editor/images/client/image_emoticon22.png https://gsp0.baidu.com/5aAHeD3nKhI2p27j8IqW0jdnxx1xbK/tb/editor/images/client/image_emoticon22.png
来自Android客户端 26楼 2021-09-14 10:48 标记一下 不玩，NC太多 
来自iPhone客户端 27楼 2021-09-14 11:27 琥珀色贵妃糖 这模式最低能的就是，选英雄的人不会玩自己英雄 
来自Android客户端 28楼 2021-09-14 11:29 丶情韵丶 这模式不开黑本来就是一个人的游戏！他送再多也是不痛不痒！ 
来自iPhone客户端 29楼 2021-09-14 11:36 佳伟馨看孀骈 虽然是🐭🐭但是想要摆脱当🐭🐭的命运，太励志了 https://gsp0.baidu.com/5aAHeD3nKhI2p27j8IqW0jdnxx1xbK/tb/editor/images/client/image_emoticon9.png
来自Android客户端 30楼 2021-09-14 13:03 妖星考拉丶 不会真有人单开克隆吧 
32楼 2021-09-14 13:38 淮海路小佩奇 前两天玩克隆给对面连爽三把第一把我们拉克丝对面永恩，第二把我们VN对面猴子，第三把我们蝎子对面金属这模式不选近战猛男选一些长手five我就挺不能理解的越是菜皮，越要玩长手 
来自iPhone客户端 33楼 2021-09-14 13:45 權御 魔法少女和奥德赛好玩 https://gsp0.baidu.com/5aAHeD3nKhI2p27j8IqW0jdnxx1xbK/tb/editor/images/client/image_emoticon24.png
来自Android客户端 34楼 2021-09-14 13:59 人海拥挤 老鼠这个模式很强的，我更讨厌这个模式选亚索的 
来自iPhone客户端 35楼 2021-09-14 14:00 泥头车 老鼠四个正常玩也随便乱杀了吧？ 
来自Android客户端 36楼 2021-09-14 14:35 江小棠 克隆模式恶心死了玩了十多把，把把坐牢，毫无体验感 https://gsp0.baidu.com/5aAHeD3nKhI2p27j8IqW0jdnxx1xbK/tb/editor/images/client/image_emoticon17.png https://gsp0.baidu.com/5aAHeD3nKhI2p27j8IqW0jdnxx1xbK/tb/editor/images/client/image_emoticon17.png
来自Android客户端 37楼 2021-09-14 15:33 连丢三只初音 脑子不正常才自个去开克隆 https://gsp0.baidu.com/5aAHeD3nKhI2p27j8IqW0jdnxx1xbK/tb/editor/images/client/image_emoticon8.png
来自Android客户端 38楼 2021-09-14 16:13 绫濑小天使 两nt选寒冰，进去看对面瞎子两人直接挂机了，这模式孤儿巨多 
来自Android客户端 39楼 2021-09-14 16:42 天才 单开克隆不就是有很大可能要面对自己不会的英雄?玻璃心玩个G8 https://gsp0.baidu.com/5aAHeD3nKhI2p27j8IqW0jdnxx1xbK/tb/editor/images/client/image_emoticon8.png
来自iPhone客户端 41楼 2021-09-14 16:52 异教 不是四黑或以上玩克隆，被迫玩了个不想玩的英雄，这不是很正常的事？大伙都得惯着你是吧什么巨婴 
来自Android客户端 42楼 2021-09-14 17:27 鸣鸾 我巴不得别人给我整个不会的，又能随便玩，坑了也没人能说 https://gsp0.baidu.com/5aAHeD3nKhI2p27j8IqW0jdnxx1xbK/tb/editor/images/client/image_emoticon3.png
来自Android客户端 43楼 2021-09-14 17:28 a23kzj 克隆模式确实有好多这样的 https://gsp0.baidu.com/5aAHeD3nKhI2p27j8IqW0jdnxx1xbK/tb/editor/images/client/image_emoticon3.png
来自Android客户端 44楼 2021-09-14 17:33 4236乔尼 这模式摆烂就完了，不想赢就不会输 
来自Android客户端 45楼 2021-09-14 17:36 流星一条 前几天玩克隆我选了个卡莎对面铁男然后队里有个猪鼻队友进去就直接开骂说什么这垃圾英雄能打过谁啊然后开摆就我一个上路跟坐牢一样到了后面他忍不住了出了个五速鞋找优势路送然后队友一直点他他就闪现过来抢兵中期我们三件套开始有优势了他见能赢就回泉水点投降还报我们位置我死了就点我到了后期我一个人打三个铁男出去说他在不在都一样他连一个屁都不敢放为什么这游戏还有这种巨婴啊？ https://gsp0.baidu.com/5aAHeD3nKhI2p27j8IqW0jdnxx1xbK/tb/editor/images/client/image_emoticon3.png https://gsp0.baidu.com/5aAHeD3nKhI2p27j8IqW0jdnxx1xbK/tb/editor/images/client/image_emoticon24.png https://gsp0.baidu.com/5aAHeD3nKhI2p27j8IqW0jdnxx1xbK/tb/editor/images/client/image_emoticon24.png https://gsp0.baidu.com/5aAHeD3nKhI2p27j8IqW0jdnxx1xbK/tb/editor/images/client/image_emoticon24.png
来自Android客户端 46楼 2021-09-14 17:38 做个人好吗 当初俄洛伊出来没多久就是那个q能回血那种的克隆选到了打对面亚索队友全是➗我一打五杀了五个不打大龙最后一波被吹起来了只杀了三个队友四个打不过人家剩下的给我来句这英雄太垃圾了 https://gsp0.baidu.com/5aAHeD3nKhI2p27j8IqW0jdnxx1xbK/tb/editor/images/client/image_emoticon22.png
