7538072307 世界赛版本来了，阿卡丽，格温，琪亚娜，等加强！【抗压背锅吧】_百度贴吧
来自Android客户端 1楼 2021-09-14 10:02 LPL搬运哥 你认为对什么队伍有利？ http://tiebapic.baidu.com/forum/w%3D580/sign=96c0e02b33061d957d4637304bf50a5d/7a7c78889e510fb330e5ee848433c895d0430c53.jpg
来自Android客户端 2楼 2021-09-14 10:03 LPL搬运哥 削弱英雄：凯南，瑞兹，琴女，索拉卡，韦鲁斯 
来自Android客户端 3楼 2021-09-14 10:03 LPL搬运哥 增强英雄：剑魔。阿卡丽，大虫子，小鱼人，加里奥，酒桶，格温，铁男，波比，琪亚娜，鳄鱼，猪妹，萨勒芬妮，塞恩，塞拉斯 
来自iPhone客户端 4楼 2021-09-14 10:04 鼠人的天空 还是中上野 
来自Android客户端 5楼 2021-09-14 10:05 浅唱Reend 上中野版本 
来自Android客户端 6楼 2021-09-14 10:05 LPL搬运哥 琪亚娜加强对小天是好消息吗？ 
来自Android客户端 8楼 2021-09-14 10:08 音书Y 又是剑魔阿卡丽，我估计皇杂ptsd要犯了 
来自Android客户端 9楼 2021-09-14 10:09 边缘人士 感觉对rng不友好中路有强势英雄龟头哥拿功能英雄难混 
来自iPhone客户端 10楼 2021-09-14 10:09 吟游带司人 这个qiyana英文蚌埠住了 
来自Android客户端 11楼 2021-09-14 10:13 隰毓- 对IG和WE有利。什么？这俩队没进世界赛啊？那没事了 https://gsp0.baidu.com/5aAHeD3nKhI2p27j8IqW0jdnxx1xbK/tb/editor/images/client/image_emoticon22.png
来自Android客户端 12楼 2021-09-14 10:18 流光飞尽樱花落 fpx上中野应该实力最强 
来自Android客户端 13楼 2021-09-14 10:21 sakura迷惘 rng没了 
来自iPhone客户端 14楼 2021-09-14 10:22 甘雨来全杀了 scout的akl齐亚娜，芙兰朵露的格温 https://gsp0.baidu.com/5aAHeD3nKhI2p27j8IqW0jdnxx1xbK/tb/editor/images/client/image_emoticon13.png
来自Android客户端 15楼 2021-09-14 10:24 双截棍打莱莱 rng次次世界赛版本逆子是吧😅 
来自iPhone客户端 16楼 2021-09-14 10:24 eToooo 塞拉斯还增强？太爽了 https://gsp0.baidu.com/5aAHeD3nKhI2p27j8IqW0jdnxx1xbK/tb/editor/images/client/image_emoticon95.png
来自Android客户端 18楼 2021-09-14 10:46 乔碧萝乔斯达 DK 
来自Android客户端 19楼 2021-09-14 10:46 张快乐 琴女有人玩吗？还削弱 https://gsp0.baidu.com/5aAHeD3nKhI2p27j8IqW0jdnxx1xbK/tb/editor/images/client/image_emoticon10.png
来自Android客户端 20楼 2021-09-14 10:51 眺望远方 到时一看加强，增加对野怪伤害 https://gsp0.baidu.com/5aAHeD3nKhI2p27j8IqW0jdnxx1xbK/tb/editor/images/client/image_emoticon25.png
来自Android客户端 21楼 2021-09-14 10:53 娄子柔 我觉得对edg是削弱 
来自iPhone客户端 22楼 2021-09-14 10:54 逗比无解释226 你管琪亚娜叫加强？阿卡丽加的生命值，感觉意义不大。 
来自Android客户端 23楼 2021-09-14 10:59 耶仲勒布朗 热晒来了全杀了 https://gsp0.baidu.com/5aAHeD3nKhI2p27j8IqW0jdnxx1xbK/tb/editor/images/client/image_emoticon8.png
来自iPhone客户端 24楼 2021-09-14 11:03 沉墨 rng寄了😭我的华子 
来自Android客户端 25楼 2021-09-14 11:05 熊初墨 鳄鱼阿卡丽盲猜加生命值。塞拉斯这b英雄还加强 https://gsp0.baidu.com/5aAHeD3nKhI2p27j8IqW0jdnxx1xbK/tb/editor/images/client/image_emoticon24.png
来自Android客户端 26楼 2021-09-14 11:06 LYM弟弟 太好了对ig有利，什么？ig被淘汰了那没事了 
来自Android客户端 27楼 2021-09-14 11:07 贴吧用户_773XKN6 对RNG我觉得凑乎，对EDG有好有坏，对FPX倒是感觉还不错 
来自iPhone客户端 28楼 2021-09-14 11:08 国民初恋吖蛋 rng可以说是gg了。这些英雄都不会玩 
来自Android客户端 29楼 2021-09-14 11:11 2瓜尼 炸弹人不动的话，下路还是不得行 https://gsp0.baidu.com/5aAHeD3nKhI2p27j8IqW0jdnxx1xbK/tb/editor/images/client/image_emoticon16.png
来自Android客户端 30楼 2021-09-14 11:14 雅罗轻羽 smk的akl世界第一没什么争议吧。 
来自Android客户端 31楼 2021-09-14 11:21 李尔卡莫 格温现在强度刚好吧，在加强就有点过了。 
来自Android客户端 32楼 2021-09-14 11:28 Retro R.N.G.🙏🏻 
来自Android客户端 33楼 2021-09-14 11:37 萌新只会白给 琪亚娜回不了野区啊 
来自Android客户端 34楼 2021-09-14 11:37 白雪下少年 龟投哥唯一会的大c中单瑞兹还削弱，RNG寄了 
来自iPhone客户端 35楼 2021-09-14 11:43 远坂凛n Edg的八强 https://gsp0.baidu.com/5aAHeD3nKhI2p27j8IqW0jdnxx1xbK/tb/editor/images/client/image_emoticon24.png https://gsp0.baidu.com/5aAHeD3nKhI2p27j8IqW0jdnxx1xbK/tb/editor/images/client/image_emoticon24.png
36楼 2021-09-14 11:50 kano 销户 
来自Android客户端 38楼 2021-09-14 12:01 白夜叉-IX 这就是rng拿msi冠军的下场是吧 
来自Android客户端 39楼 2021-09-14 12:28 威尼立志传 RNG亏了，EDG不好说，FPX加强。LNG不了解 
来自Android客户端 40楼 2021-09-14 12:28 贴吧用户_5RWeeAN 加强中上野，算是砍了下，对FPX应该有利吧，但DK中野也强 
来自Android客户端 41楼 2021-09-14 12:35 Winkkkkiicc 格温一ban,RN寄 
来自Android客户端 42楼 2021-09-14 12:48 嘴平伊之猪 DK 
来自Android客户端 43楼 2021-09-14 12:49 靉嗣鐡麗 鬼投哥我的鬼投哥 https://gsp0.baidu.com/5aAHeD3nKhI2p27j8IqW0jdnxx1xbK/tb/editor/images/client/image_emoticon9.png
来自Android客户端 44楼 2021-09-14 13:31 每天都要开心 akl这加强蚊子腿 
来自iPhone客户端 45楼 2021-09-14 14:13 练功不如抓蛐蛐 铁男如果被动改回去不说t1起码有个t2吧，设计师脑子抽了天天减cd https://gsp0.baidu.com/5aAHeD3nKhI2p27j8IqW0jdnxx1xbK/tb/editor/images/client/image_emoticon8.png
来自Android客户端 46楼 2021-09-14 17:27 琉柏丶半夏 说实话是edg 
