7537980159 家人们，和女朋友分手了，我做的对吗【抗压背锅吧】_百度贴吧
来自Android客户端 1楼 2021-09-14 08:38 自卑14世 晚上6点晚高峰的含金量不知道你们懂不懂啊，我要真开车跑这一圈没有2小时下不来，就为了个挑食点击展开，查看完整图片点击展开，查看完整图片 https://gsp0.baidu.com/5aAHeD3nKhI2p27j8IqW0jdnxx1xbK/tb/editor/images/client/image_emoticon6.png https://gsp0.baidu.com/5aAHeD3nKhI2p27j8IqW0jdnxx1xbK/tb/editor/images/client/image_emoticon6.png http://tiebapic.baidu.com/forum/w%3D580/sign=2dc9c9f3aa03918fd7d13dc2613c264b/38be48fafbedab644da1d3d3aa36afc378311e00.jpg http://tiebapic.baidu.com/forum/w%3D580/sign=b32df71586fdfc03e578e3b0e43d87a9/614bac50f3deb48ff785a035b51f3a292ff5789b.jpg
来自iPhone客户端 3楼 2021-09-14 08:43 可爱-11 姐妹我跟你讲我也有过这种做法就是希望男友顺着我会有种被爱的感觉后来我就觉得我有点幼稚我没有考虑过他的感受总是想着自己怎么舒服怎么来你女朋友可能也是我这样的想法只是有点小任性好好和她沟通沟通如果她真的喜欢你她会意识到自己的想法不正确 
来自iPhone客户端 4楼 2021-09-14 08:44 可爱-11 然后我当时想的是之前就可以为什么现在就不行心里有了点落差的感觉后来也想明白了干啥都要有个度有时候什么事情做多了男人是会感到厌烦的 
来自Android客户端 5楼 2021-09-14 08:45 噓我 呵呵，渣男太多了。 
来自Android客户端 6楼 2021-09-14 08:45 zeaf 赶紧分了⏩到和抗蛆🤺🤗 
来自Android客户端 7楼 2021-09-14 08:46 zesss 发个誓吧，不分你家里人怎么样 
来自Android客户端 8楼 2021-09-14 08:47 小温宛 呵呵，乐子太多了，我都看不过来了 
来自Android客户端 9楼 2021-09-14 08:49 obj140 高峰期跑确实不合理我觉得分手应该是积压太多了吧 https://gsp0.baidu.com/5aAHeD3nKhI2p27j8IqW0jdnxx1xbK/tb/editor/images/client/image_emoticon16.png
来自Android客户端 10楼 2021-09-14 08:51 热心网友小龙 茫茫大雾，是我无穷无尽无边无际的哀痛爱，是何等的渺茫和脆弱原来爱，才是最深重的罪孽世界将我无情毁弃，现在我将以痛报之我将自己困在这支离的王座上期望着她的归来凡有活物皆为臣属我，正是必然，我必定与她重逢我的爱人！我的最爱！我所求的何其简单但我却要为此不惜一切我的王后我的爱人！我那焦土一般破败的心呐 
11楼 2021-09-14 08:53 不咸不淡_ 自己觉得不可惜的话就分吧我可以帮你做这做那但是得有个度啊太寄吧无理了就得让她爬 
来自iPhone客户端 12楼 2021-09-14 08:58 国服第一熬星 我又不是你的🐶为啥每次都让着你 
13楼 2021-09-14 09:01 Grafts6 经典不爱我了她有没有为你付出过呢 https://tb2.bdstatic.com/tb/editor/images/face/i_f08.png?t=20140803
来自Android客户端 14楼 2021-09-14 09:26 zenren lovingcanhurt~ 
来自Android客户端 15楼 2021-09-14 09:27 zenren nevermindI'llfindsomeonelikeyou~ 
来自iPhone客户端 16楼 2021-09-14 09:29 烬晚 青岛的击剑 
17楼 2021-09-14 09:39 不那么像情歌 想要吵架分手，什么事情都会成为由头 
来自Android客户端 18楼 2021-09-14 09:53 落人中然自在 做得对嗷 
来自Android客户端 20楼 2021-09-14 09:53 说说而已 我渴望有价值的对手 
来自iPhone客户端 21楼 2021-09-14 09:55 夜行鸳鸯 来🤺吧 
来自iPhone客户端 22楼 2021-09-14 09:55 李信衡 你要是和好你就v楼里一人50 
来自Android客户端 23楼 2021-09-14 09:56 章鱼jessica 爆杀不惯着这傻逼女人，能干出这种事平时傻逼事也没少做 https://gsp0.baidu.com/5aAHeD3nKhI2p27j8IqW0jdnxx1xbK/tb/editor/images/client/image_emoticon3.png
来自iPhone客户端 24楼 2021-09-14 09:58 云云云丶丶 你不爱我了，可太典了 https://gsp0.baidu.com/5aAHeD3nKhI2p27j8IqW0jdnxx1xbK/tb/editor/images/client/image_emoticon22.png https://gsp0.baidu.com/5aAHeD3nKhI2p27j8IqW0jdnxx1xbK/tb/editor/images/client/image_emoticon22.png https://gsp0.baidu.com/5aAHeD3nKhI2p27j8IqW0jdnxx1xbK/tb/editor/images/client/image_emoticon22.png
来自iPhone客户端 25楼 2021-09-14 09:58 橘猫 幕刃是这样的，特别爱找事 
来自iPhone客户端 26楼 2021-09-14 09:58 莱莱卡 好分 
27楼 2021-09-14 09:58 沉醉不知归路 呵，渣男 
来自Android客户端 28楼 2021-09-14 10:00 贴吧用户_0aDWVAa 爆杀 
29楼 2021-09-14 10:00 他与他梦 good 
30楼 2021-09-14 10:00 就想看个贴 不对渣男我命令你速速挽回你们白头偕老不要放出来祸害吧友 https://tb2.bdstatic.com/tb/editor/images/face/i_f06.png?t=20140803
来自iPhone客户端 32楼 2021-09-14 10:01 关注嘉然然 妈的，最讨厌特别作的女的 
来自iPhone客户端 33楼 2021-09-14 10:01 Ex咖喱棒 后续呢？ 
来自Android客户端 34楼 2021-09-14 10:01 艾宇的皮燕子 真的厌烦了就分呗 
来自Android客户端 35楼 2021-09-14 10:01 JeeMaK 好骂 
来自Android客户端 36楼 2021-09-14 10:02 带带小熊熊 好分 
来自Android客户端 37楼 2021-09-14 10:02 梦里727 这不分手等着被吸完是吧 
来自Android客户端 38楼 2021-09-14 10:03 这是亿手机会 这种女的典型没脑子活在自己世界里，早分早解脱 
来自Android客户端 39楼 2021-09-14 10:04 Kot- 我前女友，她在广东我在武汉，让我在家里从蔡甸去国广给她往茶颜悦色里充钱 https://gsp0.baidu.com/5aAHeD3nKhI2p27j8IqW0jdnxx1xbK/tb/editor/images/client/image_emoticon3.png
来自Android客户端 40楼 2021-09-14 10:05 乌托邦 这种nt还不分手也是牛逼 
来自Android客户端 41楼 2021-09-14 10:05 他整晚在写信 桀桀，渣男太多了 https://gsp0.baidu.com/5aAHeD3nKhI2p27j8IqW0jdnxx1xbK/tb/editor/images/client/image_emoticon8.png
来自iPhone客户端 42楼 2021-09-14 10:06 贵物 好 https://gsp0.baidu.com/5aAHeD3nKhI2p27j8IqW0jdnxx1xbK/tb/editor/images/client/image_emoticon13.png https://gsp0.baidu.com/5aAHeD3nKhI2p27j8IqW0jdnxx1xbK/tb/editor/images/client/image_emoticon13.png
来自Android客户端 43楼 2021-09-14 10:07 小丑luixing 干得好 
来自Android客户端 44楼 2021-09-14 10:08 我就是传奇滑稽 难道就我一个看出楼主条件好了嘛 
来自iPhone客户端 45楼 2021-09-14 10:08 吉高由里子 66 
来自Android客户端 46楼 2021-09-14 10:09 mo煜mo煜 这类女的就特么脑子有毒，当被拒绝说出你不爱我时，她有想过她提的这个要求，爱不爱你。 
来自Android客户端 47楼 2021-09-14 10:11 陈飞大王life 麦凯乐哪里好吃的 
来自Android客户端 48楼 2021-09-14 10:11 贴吧用户_7URaMNt 经典你不爱我😅😅😅 
来自Android客户端 49楼 2021-09-14 10:13 lz忆江南雨 蹲后续 
来自Android客户端 50楼 2021-09-14 10:14 pekora 那家啊，下午去吃告诉我好么 https://gsp0.baidu.com/5aAHeD3nKhI2p27j8IqW0jdnxx1xbK/tb/editor/images/client/image_emoticon66.png
来自Android客户端 51楼 2021-09-14 10:14 辣鸡是我 好，快分 
来自Android客户端 52楼 2021-09-14 10:14 遵纪守法 恶臭郭楠真下头，无语子 
来自iPhone客户端 54楼 2021-09-14 10:15 IBRS 要是随了她，以后她每次来一句你不爱我估计得疯！ 
来自Android客户端 55楼 2021-09-14 10:15 光芒果 gkd 
来自Android客户端 56楼 2021-09-14 10:16 零落酱哟 好！ 
来自Android客户端 57楼 2021-09-14 10:17 摩卡兰贴贴 幕刃都是被惯的，如果是顺路的话买就买了的，但是要绕几圈一两个小时，还不如叫外卖，外卖又不愿意叫自己也不想去买，就让她)滚 
来自Android客户端 58楼 2021-09-14 10:17 君为红颜醉ol 试探你底线呢，不断的通过这种方式试探并拉低你的底线，很经典的驯化手段 
来自Android客户端 59楼 2021-09-14 10:18 天选之人 厌烦了就分吧 
来自Android客户端 60楼 2021-09-14 10:19 老阴啊123 以后你就是我兄弟 
来自Android客户端 61楼 2021-09-14 10:20 男铜污染社会 想要吵架分手理由数不清的 
来自Android客户端 62楼 2021-09-14 10:20 零落酱哟 好！不做舔🐶！咱有骨气 
来自iPhone客户端 63楼 2021-09-14 10:21 一半醒 换了吧 
来自Android客户端 64楼 2021-09-14 10:21 滑鸡 支持 
来自Android客户端 65楼 2021-09-14 10:23 鲜衣怒看繁 你好急啊，打个哈哈就过去了，非要这么认真，我看是你想分手了，这只是个导火索罢了 
来自Android客户端 66楼 2021-09-14 10:23 最后应有尽有 市南麦凯乐?青岛的吗你是分了推给我，我接盘 https://gsp0.baidu.com/5aAHeD3nKhI2p27j8IqW0jdnxx1xbK/tb/editor/images/client/image_emoticon66.png https://gsp0.baidu.com/5aAHeD3nKhI2p27j8IqW0jdnxx1xbK/tb/editor/images/client/image_emoticon66.png https://gsp0.baidu.com/5aAHeD3nKhI2p27j8IqW0jdnxx1xbK/tb/editor/images/client/image_emoticon66.png https://gsp0.baidu.com/5aAHeD3nKhI2p27j8IqW0jdnxx1xbK/tb/editor/images/client/image_emoticon66.png
来自Android客户端 67楼 2021-09-14 10:25 大白兔奶糖 这种人以后也会很麻烦。还不如早点分。早点换个好的 
来自Android客户端 68楼 2021-09-14 10:25 西楼 绷 
来自Android客户端 69楼 2021-09-14 10:27 美如画 从图片来看我感觉女的开玩笑成分比较大 https://gsp0.baidu.com/5aAHeD3nKhI2p27j8IqW0jdnxx1xbK/tb/editor/images/client/image_emoticon10.png
来自Android客户端 70楼 2021-09-14 10:27 抗压吧务團队 好，爆杀幕刃 
来自iPhone客户端 71楼 2021-09-14 10:27 雨落清q承 渣渣，多多太呵了 
来自iPhone客户端 72楼 2021-09-14 10:28 渐渐淡忘我 有骨气的男人不多了啊 
来自Android客户端 73楼 2021-09-14 10:28 风略恋丶 你不是铸币？你点个外卖然后自己送给她就说你买的啊 
来自Android客户端 74楼 2021-09-14 10:30 青箜碎片 试探驯服pua是吧 https://gsp0.baidu.com/5aAHeD3nKhI2p27j8IqW0jdnxx1xbK/tb/editor/images/client/image_emoticon3.png
来自Android客户端 75楼 2021-09-14 10:31 正弦波256 填空题像个__一样，真__。__不得__。 
来自iPhone客户端 77楼 2021-09-14 10:35 Yoooo0- 章佬记吗好吃吗 https://gsp0.baidu.com/5aAHeD3nKhI2p27j8IqW0jdnxx1xbK/tb/editor/images/client/image_emoticon3.png
来自Android客户端 78楼 2021-09-14 10:36 青衫羊皮裘 lz太帅了，抗吧满眼看过去一堆小丑和舔🐶，lz是抗吧模范了属于是 
来自Android客户端 79楼 2021-09-14 10:38 取名难 她都能说出来你不爱我了，含不分手？雀氏要分手啊！ 
来自Android客户端 80楼 2021-09-14 10:38 为什么要穿裤子 我女朋友也是有事一点小事情就生气做错事不承认哎哟真的是气死人但是人一血都给我了我是真烦 https://gsp0.baidu.com/5aAHeD3nKhI2p27j8IqW0jdnxx1xbK/tb/editor/images/client/image_emoticon6.png
来自Android客户端 81楼 2021-09-14 10:40 我爱吃鸡腿 这种无理取闹的直接分了 
来自Android客户端 82楼 2021-09-14 10:43 贴吧用户_54aJZMe 好！ 
来自Android客户端 83楼 2021-09-14 10:44 楼某不咕咕- 快进到化身破败王 
来自Android客户端 84楼 2021-09-14 10:44 曾经蔚蓝 说的挺好的 
来自Android客户端 85楼 2021-09-14 10:49 小鬼僵尸 终结技来咯 
来自Android客户端 86楼 2021-09-14 10:52 梁小鹅- 按E进行终结技 
87楼 2021-09-14 10:52 西蜀子雲町 臭郭楠，浪费我这么长的一段青春 
来自iPhone客户端 88楼 2021-09-14 10:53 包龙星 帅！ 
89楼 2021-09-14 10:59 这随遇而安 楼主不回贴是不是在下跪认错啊 https://tb2.bdstatic.com/tb/editor/images/face/i_f03.png?t=20140803
90楼 2021-09-14 11:05 南海扎哈s 有无后续 
91楼 2021-09-14 11:18 刀锋于我丶 青岛的？出来面基 
来自Android客户端 92楼 2021-09-14 11:43 男孩可儿 你分尼玛呢，没分来骗经验？ https://gsp0.baidu.com/5aAHeD3nKhI2p27j8IqW0jdnxx1xbK/tb/editor/images/client/image_emoticon3.png
来自Android客户端 93楼 2021-09-14 11:55 西凉z- 快进到跪下认错 
来自Android客户端 95楼 2021-09-14 12:08 为如所想 又和好了?你怕不是我被折磨了好几年 
来自Android客户端 96楼 2021-09-14 12:09 C语言大佬 渣男！ 
来自Android客户端 97楼 2021-09-14 12:30 晴天 赶紧分了，我去接盘 https://gsp0.baidu.com/5aAHeD3nKhI2p27j8IqW0jdnxx1xbK/tb/editor/images/client/image_emoticon24.png
来自Android客户端 98楼 2021-09-14 12:34 正心御我哦哦 脑子确实不太正常 
来自Android客户端 99楼 2021-09-14 12:44 史迪仔 早该分了这傻逼畝人 
来自iPhone客户端 100楼 2021-09-14 13:01 viIIkiss 干得好 
来自iPhone客户端 101楼 2021-09-14 13:01 Doggy 好！ 
来自Android客户端 102楼 2021-09-14 13:06 哔白度 等一个前女友流出65P5V 
来自Android客户端 103楼 2021-09-14 13:11 迷之骑士 开车带着她一块去，看她下次还这么使唤你不了，她如果不愿去，你也用"你不爱我了"这一套 
来自Android客户端 104楼 2021-09-14 13:16 我牵着你走过 这种幕勾别惯着 
来自Android客户端 105楼 2021-09-14 13:22 懒和 来台东🤺🤺🤺 
来自Android客户端 106楼 2021-09-14 13:23 1244481278123 分 
来自Android客户端 107楼 2021-09-14 13:31 摩羯未知12 让她爬 
来自Android客户端 108楼 2021-09-14 13:33 神乐七奈 市南麦凯乐?青岛的吗你是分了推给我，我接盘 https://gsp0.baidu.com/5aAHeD3nKhI2p27j8IqW0jdnxx1xbK/tb/editor/images/client/image_emoticon66.png https://gsp0.baidu.com/5aAHeD3nKhI2p27j8IqW0jdnxx1xbK/tb/editor/images/client/image_emoticon66.png https://gsp0.baidu.com/5aAHeD3nKhI2p27j8IqW0jdnxx1xbK/tb/editor/images/client/image_emoticon66.png https://gsp0.baidu.com/5aAHeD3nKhI2p27j8IqW0jdnxx1xbK/tb/editor/images/client/image_emoticon66.png
来自Android客户端 109楼 2021-09-14 13:35 你没事吧f 好 https://gsp0.baidu.com/5aAHeD3nKhI2p27j8IqW0jdnxx1xbK/tb/editor/images/client/image_emoticon13.png https://gsp0.baidu.com/5aAHeD3nKhI2p27j8IqW0jdnxx1xbK/tb/editor/images/client/image_emoticon13.png https://gsp0.baidu.com/5aAHeD3nKhI2p27j8IqW0jdnxx1xbK/tb/editor/images/client/image_emoticon13.png
来自Android客户端 110楼 2021-09-14 13:37 島國料理長  https://gsp0.baidu.com/5aAHeD3nKhI2p27j8IqW0jdnxx1xbK/tb/editor/images/client/image_emoticon10.png https://gsp0.baidu.com/5aAHeD3nKhI2p27j8IqW0jdnxx1xbK/tb/editor/images/client/image_emoticon10.png
来自Android客户端 111楼 2021-09-14 13:38 w王好人兄弟 青岛？ 
来自Android客户端 112楼 2021-09-14 13:41 破破A丿D 在青大的时候经常去麦凯乐吃饭 
来自Android客户端 113楼 2021-09-14 13:42 望西都E安情 呵呵，渣男太多了。 
来自Android客户端 114楼 2021-09-14 13:44 那个守夜人 速来李村击剑 
来自Android客户端 115楼 2021-09-14 13:45 快乐星猫哟 雀食帅 
来自Android客户端 116楼 2021-09-14 13:54 小张只想搞钱 分 
来自Android客户端 117楼 2021-09-14 13:58 我心很宽 分就分，郭楠不值得 https://gsp0.baidu.com/5aAHeD3nKhI2p27j8IqW0jdnxx1xbK/tb/editor/images/client/image_emoticon6.png https://gsp0.baidu.com/5aAHeD3nKhI2p27j8IqW0jdnxx1xbK/tb/editor/images/client/image_emoticon6.png https://gsp0.baidu.com/5aAHeD3nKhI2p27j8IqW0jdnxx1xbK/tb/editor/images/client/image_emoticon6.png
来自Android客户端 118楼 2021-09-14 14:01 小庭啊俄 一眼看过去现在准在道歉，没骨气的🐶东西 
来自Android客户端 119楼 2021-09-14 14:04 无心无过 其实你可以直接回家然后带着她出来坐地铁或者开车带着她，让她知道多挤，另外我感觉市南这个点坐地铁可能都比开车快 
来自Android客户端 120楼 2021-09-14 14:06 别与归 也许人家是想让你出去2小时然后趁机偷个情呢？ https://gsp0.baidu.com/5aAHeD3nKhI2p27j8IqW0jdnxx1xbK/tb/editor/images/client/image_emoticon24.png
来自手机贴吧 121楼 2021-09-14 14:07 贴吧用户_08KNCWe 废物 
来自Android客户端 122楼 2021-09-14 14:09 Lute 你开车载着她一块去啊 
123楼 2021-09-14 14:11 嘛嘛滴粑粑 你俩都有问题 
来自iPhone客户端 124楼 2021-09-14 14:12 山河问我姓名 我也想分手可是找不到好借口… 
来自Android客户端 125楼 2021-09-14 14:14 三号男嘉宾 呵呵，渣男太多了 
来自Android客户端 126楼 2021-09-14 14:14 琦玉 我现在就在市南推一下 
来自Android客户端 127楼 2021-09-14 14:14 acaci 恋爱的底线不做舔🐶 
来自iPhone客户端 128楼 2021-09-14 14:15 可能你嗷嗷 傻逼 
来自Android客户端 129楼 2021-09-14 14:15 钰中泪 有点冲动，很难不事后小丑 https://gsp0.baidu.com/5aAHeD3nKhI2p27j8IqW0jdnxx1xbK/tb/editor/images/client/image_emoticon16.png
来自Android客户端 130楼 2021-09-14 14:19 物种发现员 好分 
来自Android客户端 131楼 2021-09-14 14:20 一剑平生意 什么傻狗。开车去还不如外卖来的快 
来自Android客户端 132楼 2021-09-14 14:22 靓仔正在路过 痛，太痛了 https://gsp0.baidu.com/5aAHeD3nKhI2p27j8IqW0jdnxx1xbK/tb/editor/images/client/image_emoticon22.png https://gsp0.baidu.com/5aAHeD3nKhI2p27j8IqW0jdnxx1xbK/tb/editor/images/client/image_emoticon22.png https://gsp0.baidu.com/5aAHeD3nKhI2p27j8IqW0jdnxx1xbK/tb/editor/images/client/image_emoticon22.png
来自iPhone客户端 133楼 2021-09-14 14:23 清风烈酒 好兄弟来城阳🤺 https://gsp0.baidu.com/5aAHeD3nKhI2p27j8IqW0jdnxx1xbK/tb/editor/images/client/image_emoticon20.png https://gsp0.baidu.com/5aAHeD3nKhI2p27j8IqW0jdnxx1xbK/tb/editor/images/client/image_emoticon20.png https://gsp0.baidu.com/5aAHeD3nKhI2p27j8IqW0jdnxx1xbK/tb/editor/images/client/image_emoticon20.png https://gsp0.baidu.com/5aAHeD3nKhI2p27j8IqW0jdnxx1xbK/tb/editor/images/client/image_emoticon20.png
134楼 2021-09-14 14:24 抽烟喝酒烫头 千万不要跟这种刷存在感的人在一起你会变得很不幸 https://tb2.bdstatic.com/tb/editor/images/face/i_f23.png?t=20140803
来自iPhone客户端 135楼 2021-09-14 14:26 日常 mark 
来自iPhone客户端 136楼 2021-09-14 14:26 吃土少女泥巴巴 有一说一，买回来粉都被酱泡发了。还能好吃到哪里去 
来自Android客户端 137楼 2021-09-14 14:27 心向桃源 你好急啊，打个哈哈就过去了，非要这么认真，我看是你想分手了，这只是个导火索罢了 
来自Android客户端 138楼 2021-09-14 14:29 -云淡 不是十年脑瘫做的出这种事情来？你会对你喜欢的人提这种要求？ 
来自Android客户端 139楼 2021-09-14 14:30 波罗斯的小领主 这女的脑子确实不太正常。。 
来自iPhone客户端 140楼 2021-09-14 14:30 时与纪 喜闻乐见 
来自Android客户端 141楼 2021-09-14 14:30 琴心劍魄爱煎鱼 这波帅，摆脱了舔狗的道路 
142楼 2021-09-14 14:34 仗剑不喝酒 说话有点冲建议冷静一下 
来自iPhone客户端 143楼 2021-09-14 14:37 我双鱼的 快进到一刀1500 
来自Android客户端 144楼 2021-09-14 14:41 花逝丶泪倾城 呵呵，渣男 
来自Android客户端 145楼 2021-09-14 14:41 追星逐月 真相了，分手半个钟和好了，大家散了吧 
来自Android客户端 147楼 2021-09-14 14:43 去我就明年 渣渣，呵太多了男 
来自Android客户端 148楼 2021-09-14 14:45 sunny混混人生 隔这测试服从性呢？ 
来自iPhone客户端 149楼 2021-09-14 14:47 别打萌萌的我 好！ 
来自Android客户端 150楼 2021-09-14 14:49 魅·D·影 呵呵舔狗太多了 
152楼 2021-09-14 14:53 天锁and无月 有什么卵用呢，最后你还不是要舔回去 
来自iPhone客户端 153楼 2021-09-14 15:00 豆丁仔 经典看到后续和好了那你还不如直接去买了呢 https://gsp0.baidu.com/5aAHeD3nKhI2p27j8IqW0jdnxx1xbK/tb/editor/images/client/image_emoticon16.png
来自iPhone客户端 154楼 2021-09-14 15:04 囡囡从不化妆 好！男人就要硬气点 
来自iPhone客户端 155楼 2021-09-14 15:06 勃然大璐 要个态度罢了不知好歹的国男 https://gsp0.baidu.com/5aAHeD3nKhI2p27j8IqW0jdnxx1xbK/tb/editor/images/client/image_emoticon3.png
来自Android客户端 156楼 2021-09-14 15:06 广岛上空 和好了是吧亩人但凡发病一次，就会发第二次三次。你但凡妥协一次，她就会更加变本加厉。多的也不说了 https://gsp0.baidu.com/5aAHeD3nKhI2p27j8IqW0jdnxx1xbK/tb/editor/images/client/image_emoticon3.png https://gsp0.baidu.com/5aAHeD3nKhI2p27j8IqW0jdnxx1xbK/tb/editor/images/client/image_emoticon3.png
来自iPhone客户端 157楼 2021-09-14 15:07 椰椰汁 分的好 https://gsp0.baidu.com/5aAHeD3nKhI2p27j8IqW0jdnxx1xbK/tb/editor/images/client/image_emoticon24.png
来自Android客户端 158楼 2021-09-14 15:07 ReoL 火速来家乐福 
来自iPhone客户端 159楼 2021-09-14 15:09 Poised__吐司 细说怎么和好的 
来自iPhone客户端 160楼 2021-09-14 15:09 椰椰汁 我前女友就是这样的，在一起还不知道，相比我前前女友真麻烦，跟挑食的女生如果结婚，折磨的还是自己，还不会做饭，如果不是为了吴涛，我恨不得给她一拳点击展开，查看完整图片 http://tiebapic.baidu.com/forum/w%3D580/sign=103b005d978065387beaa41ba7dda115/ff9661d1f703918f23c4b8d90c3d269759eec43b.jpg
161楼 2021-09-14 15:10 春夏秋冬 这种女的在我这里活不过2天 
来自Android客户端 162楼 2021-09-14 15:16 六学家 也就你这种孬种分手，搁我不先来一套劲夫拳法？ https://gsp0.baidu.com/5aAHeD3nKhI2p27j8IqW0jdnxx1xbK/tb/editor/images/client/image_emoticon8.png
来自Android客户端 163楼 2021-09-14 15:20 SKT电棍 你能不能有点骨气啊，分就彻底分，你这还舔着脸复合了 https://gsp0.baidu.com/5aAHeD3nKhI2p27j8IqW0jdnxx1xbK/tb/editor/images/client/image_emoticon6.png
来自iPhone客户端 164楼 2021-09-14 15:24 椰椰汁 油炸，炒海鲜，她是潍坊的，不靠近沿海肯定不喜欢原味的 
来自iPhone客户端 165楼 2021-09-14 15:32 壹楽- 有没有可能你只是想分手了呢？看您朋友这个语气不像认真和你犯病啊，这不是在撒娇吗？真要吵架还提前通知你一下吗？ 
来自Android客户端 166楼 2021-09-14 15:33 Kio 高峰期去市南确实很痛苦 
来自Android客户端 167楼 2021-09-14 15:34 ltx1020 呵呵蝈喃太多了 
来自iPhone客户端 168楼 2021-09-14 15:38 挡破 为不爱了开脱罢了 
来自Android客户端 169楼 2021-09-14 15:42 一寸水土豆 后续？后续楼主批瘾犯了，像个狗一样求复合。 
来自Android客户端 170楼 2021-09-14 15:42 我又不乱来h 兰州烧饼 
来自Android客户端 171楼 2021-09-14 15:43 文艾烧脑 没问题 
来自Android客户端 172楼 2021-09-14 15:46 g35523 大学的时候女朋友非要吃炒酸奶卷，酸奶块还不行，找遍了市南市北崂山，最后在即墨找到一家可算完事。 
来自Android客户端 173楼 2021-09-14 15:48 tom汤姆 后续呢，捏麻麻地 
来自Android客户端 174楼 2021-09-14 15:48 belieu 我的话第一句就是没空 
来自iPhone客户端 175楼 2021-09-14 15:53 杰哥快来呀 ？ 
来自Android客户端 176楼 2021-09-14 15:53 冰糖不要熬夜 我只能说晚高峰去市南是真*** 
来自iPhone客户端 177楼 2021-09-14 15:53 杰哥快来呀 ？ 
来自Android客户端 178楼 2021-09-14 15:53 冰糖不要熬夜 我只能说晚高峰去市南是真*** 
来自iPhone客户端 179楼 2021-09-14 15:53 杰哥快来呀 ？ 
180楼 2021-09-14 15:54 heifan233 ？你在干什么 https://tb2.bdstatic.com/tb/editor/images/face/i_f27.png?t=20140803
来自Android客户端 181楼 2021-09-14 16:05 不敢乱说 好分 
183楼 2021-09-14 16:06 无题DXC 朋友圈：终究是一个人扛下了所有 
来自Android客户端 184楼 2021-09-14 16:06 睡觉睡觉睡觉- 破案了楼主变甜🐶了 http://tiebapic.baidu.com/forum/w%3D580/sign=10f1005d978065387beaa41ba7dca115/ff9661d1f703918f230eb8d90c3d269758eec47d.jpg
来自iPhone客户端 185楼 2021-09-14 16:14 mlwqln 很多女的总以为恋爱（包括走入婚姻后）什么时候都应该和刚开始一样实际上人的本性就是过了最开始的激情期就不可能像最开始一样对一个人无微不至了到后面感情也会慢慢变成患难才见真情的那种平时的表示会变少的。不能接受这一点的女的和谁在一起都不会得到幸福因为脑子转不过来那个弯总把言情小说电视剧代入生活以为生活中的感情也是时刻都甜的 
来自Android客户端 186楼 2021-09-14 16:18 achairt 母狗一条罢了 
来自iPhone客户端 187楼 2021-09-14 16:18 C酱是咸鱼 让她滚，tmd，惯着她了？ 
来自Android客户端 188楼 2021-09-14 16:22 不锈钢直男 你真是一点骨气都没有，丢我们男人的脸 
来自Android客户端 189楼 2021-09-14 16:27 一丘love 母人真就几把傻卵，又不是我做的，外卖跟去买不是一个味？ 
来自iPhone客户端 190楼 2021-09-14 16:30 记得提纲运动 你要是不分，就怎么着？ 
来自iPhone客户端 192楼 2021-09-14 16:36 脑瘫别回我 不知道有个叫同城跑腿么，跑腿费大概20这样 
来自Android客户端 193楼 2021-09-14 16:37 Stitch 分到哪了？ https://gsp0.baidu.com/5aAHeD3nKhI2p27j8IqW0jdnxx1xbK/tb/editor/images/client/image_emoticon10.png
来自iPhone客户端 194楼 2021-09-14 16:38 乳液随风潜 晚上六点山东路香港中路堵的跟nt一样，我只能说分的好 
来自iPhone客户端 195楼 2021-09-14 16:38 SN笨笔战队 晚六点的市南，我走路都比开车快 https://gsp0.baidu.com/5aAHeD3nKhI2p27j8IqW0jdnxx1xbK/tb/editor/images/client/image_emoticon3.png
来自iPhone客户端 196楼 2021-09-14 16:44 小琴真子 最近几个吧友私信我说被麦片哥坑了钱我看了非常的愤怒都什么时代还花波、苍、热巴、幂幂等知名女星的Ai在我帖不花一分钱就可以瞅。妈妈再也不用担心被坑了 https://gsp0.baidu.com/5aAHeD3nKhI2p27j8IqW0jdnxx1xbK/tb/editor/images/client/image_emoticon11.png https://gsp0.baidu.com/5aAHeD3nKhI2p27j8IqW0jdnxx1xbK/tb/editor/images/client/image_emoticon11.png https://gsp0.baidu.com/5aAHeD3nKhI2p27j8IqW0jdnxx1xbK/tb/editor/images/client/image_emoticon20.png https://gsp0.baidu.com/5aAHeD3nKhI2p27j8IqW0jdnxx1xbK/tb/editor/images/client/image_emoticon20.png https://gsp0.baidu.com/5aAHeD3nKhI2p27j8IqW0jdnxx1xbK/tb/editor/images/client/image_emoticon13.png https://gsp0.baidu.com/5aAHeD3nKhI2p27j8IqW0jdnxx1xbK/tb/editor/images/client/image_emoticon13.png
来自Android客户端 197楼 2021-09-14 16:45 网瘾老人 青岛的 https://gsp0.baidu.com/5aAHeD3nKhI2p27j8IqW0jdnxx1xbK/tb/editor/images/client/image_emoticon25.png
来自iPhone客户端 198楼 2021-09-14 16:50 嗨屁屁圆圆 “吵一架吧”脑瘫言论，我现在看到这几个字就恶心 
来自Android客户端 199楼 2021-09-14 16:52 DA大大果冻 这种女的不分将来等着岳父来告诉你什么叫吃绝户？ 
来自Android客户端 200楼 2021-09-14 16:53 抓马的人 你不能定个外卖，然后骗她说是你专门去买的啊。 
来自Android客户端 201楼 2021-09-14 16:57 钓鱼高手 我家住购物中心对面，过个马路就到，女朋友还叫我开车送她呢，后来就吵了一架，我给我妈告状，我妈说我应该送 https://gsp0.baidu.com/5aAHeD3nKhI2p27j8IqW0jdnxx1xbK/tb/editor/images/client/image_emoticon10.png https://gsp0.baidu.com/5aAHeD3nKhI2p27j8IqW0jdnxx1xbK/tb/editor/images/client/image_emoticon33.png
来自Android客户端 202楼 2021-09-14 16:57 钓鱼高手 我家住购物中心对面，过个马路就到，女朋友还叫我开车送她呢，后来就吵了一架，我给我妈告状，我妈说我应该送 https://gsp0.baidu.com/5aAHeD3nKhI2p27j8IqW0jdnxx1xbK/tb/editor/images/client/image_emoticon10.png https://gsp0.baidu.com/5aAHeD3nKhI2p27j8IqW0jdnxx1xbK/tb/editor/images/client/image_emoticon33.png
来自Android客户端 203楼 2021-09-14 16:59 您说得没错 她愿意改就合，改不了就分，谈恋爱多简单的事，能处就处，不能处就爬 
来自Android客户端 204楼 2021-09-14 17:00 士力架 来青岛大学和我谈恋爱吧，我是男的 
来自iPhone客户端 205楼 2021-09-14 17:02 附心郎 后续是楼主还是屁颠屁颠去买了 
来自Android客户端 206楼 2021-09-14 17:10 贴吧用户_Q4VVeyR 后续呢 
来自Android客户端 207楼 2021-09-14 17:11 poppy 让她下来跟你一块去她要不愿意就让她滚蛋 
来自iPhone客户端 208楼 2021-09-14 17:11 秋夜风 确实以前追的时候什么都做在一起了就回归原样前后不一致性 
来自Android客户端 209楼 2021-09-14 17:12 一梦天凉 不用看都知道之前就有矛盾，而且不是一次两次是积攒已久了，别的不说你们要是还在刚认识热恋的时候别说去南市，就是去南京你也会给她买的，要求无理是女生的不对，但不是你们分手的原因，你可以不去买但完全可以避免分手的结局，说到底你们会分手还是因为一些没写出来的根本原因罢了 
来自iPhone客户端 210楼 2021-09-14 17:14 凭栏意 不会振刀？ 
来自Android客户端 211楼 2021-09-14 17:15 阿鱼 青岛的？ 
来自Android客户端 213楼 2021-09-14 17:22 灼思- 你要是认真的，我就尊重你，看来之前就是把你当舔狗了 https://gsp0.baidu.com/5aAHeD3nKhI2p27j8IqW0jdnxx1xbK/tb/editor/images/client/image_emoticon22.png https://gsp0.baidu.com/5aAHeD3nKhI2p27j8IqW0jdnxx1xbK/tb/editor/images/client/image_emoticon22.png https://gsp0.baidu.com/5aAHeD3nKhI2p27j8IqW0jdnxx1xbK/tb/editor/images/client/image_emoticon22.png https://gsp0.baidu.com/5aAHeD3nKhI2p27j8IqW0jdnxx1xbK/tb/editor/images/client/image_emoticon22.png
来自iPhone客户端 214楼 2021-09-14 17:29 zzzzzd 青岛市南晚高峰这是让人能提出来的要求？ 
来自Android客户端 215楼 2021-09-14 17:33 请把手给我 😅😅😅😅 
来自Android客户端 216楼 2021-09-14 17:34 克里特弓手 doagoodjod 
来自Android客户端 217楼 2021-09-14 17:34 马达马达 一个女生曾经和我说过，找男朋友不是找来宠她的找来干什么？我确实是不明白这是对是错 https://gsp0.baidu.com/5aAHeD3nKhI2p27j8IqW0jdnxx1xbK/tb/editor/images/client/image_emoticon16.png
来自Android客户端 218楼 2021-09-14 17:35 深渊窥视你 呵呵，肠粉真是太多了 
来自iPhone客户端 219楼 2021-09-14 17:37 吃不胖的Saber 爆杀了 
来自Android客户端 220楼 2021-09-14 17:42 隐鹤 我感觉一开始你女朋友也没有很认真…你反而有点较真了 
来自Android客户端 221楼 2021-09-14 17:42 贴吧用户_QSMDX6N 破案了楼主整🔥氵经验的 https://gsp0.baidu.com/5aAHeD3nKhI2p27j8IqW0jdnxx1xbK/tb/editor/images/client/image_emoticon24.png
来自Android客户端 222楼 2021-09-14 17:43 想要一顿毒打 渣渣呵男太多了 https://gsp0.baidu.com/5aAHeD3nKhI2p27j8IqW0jdnxx1xbK/tb/editor/images/client/image_emoticon24.png
来自iPhone客户端 223楼 2021-09-14 17:44 久世 确实，热恋去就去了，没事谁高兴跑过去，闲的。 
来自Android客户端 224楼 2021-09-14 17:44 鬼鬼大少爷 看来你对象这平时没少作啊，压倒骆驼的最后一根稻草？ https://gsp0.baidu.com/5aAHeD3nKhI2p27j8IqW0jdnxx1xbK/tb/editor/images/client/image_emoticon16.png
来自Android客户端 225楼 2021-09-14 17:45 zesss 到底分没分 
