7536693066 【图片】盘点全球百大名人，大🔥们来打分！【抗压背锅吧】_百度贴吧
来自Android客户端 1楼 2021-09-13 08:19 江海寄余生I 仅🐭🐭个人见解，排名不分先后！孔圣人镇楼！ http://tiebapic.baidu.com/forum/w%3D580/sign=f39617303e2762d0803ea4b790ed0849/1eb359aea40f4bfba19736475e4f78f0f6361894.jpg
来自Android客户端 2楼 2021-09-13 08:21 江海寄余生I 1.牛顿 http://tiebapic.baidu.com/forum/w%3D580/sign=5756b517699b033b2c88fcd225cf3620/9bb92b391f30e9243be5342211086e061c95f797.jpg
来自Android客户端 3楼 2021-09-13 08:22 小钿神 +8 
来自Android客户端 4楼 2021-09-13 08:22 江海寄余生I 2.耶稣 http://tiebapic.baidu.com/forum/w%3D580/sign=dda8a4d91fafa40f3cc6ced59b65038c/dd85940b304e251f3b92f713e286c9177e3e5322.jpg
来自Android客户端 5楼 2021-09-13 08:24 江海寄余生I 3.穆罕默德 http://tiebapic.baidu.com/forum/w%3D580/sign=e2511695601f95caa6f592bef9167fc5/9d583a00213fb80e0eb7723c73d12f2eb838942d.jpg
来自Android客户端 6楼 2021-09-13 08:25 江海寄余生I 4.孔子 http://tiebapic.baidu.com/forum/w%3D580/sign=d8af94cad613b07ebdbd50003cd69113/355d8912632762d0d45eb754e5ec08fa503dc62f.jpg
来自Android客户端 7楼 2021-09-13 08:26 江海寄余生I 5.释迦牟尼 http://tiebapic.baidu.com/forum/w%3D580/sign=b74f27327c01213fcf334ed464e636f8/9042d4cb7bcb0a46c84098d22e63f6246a60af29.jpg
来自iPhone客户端 8楼 2021-09-13 08:27 殷杜 没有faker吗？ 
来自Android客户端 9楼 2021-09-13 08:27 伊蕾娜丶丶 伊蕾娜 https://gsp0.baidu.com/5aAHeD3nKhI2p27j8IqW0jdnxx1xbK/tb/editor/images/client/image_emoticon24.png https://gsp0.baidu.com/5aAHeD3nKhI2p27j8IqW0jdnxx1xbK/tb/editor/images/client/image_emoticon24.png https://gsp0.baidu.com/5aAHeD3nKhI2p27j8IqW0jdnxx1xbK/tb/editor/images/client/image_emoticon24.png https://gsp0.baidu.com/5aAHeD3nKhI2p27j8IqW0jdnxx1xbK/tb/editor/images/client/image_emoticon24.png https://gsp0.baidu.com/5aAHeD3nKhI2p27j8IqW0jdnxx1xbK/tb/editor/images/client/image_emoticon24.png https://gsp0.baidu.com/5aAHeD3nKhI2p27j8IqW0jdnxx1xbK/tb/editor/images/client/image_emoticon24.png https://gsp0.baidu.com/5aAHeD3nKhI2p27j8IqW0jdnxx1xbK/tb/editor/images/client/image_emoticon24.png http://tiebapic.baidu.com/forum/w%3D580/sign=8687d6d8a6edab6474724dc8c737af81/b9ae96cbd1c8a786eb9fe21d3a09c93d71cf509a.jpg
来自Android客户端 10楼 2021-09-13 08:28 wcjj 没有乌兹我很难承认你的含糖量啊 https://gsp0.baidu.com/5aAHeD3nKhI2p27j8IqW0jdnxx1xbK/tb/editor/images/client/image_emoticon3.png http://tiebapic.baidu.com/forum/w%3D580/sign=0edecb6dcf58d109c4e3a9bae159ccd0/f9890fd6912397dd72ce30170482b2b7d1a287a5.jpg
来自Android客户端 11楼 2021-09-13 08:29 江海寄余生I 6.达尔文 http://tiebapic.baidu.com/forum/w%3D580/sign=7fec86374dfa513d51aa6cd60d6c554c/37d5004e78f0f73641a05fea4f55b319eac41335.jpg
来自Android客户端 12楼 2021-09-13 08:30 江海寄余生I 7.蔡伦 http://tiebapic.baidu.com/forum/w%3D580/sign=2905491cda94a4c20a23e7233ef51bac/085ff31e3a292df51f730406e1315c6035a873a0.jpg
来自Android客户端 13楼 2021-09-13 08:32 江海寄余生I 8.爱因斯坦 http://tiebapic.baidu.com/forum/w%3D580/sign=6e18037252b30f24359aec0bf894d192/f030830b19d8bc3ea4a4aed9df8ba61ea9d345a3.jpg
来自Android客户端 14楼 2021-09-13 08:33 江海寄余生I 9.马克思 http://tiebapic.baidu.com/forum/w%3D580/sign=d4fc7f35786d55fbc5c6762e5d234f40/33727a300a55b31919af919e06a98226cefc173d.jpg
来自Android客户端 15楼 2021-09-13 08:34 江海寄余生I 10.约翰.古登堡 http://tiebapic.baidu.com/forum/w%3D580/sign=eebf4402b7d3572c66e29cd4ba126352/5424d242ad4bd113979ea4d91fafa40f4afb0538.jpg
来自Android客户端 17楼 2021-09-13 08:41 wj010507sky 🐴克斯 
来自iPhone客户端 18楼 2021-09-13 08:53 那咋办吗 全是打0分的 
来自Android客户端 19楼 2021-09-13 08:54 撞不到我  http://tiebapic.baidu.com/forum/w%3D580/sign=d6505d104f46f21fc9345e5bc6256b31/35c63a13b31bb051f983a0c3737adab448ede0ec.jpg
来自Android客户端 20楼 2021-09-13 08:55 热心网友小龙 我勾巴谁啊我评价他们 https://gsp0.baidu.com/5aAHeD3nKhI2p27j8IqW0jdnxx1xbK/tb/editor/images/client/image_emoticon8.png
来自Android客户端 21楼 2021-09-13 08:57 zphgy1314 打0的都是低能儿 https://gsp0.baidu.com/5aAHeD3nKhI2p27j8IqW0jdnxx1xbK/tb/editor/images/client/image_emoticon8.png
来自Android客户端 22楼 2021-09-13 08:59 懒得改名字了 3 
来自Android客户端 23楼 2021-09-13 09:01 葉麓簨 瘪鸡吧排你那破名了 https://gsp0.baidu.com/5aAHeD3nKhI2p27j8IqW0jdnxx1xbK/tb/editor/images/client/image_emoticon6.png https://gsp0.baidu.com/5aAHeD3nKhI2p27j8IqW0jdnxx1xbK/tb/editor/images/client/image_emoticon6.png https://gsp0.baidu.com/5aAHeD3nKhI2p27j8IqW0jdnxx1xbK/tb/editor/images/client/image_emoticon6.png
来自iPhone客户端 24楼 2021-09-13 09:04 高级快乐 一群低能在这儿打0就能看出ylg有多少了 https://gsp0.baidu.com/5aAHeD3nKhI2p27j8IqW0jdnxx1xbK/tb/editor/images/client/image_emoticon8.png
来自iPhone客户端 25楼 2021-09-13 09:12 无内鬼 小🐯 http://tiebapic.baidu.com/forum/w%3D580/sign=628f1816b8dde711e7d243fe97eecef4/86fd520ed9f9d72ad7b4b80e892a2834359bbb00.jpg
来自Android客户端 26楼 2021-09-13 09:13 奥利维亚 有个低能儿一直在打0，我不说是谁 
来自Android客户端 27楼 2021-09-13 09:19 江海寄余生I 11.哥伦布 http://tiebapic.baidu.com/forum/w%3D580/sign=5f2efffaafd3572c66e29cd4ba126352/5424d242ad4bd113260f1f2107afa40f4afb0511.jpg
来自Android客户端 28楼 2021-09-13 09:20 江海寄余生I 12.伽利略 http://tiebapic.baidu.com/forum/w%3D580/sign=fd4f2ca047087bf47dec57e1c2d1575e/93020c2542a7d933284ff798e84bd11371f001ac.jpg
来自Android客户端 29楼 2021-09-13 09:21 江海寄余生I 13.亚里士多德 http://tiebapic.baidu.com/forum/w%3D580/sign=7dc94febfa86c91708035231f93d70c6/24bf78ed54e736d1c72d271bc6504fc2d562691e.jpg
来自Android客户端 30楼 2021-09-13 09:22 江海寄余生I 14.哥白尼 http://tiebapic.baidu.com/forum/w%3D580/sign=6df61c2107afa40f3cc6ced59b64038c/dd85940b304e251f8bcc4febfa86c9177f3e5318.jpg
来自Android客户端 31楼 2021-09-13 09:22 江海寄余生I 15.巴斯德 http://tiebapic.baidu.com/forum/w%3D580/sign=879c3ae1201ed21b79c92eed9d6eddae/a6982ef4e0fe9925bc39c24369a85edf8db1711a.jpg
来自Android客户端 32楼 2021-09-13 09:23 江海寄余生I 16.欧几里得 http://tiebapic.baidu.com/forum/w%3D580/sign=4d57ef3150ce36d3a20483380af13a24/2428aa004c086e060b772ca047087bf408d1cbb4.jpg
来自Android客户端 34楼 2021-09-13 09:23 江海寄余生I 17.摩西 http://tiebapic.baidu.com/forum/w%3D580/sign=9719c0163e899e51788e3a1c72a5d990/4de9cfbe6c81800abb3b9ae5f43533fa808b47b5.jpg
来自Android客户端 35楼 2021-09-13 09:25 江海寄余生I 18.秦始皇 http://tiebapic.baidu.com/forum/w%3D580/sign=dfffac59fc014a90813e46b599753971/dba1ba13c8fcc3ce0215dad8d745d688d63f20b2.jpg
来自Android客户端 37楼 2021-09-13 09:27 江海寄余生I 20.马丁.路德.金 http://tiebapic.baidu.com/forum/w%3D580/sign=0cc83f67f0345982c58ae59a3cf4310b/cd8c259659ee3d6dceee2cd81e166d224f4ade28.jpg
来自Android客户端 38楼 2021-09-13 09:30 并不能够用 统统0 
来自Android客户端 39楼 2021-09-13 09:31 草莓棒棒糖 我直接＋3走人 
来自Android客户端 40楼 2021-09-13 09:32 康桑纳眯哒 来个科比啊 
41楼 2021-09-13 10:34 Alakid-  http://tiebapic.baidu.com/forum/w%3D580/sign=1b125038c016fdfad86cc6e6848e8cea/489b2b35349b033be74857c948ce36d3d439bd10.jpg
来自Android客户端 42楼 2021-09-13 12:19 暗炎之主 我寄吧谁啊？我也配？ 
来自iPhone客户端 43楼 2021-09-13 12:51 楚子航 没有原神？ 
来自Android客户端 44楼 2021-09-13 14:41 酥絡 lkd 
来自Android客户端 45楼 2021-09-13 14:51 陈浮生 没有几位伟大的导师我不认可 https://gsp0.baidu.com/5aAHeD3nKhI2p27j8IqW0jdnxx1xbK/tb/editor/images/client/image_emoticon3.png
来自Android客户端 46楼 2021-09-13 14:56 故事的小黄花 我谁啊我评价他们 https://gsp0.baidu.com/5aAHeD3nKhI2p27j8IqW0jdnxx1xbK/tb/editor/images/client/image_emoticon8.png
来自Android客户端 47楼 2021-09-13 15:17 小号西的 还有人打0？你们配吗 
来自Android客户端 48楼 2021-09-13 15:32 遵纪守法  http://tiebapic.baidu.com/forum/w%3D580/sign=fa57a9fd8afc1e17fdbf8c397a92f67c/2610ce10728b471000ece32786cec3fdfe032348.jpg
来自Android客户端 49楼 2021-09-13 15:35 祝英台 +3 
来自Android客户端 50楼 2021-09-13 16:10 江海寄余生I 21.圣保罗 http://tiebapic.baidu.com/forum/w%3D580/sign=dbba9dee76fa828bd1239debcd1e41cd/575e75084b36acaf49598f1739d98d1003e99cd6.jpg
来自Android客户端 51楼 2021-09-13 16:11 江海寄余生I 22.君士坦丁大帝 http://tiebapic.baidu.com/forum/w%3D580/sign=355411d81e166d223877159c76220945/2fa8e8c5b74543a9e2896cdf43178a82b8011441.jpg
来自Android客户端 52楼 2021-09-13 16:12 江海寄余生I 23.华盛顿 http://tiebapic.baidu.com/forum/w%3D580/sign=56b8bafbe13eb13544c7b7b3961fa8cb/904532accbef76099d840f8c73dda3cc7dd99e4d.jpg
来自Android客户端 53楼 2021-09-13 16:13 江海寄余生I 24.法拉第 http://tiebapic.baidu.com/forum/w%3D580/sign=90f0e65b20380cd7e61ea2e59145ad14/fe61f402918fa0ec28747de6639759ee3f6ddbd8.jpg
来自Android客户端 54楼 2021-09-13 16:14 江海寄余生I 25.麦克斯韦 http://tiebapic.baidu.com/forum/w%3D580/sign=e55a08475e4f78f0800b9afb49300a83/4d79a487c9177f3e79be6a1e2dcf3bc79e3d5649.jpg
来自Android客户端 55楼 2021-09-13 16:15 大专生 😅🤗 
来自Android客户端 56楼 2021-09-13 16:15 江海寄余生I 26.汉武帝 http://tiebapic.baidu.com/forum/w%3D580/sign=60b05ed549f3d7ca0cf63f7ec21ebe3c/d621f502738da977c1809fc0f551f8198418e3e5.jpg
来自Android客户端 57楼 2021-09-13 16:15 藏在深处深 他 
来自Android客户端 58楼 2021-09-13 16:15 江海寄余生I 27.柏拉图 http://tiebapic.baidu.com/forum/w%3D580/sign=80a5713853f41bd5da53e8fc61db81a0/7c4f9a24bc315c60c913fdfcd0b1cb1348547756.jpg
来自Android客户端 59楼 2021-09-13 16:16 江海寄余生I 28.拉瓦锡 http://tiebapic.baidu.com/forum/w%3D580/sign=358afaa1efb7d0a27bc90495fbee760d/c55f3e6c55fbb2fbdba8ce01124a20a44723dc51.jpg
来自Android客户端 61楼 2021-09-13 16:21 江海寄余生I 30.莱特兄弟 http://tiebapic.baidu.com/forum/w%3D580/sign=77c5936d781f95caa6f592bef9167fc5/9d583a00213fb80e9b23f7c46bd12f2eb8389462.jpg
来自Android客户端 62楼 2021-09-13 16:24 江海寄余生I 31.成吉思汗 http://tiebapic.baidu.com/forum/w%3D580/sign=3dc9d1a81a10b912bfc1f6f6f3fcfcb5/ea77a4eece1b9d160d220c72aedeb48f8d54646b.jpg
来自Android客户端 63楼 2021-09-13 16:26 江海寄余生I 32.拿破仑 http://tiebapic.baidu.com/forum/w%3D580/sign=531af21e7b9759ee4a5060c382fa434e/e441f437afc3793151b5103ab6c4b74542a91172.jpg
来自Android客户端 64楼 2021-09-13 16:27 江海寄余生I 33.爱迪生 http://tiebapic.baidu.com/forum/w%3D580/sign=486a0ba4db2f07085f052a08d926b865/2a4c5167d016092464a4bbf0910735fae4cd348e.jpg
来自Android客户端 65楼 2021-09-13 16:30 纯路人王 经典cjb😅😅，打0的低能傻狗能不能gck啊 
来自iPhone客户端 66楼 2021-09-13 16:39 拉着知恩的手 罗斯福总统10分 http://tiebapic.baidu.com/forum/w%3D580/sign=ecff44ddc425bc312b5d01906edf8de7/a636ea51352ac65cd132f760a6f2b21193138a25.jpg
来自Android客户端 67楼 2021-09-13 16:43 Wdnmdskt 没有sugar神？ https://gsp0.baidu.com/5aAHeD3nKhI2p27j8IqW0jdnxx1xbK/tb/editor/images/client/image_emoticon24.png http://tiebapic.baidu.com/forum/w%3D580/sign=831c02a8ced4b31cf03c94b3b7d4276f/8764ae6fddc451da483a1500f3fd5266d21632bb.jpg
来自Android客户端 68楼 2021-09-13 16:46 GX冷清 就发这么点是吧 
来自Android客户端 69楼 2021-09-13 16:53 江海寄余生I 34.列宁 http://tiebapic.baidu.com/forum/w%3D580/sign=4c64b41b0e43fbf2c52ca62b807eca1e/6e62542d11dfa9ec002bc7043fd0f703908fc1cb.jpg
来自Android客户端 70楼 2021-09-13 16:54 江海寄余生I 35.弗洛伊德 http://tiebapic.baidu.com/forum/w%3D580/sign=c42431e98cc8a786be2a4a065709c9c7/bd8ebb0f7bec54e7d7ea8b0de4389b504ec26ad6.jpg
来自Android客户端 71楼 2021-09-13 17:05 江海寄余生I 36.莎士比亚 http://tiebapic.baidu.com/forum/w%3D580/sign=c069b935b51f3a295ac8d5c6a924bce3/aa62d638b6003af376bac48b702ac65c1138b60f.jpg
来自Android客户端 72楼 2021-09-13 17:06 江海寄余生I 37.贝多芬 http://tiebapic.baidu.com/forum/w%3D580/sign=1d8a67366b738bd4c421b239918a876c/924518d4ad6eddc496e4ac107cdbb6fd53663308.jpg
来自Android客户端 73楼 2021-09-13 17:06 江海寄余生I 38.亚当.斯密 http://tiebapic.baidu.com/forum/w%3D580/sign=e48afc13e286c91708035231f93c70c6/24bf78ed54e736d15e6e94e3de504fc2d462690a.jpg
来自Android客户端 74楼 2021-09-13 17:08 江海寄余生I 39.列文.虎克 http://tiebapic.baidu.com/forum/w%3D580/sign=e3e0f4e88d95d143da76e42b43f18296/2d8430fb828ba61e0994d0c40434970a314e5911.jpg
来自Android客户端 75楼 2021-09-13 17:09 江海寄余生I 40.马可尼 http://tiebapic.baidu.com/forum/w%3D580/sign=f09abff6f06eddc426e7b4f309dab6a2/20805f6134a85edf73df6f3014540923dc547581.jpg
来自Android客户端 76楼 2021-09-13 17:11 江海寄余生I 41.亚历山大 http://tiebapic.baidu.com/forum/w%3D580/sign=2221f01f14da81cb4ee683c56267d0a4/a8195dde8db1cb13c61b24f89854564e93584b19.jpg
来自Android客户端 77楼 2021-09-13 17:12 江海寄余生I 42.克伦威尔 http://tiebapic.baidu.com/forum/w%3D580/sign=75128090941373f0f53f6f97940e4b8b/3aafabd2fd1f4134335b1d95601f95cad0c85e1b.jpg
来自Android客户端 78楼 2021-09-13 17:12 runawy 👴 
来自Android客户端 79楼 2021-09-13 17:16 bored 🐱 
来自Android客户端 80楼 2021-09-13 17:18 bored 🍎 
来自Android客户端 82楼 2021-09-13 17:19 用户dry 🐱呢？ 
来自Android客户端 83楼 2021-09-13 17:21 阿威网络 43简自豪 http://tiebapic.baidu.com/forum/w%3D580/sign=fffea18fd1eef01f4d1418cdd0ff99e0/897f35d2d539b6007182175cac50352ac75cb73b.jpg
来自Android客户端 84楼 2021-09-13 17:22 这是否 小糖人 https://gsp0.baidu.com/5aAHeD3nKhI2p27j8IqW0jdnxx1xbK/tb/editor/images/client/image_emoticon24.png https://gsp0.baidu.com/5aAHeD3nKhI2p27j8IqW0jdnxx1xbK/tb/editor/images/client/image_emoticon24.png https://gsp0.baidu.com/5aAHeD3nKhI2p27j8IqW0jdnxx1xbK/tb/editor/images/client/image_emoticon24.png http://tiebapic.baidu.com/forum/w%3D580/sign=1751ae65af1fbe091c5ec31c5b610c30/a5a3b01ab051f819ea82925987b44aed2f73e7b5.jpg
来自Android客户端 85楼 2021-09-13 17:23 嘟嘟可可 💣💣💣💣💣💣💣 
来自Android客户端 86楼 2021-09-13 17:25 带带小鼠人 丁真 http://tiebapic.baidu.com/forum/w%3D580/sign=fa4632ebac24b899de3c79305e071d59/37a9942ad40735fa34b35652db510fb30d2408c8.jpg
来自iPhone客户端 88楼 2021-09-13 17:49 忽然流出泪来 🐱 
来自Android客户端 89楼 2021-09-13 17:54 江海寄余生I 43.贝尔 http://tiebapic.baidu.com/forum/w%3D580/sign=08702877c9eef01f4d1418cdd0ff99e0/897f35d2d539b600860c9ea4b450352ac75cb712.jpg
来自Android客户端 90楼 2021-09-13 17:54 江海寄余生I 44.海森堡 http://tiebapic.baidu.com/forum/w%3D580/sign=f74ddbd8368da9774e2f86238053f872/5f7fc0fcfc0392456b55f9e4c294a4c27f1e25af.jpg
来自Android客户端 91楼 2021-09-13 17:55 江海寄余生I 45.弗莱明 http://tiebapic.baidu.com/forum/w%3D580/sign=5efb232f5ed5ad6eaaf964e2b1c939a3/0594bf305c6034a8d23fa06a8e1349540b2376aa.jpg
来自Android客户端 92楼 2021-09-13 17:56 江海寄余生I 46.玻利瓦尔 http://tiebapic.baidu.com/forum/w%3D580/sign=48146ddf9ecec3fd8b3ea77de688d4b6/01a7fefbaf51f3de45892977c9eef01f3a297919.jpg
来自Android客户端 93楼 2021-09-13 17:57 无人先生 🐱 
来自Android客户端 94楼 2021-09-13 17:57 江海寄余生I 47.伊丽莎白女王 http://tiebapic.baidu.com/forum/w%3D580/sign=221a7fbd95160924dc25a213e405359b/9592de55564e925845ee9e05d982d158cebf4eb1.jpg
来自Android客户端 96楼 2021-09-13 17:58 江海寄余生I 48.普朗克 http://tiebapic.baidu.com/forum/w%3D580/sign=cecb12661ea98226b8c12b2fba82b97a/646dd201baa1cd115784e233e412c8fcc3ce2d21.jpg
来自Android客户端 97楼 2021-09-13 17:59 江海寄余生I 49.威廉.哈维 http://tiebapic.baidu.com/forum/w%3D580/sign=3ee843ee26899e51788e3a1c72a7d990/4de9cfbe6c81800a12ca191dec3533fa828b472c.jpg
来自Android客户端 99楼 2021-09-13 18:00 江海寄余生I 50.彼得大帝 http://tiebapic.baidu.com/forum/w%3D580/sign=f950212f74adcbef01347e0e9cad2e0e/2e4a40176d224f4a09566bf84cf790529a22d144.jpg
来自Android客户端 100楼 2021-09-13 18:01 Yu中华娃娃 没有太祖和太宗吗 
来自Android客户端 101楼 2021-09-13 18:01 弑君突刺 快进到🐱 
来自Android客户端 102楼 2021-09-13 18:06 你开心就好 可不敢乱评价 
来自Android客户端 103楼 2021-09-13 18:12 贴吧用户_5K82btE 没有我们的光? https://gsp0.baidu.com/5aAHeD3nKhI2p27j8IqW0jdnxx1xbK/tb/editor/images/client/image_emoticon15.png
来自Android客户端 105楼 2021-09-13 18:24 晓之以礼 你会水个锤子，大家想看的是谁你不懂？ https://gsp0.baidu.com/5aAHeD3nKhI2p27j8IqW0jdnxx1xbK/tb/editor/images/client/image_emoticon3.png
来自Android客户端 107楼 2021-09-13 18:35 乄筌笙 快发啊，不发打个🐔毛分 
来自Android客户端 109楼 2021-09-13 18:37 岁月忽晚 墨迹 
来自iPhone客户端 112楼 2021-09-13 18:41 Tosca 杨振宁 
来自Android客户端 113楼 2021-09-13 18:41 江海寄余生I 51.奥古斯丁 http://tiebapic.baidu.com/forum/w%3D580/sign=9f801b2a3663f6241c5d390bb745eb32/2ce0fb188618367ab72befce73738bd4b21ce5b2.jpg
来自Android客户端 114楼 2021-09-13 18:42 江海寄余生I 52.杰斐逊 http://tiebapic.baidu.com/forum/w%3D580/sign=493aa61806b5c9ea62f303ebe538b622/8381ea25b899a90131a9cb2540950a7b0308f5bc.jpg
来自Android客户端 115楼 2021-09-13 18:42 oldpic 达芬奇？ 
来自Android客户端 116楼 2021-09-13 18:43 江海寄余生I 53.贝克雷尔 http://tiebapic.baidu.com/forum/w%3D580/sign=b979334e4f7b02080cc93fe952d8f25f/02e00cb20f2442a70e4ce64e9443ad4bd31302c9.jpg
来自Android客户端 117楼 2021-09-13 18:43 轮回天生香牛人  http://tiebapic.baidu.com/forum/w%3D580/sign=ffd11bf1835c1038247ececa8210931c/966061d8f2d3572c075e8737cf13632760d0c3cb.jpg
来自Android客户端 118楼 2021-09-13 18:43 江海寄余生I 54.孟德尔 http://tiebapic.baidu.com/forum/w%3D580/sign=570768322f8b4710ce2ffdc4f3cfc3b2/0c5e75c7a7efce1b70b058d9f251f3deb58f65b9.jpg
来自Android客户端 119楼 2021-09-13 18:45 江海寄余生I 55.笛卡尔 http://tiebapic.baidu.com/forum/w%3D580/sign=d78d06e35a30e924cfa49c397c096e66/9595a819972bd407e57fc8163e899e510db309d7.jpg
来自Android客户端 120楼 2021-09-13 18:45 江海寄余生I 56.冯.诺依曼 http://tiebapic.baidu.com/forum/w%3D580/sign=490fa9d76cadcbef01347e0e9cae2e0e/2e4a40176d224f4ab909e30054f790529922d140.jpg
来自Android客户端 121楼 2021-09-13 18:46 江海寄余生I 57.利斯特 http://tiebapic.baidu.com/forum/w%3D580/sign=0feb1a731bdf8db1bc2e7c6c3922dddb/8c895042fbf2b211c0989ea58f8065380ed78edd.jpg
来自Android客户端 122楼 2021-09-13 18:47 江海寄余生I 58.伦琴 http://tiebapic.baidu.com/forum/w%3D580/sign=0eb4756e8cea15ce41eee00186013a25/7595bb98a9014c086389334e4f7b020879f4f4d9.jpg
来自Android客户端 123楼 2021-09-13 18:48 上帝仍爱世人- 期待第89名 https://gsp0.baidu.com/5aAHeD3nKhI2p27j8IqW0jdnxx1xbK/tb/editor/images/client/image_emoticon95.png
来自Android客户端 124楼 2021-09-13 18:48 江海寄余生I 59.老子 http://tiebapic.baidu.com/forum/w%3D580/sign=b0815c500210b912bfc1f6f6f3fcfcb5/ea77a4eece1b9d16806a818ab6deb48f8e5464da.jpg
来自Android客户端 125楼 2021-09-13 18:48 江海寄余生I 60.卢梭 http://tiebapic.baidu.com/forum/w%3D580/sign=53ada94fe1c27d1ea5263bcc2bd4adaf/6cae39282df5e0fe1eb792ea196034a85cdf72e4.jpg
来自Android客户端 126楼 2021-09-13 18:49 江海寄余生I 61.开普勒 http://tiebapic.baidu.com/forum/w%3D580/sign=ac8343f90a4a20a4311e3ccfa0539847/2bf440a88226cffcf182a459fc014a90f403eae0.jpg
来自Android客户端 127楼 2021-09-13 18:50 江海寄余生I 62.伏尔泰 http://tiebapic.baidu.com/forum/w%3D580/sign=327017da643fb80e0cd161df06d02ffb/4b7b78ca0a46f21f8d9045b8b3246b600e33aee3.jpg
来自Android客户端 128楼 2021-09-13 18:50 江海寄余生I 63.罗斯福 http://tiebapic.baidu.com/forum/w%3D580/sign=fe15a28fd1eef01f4d1418cdd0ff99e0/897f35d2d539b6007069145cac50352ac45cb7ec.jpg
来自Android客户端 129楼 2021-09-13 18:51 lwddn3 64.这只小蛤蟆 http://tiebapic.baidu.com/forum/w%3D580/sign=b3d9935987b44aed594ebeec831d876a/e1afd11a0ef41bd598af78e70cda81cb38db3d53.jpg
来自Android客户端 130楼 2021-09-13 18:52 贴吧用户_aZbKWyQ 詹姆斯 http://tiebapic.baidu.com/forum/w%3D580/sign=e371e0c0d816fdfad86cc6e6848e8cea/489b2b35349b033b1f2be73150ce36d3d739bde8.jpg
来自Android客户端 133楼 2021-09-13 19:04 靖国王八社 64.凯撒大帝 
来自Android客户端 134楼 2021-09-13 19:07 英特纳雄耐二 板凳 
来自Android客户端 137楼 2021-09-13 19:15 樓下阿花 🐱 
来自Android客户端 141楼 2021-09-13 19:29 说好射外面的 盗墓笔记 
来自Android客户端 142楼 2021-09-13 19:34 巛天雪-葬花彡 赫尔巴特 https://gsp0.baidu.com/5aAHeD3nKhI2p27j8IqW0jdnxx1xbK/tb/editor/images/client/image_emoticon24.png https://gsp0.baidu.com/5aAHeD3nKhI2p27j8IqW0jdnxx1xbK/tb/editor/images/client/image_emoticon24.png http://tiebapic.baidu.com/forum/w%3D580/sign=e0af0d475e4f78f0800b9afb49310a83/4d79a487c9177f3e7c4b6f1e2dcf3bc79e3d56dc.jpg
来自iPhone客户端 143楼 2021-09-13 19:36 火柴人谈固大街 没有设计师嘛，我们现在996还得感恩的大功臣 https://gsp0.baidu.com/5aAHeD3nKhI2p27j8IqW0jdnxx1xbK/tb/editor/images/client/image_emoticon20.png
来自Android客户端 144楼 2021-09-13 19:41 cheems 苏格拉底 http://tiebapic.baidu.com/forum/w%3D580/sign=65fc240592fc1e17fdbf8c397a90f67c/2610ce10728b47109f476edf9ecec3fdfd0323ef.jpg
来自Android客户端 146楼 2021-09-13 19:48 91原子弹 65魔法猫咪 
来自Android客户端 147楼 2021-09-13 19:50 宁秧书生 几乎都是白皮 
来自iPhone客户端 148楼 2021-09-13 19:50 Forest 休伊朗点击展开，查看完整图片 http://tiebapic.baidu.com/forum/w%3D580/sign=9f59722468fae6cd0cb4ab693fb20f9e/2f6f9f83d158ccbf64f3262944d8bc3eb035418c.jpg
来自iPhone客户端 149楼 2021-09-13 19:51 Forest 辛辛纳图斯 http://tiebapic.baidu.com/forum/w%3D580/sign=1e7bddcf09e736d158138c00ab514ffc/6eaebd086b63f624cd15aa10da44ebf81b4ca388.jpg
来自iPhone客户端 150楼 2021-09-13 19:53 Forest 卢蒙巴 http://tiebapic.baidu.com/forum/w%3D580/sign=c645e72786cec3fd8b3ea77de689d4b6/01a7fefbaf51f3decbd8a38fd1eef01f3b297921.jpg
来自iPhone客户端 151楼 2021-09-13 19:54 Forest 切 http://tiebapic.baidu.com/forum/w%3D580/sign=8189d8d8d48fa0ec7fc764051696594a/d74af8ecab64034f9ba9d8edeac379310b551d23.jpg
来自Android客户端 152楼 2021-09-13 19:59 江海寄余生I 64.欧拉 http://tiebapic.baidu.com/forum/w%3D580/sign=47828e1b4230e924cfa49c397c096e66/9595a819972bd407757040ee26899e510eb309a4.jpg
来自Android客户端 153楼 2021-09-13 19:59 江海寄余生I 65.达芬奇 http://tiebapic.baidu.com/forum/w%3D580/sign=4223022c16fbfbeddc59367748f1f78e/acff261e95cad1c8bf0a6f34223e6709c83d51a6.jpg
来自Android客户端 154楼 2021-09-13 20:00 江海寄余生I 66.米开朗琪罗 http://tiebapic.baidu.com/forum/w%3D580/sign=2cbdbef8d2dda144da096cba82b6d009/3c5d0bfb513d2697798412b610fbb2fb4216d83c.jpg
来自Android客户端 155楼 2021-09-13 20:00 我滴龟龟 丁真呢？ 
来自Android客户端 156楼 2021-09-13 20:02 江海寄余生I 67.顾拜旦 http://tiebapic.baidu.com/forum/w%3D580/sign=66635115f2c379317d688621dbc5b784/e38f6408c93d70cf2554391ea5dcd100bba12bad.jpg
来自Android客户端 157楼 2021-09-13 20:02 江海寄余生I 68.尼采 http://tiebapic.baidu.com/forum/w%3D580/sign=847e232892ca7bcb7d7bc7278e086b3f/6ab2708ca9773912456b9f8abd198618377ae23b.jpg
来自Android客户端 158楼 2021-09-13 20:03 自由的大篷车 good里安 http://tiebapic.baidu.com/forum/w%3D580/sign=bc4bf10f4cdfa9ecfd2e561f52d1f754/31fad21273f082021437022c16fbfbedaa641baa.jpg
来自Android客户端 159楼 2021-09-13 20:04 江海寄余生I 69.门捷列夫 http://tiebapic.baidu.com/forum/w%3D580/sign=775e022ea5fe9925cb0c695804a95ee4/a6423986e950352a8b2b3fe31643fbf2b0118bc1.jpg
来自Android客户端 160楼 2021-09-13 20:04 自由的大篷车 朱可夫 http://tiebapic.baidu.com/forum/w%3D580/sign=224c1b40463b5bb5bed720f606d2d523/b4891c31e924b899a37963d32b061d95087bf6c2.jpg
来自Android客户端 161楼 2021-09-13 20:05 坏鱼789 吧友你好，我比较喜欢庄子齐物论，来关注望涯吧吧，我们这边讨论文学作品杂谈，很需要你这样的不可多得人才 
来自Android客户端 162楼 2021-09-13 20:05 自由的大篷车 总统艾克 http://tiebapic.baidu.com/forum/w%3D580/sign=4ec0b61b0e43fbf2c52ca62b807fca1e/6e62542d11dfa9ec028fc5043fd0f703908fc1b7.jpg
来自Android客户端 163楼 2021-09-13 20:05 江海寄余生I 70.奥本海默 http://tiebapic.baidu.com/forum/w%3D580/sign=1e92ddcf09e736d158138c00ab514ffc/6eaebd086b63f624cdfcaa10da44ebf81b4ca3b7.jpg
来自Android客户端 164楼 2021-09-13 20:05 自由的大篷车 曼施坦因 http://tiebapic.baidu.com/forum/w%3D580/sign=fdf5a38fd1eef01f4d1418cdd0ff99e0/897f35d2d539b6007389155cac50352ac45cb7cc.jpg
来自Android客户端 165楼 2021-09-13 20:05 江海寄余生I 71.毕加索 http://tiebapic.baidu.com/forum/w%3D580/sign=23a121b7f9c27d1ea5263bcc2bd4adaf/6cae39282df5e0fe6ebb1a12016034a85fdf72b1.jpg
来自Android客户端 166楼 2021-09-13 20:07 江海寄余生I 72.诺贝尔 http://tiebapic.baidu.com/forum/w%3D580/sign=c4b899db7ff33a879e6d0012f65d1018/8124097a02087bf41b504d02b7d3572c13dfcfcb.jpg
来自Android客户端 167楼 2021-09-13 20:08 江海寄余生I 73.霍金 http://tiebapic.baidu.com/forum/w%3D580/sign=be24262944d8bc3ec60806c2b28aa6c8/4c130ff531adcbefa4aced15f1af2edda2cc9fb8.jpg
来自Android客户端 168楼 2021-09-13 20:09 江海寄余生I 74.荷马 http://tiebapic.baidu.com/forum/w%3D580/sign=2976155cac50352ab16125006342fb1a/9eb978f50ad162d9e15678f754dfa9ec8813cdd7.jpg
来自Android客户端 170楼 2021-09-13 20:09 江海寄余生I 75.摩尔根 http://tiebapic.baidu.com/forum/w%3D580/sign=7a5f93e5f43533faf5b6932698d2fdca/ad1cc8ee76094b36cf280106e6cc7cd98f109dd1.jpg
来自Android客户端 171楼 2021-09-13 20:12 X4N4X 千手扉间 http://tiebapic.baidu.com/forum/w%3D580/sign=00a6fbdc70fae6cd0cb4ab693fb20f9e/2f6f9f83d158ccbffb0cafd15cd8bc3eb33541df.jpg
来自iPhone客户端 173楼 2021-09-13 20:15 魔影迷踪 百大名人就这？没有图书馆管理员没含金量 https://gsp0.baidu.com/5aAHeD3nKhI2p27j8IqW0jdnxx1xbK/tb/editor/images/client/image_emoticon67.png
来自Android客户端 174楼 2021-09-13 20:17 残局AK 鸡 
来自Android客户端 175楼 2021-09-13 20:20 初代目火影 斯大〇呢 
来自Android客户端 176楼 2021-09-13 20:24 碧空尽 搞快点 
来自iPhone客户端 179楼 2021-09-13 20:27 咖喱人吃咖喱 你mbd没有特斯拉？ 
来自Android客户端 180楼 2021-09-13 20:29 月光光--- 等一个伟人 
来自Android客户端 181楼 2021-09-13 20:33 江海寄余生I 76.斯大林 http://tiebapic.baidu.com/forum/w%3D580/sign=92b5e58adf26cffc692abfba89004a7d/4db1b9a0cd11728b62e01f3195fcc3cec2fd2c02.jpg
来自Android客户端 182楼 2021-09-13 20:35 江海寄余生I 77.图灵 http://tiebapic.baidu.com/forum/w%3D580/sign=c77c06cf55fa513d51aa6cd60d6c554c/37d5004e78f0f736f930df125755b319eac4130d.jpg
来自Android客户端 183楼 2021-09-13 20:35 反方向的钟 他 http://tiebapic.baidu.com/forum/w%3D580/sign=b8d6324e4f7b02080cc93fe952dbf25f/02e00cb20f2442a70fe3e74e9443ad4bd313029a.jpg
来自Android客户端 184楼 2021-09-13 20:39 真Zuai 约德尔人 http://tiebapic.baidu.com/forum/w%3D580/sign=4dae032c16fbfbeddc59367748f0f78e/acff261e95cad1c8b0876e34223e6709c93d5113.jpg
来自Android客户端 185楼 2021-09-13 20:41 bbzof 小胡子 https://gsp0.baidu.com/5aAHeD3nKhI2p27j8IqW0jdnxx1xbK/tb/editor/images/bearchildren/bearchildren_01.gif http://tiebapic.baidu.com/forum/w%3D580/sign=f741232f74adcbef01347e0e9cad2e0e/2e4a40176d224f4a074769f84cf790529a22d1b5.jpg
来自iPhone客户端 186楼 2021-09-13 20:42 我觉得能用就行 没有杨振宁？？？？ 
来自Android客户端 187楼 2021-09-13 20:49 傅亮亮与我 害怕 
来自Android客户端 188楼 2021-09-13 20:51 伊蕾娜丶 ？ 
来自iPhone客户端 190楼 2021-09-13 20:59 打得过莱特米 我一个底层烂蛆也配评价他们 https://gsp0.baidu.com/5aAHeD3nKhI2p27j8IqW0jdnxx1xbK/tb/editor/images/client/image_emoticon15.png
来自Android客户端 192楼 2021-09-13 21:00 江海寄余生I 78.培根 http://tiebapic.baidu.com/forum/w%3D580/sign=60ebd025dc25bc312b5d01906ede8de7/a636ea51352ac65c5d266398bef2b21192138a68.jpg
来自Android客户端 193楼 2021-09-13 21:02 江海寄余生I 79.高斯 http://tiebapic.baidu.com/forum/w%3D580/sign=5e00ed8f134e9258a63486e6ac83d1d1/563166390cd79123c0fe919fe8345982b3b78075.jpg
来自Android客户端 194楼 2021-09-13 21:03 江海寄余生I 80.杨振宁 http://tiebapic.baidu.com/forum/w%3D580/sign=d20d5082602dd42a5f0901a3333a5b2f/1b67247e9e2f07082d1f2febac24b899a801f271.jpg
来自Android客户端 196楼 2021-09-13 21:06 江海寄余生I 81.莫顿 http://tiebapic.baidu.com/forum/w%3D580/sign=c4da251573d3d539c13d0fcb0a86e927/35b04f096e061d95074b32d33ef40ad163d9ca7a.jpg
来自Android客户端 197楼 2021-09-13 21:07 剥削俱乐部 我在等一个发不出来的人 https://gsp0.baidu.com/5aAHeD3nKhI2p27j8IqW0jdnxx1xbK/tb/editor/images/client/image_emoticon16.png
来自Android客户端 198楼 2021-09-13 21:07 江海寄余生I 82.希特勒 http://tiebapic.baidu.com/forum/w%3D580/sign=872383c0f551f819f1250342eab54a76/4a39d73e8794a4c2c32fe2c04bf41bd5ac6e397b.jpg
来自Android客户端 200楼 2021-09-13 21:08 江海寄余生I 83.马尔萨斯 http://tiebapic.baidu.com/forum/w%3D580/sign=ded8c0c47f292df597c3ac1d8c305ce2/4988b5013af33a87a36605f1835c10385243b500.jpg
来自Android客户端 202楼 2021-09-13 21:09 江海寄余生I 84.巴赫 http://tiebapic.baidu.com/forum/w%3D580/sign=1f48175d978065387beaa41ba7dda115/ff9661d1f703918f2cb7afd90c3d269758eec4f6.jpg
来自Android客户端 203楼 2021-09-13 21:11 江海寄余生I 85.达.伽马 http://tiebapic.baidu.com/forum/w%3D580/sign=e59825a8fb1ea8d38a22740ca70a30cf/d787afae2edda3ccaabb2a335ce93901203f92fd.jpg
来自iPhone客户端 206楼 2021-09-13 21:17 天穹黎明 萨布林 http://tiebapic.baidu.com/forum/w%3D580/sign=c1539808b81f4134e0370576151e95c1/b26ca0cd7cd98d1066a409da643fb80e7aec901f.jpg http://tiebapic.baidu.com/forum/w%3D580/sign=be85975d8c177f3e1034fc0540ce3bb9/e75d57e636d12f2ed675ab8b0ac2d5628435681f.jpg
来自Android客户端 208楼 2021-09-13 21:19 Cxr颖 他 http://tiebapic.baidu.com/forum/w%3D580/sign=faa1e7113ecb0a4685228b315b62f63e/ef3caa763912b31b4603c8c2c318367adbb4e125.jpg
来自Android客户端 210楼 2021-09-13 21:20 青铜卫士 0 
来自Android客户端 211楼 2021-09-13 21:20 诗剑酒飘零 通通十分 
来自Android客户端 213楼 2021-09-13 21:24 Cxr颖 他 http://tiebapic.baidu.com/forum/w%3D580/sign=5eb64e07e599a9013b355b3e2d940a58/0b9ad70635fae6cd3a0f397252b30f2443a70f98.jpg
来自Android客户端 214楼 2021-09-13 21:25 禅德里安  http://tiebapic.baidu.com/forum/w%3D580/sign=d28ecc40ab246b607b0eb27cdbf91a35/64a88519367adab4266a8950d6d4b31c8601e49a.jpg
来自Android客户端 215楼 2021-09-13 21:27 超魔人SS sxc http://tiebapic.baidu.com/forum/w%3D580/sign=25837eda8a2a60595210e1121835342d/1bb0a28a87d6277feaa3a02b75381f30e824fca7.jpg
来自Android客户端 216楼 2021-09-13 21:28 Chris邹668 汉密尔顿 
来自Android客户端 217楼 2021-09-13 21:29 碧空尽 太慢了 https://gsp0.baidu.com/5aAHeD3nKhI2p27j8IqW0jdnxx1xbK/tb/editor/images/client/image_emoticon6.png
来自Android客户端 218楼 2021-09-13 21:30 Chris邹668 约翰•皮尔庞特•摩根 
来自iPhone客户端 220楼 2021-09-13 21:40 Forest 雷蒙德·罗维可口可乐的含金量 http://tiebapic.baidu.com/forum/w%3D580/sign=014f49ea4f55b3199cf9827d73a88286/558c73ce3bc79f3d5650e1dbffa1cd11708b29de.jpg
来自iPhone客户端 221楼 2021-09-13 21:40 Forest 密斯凡德罗 http://tiebapic.baidu.com/forum/w%3D580/sign=4c5a83c7c201a18bf0eb1247ae2e0761/417552db81cb39db717362bd95160924a91830d8.jpg
来自iPhone客户端 222楼 2021-09-13 21:41 Forest 柯布西耶 http://tiebapic.baidu.com/forum/w%3D580/sign=4434c21b51d79123e0e0947c9d355917/6bb2928ea0ec08fadf8981b404ee3d6d54fbda4f.jpg
来自iPhone客户端 223楼 2021-09-13 21:42 Forest 瓦尔特·格罗皮乌斯 http://tiebapic.baidu.com/forum/w%3D580/sign=d6b18cea196034a829e2b889fb1249d9/a99bc55d10385343b46682cad613b07ec88088e6.jpg
来自iPhone客户端 224楼 2021-09-13 21:45 恐惧之魂 昨天刚去看的三孔 http://tiebapic.baidu.com/forum/w%3D580/sign=d0c620e31643fbf2c52ca62b807fca1e/6e62542d11dfa9ec9c8953fc27d0f703938fc1ec.jpg http://tiebapic.baidu.com/forum/w%3D580/sign=2cada6ca6401213fcf334ed464e636f8/9042d4cb7bcb0a4653a2192a3663f6246a60af50.jpg http://tiebapic.baidu.com/forum/w%3D580/sign=0daeee775423dd542173a760e108b3df/0fa2b37fca806538ca6a3600cadda144ac348250.jpg http://tiebapic.baidu.com/forum/w%3D580/sign=2c80d7ec66c79f3d8fe1e4388aa0cdbc/07e14cc3d562853500604032cdef76c6a6ef6350.jpg http://tiebapic.baidu.com/forum/w%3D580/sign=1493f9e635cf3bc7e800cde4e101babd/258998514fc2d562f6afd506a21190ef74c66cec.jpg http://tiebapic.baidu.com/forum/w%3D580/sign=c0fce0cd4c24ab18e016e13f05fbe69a/41e5554f9258d1092144ac599458ccbf6e814dec.jpg
来自Android客户端 225楼 2021-09-13 21:46 攻其阴睾 你们寄吧谁了，也配评价他们（我也不配） https://gsp0.baidu.com/5aAHeD3nKhI2p27j8IqW0jdnxx1xbK/tb/editor/images/client/image_emoticon3.png
来自Android客户端 226楼 2021-09-13 21:59 煎牛牛 ➖➗圣！ 
来自Android客户端 227楼 2021-09-13 22:04 做题全靠蒙qaq 给孔子打十分给马克思也打十分，你们都是什么混合成分啊 https://gsp0.baidu.com/5aAHeD3nKhI2p27j8IqW0jdnxx1xbK/tb/editor/images/client/image_emoticon13.png
来自Android客户端 228楼 2021-09-13 22:04 凤一其随 86.🐱 
来自iPhone客户端 231楼 2021-09-13 22:11 鲁小班儿  http://tiebapic.baidu.com/forum/w%3D580/sign=c8b4e1d2f6de9c82a665f9875c8380d2/0d9294dca144ad34036e826c95a20cf433ad85be.jpg
来自Android客户端 232楼 2021-09-13 22:13 撕破伤口7 我一个蛆怎么评价这些人啊🤗🤗🤗 
来自手机贴吧 233楼 2021-09-13 22:17 美眉爱上我 大家都在等太阳升起？你搁这里一直黎明呢？ 
来自Android客户端 235楼 2021-09-13 22:29 若若柔的小跟班 1919年8月4日《湘江评论》部分摘抄：我敢说一怪话，他日中华民族的改革，将较任何民族为彻底。中华民族的社会，将较任何民族为光明。中华民族的大联合，将较任何地域任何民族而先告成功。诸君！诸君！我们总要努力！我们总要拼命的向前！我们黄金的世界，光华灿烂的世界，就在前面！源自湖南人民出版社《毛泽东早期文稿》2020年版26岁祈愿时振聋发聩的声音，他真的让整个国家和民族走上了这条路。 http://tiebapic.baidu.com/forum/w%3D580/sign=cfccccc40434970a47731027a5cbd1c0/3f7d7fd88d1001e95e1e10e4fd0e7bec55e79769.jpg
来自Android客户端 236楼 2021-09-13 22:30 茅台客机  http://tiebapic.baidu.com/forum/w%3D580/sign=ce6075770b4e9258a63486e6ac82d1d1/563166390cd79123509e0967f0345982b3b780de.jpg
来自Android客户端 237楼 2021-09-13 22:30 VioIet 我配评价吗我寄吧谁啊 https://gsp0.baidu.com/5aAHeD3nKhI2p27j8IqW0jdnxx1xbK/tb/editor/images/client/image_emoticon15.png
来自Android客户端 238楼 2021-09-13 22:51 山药不太粘 这现在成经验密码了是吧 
来自Android客户端 239楼 2021-09-13 22:55 鸽鸽放P不臭 杜威 http://tiebapic.baidu.com/forum/w%3D580/sign=bfc779302ef082022d9291377bfafb8a/3462fe1e4134970a22c28d3cc8cad1c8a6865da6.jpg
来自Android客户端 240楼 2021-09-13 22:57 錢浩宇 太慢了，火速更新 
来自iPhone客户端 241楼 2021-09-13 23:00 山水总相逢 我只认天降猛男的含金量，cjb的能不能别发了 
来自Android客户端 242楼 2021-09-13 23:01 洛的亨伯特 老子呢? 
来自Android客户端 243楼 2021-09-13 23:05 江海寄余生I 86.比尔.盖茨 http://tiebapic.baidu.com/forum/w%3D580/sign=deb980ee76fa828bd1239debcd1e41cd/575e75084b36acaf4c5a921739d98d1003e99cd1.jpg
来自Android客户端 248楼 2021-09-13 23:13 和平V统一 4976828687吞楼了 
来自Android客户端 249楼 2021-09-13 23:13 橘孤岛 我不配 
来自Android客户端 251楼 2021-09-13 23:17 带带水老鼠 蚌埠住了😂😂😂什么时候来😂 
来自iPhone客户端 252楼 2021-09-13 23:19 提款机穿深V- 噢 
来自Android客户端 253楼 2021-09-13 23:19 千雨萧萧杀机现 英雄史观是吧 https://gsp0.baidu.com/5aAHeD3nKhI2p27j8IqW0jdnxx1xbK/tb/editor/images/client/image_emoticon1.png
来自Android客户端 254楼 2021-09-13 23:21 江海寄余生I 29和87，一位燃起了星火，另一位带来了春风 
来自Android客户端 255楼 2021-09-13 23:21 比你男友优秀 阿道夫.希特勒既然楼主说对全球影响应该少不了他吧 http://tiebapic.baidu.com/forum/w%3D580/sign=bf7a965d8c177f3e1034fc0540cd3bb9/e75d57e636d12f2ed78aaa8b0ac2d56287356884.jpg
来自Android客户端 256楼 2021-09-13 23:22 江海寄余生I 76是大胡子 
来自Android客户端 257楼 2021-09-13 23:22 白胡子 打不了分，没到人家那境界 
来自Android客户端 258楼 2021-09-13 23:22 江海寄余生I 82是小胡子 
来自Android客户端 259楼 2021-09-13 23:22 最R的M 真当抗蛆够寄吧资格给这些人打分比高低？ 
来自Android客户端 260楼 2021-09-13 23:24 江海寄余生I 86是软件巨子 
来自Android客户端 261楼 2021-09-13 23:24 江海寄余生I 88.玛丽.居里 http://tiebapic.baidu.com/forum/w%3D580/sign=acf58017699b033b2c88fcd225cf3620/9bb92b391f30e924c046012211086e061c95f772.jpg
来自Android客户端 263楼 2021-09-13 23:26 百舌鸟 没有腓特烈大帝 https://gsp0.baidu.com/5aAHeD3nKhI2p27j8IqW0jdnxx1xbK/tb/editor/images/client/image_emoticon15.png
来自iPhone客户端 264楼 2021-09-13 23:29 花青画中清 钱学森 http://tiebapic.baidu.com/forum/w%3D580/sign=def080ee76fa828bd1239debcd1d41cd/575e75084b36acaf4c13921739d98d1003e99c98.jpg
来自Android客户端 265楼 2021-09-13 23:30 江海寄余生I 89.毕达哥拉斯 http://tiebapic.baidu.com/forum/w%3D580/sign=0c9be0c836f082022d9291377bf9fb8a/3462fe1e4134970a919e14c4d0cad1c8a5865d9a.jpg
来自iPhone客户端 266楼 2021-09-13 23:30 永远的一代目 几分 https://gsp0.baidu.com/5aAHeD3nKhI2p27j8IqW0jdnxx1xbK/tb/editor/images/client/image_emoticon3.png http://tiebapic.baidu.com/forum/w%3D580/sign=2b220b5cac50352ab16125006341fb1a/9eb978f50ad162d9e30266f754dfa9ec8813cd9b.jpg
来自Android客户端 267楼 2021-09-13 23:31 江海寄余生I 90.甘地 http://tiebapic.baidu.com/forum/w%3D580/sign=ff7c95d40efbfbeddc59367748f2f78e/acff261e95cad1c80255f8cc3a3e6709cb3d51a5.jpg
来自Android客户端 269楼 2021-09-13 23:34 海伦娜单推人 仔细一想，我几把谁啊，评价他们 
来自Android客户端 270楼 2021-09-13 23:36 别叫了顺从你 说句实话你以为你让评价的都是什么人啊凭这些个联合厕所的配评价吗 https://gsp0.baidu.com/5aAHeD3nKhI2p27j8IqW0jdnxx1xbK/tb/editor/images/client/image_emoticon8.png
来自Android客户端 271楼 2021-09-13 23:36 江海寄余生I 91.当代神农 
来自Android客户端 272楼 2021-09-13 23:38 江海寄余生I 92.安徒生 http://tiebapic.baidu.com/forum/w%3D580/sign=affe5cf90a4a20a4311e3ccfa0509847/2bf440a88226cffcf2ffbb59fc014a90f403eab3.jpg
来自Android客户端 273楼 2021-09-13 23:40 江海寄余生I 93.但丁 http://tiebapic.baidu.com/forum/w%3D580/sign=577ae098e84bd11304cdb73a6aada488/1e3aa51fa8d3fd1fdedba6d1754e251f97ca5fb9.jpg
来自Android客户端 274楼 2021-09-13 23:42 江海寄余生I 94.泰戈尔 http://tiebapic.baidu.com/forum/w%3D580/sign=856f9031ee1bb0518f24b320067ada77/0ef4d589d43f879488dad43d8f1b0ef41bd53a2a.jpg
来自Android客户端 277楼 2021-09-13 23:45 江海寄余生I 95.大千宇宙，浩瀚长空，全纳入赤子心胸。惊世两弹，冲霄一星，尽凝铸中华豪情，霜鬓不坠青云志。寿至期颐，回首望去，只付默默一笑中。 http://tiebapic.baidu.com/forum/w%3D580/sign=1c47659c3181800a6ee58906813533d6/c533b1b6d0a20cf4fcb262cc2b094b36acaf9932.jpg
来自Android客户端 278楼 2021-09-13 23:45 我超 不够纯真 http://tiebapic.baidu.com/forum/w%3D580/sign=71d61c2ea5fe9925cb0c695804aa5ee4/a6423986e950352a8da321e31643fbf2b0118b49.jpg
来自Android客户端 279楼 2021-09-13 23:47 电音之王  http://tiebapic.baidu.com/forum/w%3D580/sign=f4c4a1d90c3d26972ed3085565fbb24f/9ffe7bf1f736afc32d19a376ee19ebc4b745123a.jpg
来自Android客户端 280楼 2021-09-13 23:48 4-X ***，大伙都想看谁不知道？速速进入正题 https://gsp0.baidu.com/5aAHeD3nKhI2p27j8IqW0jdnxx1xbK/tb/editor/images/client/image_emoticon95.png https://gsp0.baidu.com/5aAHeD3nKhI2p27j8IqW0jdnxx1xbK/tb/editor/images/client/image_emoticon95.png https://gsp0.baidu.com/5aAHeD3nKhI2p27j8IqW0jdnxx1xbK/tb/editor/images/client/image_emoticon95.png https://gsp0.baidu.com/5aAHeD3nKhI2p27j8IqW0jdnxx1xbK/tb/editor/images/client/image_emoticon95.png
来自Android客户端 281楼 2021-09-13 23:48 江海寄余生I 96.南丁格尔 http://tiebapic.baidu.com/forum/w%3D580/sign=8c7ea0008054564ee565e43183de9cde/2ccfc98165380cd754093efefc44ad34588281c5.jpg
来自Android客户端 282楼 2021-09-13 23:53 育碧普鲁士 没有腓特烈大帝？ http://tiebapic.baidu.com/forum/w%3D580/sign=850881c0f551f819f1250342eab54a76/4a39d73e8794a4c2c104e0c04bf41bd5ac6e396c.jpg
来自Android客户端 284楼 2021-09-13 23:54 至高立 没有叶卡捷琳娜？ 
来自Android客户端 285楼 2021-09-13 23:55 江海寄余生I 97.梵高 http://tiebapic.baidu.com/forum/w%3D580/sign=0e1e784bb303738dde4a0c2a831ab073/544dc0cfc3fdfc03255ae453913f8794a5c22669.jpg
来自Android客户端 287楼 2021-09-13 23:56 江海寄余生I 98.卓别林 http://tiebapic.baidu.com/forum/w%3D580/sign=27671512016034a829e2b889fb1349d9/a99bc55d1038534345b01b32ce13b07ecb8088dd.jpg
来自手机贴吧 288楼 2021-09-13 23:56 一抔雪中土 你配评价？ 
来自Android客户端 289楼 2021-09-13 23:58 Apxx 速速更新 
来自Android客户端 290楼 2021-09-13 23:59 Apxx 没有xz哥哥，我不是很认可 https://gsp0.baidu.com/5aAHeD3nKhI2p27j8IqW0jdnxx1xbK/tb/editor/images/client/image_emoticon3.png
来自Android客户端 291楼 2021-09-14 00:00 逆时营救 98波恩哈德黎曼 http://tiebapic.baidu.com/forum/w%3D580/sign=cb7aa635b51f3a295ac8d5c6a924bce3/aa62d638b6003af37da9db8b702ac65c1138b678.jpg
来自Android客户端 292楼 2021-09-14 00:02 江海寄余生I 99.特斯拉 http://tiebapic.baidu.com/forum/w%3D580/sign=e9adea3530224f4a5799731b39f79044/7775b44443a9822694aab734d782b9014b90ebe9.jpg
来自Android客户端 293楼 2021-09-14 00:03 1夜路1 100人也太少了，而且这个评选侧重是科学/发明>政治>文学/艺术 
来自Android客户端 294楼 2021-09-14 00:03 江海寄余生I 100.爱德华.詹纳 http://tiebapic.baidu.com/forum/w%3D580/sign=14451a38ed51f819f1250342eab44a76/4a39d73e8794a4c250497b3853f41bd5ac6e39e9.jpg
来自Android客户端 295楼 2021-09-14 00:03 咕咕虫 没有图书馆管理员我不是很能接受 
来自Android客户端 296楼 2021-09-14 00:04 青椒肉丝 杜尚 http://tiebapic.baidu.com/forum/w%3D580/sign=915ac4ff2e600c33f079dec02a4d5134/1aa9357bdab44aedd44ab90ff61c8701a08bfb0c.jpg
来自Android客户端 297楼 2021-09-14 00:05 咩咩酱 闇炎之主 http://tiebapic.baidu.com/forum/w%3D580/sign=8e04a98b0ac2d562f208d0e5d71090f3/90828445ebf81a4c6633eb22922a6059242da60e.jpg
来自Android客户端 298楼 2021-09-14 00:07 埋没 我强烈反对一些宗教人物和发明家殖民者恐怖份子上这个排行榜，还有牛顿根本不配第一（当然牛顿是配上榜的），排在前列的应当是政治人物在前，因为他们是直接影响世界现实的人，思想大家在次，他们所做的事业是推动人类文明进步的根源，伟大的基础科学突破者再次（牛顿这块），解放生产力非常重要。然后其余那些殖民者强盗恐怖分子土匪通通滚蛋，这些人不配代表人类，说的就是哥伦布这类小丑。爱迪生更是纯➗生，亏我们国内的阳奴还替他编故事 
来自Android客户端 299楼 2021-09-14 00:08 埋没 还有一些艺术家，算什么东西？画个画的人你凭什么上榜？梵高贝多芬毕加索，有可能他们专业水平很高，但这里不是他们的专业舞台 
来自Android客户端 300楼 2021-09-14 00:09 NDst鎄伤 没有周文王，这个榜单我不是很认可 
来自Android客户端 301楼 2021-09-14 00:15 斯堪的纳维亚 千手纲手 
来自手机贴吧 303楼 2021-09-14 00:18 非法打工73 虽然文学推动世界没那么厉害，但这里面文学家没几个上的就离谱 
来自Android客户端 304楼 2021-09-14 00:21 阿芙乐尔 没有北大图书馆员？他的一分顶别人的一百分 
来自Android客户端 305楼 2021-09-14 00:23 thehun 没有欧拉🐴 
来自Android客户端 306楼 2021-09-14 00:24 thehun 欧拉 
来自Android客户端 307楼 2021-09-14 00:24 thehun 欧拉 http://tiebapic.baidu.com/forum/w%3D580/sign=bb4842147ec79f3d8fe1e4388aa0cdbc/07e14cc3d562853597a8d5cad5ef76c6a5ef63c7.jpg
来自Android客户端 308楼 2021-09-14 00:28 酒和茶是最爱 宗教和政治人物都不应该上榜。只留下科学家，不同国家的人都有很强的主观性。只有科学足够理性 
来自Android客户端 310楼 2021-09-14 00:30 TL丨犬八 杂交水稻之父 http://tiebapic.baidu.com/forum/w%3D580/sign=01887920beedab6474724dc8c737af81/b9ae96cbd1c8a7866c904de52209c93d72cf50d1.jpg
来自Android客户端 311楼 2021-09-14 00:31 规划局迪 你寄吧谁啊，搁这弄评分，你配吗 
来自Android客户端 312楼 2021-09-14 00:31 God彡V 数学那么多人都没有吗？泰勒，高斯，莱布尼茨一个都没有 https://gsp0.baidu.com/5aAHeD3nKhI2p27j8IqW0jdnxx1xbK/tb/editor/images/client/image_emoticon15.png
来自Android客户端 314楼 2021-09-14 00:37 花舞飞樱l 😄 
来自Android客户端 316楼 2021-09-14 00:39 莫非你是猪丶 没有女娲？ 
来自iPhone客户端 317楼 2021-09-14 00:52 宿在我心间 孔子 
来自Android客户端 318楼 2021-09-14 00:53 云石白画 我寄吧谁啊，我也配 https://gsp0.baidu.com/5aAHeD3nKhI2p27j8IqW0jdnxx1xbK/tb/editor/images/client/image_emoticon3.png
来自iPhone客户端 319楼 2021-09-14 01:01 眼镜木独猪 克劳德香农 http://tiebapic.baidu.com/forum/w%3D580/sign=910549ddc425bc312b5d01906ede8de7/a636ea51352ac65cacc8fa60a6f2b21192138a03.jpg
来自Android客户端 321楼 2021-09-14 01:03 偷晴吗宝 34.毒阴逼 https://gsp0.baidu.com/5aAHeD3nKhI2p27j8IqW0jdnxx1xbK/tb/editor/images/client/image_emoticon24.png https://gsp0.baidu.com/5aAHeD3nKhI2p27j8IqW0jdnxx1xbK/tb/editor/images/client/image_emoticon3.png http://tiebapic.baidu.com/forum/w%3D580/sign=34a13dcdad1f3a295ac8d5c6a924bce3/aa62d638b6003af382724073682ac65c1138b608.jpg
来自Android客户端 325楼 2021-09-14 01:23 人  http://tiebapic.baidu.com/forum/w%3D580/sign=077da610da44ebf86d716437e9f9d736/460549ec2e738bd4df012d22fc8b87d6277ff930.jpg
来自Android客户端 328楼 2021-09-14 02:15 白给之星 没有迅哥？ 
来自Android客户端 330楼 2021-09-14 02:56 觉望妹控 。 
来自Android客户端 332楼 2021-09-14 03:25 不睡觉是吧 恕我直言，我不配评价他们 https://gsp0.baidu.com/5aAHeD3nKhI2p27j8IqW0jdnxx1xbK/tb/editor/images/client/image_emoticon10.png
来自Android客户端 334楼 2021-09-14 03:48 逆天改命  https://gsp0.baidu.com/5aAHeD3nKhI2p27j8IqW0jdnxx1xbK/tb/editor/images/client/image_emoticon13.png
来自iPhone客户端 335楼 2021-09-14 06:15 喵喵队摸大鱼 评价别人，你勾八谁啊让我评价。评价这些，我勾八谁啊我够资格评价？ 
来自Android客户端 336楼 2021-09-14 06:37 胖手7 真勾八牛逼啊贴吧，都寄吧谁啊评价别人😋😋 
来自Android客户端 338楼 2021-09-14 06:57 箱子老师 叔叔 https://gsp0.baidu.com/5aAHeD3nKhI2p27j8IqW0jdnxx1xbK/tb/editor/images/client/image_emoticon24.png http://tiebapic.baidu.com/forum/w%3D580/sign=cbcf9dac7c12b31bc76ccd21b6193674/60b29144d688d43f3fd69019381ed21b0ff43b14.jpg
来自Android客户端 339楼 2021-09-14 07:19 一曲长葛 啥都能打分是吧？ 
来自Android客户端 340楼 2021-09-14 07:46 锦夜繁花 商鞅 http://tiebapic.baidu.com/forum/w%3D580/sign=50727fede9af2eddd4f149e1bd110102/bc15452209f79052be5946d549f3d7ca79cbd5cd.jpg
来自Android客户端 342楼 2021-09-14 08:39 一曲长葛 牛顿在哪都是真神 
来自Android客户端 343楼 2021-09-14 08:40 一曲长葛 穆罕穆德和释迦摩尼都挺牛的 
来自Android客户端 344楼 2021-09-14 08:41 一曲长葛 孔子真神 
来自Android客户端 345楼 2021-09-14 08:41 一曲长葛 马克思神中神 
来自Android客户端 347楼 2021-09-14 08:43 一曲长葛 造纸术和活字印刷都牛逼的厉害 
来自Android客户端 348楼 2021-09-14 08:44 一曲长葛 哥伦布海盗罢了 
349楼 2021-09-14 09:00 逐月之萤- 。 
来自Android客户端 350楼 2021-09-14 09:24 泛舟中游 没有老子？ 
来自Android客户端 351楼 2021-09-14 09:53 一曲长葛 华盛顿cjb一个 
来自Android客户端 352楼 2021-09-14 09:54 一曲长葛 法拉第****，为数不多的数学不好的物理学家 
来自Android客户端 353楼 2021-09-14 09:56 一曲长葛 电磁之王，麦克斯韦 
来自Android客户端 354楼 2021-09-14 10:01 一曲长葛 扼住命运的咽喉 
来自Android客户端 355楼 2021-09-14 10:21 一曲长葛 。。 
来自Android客户端 356楼 2021-09-14 10:24 寄余温 101.障碍于 https://gsp0.baidu.com/5aAHeD3nKhI2p27j8IqW0jdnxx1xbK/tb/editor/images/client/image_emoticon24.png http://tiebapic.baidu.com/forum/w%3D580/sign=3e52e2e18862853592e0d229a0ef76f2/1bf5e8f91a4c510f7cfb7a093d59252dd42aa51d.jpg
来自Android客户端 357楼 2021-09-14 10:38 Stan 嘉然😋 http://tiebapic.baidu.com/forum/w%3D580/sign=c13dce043fd0f703e6b295d438fa5148/c61ea70e4bfbfbede04aae6c25f0f736aec31fc0.jpg
来自Android客户端 359楼 2021-09-14 10:40 不要波霸  http://tiebapic.baidu.com/forum/w%3D580/sign=af4679199062853592e0d229a0ee76f2/1bf5e8f91a4c510fedefe1f12559252dd52aa560.jpg
来自Android客户端 360楼 2021-09-14 10:42 想入妃妃 整天评价，评价****逼 
来自Android客户端 361楼 2021-09-14 10:45 Zorro 都勾八说名人了我寄吧评价有屁用 
来自Android客户端 362楼 2021-09-14 10:46 阴暗的想法 速更 https://gsp0.baidu.com/5aAHeD3nKhI2p27j8IqW0jdnxx1xbK/tb/editor/images/client/image_emoticon6.png
来自iPhone客户端 363楼 2021-09-14 10:46 燃驿  https://gsp0.baidu.com/5aAHeD3nKhI2p27j8IqW0jdnxx1xbK/tb/editor/images/client/image_emoticon3.png
来自Android客户端 365楼 2021-09-14 10:50 西伯利亚 ， 
来自Android客户端 366楼 2021-09-14 10:57 比你男友优秀 大胡子 http://tiebapic.baidu.com/forum/w%3D580/sign=4a089b90941373f0f53f6f97940e4b8b/3aafabd2fd1f41340c410695601f95cad0c85e1d.jpg
来自Android客户端 367楼 2021-09-14 10:59 从负到零 孔子的思想可以说刻在了每个中国人心里，可以说要是没有他中国就散的跟像现在的欧洲一样。正所谓不是看你朝代强盛能强多少，而是看你衰弱的时候能保留多少 
来自Android客户端 368楼 2021-09-14 10:59 居伊罗朗 这你也配评价？🐭🐭有点拎不清自己几斤几两了 
来自Android客户端 369楼 2021-09-14 11:00 入山海 -1.腚针 https://gsp0.baidu.com/5aAHeD3nKhI2p27j8IqW0jdnxx1xbK/tb/editor/images/client/image_emoticon95.png
来自Android客户端 371楼 2021-09-14 11:10 Hickey 界马超 
来自Android客户端 372楼 2021-09-14 11:15 我要长蘑菇 这不来个托尔金（魔戒作者），没他咱们现在可能都玩的不是联盟了，以前玩不了魔兽，就没现代西方魔幻这一说了 http://tiebapic.baidu.com/forum/w%3D580/sign=4104a1d76cadcbef01347e0e9cae2e0e/2e4a40176d224f4ab102eb0054f790529922d1b9.jpg
来自Android客户端 373楼 2021-09-14 11:16 嘟嘟噜 评价尼玛，栽种 https://gsp0.baidu.com/5aAHeD3nKhI2p27j8IqW0jdnxx1xbK/tb/editor/images/client/image_emoticon6.png
来自Android客户端 374楼 2021-09-14 11:17 好耶 ＋3告辞 
来自Android客户端 375楼 2021-09-14 11:20 贴吧用户_578V9Ue 袁隆平 http://tiebapic.baidu.com/forum/w%3D580/sign=e86f67e6639759ee4a5060c382fa434e/e441f437afc37931eac085c2aec4b74541a911e7.jpg
来自Android客户端 376楼 2021-09-14 11:25 sky丿黑炎 蓝色💊 
来自Android客户端 377楼 2021-09-14 11:32 下海干活 他 
来自iPhone客户端 379楼 2021-09-14 11:54 张艾宇的无了 萨尔瓦多阿连德 http://tiebapic.baidu.com/forum/w%3D580/sign=d99a6320f7fb43161a1f7a7210a64642/96e4b018ebc4b745a75eb4fd8afc1e1788821541.jpg
来自Android客户端 381楼 2021-09-14 12:09 啦啦啦5895464 这些中外名人真的是咱们可以打分的吗😅 
来自Android客户端 382楼 2021-09-14 12:10 贴吧用户_5Cb9DCN 😰 https://gsp0.baidu.com/5aAHeD3nKhI2p27j8IqW0jdnxx1xbK/tb/editor/images/client/image_emoticon3.png https://gsp0.baidu.com/5aAHeD3nKhI2p27j8IqW0jdnxx1xbK/tb/editor/images/client/image_emoticon24.png
来自Android客户端 383楼 2021-09-14 12:38 阿杰imba- 王者荣耀第一人梦泪梦老师 http://tiebapic.baidu.com/forum/w%3D580/sign=11b8b113b424b899de3c79305e071d59/37a9942ad40735fadf4dd5aac3510fb30e240892.jpg
来自Android客户端 384楼 2021-09-14 12:51 平角裤巨蟹 他俩 
来自iPhone客户端 386楼 2021-09-14 13:21 萨克麦迪克 没有丁真吗 
来自Android客户端 388楼 2021-09-14 13:24 殴打低等农批 有梦泪吗？ 
来自Android客户端 391楼 2021-09-14 13:40 风铃 没有杨坚？ 
来自iPhone客户端 392楼 2021-09-14 13:53 肯打鸡骑士 抗吧🐭🐭蛆配评价 https://gsp0.baidu.com/5aAHeD3nKhI2p27j8IqW0jdnxx1xbK/tb/editor/images/client/image_emoticon15.png
来自Android客户端 393楼 2021-09-14 14:24 杨枝甘露一杯 啥b 
来自Android客户端 394楼 2021-09-14 14:38 高尚 无托尔斯泰？ https://gsp0.baidu.com/5aAHeD3nKhI2p27j8IqW0jdnxx1xbK/tb/editor/images/client/image_emoticon8.png
来自Android客户端 395楼 2021-09-14 14:48 河南蚌得住 奥本海默 http://tiebapic.baidu.com/forum/w%3D580/sign=b802cfd8d48fa0ec7fc764051695594a/d74af8ecab64034fa222cfedeac3793108551da4.jpg
来自Android客户端 397楼 2021-09-14 15:17 摇曳水滴 +3 
来自Android客户端 398楼 2021-09-14 15:18 像天堂的悬崖 一群厕所苴，打***比的分，一群脑残 
来自Android客户端 399楼 2021-09-14 15:19 像天堂的悬崖 人家需要你们厕所臭狗的打分嘛 
来自Android客户端 400楼 2021-09-14 15:23 安徽农业大学-  http://tiebapic.baidu.com/forum/w%3D580/sign=b70e6059f7b7d0a27bc90495fbee760d/c55f3e6c55fbb2fb592c54f90a4a20a44723dc0c.jpg
来自Android客户端 401楼 2021-09-14 15:24 vashk 全是外国人？ 
来自iPhone客户端 402楼 2021-09-14 15:26 绝无回旋余地 天策上将 http://tiebapic.baidu.com/forum/w%3D580/sign=2a9f4c20cf45d688a302b2ac94c27dab/6f6fb78e8c5494ee197d8a0a70f5e0fe98257efd.jpg
来自Android客户端 403楼 2021-09-14 15:33 丁剑三 电鳗 http://tiebapic.baidu.com/forum/w%3D580/sign=c4809037cf13632715edc23ba18ea056/ef4181035aafa40f9ea4c236ee64034f79f01929.jpg
来自Android客户端 404楼 2021-09-14 15:39 贴吧用户_6S5DG6QR7 黑猫白猫 
来自iPhone客户端 405楼 2021-09-14 15:55 钢铁红流 101.斯拉沃热·齐泽克 http://tiebapic.baidu.com/forum/w%3D580/sign=767489f8ebfd5266a72b3c1c9b199799/57a24a550923dd54a1f1227b8c09b3de9d824852.jpg
来自Android客户端 408楼 2021-09-14 16:14 司马信宽 不要动不动就后世儒学拉胯。后世儒学其实也是两条线索，孔—荀—董一条，孔—孟—朱—王一条。无脑后儒0的是什么成分？稍微了解点也该把这些人弄上去吧 
来自Android客户端 409楼 2021-09-14 16:30 剑雨舞秋风  https://gsp0.baidu.com/5aAHeD3nKhI2p27j8IqW0jdnxx1xbK/tb/editor/images/client/image_emoticon24.png https://gsp0.baidu.com/5aAHeD3nKhI2p27j8IqW0jdnxx1xbK/tb/editor/images/client/image_emoticon24.png https://gsp0.baidu.com/5aAHeD3nKhI2p27j8IqW0jdnxx1xbK/tb/editor/images/client/image_emoticon24.png
来自Android客户端 413楼 2021-09-14 17:28 苙椛鯮荗 神君家康公 
