7534711219 【图片】上了大专想复读，想听听大家的意见【抗压背锅吧】_百度贴吧
来自iPhone客户端 1楼 2021-09-11 12:57 a迷恋 我是2020年体考生12月考的，我专项不太好，400米只跑了56秒30分都没有，跳远稳定满分，实心球11米多米也基本满分，一百米手记11.9。就专项很差，导致没过线，五月多的时候也想着复读，但广西12月份就体考了，时间上我怕不够，提升不到过线的成绩，犹豫了没敢复读，后面单招，发现可以报个算不错的铁道大专，据说待遇以后很好也算铁饭碗，结果我报的这个学校的专业差了几分结果也没录上，本来我的分数可以报这个学校的其他不少个专业的，因为是顺序志愿，第一专业没录上就滑档了，现在在一个很垃圾的大专，感觉好后悔，一开学全是纹身的，各种脏话，学的专业也不知道是什么东西，感觉在这一点希望都没有，好想回去复读可又来不及，现在9月份，12月初就体考了，唉我该怎么办我想参加明年12月份的体考，你们觉得可以吗，现在18岁多了出来会不会年纪大，再让我练一年我感觉很有希望过体考，刚好现在这届高二是最后一批文理分科，再晚一年就是新高考😔感觉自己不复读会后悔一辈子，但又不敢，希望大家能提提意见😔我知道吧里歧视大专，我也知道自己是废物，想听听大伙的意见想骂也可以骂😞 
来自iPhone客户端 2楼 2021-09-11 13:14 a迷恋 求回复 
来自Android客户端 3楼 2021-09-11 13:24 摁倒就上丶 一年时间而已，最差也不过考个大专加个油试试 
来自Android客户端 4楼 2021-09-11 13:25 西瓜丶草 反正大专就三年，你复读一年大专毕业也是22岁 https://gsp0.baidu.com/5aAHeD3nKhI2p27j8IqW0jdnxx1xbK/tb/editor/images/client/image_emoticon3.png
来自Android客户端 5楼 2021-09-11 13:26 西瓜丶草 年龄不是问题，想就去做吧 
来自Android客户端 6楼 2021-09-11 13:27 云幕37 赶紧去复读 
来自Android客户端 8楼 2021-09-11 13:52 zhong 怕个鸡儿，我20才上的带学 
来自Android客户端 9楼 2021-09-11 13:53 桃zi- 讲道理歧视大专问题不在大专，在去大专的大部分都是高中不上进摆烂的，去大专继续摆烂，大专里也不是没有好的但是大部分都是摆烂，我的建议是复读 
来自iPhone客户端 10楼 2021-09-11 14:32 我妖姬会r闪 哎我当时也想复读了。但是家里没同意。现在在努力升本-- 
来自iPhone客户端 11楼 2021-09-11 14:34 玄关- 你给我好好复读别寄吧到时候拉低抗吧学历 https://gsp0.baidu.com/5aAHeD3nKhI2p27j8IqW0jdnxx1xbK/tb/editor/images/client/image_emoticon6.png
来自Android客户端 12楼 2021-09-11 14:35 楊丿丿 在拼一年一百搞到11.6 
来自Android客户端 13楼 2021-09-11 14:37 贴吧用户_5NRe7QU 大专认可度不太行，复读吧 
来自Android客户端 14楼 2021-09-11 14:40 也等等 有这个心就要去行动，大专也有不错的，但是根据你的描述，你上肯定不是，你能保证清者自清吗？ 
来自iPhone客户端 15楼 2021-09-11 14:44 Sher1ockLu 问题不大的，本科真的很好上，你现在可以说是过来人了，注意改掉之前不好的习惯，一年很快就过去了 
来自手机贴吧 16楼 2021-09-11 14:46 wl丶淡漠 复读呗有一些本科院校也有专科专业上专科也尽量选这种学校氛围稍微好点不会太乱而且专升本也比较容易 
来自Android客户端 17楼 2021-09-11 14:50 莫非你是猪丶 看你自己咯，有一点就是歧视大专的人，自己学历也不一定高，想贬低大专来区分自己跟大专区别，跟有钱人从来不会看不起穷人是一样的，真正看不起穷人的也是穷人，想跟穷人划开阶级。 https://gsp0.baidu.com/5aAHeD3nKhI2p27j8IqW0jdnxx1xbK/tb/editor/images/client/image_emoticon16.png
来自Android客户端 19楼 2021-09-11 15:08 动物园 年龄不大建议复读，多练练 
来自iPhone客户端 20楼 2021-09-11 17:35 a迷恋 好难，原来我也一直想专升本，感觉环境太差了，加上我感觉这课程非常难，完全看不懂，我怕我会中途放弃，这种自动化真一点看不懂 http://tiebapic.baidu.com/forum/w%3D580/sign=1279c2c836f082022d9291377bfafb8a/3462fe1e4134970a8f7c36c4d0cad1c8a6865d04.jpg
来自iPhone客户端 22楼 2021-09-11 17:38 a迷恋 有复读成功的老哥吗 https://gsp0.baidu.com/5aAHeD3nKhI2p27j8IqW0jdnxx1xbK/tb/editor/images/client/image_emoticon9.png
来自iPhone客户端 23楼 2021-09-11 17:42 a迷恋 中午那会也问了教练同学，都支持我该复读，我现在准备先在这个学校自己练一个学期，蹲杠铃核心力量什么的就去健身房，可行吗你们觉得，下学期再去找学校好怕没学校收点击展开，查看完整图片点击展开，查看完整图片 https://gsp0.baidu.com/5aAHeD3nKhI2p27j8IqW0jdnxx1xbK/tb/editor/images/client/image_emoticon9.png http://tiebapic.baidu.com/forum/w%3D580/sign=7a65f1cf09e736d158138c00ab514ffc/6eaebd086b63f624a90b8610da44ebf81b4ca386.jpg http://tiebapic.baidu.com/forum/w%3D580/sign=29b66d32cdef76c6d0d2fb23ad17fdf6/4548d42b6059252d1841a217699b033b5ab5b986.jpg
来自Android客户端 25楼 2021-09-11 20:31 HtiLr 高三一年努力学下就能考个二本吧，体育不行就别搞了 
来自Android客户端 26楼 2021-09-12 14:08 本 还是复读吧考带专也去个环境好点的，和这些人真的没法走一块 https://gsp0.baidu.com/5aAHeD3nKhI2p27j8IqW0jdnxx1xbK/tb/editor/images/client/image_emoticon66.png
来自iPhone客户端 27楼 2021-09-12 17:17 a迷恋  http://tiebapic.baidu.com/forum/w%3D580/sign=adf4eb3d8f1b0ef46ce89856edc451a1/b144e3ff9925bc315556a28b03df8db1ca1370c8.jpg
来自Android客户端 28楼 2021-09-13 11:11 滋味丶cream 复读吧，一年时间真不久，你每天训练读书一下子就过去了。 
来自Android客户端 29楼 2021-09-14 16:43 舒服哥很舒服 复读吧，我13年复读的，摆烂了一年，一本线差一点。第一次二本线差一点，总归是结果比以前好点儿 
