7538016580 如何评价我同学的卡密尔出装【抗压背锅吧】_百度贴吧
来自Android客户端 1楼 2021-09-14 09:17 teddy 他是从S1内测时期玩到现在的十年几千场的老玩家点击展开，查看完整图片 http://tiebapic.baidu.com/forum/w%3D580/sign=e4f9a9599458ccbf1bbcb53229d9bcd4/3df5ae355982b2b78785392f74adcbef77099b71.jpg
来自iPhone客户端 2楼 2021-09-14 09:18 一库酱老公 我的评价是10年没上过一次白银 
来自iPhone客户端 3楼 2021-09-14 09:19 聪明的墨菲特 大乱斗青钢影不是天花板级别的英雄吗 
4楼 2021-09-14 09:20 贴吧用户_Qb81QNt 晚期了 
来自iPhone客户端 5楼 2021-09-14 09:20 无内鬼 你这个同学是doinb吧😅 
来自Android客户端 6楼 2021-09-14 10:04 花上的亡灵 出那么多血量还出巨人杀手，什么猪鼻啊 
来自Android客户端 7楼 2021-09-14 10:29 销老 有点逆天 
来自Android客户端 8楼 2021-09-14 10:31 Ramune 不玩青钢影都能感觉到不对劲的出装 
来自Android客户端 9楼 2021-09-14 10:39 贴吧用户_0eVU6ba 补刀42？辅助青钢影？那我的评价是病房暴乱，谁也别说谁 https://gsp0.baidu.com/5aAHeD3nKhI2p27j8IqW0jdnxx1xbK/tb/editor/images/client/image_emoticon15.png
来自iPhone客户端 10楼 2021-09-14 10:51 什么叫我竟然 白银2从s3有段位开始重来没上过白金 https://gsp0.baidu.com/5aAHeD3nKhI2p27j8IqW0jdnxx1xbK/tb/editor/images/client/image_emoticon24.png
来自Android客户端 11楼 2021-09-14 11:49 长萌萌 猪b吧巨杀 
来自Android客户端 12楼 2021-09-14 12:05 斯巴拉西 我的评价是黄铜发明家 
来自Android客户端 13楼 2021-09-14 12:17 漂在二次元的爱 顶级理解 
来自Android客户端 14楼 2021-09-14 12:40 我就呵呵了637 乱出准备这才是真正玩游戏的人 https://gsp0.baidu.com/5aAHeD3nKhI2p27j8IqW0jdnxx1xbK/tb/editor/images/client/image_emoticon66.png
来自Android客户端 16楼 2021-09-14 12:50 快乐就完事辣 出装感觉不如ylg 
来自Android客户端 17楼 2021-09-14 12:53 teddy 兄弟们破案了如何评价点击展开，查看完整图片 http://tiebapic.baidu.com/forum/w%3D580/sign=54ba3908890735fa91f04eb1ae500f9f/4db8b0df9c82d158331dc2a2dd0a19d8bd3e42bd.jpg
来自Android客户端 18楼 2021-09-14 12:56 小死灵 一眼癌不过你们没前排他去当前排也没啥问题吧 
来自Android客户端 19楼 2021-09-14 12:58 冲田武藏 出破甲是什么理解啊？你非要出破甲也是出黑切啊。 
来自Android客户端 20楼 2021-09-14 13:03 A10ne 逆天 
来自Android客户端 21楼 2021-09-14 13:06 诗剑酒飘零 😰 
来自Android客户端 22楼 2021-09-14 13:10 超魔导龙骑士- 青钢影要个勾八破甲啊，大乱斗分离者一个Q打坦1000真伤，什么破甲有这好使？ 
23楼 2021-09-14 13:19 淮海路小佩奇 除了破甲其它问题不大这英雄大乱斗挺招人恨的，出肉挨打没啥问题 
来自Android客户端 24楼 2021-09-14 13:37 老鼠爱砍刀 太离谱了，好歹整个耀光装备啊 
来自Android客户端 25楼 2021-09-14 13:53 琉璃绅士 我的评价是你朋友真寄吧倒霉 
来自iPhone客户端 26楼 2021-09-14 13:59 -Verse- 这个破甲刀属实是天才，q自带真伤，他出一身血量装也吃不到15增伤被动 
来自Android客户端 28楼 2021-09-14 14:06 神足优- 穿甲流给你玩明白了 
来自Android客户端 29楼 2021-09-14 14:07 迪妮莎 我不玩这英雄的都知道神分血手死亡之舞，有巨蛇就换掉血手，你这朋友妥妥的没脑子 
来自iPhone客户端 30楼 2021-09-14 14:07 duangyx 这么多生命，出塞瑞尔达我都认了，整个多米尼克 
来自Android客户端 31楼 2021-09-14 14:08 涛涛没没大 靠一段q打伤害是吧 
来自Android客户端 33楼 2021-09-14 14:29 白流樱  http://tiebapic.baidu.com/forum/w%3D580/sign=1f956274e10f4bfb8cd09e5c334e788f/0bbb334f251f95ca4c5f9f5d8c177f3e650952e1.jpg
来自iPhone客户端 34楼 2021-09-14 14:34 小不算 纯纯猪鼻啥卵低能了，应该是与癌症抗争十年最终被反噬了 https://gsp0.baidu.com/5aAHeD3nKhI2p27j8IqW0jdnxx1xbK/tb/editor/images/client/image_emoticon22.png
来自Android客户端 35楼 2021-09-14 14:35 三过嘉门 别的我可以理解，巨杀看得我一愣一愣的 
来自Android客户端 36楼 2021-09-14 14:39 羽·德古拉 s1有个几把卡米尔 
来自Android客户端 37楼 2021-09-14 14:40 KKif2r 大乱斗有增伤我都出三项的，一脚一管 
来自Android客户端 38楼 2021-09-14 14:41 冰利普贝当 说实话有点低能 
来自iPhone客户端 39楼 2021-09-14 14:46 鸠书 我的评价是生怕出个应该出的😅 
来自iPhone客户端 40楼 2021-09-14 14:49 uglyc 玩的多不代表脑子好 
来自iPhone客户端 41楼 2021-09-14 14:49 Amiers 纯纯逆天，玩了十年一个游戏还没玩明白 
来自Android客户端 42楼 2021-09-14 14:52 小邋遢真邋遢 不出耀光？ 
来自Android客户端 43楼 2021-09-14 14:57 i闪电22 大乱斗正常啊，没看齐你们队不过大概率没前排 
来自Android客户端 44楼 2021-09-14 14:59 捕鱼高手 你朋友也是真倒霉，玩个大乱斗也要被你挂 
来自Android客户端 45楼 2021-09-14 15:15 G 当你朋友真寄吧倒霉😅，这种傻🐶最好一个朋友都没有 
来自Android客户端 46楼 2021-09-14 15:27 泽露桦 猪鼻 
来自Android客户端 47楼 2021-09-14 15:36 快快睡着 高情商：打破固有思维 
来自iPhone客户端 48楼 2021-09-14 15:39 Faze  https://gsp0.baidu.com/5aAHeD3nKhI2p27j8IqW0jdnxx1xbK/tb/editor/images/client/image_emoticon12.png
来自Android客户端 49楼 2021-09-14 15:44 恶龙咆哮 不玩这英雄不懂但是你吗巨九三件肉出个巨杀？？对面克隆五个大虫子吗？？？ 
来自Android客户端 50楼 2021-09-14 15:46 teddy 饮魔刀巴德来了点击展开，查看完整图片 http://tiebapic.baidu.com/forum/w%3D580/sign=53a4adb6577b02080cc93fe952d8f25f/02e00cb20f2442a7e49178b68c43ad4bd01302bc.jpg
来自Android客户端 51楼 2021-09-14 15:50 玄池真人 真伤出穿甲，这是准备把对面灵魂一起击穿啊 https://gsp0.baidu.com/5aAHeD3nKhI2p27j8IqW0jdnxx1xbK/tb/editor/images/client/image_emoticon25.png
来自Android客户端 52楼 2021-09-14 15:50 憨憨杰尼龟 除了大穿甲其余的还好，就当肉打 
来自Android客户端 53楼 2021-09-14 15:55 像个一样 神分，血手，振奋正常的战士装就能又肉又输出了 
来自Android客户端 54楼 2021-09-14 15:59 断线的纸鸢 属于是把一堆高性价比装备堆得没性价比了 https://gsp0.baidu.com/5aAHeD3nKhI2p27j8IqW0jdnxx1xbK/tb/editor/images/client/image_emoticon3.png
来自Android客户端 55楼 2021-09-14 16:19 陌沫 十年脑血栓农批出装 
来自Android客户端 56楼 2021-09-14 16:32 守望先锋 大乱斗战士天花板就是卡密尔，对面如果战士坦克多的话卡密尔简直乱杀，出个神分血手死舞比坦克还肉，还记得以前玩的一把，对面蒙多大虫子奥恩扎克阿木木，那把杀疯了，神分回了几万血，爽的一笔。 
来自Android客户端 57楼 2021-09-14 16:35 白马策林中 有自己独特的理解 
来自iPhone客户端 58楼 2021-09-14 16:37 高海千歌 大穿甲换了就好了 
来自Android客户端 59楼 2021-09-14 16:49 夏日冰沙 神分血手死舞 
60楼 2021-09-14 16:59 慧慧陌然浅笑 蓝密尔是吧？ 
来自Android客户端 61楼 2021-09-14 17:02 带我先溜了 绝症哥 
来自Android客户端 62楼 2021-09-14 17:17 带带水老鼠 纯纯的癌症 
来自Android客户端 63楼 2021-09-14 17:25 泡面泡面 逆天😅 
来自iPhone客户端 64楼 2021-09-14 17:36 Yooli 癌症 
来自Android客户端 65楼 2021-09-14 17:38 热情的wyz0903 感觉这英雄不出耀光和装备少点啥 
来自Android客户端 66楼 2021-09-14 17:41 冥凌去离 神中神，比污渍还神 https://gsp0.baidu.com/5aAHeD3nKhI2p27j8IqW0jdnxx1xbK/tb/editor/images/client/image_emoticon22.png
