7538096753 【图片】游戏时间到！我发经典游戏ip，大家来打分【抗压背锅吧】_百度贴吧
来自iPhone客户端 1楼 2021-09-14 10:21 尼娅海由达佳 喷神镇楼 https://gsp0.baidu.com/5aAHeD3nKhI2p27j8IqW0jdnxx1xbK/tb/editor/images/client/image_emoticon95.png http://tiebapic.baidu.com/forum/w%3D580/sign=12fa3e668b88d43ff0a991fa4d1fd2aa/283e8f5594eef01fd4d081d6bdfe9925bd317d14.jpg
来自iPhone客户端 2楼 2021-09-14 10:21 尼娅海由达佳 1:塞尔达系列 http://tiebapic.baidu.com/forum/w%3D580/sign=09156238c016fdfad86cc6e6848e8cea/489b2b35349b033bf54f65c948ce36d3d439bd15.jpg
来自iPhone客户端 3楼 2021-09-14 10:21 尼娅海由达佳 2:给他爱系列 http://tiebapic.baidu.com/forum/w%3D580/sign=3ef475da8a2a60595210e1121835342d/1bb0a28a87d6277ff1d4ab2b75381f30e824fc16.jpg
来自iPhone客户端 4楼 2021-09-14 10:22 尼娅海由达佳 3:马里奥系列 http://tiebapic.baidu.com/forum/w%3D580/sign=0600961739d98d1076d40c39113db807/0ce39b23720e0cf3ff174e104f46f21fbc09aaaf.jpg
来自iPhone客户端 5楼 2021-09-14 10:22 尼娅海由达佳 4:宝可梦系列 http://tiebapic.baidu.com/forum/w%3D580/sign=b8291f3fda01a18bf0eb1247ae2e0761/417552db81cb39db8500fe458d160924aa183017.jpg
来自iPhone客户端 6楼 2021-09-14 10:22 尼娅海由达佳 5:光环系列 http://tiebapic.baidu.com/forum/w%3D580/sign=c0cdfd2786cec3fd8b3ea77de68ad4b6/01a7fefbaf51f3decd50b98fd1eef01f382979a9.jpg
来自iPhone客户端 7楼 2021-09-14 10:23 尼娅海由达佳 6:战神系列 http://tiebapic.baidu.com/forum/w%3D580/sign=b13e8154c95494ee87220f111df7e0e1/555b16cf36d3d539f4e00f287f87e950372ab0aa.jpg
来自iPhone客户端 8楼 2021-09-14 10:23 尼娅海由达佳 7:怪物猎人系列 http://tiebapic.baidu.com/forum/w%3D580/sign=4cca7cebfa86c91708035231f93d70c6/24bf78ed54e736d1f62e141bc6504fc2d5626913.jpg
来自iPhone客户端 9楼 2021-09-14 10:23 尼娅海由达佳 8:崩坏系列 http://tiebapic.baidu.com/forum/w%3D580/sign=b3df134c1cee3d6d22c687c373146d41/6b87acc279310a5551fbde1ff24543a9802610b4.jpg
来自iPhone客户端 10楼 2021-09-14 10:24 尼娅海由达佳 9:神秘海域系列 http://tiebapic.baidu.com/forum/w%3D580/sign=54f43d71c522720e7bcee2f24bcb0a3a/1633ba004a90f6032e8e04546412b31bb051ed1e.jpg
来自iPhone客户端 11楼 2021-09-14 10:24 尼娅海由达佳 10:大表哥系列 http://tiebapic.baidu.com/forum/w%3D580/sign=11073f668b88d43ff0a991fa4d1ed2aa/283e8f5594eef01fd72d80d6bdfe9925bc317d1f.jpg
来自iPhone客户端 12楼 2021-09-14 10:28 尼娅海由达佳 11:鬼泣系列 http://tiebapic.baidu.com/forum/w%3D580/sign=57577c2aeede9c82a665f9875c8180d2/0d9294dca144ad349c8d1f948da20cf431ad8522.jpg
来自iPhone客户端 13楼 2021-09-14 10:28 尼娅海由达佳 12:银河战士系列 http://tiebapic.baidu.com/forum/w%3D580/sign=474cbd1b0e43fbf2c52ca62b807eca1e/6e62542d11dfa9ec0b03ce043fd0f703918fc123.jpg
来自iPhone客户端 14楼 2021-09-14 10:28 尼娅海由达佳 13:猎天使魔女系列 http://tiebapic.baidu.com/forum/w%3D580/sign=b1fbb8ed6bd3d539c13d0fcb0a87e927/35b04f096e061d95726aaf2b26f40ad162d9ca2c.jpg
来自iPhone客户端 15楼 2021-09-14 10:31 尼娅海由达佳 14:红警系列 http://tiebapic.baidu.com/forum/w%3D580/sign=063a4cea4f55b3199cf9827d73ab8286/558c73ce3bc79f3d5125e4dbffa1cd11708b2943.jpg
来自iPhone客户端 16楼 2021-09-14 10:31 尼娅海由达佳 15:魔兽争霸系列 http://tiebapic.baidu.com/forum/w%3D580/sign=0e9e36943df0f736d8fe4c093a57b382/3b37ca167f3e67096cc745147ec79f3dfadc554c.jpg
来自iPhone客户端 17楼 2021-09-14 10:32 尼娅海由达佳 16:星际争霸系列 http://tiebapic.baidu.com/forum/w%3D580/sign=2d2948feba1190ef01fb92d7fe1b9df7/cdbedaf8d72a60598d3179097534349b033bba37.jpg
来自iPhone客户端 18楼 2021-09-14 10:33 尼娅海由达佳 17:合金装备系列 http://tiebapic.baidu.com/forum/w%3D580/sign=320850d9f251f3dec3b2b96ca4eef0ec/a82a003a5bb5c9eabad09bf08839b6003af3b331.jpg
来自iPhone客户端 19楼 2021-09-14 10:33 尼娅海由达佳 18:最终幻想系列 http://tiebapic.baidu.com/forum/w%3D580/sign=0892a2071fa7d933bfa8e47b9d4bd194/8569bf3fb13533fa85aa0b3df5d3fd1f41345b33.jpg
来自iPhone客户端 20楼 2021-09-14 10:34 尼娅海由达佳 19:勇者斗恶龙系列 http://tiebapic.baidu.com/forum/w%3D580/sign=176202731bdf8db1bc2e7c6c3922dddb/8c895042fbf2b211d81186a58f8065380dd78e54.jpg
来自Android客户端 21楼 2021-09-14 10:34 不干正事的q 发游戏行，这个nt镇楼图是真jbnt，就刘姥姥进观园一样 
来自iPhone客户端 22楼 2021-09-14 10:34 尼娅海由达佳 20:异度之刃系列 http://tiebapic.baidu.com/forum/w%3D580/sign=41fd19acd15494ee87220f111df5e0e1/555b16cf36d3d539042397d06787e950352ab03e.jpg
来自iPhone客户端 23楼 2021-09-14 10:35 尼娅海由达佳 21:火焰纹章系列 http://tiebapic.baidu.com/forum/w%3D580/sign=1e775efde98f8c54e3d3c5270a292dee/c704caeb15ce36d3641f1b2367f33a87e950b139.jpg
来自iPhone客户端 24楼 2021-09-14 10:36 尼娅海由达佳 22:黑暗之魂系列 http://tiebapic.baidu.com/forum/w%3D580/sign=f313abcdb8faaf5184e381b7bc5594ed/b485379a033b5bb5f4e2231573d3d539b700bc52.jpg
来自iPhone客户端 25楼 2021-09-14 10:38 尼娅海由达佳 23:生化危机系列 http://tiebapic.baidu.com/forum/w%3D580/sign=7bfd503c1c34970a47731027a5cad1c0/3f7d7fd88d1001e9ea2f8c1ce50e7bec55e797c1.jpg
来自iPhone客户端 26楼 2021-09-14 10:39 尼娅海由达佳 24:瑞奇与叮当系列 http://tiebapic.baidu.com/forum/w%3D580/sign=160cddec66c79f3d8fe1e4388aa1cdbc/07e14cc3d56285353aec4a32cdef76c6a6ef63cc.jpg
来自iPhone客户端 27楼 2021-09-14 10:40 尼娅海由达佳 25:合金弹头系列 http://tiebapic.baidu.com/forum/w%3D580/sign=cab270f84cf79052ef1f47363cf2d738/534d1d168a82b901a086c0d8368da9773812ef61.jpg
来自Android客户端 28楼 2021-09-14 10:40 哥哥问我 游戏王，我给个8 https://gsp0.baidu.com/5aAHeD3nKhI2p27j8IqW0jdnxx1xbK/tb/editor/images/client/image_emoticon3.png http://tiebapic.baidu.com/forum/w%3D580/sign=4194a1d76cadcbef01347e0e9caf2e0e/2e4a40176d224f4ab192eb0054f790529922d1c9.jpg
来自iPhone客户端 29楼 2021-09-14 10:41 尼娅海由达佳 26:战地系列 http://tiebapic.baidu.com/forum/w%3D580/sign=763a44d549f3d7ca0cf63f7ec21ebe3c/d621f502738da977d70a85c0f551f8198718e363.jpg
来自iPhone客户端 30楼 2021-09-14 10:43 尼娅海由达佳 27:战争机器系列 http://tiebapic.baidu.com/forum/w%3D580/sign=22c16eed9efdfc03e578e3b0e43f87a9/614bac50f3deb48f666939cdad1f3a292cf578d0.jpg
来自iPhone客户端 32楼 2021-09-14 10:43 尼娅海由达佳 28:cs系列 http://tiebapic.baidu.com/forum/w%3D580/sign=4ac2ff458d160924dc25a213e407359b/9592de55564e92582d361efdc182d158cdbf4ed2.jpg
来自Android客户端 37楼 2021-09-14 10:47 聪明丁烷人 没有热血街机系列我不是很认可 https://gsp0.baidu.com/5aAHeD3nKhI2p27j8IqW0jdnxx1xbK/tb/editor/images/client/image_emoticon3.png
来自iPhone客户端 41楼 2021-09-14 10:49 艾欧尼亚至尊 刺客信条呢？ 
来自iPhone客户端 42楼 2021-09-14 10:50 尼娅海由达佳 35:刺客信条系列 http://tiebapic.baidu.com/forum/w%3D580/sign=ddb553e349d79123e0e0947c9d355917/6bb2928ea0ec08fa4608104c1cee3d6d54fbda07.jpg
来自iPhone客户端 43楼 2021-09-14 10:51 尼娅海由达佳 36:拳皇系列 http://tiebapic.baidu.com/forum/w%3D580/sign=994c1d72a51986184147ef8c7aed2e69/488e8495a4c27d1ef84ca3d746d5ad6edcc438e9.jpg
来自iPhone客户端 44楼 2021-09-14 10:51 尼娅海由达佳 37:街霸系列 http://tiebapic.baidu.com/forum/w%3D580/sign=803aa49e9388d43ff0a991fa4d1fd2aa/283e8f5594eef01f46101b2ea5fe9925bd317d03.jpg
来自iPhone客户端 45楼 2021-09-14 10:52 尼娅海由达佳 38:铁拳系列 http://tiebapic.baidu.com/forum/w%3D580/sign=85c3042211086e066aa83f4332087b5a/a94be5cc7b899e5132e9a2071fa7d933c9950df4.jpg
来自iPhone客户端 46楼 2021-09-14 10:52 尼娅海由达佳 39:看门狗系列 http://tiebapic.baidu.com/forum/w%3D580/sign=0b930aa594177f3e1034fc0540cf3bb9/e75d57e636d12f2e6363367312c2d562843568f6.jpg
来自iPhone客户端 47楼 2021-09-14 10:53 尼娅海由达佳 40:伊苏系列 http://tiebapic.baidu.com/forum/w%3D580/sign=1b48c001124a20a4311e3ccfa0529847/2bf440a88226cffc464927a1e4014a90f703eaf1.jpg
来自iPhone客户端 48楼 2021-09-14 10:54 尼娅海由达佳 41:dota系列 http://tiebapic.baidu.com/forum/w%3D580/sign=327750d9f251f3dec3b2b96ca4eef0ec/a82a003a5bb5c9eabaaf9bf08839b6003bf3b3fc.jpg
来自iPhone客户端 49楼 2021-09-14 10:55 尼娅海由达佳 42:洛克人系列 http://tiebapic.baidu.com/forum/w%3D580/sign=6f935a15f2c379317d688621dbc4b784/e38f6408c93d70cf2ca4321ea5dcd100bba12bfd.jpg
来自iPhone客户端 50楼 2021-09-14 10:55 尼娅海由达佳 43:巫师系列 http://tiebapic.baidu.com/forum/w%3D580/sign=8e7a7f3853f41bd5da53e8fc61da81a0/7c4f9a24bc315c60c7ccf3fcd0b1cb13485477ff.jpg
来自iPhone客户端 51楼 2021-09-14 10:56 尼娅海由达佳 44:上古卷轴系列 http://tiebapic.baidu.com/forum/w%3D580/sign=f08aa5d90c3d26972ed3085565fab24f/9ffe7bf1f736afc32957a776ee19ebc4b64512f8.jpg
来自iPhone客户端 52楼 2021-09-14 10:56 尼娅海由达佳 45:地平线系列 http://tiebapic.baidu.com/forum/w%3D580/sign=1f850d1cda3df8dca63d8f99fd1072bf/d373d6638535e5dd885ba63433c6a7efcf1b621c.jpg
来自iPhone客户端 53楼 2021-09-14 10:57 尼娅海由达佳 46:使命召唤系列 http://tiebapic.baidu.com/forum/w%3D580/sign=2f975120cf45d688a302b2ac94c37dab/6f6fb78e8c5494ee1c75970a70f5e0fe98257e85.jpg
来自iPhone客户端 54楼 2021-09-14 10:58 尼娅海由达佳 47:星之卡比系列 http://tiebapic.baidu.com/forum/w%3D580/sign=4354b0c3737adab43dd01b4bbbd5b36b/38737e1fd21b0ef4a0989bb598c451da80cb3e1f.jpg
来自iPhone客户端 55楼 2021-09-14 11:01 尼娅海由达佳 48:恶魔城系列 http://tiebapic.baidu.com/forum/w%3D580/sign=ee24bd0ff61c8701d6b6b2ee177e9e6e/31dfdec551da81cbf98c80261766d01608243121.jpg
来自iPhone客户端 56楼 2021-09-14 11:01 尼娅海由达佳 49:真三国无双系列 http://tiebapic.baidu.com/forum/w%3D580/sign=a76446147ec79f3d8fe1e4388aa0cdbc/07e14cc3d56285358b84d1cad5ef76c6a6ef6323.jpg
来自iPhone客户端 57楼 2021-09-14 11:02 尼娅海由达佳 50:忍龙系列 http://tiebapic.baidu.com/forum/w%3D580/sign=41719d6d781f95caa6f592bef9167fc5/9d583a00213fb80ead97f9c46bd12f2eb8389496.jpg
来自iPhone客户端 58楼 2021-09-14 12:06 _烧白 单机游戏有一个算一个全是吹jb 
来自Android客户端 59楼 2021-09-14 13:02 ShanYu 赛尔号系列 http://tiebapic.baidu.com/forum/w%3D580/sign=0841941739d98d1076d40c39113eb807/0ce39b23720e0cf3f1564c104f46f21fbc09aaee.jpg
来自iPhone客户端 60楼 2021-09-14 15:31 太健谈了 古墓系列 http://tiebapic.baidu.com/forum/w%3D580/sign=e2451fe024310a55c424defc87444387/fbb8ca3c70cf3bc78a4e48ff8c00baa1cc112a8d.jpg
