7535620446 【图片】我发童年游戏，大伙打分【抗压背锅吧】_百度贴吧
来自iPhone客户端 1楼 2021-09-12 08:42 蔡徐坤本人 欢迎补充，血战上海滩镇楼 https://gsp0.baidu.com/5aAHeD3nKhI2p27j8IqW0jdnxx1xbK/tb/editor/images/client/image_emoticon24.png http://tiebapic.baidu.com/forum/w%3D580/sign=06e7c9a1efb7d0a27bc90495fbee760d/c55f3e6c55fbb2fbe8c5fd01124a20a44723dc6e.jpg
来自iPhone客户端 2楼 2021-09-12 08:43 蔡徐坤本人 1血战上海滩 http://tiebapic.baidu.com/forum/w%3D580/sign=78d3efff2e600c33f079dec02a4e5134/1aa9357bdab44aed3dc3920ff61c8701a38bfbfa.jpg
来自iPhone客户端 3楼 2021-09-12 08:43 蔡徐坤本人 2罪恶都市 http://tiebapic.baidu.com/forum/w%3D580/sign=4bbec022922a60595210e1121836342d/1bb0a28a87d6277f849e1ed36d381f30eb24fcfb.jpg
来自Android客户端 4楼 2021-09-12 08:44 有情人皆苦 ？ 
来自iPhone客户端 5楼 2021-09-12 08:44 蔡徐坤本人 3真三国无双4 http://tiebapic.baidu.com/forum/w%3D580/sign=e71dbdd40efbfbeddc59367748f2f78e/acff261e95cad1c81a34d0cc3a3e6709cb3d5184.jpg
来自Android客户端 6楼 2021-09-12 08:45 你先死好么 天天就寄吧打分丨 
来自iPhone客户端 7楼 2021-09-12 08:45 蔡徐坤本人 4真三国无双5 http://tiebapic.baidu.com/forum/w%3D580/sign=5f28122107afa40f3cc6ced59b65038c/dd85940b304e251fb91241ebfa86c9177e3e536a.jpg
来自iPhone客户端 9楼 2021-09-12 08:46 蔡徐坤本人 5合金弹头 http://tiebapic.baidu.com/forum/w%3D580/sign=fb119a65af1fbe091c5ec31c5b610c30/a5a3b01ab051f81906c2a65987b44aed2f73e775.jpg
来自iPhone客户端 10楼 2021-09-12 08:47 蔡徐坤本人 6造梦西游 http://tiebapic.baidu.com/forum/w%3D580/sign=65aca98abd1986184147ef8c7aef2e69/488e8495a4c27d1e04ac172f5ed5ad6edfc43881.jpg
来自iPhone客户端 11楼 2021-09-12 08:48 蔡徐坤本人 7赛尔号 http://tiebapic.baidu.com/forum/w%3D580/sign=7472342c16fbfbeddc59367748f1f78e/acff261e95cad1c8895b5934223e6709c83d5177.jpg
来自iPhone客户端 12楼 2021-09-12 08:49 蔡徐坤本人 8闪翼拳皇 http://tiebapic.baidu.com/forum/w%3D580/sign=b3ea07296d4e251fe2f7e4f09787c9c2/11a102e83901213f4ad0ebcf09e736d12e2e9571.jpg
来自iPhone客户端 13楼 2021-09-12 08:51 蔡徐坤本人 9冒险岛 http://tiebapic.baidu.com/forum/w%3D580/sign=5598922b26f40ad115e4c7eb672d1151/939541a6d933c8958ea03d688c1373f08302007d.jpg
来自iPhone客户端 14楼 2021-09-12 08:52 卡特琳娜 只玩过植物大战僵尸 
来自iPhone客户端 15楼 2021-09-12 08:53 蔡徐坤本人 10植物大战僵尸 http://tiebapic.baidu.com/forum/w%3D580/sign=5db104cdad1f3a295ac8d5c6a924bce3/aa62d638b6003af3eb627973682ac65c1138b678.jpg
来自iPhone客户端 16楼 2021-09-12 08:55 蔡徐坤本人 11暴力摩托 http://tiebapic.baidu.com/forum/w%3D580/sign=9b3433ef21d98d1076d40c39113eb807/0ce39b23720e0cf36223ebe85746f21fbf09aa04.jpg
来自iPhone客户端 17楼 2021-09-12 08:56 蔡徐坤本人 12三亿鼠标的梦 http://tiebapic.baidu.com/forum/w%3D580/sign=08393d4d80c451daf6f60ce386fc52a5/c0d137a95edf8db1d8ffd9775423dd54574e7406.jpg
来自iPhone客户端 18楼 2021-09-12 08:59 蔡徐坤本人 13死神vs火影 http://tiebapic.baidu.com/forum/w%3D580/sign=5fde6b500210b912bfc1f6f6f3fffcb5/ea77a4eece1b9d166f35b68ab6deb48f8e546499.jpg
来自iPhone客户端 19楼 2021-09-12 09:03 蔡徐坤本人 14洛克王国 http://tiebapic.baidu.com/forum/w%3D580/sign=78c40b7312c2d562f208d0e5d71090f3/90828445ebf81a4c90f349da8a2a6059242da617.jpg
来自iPhone客户端 20楼 2021-09-12 09:04 蔡徐坤本人 15奥比岛 http://tiebapic.baidu.com/forum/w%3D580/sign=a482d5642981800a6ee58906813733d6/c533b1b6d0a20cf44477d23433094b36aeaf99ac.jpg
来自Android客户端 21楼 2021-09-12 09:04 韩za没妈 没有没有流星蝴蝶剑得不到我的认可 
来自iPhone客户端 22楼 2021-09-12 09:04 蔡徐坤本人 16奥拉星 http://tiebapic.baidu.com/forum/w%3D580/sign=6bc86a2bc7025aafd3327ec3cbefab8d/61ae4235970a304e9fc48c1194c8a786cb175cad.jpg
来自iPhone客户端 23楼 2021-09-12 09:05 蔡徐坤本人 17奥奇传说 http://tiebapic.baidu.com/forum/w%3D580/sign=eb8109e31643fbf2c52ca62b807cca1e/6e62542d11dfa9eca7ce7afc27d0f703938fc1af.jpg
来自iPhone客户端 24楼 2021-09-12 09:05 蔡徐坤本人 18流星蝴蝶剑 http://tiebapic.baidu.com/forum/w%3D580/sign=4bf36615f2c379317d688621dbc4b784/e38f6408c93d70cf08c40e1ea5dcd100baa12b1d.jpg
来自Android客户端 25楼 2021-09-12 09:05 无限魂 喜欢我沙优吗 http://tiebapic.baidu.com/forum/w%3D580/sign=db0c48da8a2a60595210e1121834342d/1bb0a28a87d6277f142c962b75381f30e924fc1e.jpg
来自iPhone客户端 26楼 2021-09-12 09:06 蔡徐坤本人 19摩尔庄园 http://tiebapic.baidu.com/forum/w%3D580/sign=c8b158c948ce36d3a20483380af33a24/2428aa004c086e068e919b585f087bf40ad1cb1f.jpg
来自iPhone客户端 27楼 2021-09-12 09:10 蔡徐坤本人 20黄金矿工 http://tiebapic.baidu.com/forum/w%3D580/sign=60c440ebfa86c91708035231f93d70c6/24bf78ed54e736d1da20281bc6504fc2d5626921.jpg
29楼 2021-09-12 09:12 大善人约里克 21臭作 http://tiebapic.baidu.com/forum/w%3D580/sign=4984c8cd606d55fbc5c6762e5d224f40/33727a300a55b31984d726661ea98226cffc172d.jpg
来自iPhone客户端 30楼 2021-09-12 09:13 蔡徐坤本人 22跑跑卡丁车 http://tiebapic.baidu.com/forum/w%3D580/sign=48ce9e4fe1c27d1ea5263bcc2bd7adaf/6cae39282df5e0fe05d4a5ea196034a85cdf72bb.jpg
来自iPhone客户端 31楼 2021-09-12 09:14 蔡徐坤本人 23泡泡堂 http://tiebapic.baidu.com/forum/w%3D580/sign=7c604b9717ed2e73fce98624b701a16d/4eaa0df51bd5ad6e97dec0f9dccb39dbb6fd3c34.jpg
来自iPhone客户端 32楼 2021-09-12 09:15 蔡徐坤本人 24qq飞车 http://tiebapic.baidu.com/forum/w%3D580/sign=3efa4374e10f4bfb8cd09e5c334d788f/0bbb334f251f95ca6d30be5d8c177f3e65095242.jpg
