7538148409 【图片】还原一个真实的马润【抗压背锅吧】_百度贴吧
来自Android客户端 1楼 2021-09-14 10:58 孙悟空- 鉴于最近断孝子大批复活，天天碰瓷马润，我复盘了整个S5马润的16把比赛，看看到底哪个才是真正的世界第一上单 http://tiebapic.baidu.com/forum/w%3D580/sign=cdd6ffcc3a3e6709be0045f70bc69fb8/c85635d02f2eb938f100791990628535e4dd6f1a.jpg
来自Android客户端 3楼 2021-09-14 10:59 孙悟空- s5的马润一共16场比赛，其中10场比赛有3级的对位等级压制，4场比赛有2级的对位等级压制，仅有一场等级落后 
来自Android客户端 4楼 2021-09-14 11:00 孙悟空- 而s8的ts，仅有一场杰斯的等级压制达到了3级，且仅小组赛就有两场等级落后 
来自Android客户端 5楼 2021-09-14 11:00 孙悟空- 但不知道为什么，很多人依旧认为ts的对线能力更强，号称打爆了全世界上单 
来自Android客户端 6楼 2021-09-14 11:00 孙悟空- 而马润则归功于团队 
来自Android客户端 7楼 2021-09-14 11:00 孙悟空- 很多人都喷我，说马润纯对线打不过ziv 
来自Android客户端 8楼 2021-09-14 11:02 孙悟空- 然后我去看了一下马润打ziv的bo5 
来自Android客户端 9楼 2021-09-14 11:05 孙悟空- 其中我觉得最经典的是第二把，14分30秒，ziv补刀91，等级9级，马润补刀96，等级9级，18分钟，ziv补刀108，等级还是9级，马润补刀148，等级瞬间12级，战绩0-1保持不变，马润一个人没杀三分半钟让ziv突然玩不下去了 http://tiebapic.baidu.com/forum/w%3D580/sign=7dbe55ff8c00baa1ba2c47b37711b9b1/1984e6dce71190ef94450acc931b9d16fcfa609e.jpg http://tiebapic.baidu.com/forum/w%3D580/sign=e88a40d20e36acaf59e096f44cd88d03/d3fb23a5462309f7b337aef9370e0cf3d6cad637.jpg
来自Android客户端 10楼 2021-09-14 11:06 孙悟空-  http://tiebapic.baidu.com/forum/w%3D580/sign=1d656c74e10f4bfb8cd09e5c334e788f/0bbb334f251f95ca4eaf915d8c177f3e66095231.jpg
来自Android客户端 11楼 2021-09-14 11:06 孙悟空- 至于另外两把，马润单方面的暴打ziv，然后又有很多人说是skt队伍强，马润靠队友顺风才打出来的优势 
来自Android客户端 12楼 2021-09-14 11:08 孙悟空- 半决赛打og，第一把第36分钟，skt团队经济只领先一千块，但是马润单点突破一个人越高地强杀了凯南，由于强杀之后马润还是满血，导致og五人回防，一己之力捅穿两路 http://tiebapic.baidu.com/forum/w%3D580/sign=b64dd4125755b3199cf9827d73a88286/558c73ce3bc79f3de1527c23e7a1cd11738b29a0.jpg http://tiebapic.baidu.com/forum/w%3D580/sign=4377b0c3737adab43dd01b4bbbd5b36b/38737e1fd21b0ef4a0bb9bb598c451da80cb3e38.jpg
来自Android客户端 13楼 2021-09-14 11:08 孙悟空- 还有人说马润吃换线红利，避开了对线的压力才偷偷发育起来的 
来自iPhone客户端 14楼 2021-09-14 11:11 来生还做你歌迷 这种帖子没人看的首页全***打分贴 
来自Android客户端 15楼 2021-09-14 11:12 孙悟空- 打edg第一场24分钟，马润补刀对位领先近一百刀，可以说和bang是全场并列第一，众所周知lpl打了一个夏天的换线，但不知道为什么遇到了马润，上单了补兵不能自理了 http://tiebapic.baidu.com/forum/w%3D580/sign=4a66ff458d160924dc25a213e406359b/9592de55564e92582d921efdc182d158cdbf4eb6.jpg http://tiebapic.baidu.com/forum/w%3D580/sign=a0d77c302ef082022d9291377bfafb8a/3462fe1e4134970a3dd2883cc8cad1c8a6865db6.jpg
来自Android客户端 16楼 2021-09-14 11:13 独角仙吃xd什么 dd 
来自Android客户端 17楼 2021-09-14 11:14 波斯猫猫 马润是你爹？ https://gsp0.baidu.com/5aAHeD3nKhI2p27j8IqW0jdnxx1xbK/tb/editor/images/client/image_emoticon15.png
来自Android客户端 18楼 2021-09-14 11:14 beyon  https://gsp0.baidu.com/5aAHeD3nKhI2p27j8IqW0jdnxx1xbK/tb/editor/images/client/image_emoticon13.png
来自Android客户端 19楼 2021-09-14 11:14 孙悟空- 打edg第二场，这把没有换线，正常上路对线，9分15秒马润补刀领先对面50刀 http://tiebapic.baidu.com/forum/w%3D580/sign=99b81d72a51986184147ef8c7aec2e69/488e8495a4c27d1ef8b8a3d746d5ad6edcc438bd.jpg
来自Android客户端 20楼 2021-09-14 11:15 孙悟空- 这种程度的补刀压制，号称线上打爆全世界上单的ts却从来没有过 
来自Android客户端 22楼 2021-09-14 11:15 孙悟空- ts有名场面天神下凡，我无意间发现马润也干过这事 
来自Android客户端 23楼 2021-09-14 11:18 孙悟空- 在打edg的第一场30分钟45秒，马润tp到了四个人脸上，由于队友脱节马润被迫一打四 http://tiebapic.baidu.com/forum/w%3D580/sign=d8a4c640ab246b607b0eb27cdbf91a35/64a88519367adab42c408350d6d4b31c8601e440.jpg http://tiebapic.baidu.com/forum/w%3D580/sign=a49b5bf90a4a20a4311e3ccfa0539847/2bf440a88226cffcf99abc59fc014a90f403ead8.jpg http://tiebapic.baidu.com/forum/w%3D580/sign=2d9848feba1190ef01fb92d7fe1a9df7/cdbedaf8d72a60598d8079097534349b023bba40.jpg http://tiebapic.baidu.com/forum/w%3D580/sign=b0ba6f59f7b7d0a27bc90495fbee760d/c55f3e6c55fbb2fb5e985bf90a4a20a44423dcd8.jpg http://tiebapic.baidu.com/forum/w%3D580/sign=15bad21d3a09c93d07f20effaf3cf8bb/aa602c2fb9389b50936f7841d835e5dde6116e40.jpg http://tiebapic.baidu.com/forum/w%3D580/sign=5ac370e70cda81cb4ee683c56267d0a4/a8195dde8db1cb13bef9a4008054564e93584b40.jpg http://tiebapic.baidu.com/forum/w%3D580/sign=a28e8c7a8811728b302d8c2af8fdc3b3/7ba093ee76c6a7efbd95abcdb8faaf51f1de66d8.jpg
来自Android客户端 24楼 2021-09-14 11:18 孙悟空- 但由于装备太好没有操作要求，所以没有成为名场面 
来自Android客户端 25楼 2021-09-14 11:20 孙悟空- 还有很多人诟病马润打不过smeb，我又把决赛看了一遍，还是熟悉的味道，唯一不同的是其他上单是被压三级，smeb只被压了两级 http://tiebapic.baidu.com/forum/w%3D580/sign=2d6007768eef76093c0b99971edca301/dfa76e234f4a20a467b73f2cd5529822700ed0e6.jpg
来自Android客户端 26楼 2021-09-14 11:21 孙悟空- 只看荣誉不谈表现我觉得都是有失偏颇的，但是只拿高光操作来比也是有问题的，ts高光操作多的原因只有一个，就是他的上单优势根本不够大 
来自Android客户端 27楼 2021-09-14 11:21 孙悟空- 马润的优势允许他站撸也能一打四全身而退，但ts的优势不允许，ts必须打的非常极限才能一打二反杀一个，一个位置的最强那肯定是对位优势最大的一方才更强。操作亮眼只能说选手存在打出奇迹的可能，但比赛的输赢肯定是看谁的经济优势更大，而不是看谁奇迹团的概率更大，但很多人不看这个，谁有高光就吹捧谁，谁名气大谁就是最强，从来不考虑对位差距的 
来自Android客户端 28楼 2021-09-14 11:23 孙悟空- 说马润不强的，无非都是说依托SKT的运营，队友很给力，大家都是优势，所以你上路才那么顺。ts操作亮眼，队友里面有一两个拉胯的，还是暴打了对面。所以马润没那么强。ts才是爹！ 
来自Android客户端 29楼 2021-09-14 11:24 孙悟空- 但问题在于，马润队友再强，马润才是FMVP啊，faker在当时是什么存在？厂长抓中，faker一打二还反杀挖掘机。胖将军卡牌被瑞兹一套秒。那可是如日中天的faker！但马润还是把faker的风头压过了 
来自Android客户端 30楼 2021-09-14 11:24 孙悟空- 队友拉胯我带起飞我很强，队友都已经逆天了，但我比他们还强。你不能说我队友很强，所以我就没那么厉害对不对。还有说马润错过了当时顶级上单，都是虐菜。也不是对线打爆了对面，都在换塔，没有统治力。 
31楼 2021-09-14 11:24 嘉-心-糖 不发打分就没有同接，讽刺 
来自Android客户端 32楼 2021-09-14 11:24 孙悟空- 但问题是即使这样，马大头没有统治力为什么把把就压了对面两三级，补刀又压了一百刀呢？说ts强的，都是因为ts操作真的怪物。但是大头可没什么精彩操作上过集锦，为什么那么多人觉得大头强呢？凭什么fmvp给大头不给老是极限杀人的faker呢？ 
